0.000000000000000000e+00
1.057605760576057520e-02
1.530153015301530077e-02
1.732673267326732824e-02
1.800180018001800233e-02
1.935193519351935051e-02
1.980198019801980222e-02
2.047704770477047631e-02
2.182718271827182796e-02
2.317731773177317614e-02
2.452745274527452779e-02
2.542754275427542773e-02
2.587758775877587597e-02
2.677767776777677938e-02
2.767776777677767933e-02
2.812781278127812756e-02
2.880288028802880165e-02
2.947794779477947921e-02
2.970297029702970160e-02
3.015301530153015330e-02
3.037803780378037916e-02
3.060306030603060154e-02
3.105310531053105325e-02
3.127812781278127563e-02
3.172817281728172734e-02
3.285328532853285660e-02
3.307830783078307552e-02
3.307830783078307552e-02
3.330333033303330137e-02
3.330333033303330137e-02
3.330333033303330137e-02
3.442844284428443064e-02
3.487848784878487540e-02
3.487848784878487540e-02
3.532853285328532711e-02
3.555355535553555296e-02
3.600360036003600467e-02
3.667866786678667529e-02
3.667866786678667529e-02
3.712871287128712700e-02
3.712871287128712700e-02
3.712871287128712700e-02
3.757875787578757870e-02
3.780378037803780455e-02
3.780378037803780455e-02
3.780378037803780455e-02
3.825382538253825626e-02
3.870387038703870103e-02
3.915391539153915273e-02
3.937893789378937859e-02
4.005400540054005615e-02
4.005400540054005615e-02
4.005400540054005615e-02
4.027902790279028200e-02
4.050405040504050092e-02
4.072907290729072677e-02
4.140414041404140433e-02
4.140414041404140433e-02
4.140414041404140433e-02
4.162916291629163018e-02
4.162916291629163018e-02
4.185418541854185603e-02
4.185418541854185603e-02
4.207920792079208189e-02
4.230423042304230080e-02
4.230423042304230080e-02
4.230423042304230080e-02
4.275427542754275251e-02
4.275427542754275251e-02
4.275427542754275251e-02
4.275427542754275251e-02
4.275427542754275251e-02
4.297929792979297836e-02
4.342934293429343007e-02
4.365436543654365592e-02
4.455445544554455239e-02
4.455445544554455239e-02
4.455445544554455239e-02
4.455445544554455239e-02
4.477947794779477825e-02
4.500450045004500410e-02
4.567956795679568166e-02
4.612961296129612643e-02
4.612961296129612643e-02
4.657965796579657813e-02
4.657965796579657813e-02
4.680468046804680399e-02
4.702970297029702984e-02
4.725472547254725569e-02
4.770477047704770740e-02
4.792979297929793325e-02
4.837983798379837802e-02
4.837983798379837802e-02
4.837983798379837802e-02
4.882988298829882973e-02
4.905490549054905558e-02
4.905490549054905558e-02
4.927992799279928143e-02
4.927992799279928143e-02
4.972997299729973314e-02
4.972997299729973314e-02
4.972997299729973314e-02
4.995499549954995205e-02
4.995499549954995205e-02
5.018001800180017791e-02
5.063006300630062961e-02
5.063006300630062961e-02
5.108010801080108132e-02
5.130513051305130717e-02
5.153015301530153303e-02
5.220522052205220365e-02
5.220522052205220365e-02
5.243024302430242950e-02
5.243024302430242950e-02
5.265526552655265535e-02
5.265526552655265535e-02
5.310531053105310706e-02
5.310531053105310706e-02
5.355535553555355877e-02
5.378037803780377768e-02
5.378037803780377768e-02
5.400540054005400353e-02
5.400540054005400353e-02
5.400540054005400353e-02
5.400540054005400353e-02
5.400540054005400353e-02
5.423042304230422939e-02
5.445544554455445524e-02
5.445544554455445524e-02
5.468046804680468109e-02
5.468046804680468109e-02
5.490549054905490695e-02
5.490549054905490695e-02
5.513051305130513280e-02
5.513051305130513280e-02
5.535553555355535865e-02
5.558055805580557757e-02
5.558055805580557757e-02
5.558055805580557757e-02
5.558055805580557757e-02
5.558055805580557757e-02
5.558055805580557757e-02
5.558055805580557757e-02
5.558055805580557757e-02
5.558055805580557757e-02
5.603060306030602927e-02
5.648064806480648098e-02
5.648064806480648098e-02
5.715571557155715854e-02
5.715571557155715854e-02
5.783078307830782916e-02
5.805580558055805501e-02
5.850585058505850672e-02
5.873087308730873257e-02
5.895589558955895843e-02
5.895589558955895843e-02
5.895589558955895843e-02
5.918091809180918428e-02
5.963096309630962905e-02
5.985598559855985490e-02
6.053105310531053246e-02
6.053105310531053246e-02
6.098109810981098416e-02
6.143114311431142893e-02
6.143114311431142893e-02
6.165616561656165479e-02
6.188118811881188064e-02
6.188118811881188064e-02
6.210621062106210649e-02
6.210621062106210649e-02
6.210621062106210649e-02
6.255625562556255126e-02
6.255625562556255126e-02
6.278127812781278405e-02
6.300630063006300297e-02
6.300630063006300297e-02
6.300630063006300297e-02
6.323132313231323576e-02
6.323132313231323576e-02
6.323132313231323576e-02
6.323132313231323576e-02
6.345634563456345467e-02
6.368136813681368746e-02
6.390639063906390638e-02
6.390639063906390638e-02
6.390639063906390638e-02
6.390639063906390638e-02
6.413141314131412529e-02
6.413141314131412529e-02
6.413141314131412529e-02
6.413141314131412529e-02
6.435643564356435808e-02
6.435643564356435808e-02
6.458145814581457700e-02
6.480648064806480979e-02
6.480648064806480979e-02
6.503150315031502871e-02
6.503150315031502871e-02
6.503150315031502871e-02
6.548154815481548041e-02
6.548154815481548041e-02
6.548154815481548041e-02
6.570657065706571320e-02
6.570657065706571320e-02
6.593159315931593212e-02
6.615661566156615103e-02
6.615661566156615103e-02
6.615661566156615103e-02
6.615661566156615103e-02
6.615661566156615103e-02
6.638163816381638382e-02
6.660666066606660274e-02
6.705670567056705444e-02
6.705670567056705444e-02
6.728172817281728724e-02
6.728172817281728724e-02
6.728172817281728724e-02
6.728172817281728724e-02
6.728172817281728724e-02
6.773177317731772507e-02
6.795679567956795786e-02
6.795679567956795786e-02
6.795679567956795786e-02
6.818181818181817677e-02
6.818181818181817677e-02
6.840684068406840956e-02
6.840684068406840956e-02
6.885688568856886127e-02
6.885688568856886127e-02
6.908190819081908018e-02
6.908190819081908018e-02
6.908190819081908018e-02
6.908190819081908018e-02
6.908190819081908018e-02
6.930693069306931298e-02
6.930693069306931298e-02
6.930693069306931298e-02
6.953195319531953189e-02
6.953195319531953189e-02
6.975697569756975081e-02
6.975697569756975081e-02
6.975697569756975081e-02
6.998199819981998360e-02
7.020702070207020251e-02
7.020702070207020251e-02
7.020702070207020251e-02
7.043204320432043530e-02
7.065706570657065422e-02
7.065706570657065422e-02
7.065706570657065422e-02
7.065706570657065422e-02
7.065706570657065422e-02
7.088208820882088701e-02
7.133213321332133872e-02
7.178217821782177654e-02
7.178217821782177654e-02
7.268226822682267996e-02
7.268226822682267996e-02
7.290729072907291275e-02
7.290729072907291275e-02
7.290729072907291275e-02
7.290729072907291275e-02
7.290729072907291275e-02
7.290729072907291275e-02
7.290729072907291275e-02
7.313231323132313166e-02
7.335733573357335058e-02
7.335733573357335058e-02
7.358235823582358337e-02
7.358235823582358337e-02
7.380738073807380228e-02
7.403240324032403508e-02
7.403240324032403508e-02
7.425742574257425399e-02
7.425742574257425399e-02
7.448244824482448678e-02
7.448244824482448678e-02
7.448244824482448678e-02
7.448244824482448678e-02
7.470747074707470570e-02
7.470747074707470570e-02
7.470747074707470570e-02
7.493249324932493849e-02
7.493249324932493849e-02
7.515751575157515740e-02
7.515751575157515740e-02
7.515751575157515740e-02
7.538253825382537632e-02
7.583258325832582802e-02
7.583258325832582802e-02
7.605760576057606082e-02
7.605760576057606082e-02
7.605760576057606082e-02
7.628262826282627973e-02
7.628262826282627973e-02
7.650765076507651252e-02
7.650765076507651252e-02
7.650765076507651252e-02
7.695769576957696423e-02
7.695769576957696423e-02
7.718271827182718314e-02
7.740774077407740206e-02
7.740774077407740206e-02
7.785778577857785376e-02
7.785778577857785376e-02
7.785778577857785376e-02
7.785778577857785376e-02
7.808280828082808656e-02
7.808280828082808656e-02
7.808280828082808656e-02
7.808280828082808656e-02
7.853285328532853826e-02
7.853285328532853826e-02
7.853285328532853826e-02
7.875787578757875718e-02
7.875787578757875718e-02
7.898289828982897609e-02
7.898289828982897609e-02
7.920792079207920888e-02
7.920792079207920888e-02
7.920792079207920888e-02
7.943294329432942780e-02
7.965796579657966059e-02
7.965796579657966059e-02
7.988298829882987950e-02
7.988298829882987950e-02
7.988298829882987950e-02
8.010801080108011230e-02
8.010801080108011230e-02
8.033303330333033121e-02
8.033303330333033121e-02
8.055805580558056400e-02
8.055805580558056400e-02
8.078307830783078292e-02
8.100810081008100183e-02
8.100810081008100183e-02
8.123312331233123462e-02
8.123312331233123462e-02
8.145814581458145354e-02
8.145814581458145354e-02
8.145814581458145354e-02
8.168316831683168633e-02
8.168316831683168633e-02
8.168316831683168633e-02
8.168316831683168633e-02
8.190819081908190524e-02
8.190819081908190524e-02
8.235823582358235695e-02
8.235823582358235695e-02
8.235823582358235695e-02
8.258325832583258974e-02
8.258325832583258974e-02
8.303330333033302757e-02
8.303330333033302757e-02
8.348334833483347928e-02
8.348334833483347928e-02
8.348334833483347928e-02
8.348334833483347928e-02
8.370837083708371207e-02
8.393339333933393098e-02
8.415841584158416377e-02
8.415841584158416377e-02
8.438343834383438269e-02
8.438343834383438269e-02
8.460846084608460160e-02
8.460846084608460160e-02
8.505850585058505331e-02
8.550855085508550502e-02
8.573357335733573781e-02
8.573357335733573781e-02
8.573357335733573781e-02
8.595859585958595672e-02
8.595859585958595672e-02
8.595859585958595672e-02
8.618361836183618951e-02
8.618361836183618951e-02
8.640864086408640843e-02
8.663366336633662734e-02
8.663366336633662734e-02
8.708370837083707905e-02
8.708370837083707905e-02
8.753375337533753076e-02
8.775877587758776355e-02
8.775877587758776355e-02
8.775877587758776355e-02
8.775877587758776355e-02
8.798379837983798246e-02
8.798379837983798246e-02
8.820882088208821525e-02
8.820882088208821525e-02
8.843384338433843417e-02
8.865886588658865308e-02
8.888388838883888587e-02
8.888388838883888587e-02
8.910891089108910479e-02
8.933393339333933758e-02
8.933393339333933758e-02
8.955895589558955650e-02
8.955895589558955650e-02
9.000900090009000820e-02
9.023402340234022712e-02
9.023402340234022712e-02
9.023402340234022712e-02
9.023402340234022712e-02
9.023402340234022712e-02
9.023402340234022712e-02
9.045904590459045991e-02
9.045904590459045991e-02
9.045904590459045991e-02
9.068406840684067882e-02
9.068406840684067882e-02
9.113411341134113053e-02
9.113411341134113053e-02
9.113411341134113053e-02
9.113411341134113053e-02
9.158415841584158223e-02
9.158415841584158223e-02
9.203420342034203394e-02
9.203420342034203394e-02
9.203420342034203394e-02
9.270927092709270456e-02
9.270927092709270456e-02
9.315931593159315627e-02
9.315931593159315627e-02
9.338433843384338906e-02
9.360936093609360797e-02
9.360936093609360797e-02
9.383438343834384077e-02
9.383438343834384077e-02
9.405940594059405968e-02
9.450945094509451139e-02
9.450945094509451139e-02
9.450945094509451139e-02
9.473447344734473030e-02
9.473447344734473030e-02
9.495949594959496309e-02
9.495949594959496309e-02
9.495949594959496309e-02
9.540954095409541480e-02
9.540954095409541480e-02
9.563456345634563371e-02
9.563456345634563371e-02
9.585958595859586651e-02
9.585958595859586651e-02
9.630963096309630433e-02
9.630963096309630433e-02
9.630963096309630433e-02
9.653465346534653713e-02
9.653465346534653713e-02
9.653465346534653713e-02
9.675967596759675604e-02
9.698469846984698883e-02
9.698469846984698883e-02
9.698469846984698883e-02
9.720972097209720775e-02
9.743474347434744054e-02
9.743474347434744054e-02
9.833483348334833007e-02
9.833483348334833007e-02
9.855985598559856287e-02
9.855985598559856287e-02
9.878487848784878178e-02
9.878487848784878178e-02
9.900990099009901457e-02
9.900990099009901457e-02
9.923492349234923349e-02
9.923492349234923349e-02
9.968496849684968519e-02
9.968496849684968519e-02
9.990999099909990411e-02
9.990999099909990411e-02
1.001350135013501369e-01
1.001350135013501369e-01
1.003600360036003558e-01
1.003600360036003558e-01
1.005850585058505886e-01
1.005850585058505886e-01
1.010351035103510403e-01
1.010351035103510403e-01
1.014851485148514920e-01
1.014851485148514920e-01
1.017101710171017109e-01
1.017101710171017109e-01
1.017101710171017109e-01
1.019351935193519298e-01
1.019351935193519298e-01
1.026102610261026143e-01
1.026102610261026143e-01
1.028352835283528333e-01
1.028352835283528333e-01
1.030603060306030661e-01
1.030603060306030661e-01
1.032853285328532850e-01
1.032853285328532850e-01
1.039603960396039556e-01
1.039603960396039556e-01
1.041854185418541884e-01
1.041854185418541884e-01
1.041854185418541884e-01
1.041854185418541884e-01
1.048604860486048590e-01
1.048604860486048590e-01
1.050855085508550918e-01
1.050855085508550918e-01
1.053105310531053107e-01
1.053105310531053107e-01
1.055355535553555296e-01
1.055355535553555296e-01
1.059855985598559813e-01
1.059855985598559813e-01
1.073357335733573364e-01
1.073357335733573364e-01
1.075607560756075554e-01
1.075607560756075554e-01
1.077857785778577882e-01
1.077857785778577882e-01
1.080108010801080071e-01
1.080108010801080071e-01
1.080108010801080071e-01
1.084608460846084588e-01
1.084608460846084588e-01
1.084608460846084588e-01
1.086858685868586916e-01
1.086858685868586916e-01
1.089108910891089105e-01
1.091359135913591294e-01
1.091359135913591294e-01
1.095859585958595811e-01
1.095859585958595811e-01
1.095859585958595811e-01
1.095859585958595811e-01
1.098109810981098139e-01
1.098109810981098139e-01
1.104860486048604845e-01
1.104860486048604845e-01
1.109360936093609362e-01
1.109360936093609362e-01
1.113861386138613879e-01
1.116111611161116068e-01
1.116111611161116068e-01
1.118361836183618396e-01
1.118361836183618396e-01
1.122862286228622913e-01
1.122862286228622913e-01
1.131863186318631809e-01
1.131863186318631809e-01
1.134113411341134137e-01
1.134113411341134137e-01
1.136363636363636326e-01
1.136363636363636326e-01
1.138613861386138654e-01
1.138613861386138654e-01
1.140864086408640843e-01
1.140864086408640843e-01
1.145364536453645360e-01
1.145364536453645360e-01
1.145364536453645360e-01
1.147614761476147549e-01
1.147614761476147549e-01
1.149864986498649877e-01
1.149864986498649877e-01
1.154365436543654394e-01
1.156615661566156583e-01
1.156615661566156583e-01
1.158865886588658911e-01
1.158865886588658911e-01
1.158865886588658911e-01
1.161116111611161100e-01
1.161116111611161100e-01
1.163366336633663428e-01
1.163366336633663428e-01
1.165616561656165617e-01
1.165616561656165617e-01
1.167866786678667806e-01
1.167866786678667806e-01
1.170117011701170134e-01
1.170117011701170134e-01
1.174617461746174651e-01
1.174617461746174651e-01
1.176867686768676841e-01
1.176867686768676841e-01
1.179117911791179169e-01
1.179117911791179169e-01
1.185868586858685875e-01
1.185868586858685875e-01
1.188118811881188064e-01
1.188118811881188064e-01
1.194869486948694909e-01
1.194869486948694909e-01
1.197119711971197098e-01
1.197119711971197098e-01
1.199369936993699426e-01
1.199369936993699426e-01
1.203870387038703804e-01
1.203870387038703804e-01
1.206120612061206132e-01
1.206120612061206132e-01
1.208370837083708321e-01
1.208370837083708321e-01
1.210621062106210649e-01
1.212871287128712838e-01
1.212871287128712838e-01
1.215121512151215166e-01
1.215121512151215166e-01
1.226372637263726390e-01
1.226372637263726390e-01
1.228622862286228579e-01
1.228622862286228579e-01
1.230873087308730907e-01
1.230873087308730907e-01
1.233123312331233096e-01
1.233123312331233096e-01
1.239873987398739941e-01
1.239873987398739941e-01
1.244374437443744319e-01
1.244374437443744319e-01
1.248874887488748836e-01
1.248874887488748836e-01
1.251125112511251025e-01
1.251125112511251025e-01
1.255625562556255681e-01
1.255625562556255681e-01
1.257875787578758009e-01
1.257875787578758009e-01
1.260126012601260059e-01
1.260126012601260059e-01
1.264626462646264715e-01
1.264626462646264715e-01
1.266876687668766766e-01
1.266876687668766766e-01
1.269126912691269093e-01
1.269126912691269093e-01
1.271377137713771421e-01
1.271377137713771421e-01
1.275877587758775800e-01
1.275877587758775800e-01
1.280378037803780455e-01
1.280378037803780455e-01
1.284878487848784834e-01
1.284878487848784834e-01
1.284878487848784834e-01
1.284878487848784834e-01
1.284878487848784834e-01
1.284878487848784834e-01
1.291629162916291540e-01
1.291629162916291540e-01
1.293879387938793868e-01
1.296129612961296196e-01
1.296129612961296196e-01
1.298379837983798246e-01
1.298379837983798246e-01
1.298379837983798246e-01
1.298379837983798246e-01
1.302880288028802902e-01
1.302880288028802902e-01
1.305130513051305230e-01
1.305130513051305230e-01
1.309630963096309608e-01
1.309630963096309608e-01
1.311881188118811936e-01
1.311881188118811936e-01
1.316381638163816314e-01
1.316381638163816314e-01
1.318631863186318642e-01
1.318631863186318642e-01
1.320882088208820970e-01
1.325382538253825349e-01
1.327632763276327676e-01
1.327632763276327676e-01
1.329882988298830004e-01
1.329882988298830004e-01
1.332133213321332055e-01
1.332133213321332055e-01
1.334383438343834383e-01
1.334383438343834383e-01
1.336633663366336711e-01
1.338883888388838761e-01
1.341134113411341089e-01
1.341134113411341089e-01
1.347884788478847795e-01
1.347884788478847795e-01
1.350135013501350123e-01
1.350135013501350123e-01
1.352385238523852451e-01
1.352385238523852451e-01
1.356885688568856829e-01
1.356885688568856829e-01
1.359135913591359157e-01
1.359135913591359157e-01
1.363636363636363535e-01
1.363636363636363535e-01
1.365886588658865863e-01
1.370387038703870519e-01
1.370387038703870519e-01
1.372637263726372570e-01
1.372637263726372570e-01
1.377137713771377225e-01
1.377137713771377225e-01
1.379387938793879276e-01
1.379387938793879276e-01
1.381638163816381604e-01
1.381638163816381604e-01
1.392889288928892966e-01
1.392889288928892966e-01
1.397389738973897344e-01
1.397389738973897344e-01
1.401890189018902000e-01
1.401890189018902000e-01
1.406390639063906378e-01
1.406390639063906378e-01
1.408640864086408706e-01
1.408640864086408706e-01
1.413141314131413084e-01
1.413141314131413084e-01
1.431143114311431153e-01
1.431143114311431153e-01
1.433393339333933481e-01
1.433393339333933481e-01
1.437893789378937859e-01
1.437893789378937859e-01
1.440144014401440187e-01
1.440144014401440187e-01
1.444644464446444565e-01
1.444644464446444565e-01
1.446894689468946893e-01
1.446894689468946893e-01
1.451395139513951271e-01
1.451395139513951271e-01
1.455895589558955927e-01
1.455895589558955927e-01
1.462646264626462633e-01
1.462646264626462633e-01
1.469396939693969339e-01
1.469396939693969339e-01
1.473897389738973995e-01
1.473897389738973995e-01
1.476147614761476046e-01
1.476147614761476046e-01
1.480648064806480702e-01
1.480648064806480702e-01
1.480648064806480702e-01
1.482898289828983029e-01
1.482898289828983029e-01
1.485148514851485080e-01
1.485148514851485080e-01
1.496399639963996442e-01
1.496399639963996442e-01
1.503150315031503148e-01
1.503150315031503148e-01
1.505400540054005476e-01
1.505400540054005476e-01
1.516651665166516560e-01
1.516651665166516560e-01
1.525652565256525595e-01
1.525652565256525595e-01
1.530153015301530250e-01
1.530153015301530250e-01
1.534653465346534629e-01
1.534653465346534629e-01
1.539153915391539285e-01
1.539153915391539285e-01
1.541404140414041335e-01
1.541404140414041335e-01
1.545904590459045991e-01
1.545904590459045991e-01
1.548154815481548041e-01
1.548154815481548041e-01
1.559405940594059403e-01
1.559405940594059403e-01
1.561656165616561731e-01
1.561656165616561731e-01
1.568406840684068437e-01
1.568406840684068437e-01
1.570657065706570765e-01
1.570657065706570765e-01
1.575157515751575144e-01
1.575157515751575144e-01
1.575157515751575144e-01
1.584158415841584178e-01
1.584158415841584178e-01
1.588658865886588556e-01
1.588658865886588556e-01
1.590909090909090884e-01
1.590909090909090884e-01
1.595409540954095540e-01
1.595409540954095540e-01
1.597659765976597590e-01
1.597659765976597590e-01
1.602160216021602246e-01
1.602160216021602246e-01
1.613411341134113330e-01
1.613411341134113330e-01
1.617911791179117986e-01
1.617911791179117986e-01
1.624662466246624692e-01
1.624662466246624692e-01
1.626912691269127020e-01
1.626912691269127020e-01
1.631413141314131399e-01
1.631413141314131399e-01
1.638163816381638105e-01
1.638163816381638105e-01
1.642664266426642761e-01
1.642664266426642761e-01
1.644914491449144811e-01
1.644914491449144811e-01
1.647164716471647139e-01
1.647164716471647139e-01
1.676417641764176292e-01
1.676417641764176292e-01
1.680918091809180948e-01
1.680918091809180948e-01
1.685418541854185326e-01
1.685418541854185326e-01
1.694419441944194360e-01
1.694419441944194360e-01
1.696669666966696688e-01
1.696669666966696688e-01
1.698919891989199016e-01
1.698919891989199016e-01
1.707920792079208050e-01
1.707920792079208050e-01
1.710171017101710100e-01
1.710171017101710100e-01
1.714671467146714756e-01
1.714671467146714756e-01
1.716921692169216807e-01
1.716921692169216807e-01
1.719171917191719134e-01
1.719171917191719134e-01
1.721422142214221462e-01
1.721422142214221462e-01
1.723672367236723790e-01
1.723672367236723790e-01
1.725922592259225841e-01
1.725922592259225841e-01
1.728172817281728169e-01
1.728172817281728169e-01
1.730423042304230496e-01
1.730423042304230496e-01
1.732673267326732547e-01
1.732673267326732547e-01
1.739423942394239531e-01
1.739423942394239531e-01
1.748424842484248287e-01
1.748424842484248287e-01
1.750675067506750615e-01
1.750675067506750615e-01
1.755175517551755271e-01
1.755175517551755271e-01
1.768676867686768683e-01
1.768676867686768683e-01
1.770927092709271011e-01
1.770927092709271011e-01
1.775427542754275390e-01
1.775427542754275390e-01
1.777677767776777717e-01
1.777677767776777717e-01
1.779927992799280045e-01
1.779927992799280045e-01
1.788928892889288802e-01
1.788928892889288802e-01
1.791179117911791130e-01
1.791179117911791130e-01
1.795679567956795786e-01
1.797929792979297836e-01
1.797929792979297836e-01
1.800180018001800164e-01
1.800180018001800164e-01
1.802430243024302492e-01
1.802430243024302492e-01
1.811431143114311526e-01
1.811431143114311526e-01
1.813681368136813576e-01
1.813681368136813576e-01
1.820432043204320560e-01
1.820432043204320560e-01
1.824932493249324938e-01
1.824932493249324938e-01
1.829432943294329317e-01
1.829432943294329317e-01
1.838433843384338351e-01
1.838433843384338351e-01
1.854185418541854091e-01
1.854185418541854091e-01
1.856435643564356419e-01
1.856435643564356419e-01
1.860936093609360797e-01
1.860936093609360797e-01
1.863186318631863125e-01
1.863186318631863125e-01
1.865436543654365453e-01
1.865436543654365453e-01
1.872187218721872159e-01
1.872187218721872159e-01
1.878937893789378866e-01
1.878937893789378866e-01
1.881188118811881194e-01
1.881188118811881194e-01
1.890189018901890228e-01
1.890189018901890228e-01
1.892439243924392556e-01
1.892439243924392556e-01
1.896939693969396934e-01
1.896939693969396934e-01
1.899189918991899262e-01
1.899189918991899262e-01
1.901440144014401312e-01
1.901440144014401312e-01
1.903690369036903640e-01
1.903690369036903640e-01
1.905940594059405968e-01
1.905940594059405968e-01
1.910441044104410346e-01
1.910441044104410346e-01
1.914941494149415002e-01
1.914941494149415002e-01
1.921692169216921708e-01
1.921692169216921708e-01
1.923942394239424036e-01
1.923942394239424036e-01
1.928442844284428415e-01
1.928442844284428415e-01
1.932943294329433070e-01
1.932943294329433070e-01
1.937443744374437449e-01
1.937443744374437449e-01
1.941944194419441827e-01
1.941944194419441827e-01
1.946444644464446483e-01
1.946444644464446483e-01
1.948694869486948811e-01
1.948694869486948811e-01
1.953195319531953189e-01
1.953195319531953189e-01
1.955445544554455517e-01
1.955445544554455517e-01
1.966696669666966601e-01
1.966696669666966601e-01
1.971197119711971257e-01
1.971197119711971257e-01
1.975697569756975636e-01
1.975697569756975636e-01
1.980198019801980291e-01
1.980198019801980291e-01
1.984698469846984670e-01
1.984698469846984670e-01
1.986948694869486998e-01
1.986948694869486998e-01
1.993699369936993704e-01
1.993699369936993704e-01
2.000450045004500410e-01
2.000450045004500410e-01
2.007200720072007116e-01
2.007200720072007116e-01
2.011701170117011772e-01
2.011701170117011772e-01
2.016201620162016150e-01
2.016201620162016150e-01
2.018451845184518478e-01
2.018451845184518478e-01
2.022952295229522857e-01
2.022952295229522857e-01
2.029702970297029840e-01
2.029702970297029840e-01
2.036453645364536547e-01
2.036453645364536547e-01
2.038703870387038597e-01
2.038703870387038597e-01
2.040954095409540925e-01
2.040954095409540925e-01
2.045454545454545581e-01
2.045454545454545581e-01
2.049954995499549959e-01
2.049954995499549959e-01
2.049954995499549959e-01
2.052205220522052287e-01
2.052205220522052287e-01
2.061206120612061321e-01
2.061206120612061321e-01
2.063456345634563371e-01
2.063456345634563371e-01
2.072457245724572406e-01
2.072457245724572406e-01
2.081458145814581440e-01
2.081458145814581440e-01
2.083708370837083768e-01
2.083708370837083768e-01
2.088208820882088146e-01
2.088208820882088146e-01
2.106210621062106214e-01
2.106210621062106214e-01
2.112961296129612920e-01
2.112961296129612920e-01
2.115211521152115248e-01
2.115211521152115248e-01
2.117461746174617576e-01
2.117461746174617576e-01
2.119711971197119627e-01
2.119711971197119627e-01
2.121962196219621954e-01
2.121962196219621954e-01
2.128712871287128661e-01
2.128712871287128661e-01
2.130963096309630989e-01
2.130963096309630989e-01
2.133213321332133316e-01
2.133213321332133316e-01
2.137713771377137695e-01
2.137713771377137695e-01
2.139963996399640023e-01
2.139963996399640023e-01
2.144464446444644401e-01
2.144464446444644401e-01
2.146714671467146729e-01
2.146714671467146729e-01
2.148964896489649057e-01
2.148964896489649057e-01
2.151215121512151107e-01
2.151215121512151107e-01
2.153465346534653435e-01
2.153465346534653435e-01
2.157965796579658091e-01
2.157965796579658091e-01
2.160216021602160141e-01
2.160216021602160141e-01
2.166966696669666848e-01
2.166966696669666848e-01
2.169216921692169175e-01
2.169216921692169175e-01
2.189468946894689572e-01
2.189468946894689572e-01
2.193969396939693950e-01
2.193969396939693950e-01
2.200720072007200656e-01
2.200720072007200656e-01
2.202970297029702984e-01
2.202970297029702984e-01
2.220972097209721052e-01
2.220972097209721052e-01
2.223222322232223103e-01
2.223222322232223103e-01
2.225472547254725431e-01
2.225472547254725431e-01
2.227722772277227758e-01
2.227722772277227758e-01
2.232223222322232137e-01
2.232223222322232137e-01
2.236723672367236793e-01
2.236723672367236793e-01
2.238973897389738843e-01
2.238973897389738843e-01
2.243474347434743499e-01
2.243474347434743499e-01
2.247974797479747877e-01
2.247974797479747877e-01
2.254725472547254861e-01
2.254725472547254861e-01
2.259225922592259239e-01
2.259225922592259239e-01
2.265976597659765945e-01
2.265976597659765945e-01
2.268226822682268273e-01
2.268226822682268273e-01
2.270477047704770601e-01
2.270477047704770601e-01
2.283978397839784014e-01
2.283978397839784014e-01
2.286228622862286342e-01
2.286228622862286342e-01
2.292979297929793048e-01
2.292979297929793048e-01
2.299729972997299754e-01
2.299729972997299754e-01
2.301980198019802082e-01
2.301980198019802082e-01
2.304230423042304132e-01
2.304230423042304132e-01
2.308730873087308788e-01
2.308730873087308788e-01
2.315481548154815494e-01
2.315481548154815494e-01
2.319981998199819873e-01
2.319981998199819873e-01
2.324482448244824528e-01
2.324482448244824528e-01
2.328982898289828907e-01
2.328982898289828907e-01
2.355985598559856009e-01
2.355985598559856009e-01
2.358235823582358337e-01
2.358235823582358337e-01
2.360486048604860387e-01
2.360486048604860387e-01
2.367236723672367371e-01
2.367236723672367371e-01
2.369486948694869421e-01
2.369486948694869421e-01
2.380738073807380784e-01
2.380738073807380784e-01
2.389738973897389818e-01
2.389738973897389818e-01
2.391989198919891868e-01
2.391989198919891868e-01
2.394239423942394196e-01
2.394239423942394196e-01
2.400990099009900902e-01
2.400990099009900902e-01
2.403240324032403230e-01
2.403240324032403230e-01
2.421242124212421298e-01
2.421242124212421298e-01
2.427992799279928005e-01
2.427992799279928005e-01
2.443744374437443745e-01
2.443744374437443745e-01
2.448244824482448123e-01
2.448244824482448123e-01
2.450495049504950451e-01
2.450495049504950451e-01
2.459495949594959485e-01
2.459495949594959485e-01
2.472997299729972898e-01
2.472997299729972898e-01
2.479747974797479881e-01
2.479747974797479881e-01
2.481998199819981932e-01
2.481998199819981932e-01
2.488748874887488638e-01
2.488748874887488638e-01
2.493249324932493294e-01
2.493249324932493294e-01
2.497749774977497672e-01
2.497749774977497672e-01
2.500000000000000000e-01
2.500000000000000000e-01
2.502250225022502050e-01
2.502250225022502050e-01
2.504500450045004656e-01
2.504500450045004656e-01
2.513501350135013412e-01
2.513501350135013412e-01
2.522502250225022724e-01
2.522502250225022724e-01
2.529252925292529430e-01
2.529252925292529430e-01
2.533753375337533531e-01
2.533753375337533531e-01
2.540504050405040237e-01
2.540504050405040237e-01
2.545004500450044893e-01
2.545004500450044893e-01
2.545004500450044893e-01
2.547254725472547499e-01
2.547254725472547499e-01
2.551755175517551599e-01
2.551755175517551599e-01
2.554005400540054205e-01
2.554005400540054205e-01
2.560756075607560911e-01
2.560756075607560911e-01
2.569756975697569668e-01
2.569756975697569668e-01
2.574257425742574323e-01
2.574257425742574323e-01
2.583258325832583080e-01
2.583258325832583080e-01
2.592259225922592392e-01
2.592259225922592392e-01
2.596759675967596492e-01
2.596759675967596492e-01
2.608010801080107854e-01
2.608010801080107854e-01
2.610261026102610460e-01
2.610261026102610460e-01
2.614761476147614561e-01
2.614761476147614561e-01
2.619261926192619216e-01
2.619261926192619216e-01
2.621512151215121267e-01
2.621512151215121267e-01
2.623762376237623872e-01
2.623762376237623872e-01
2.628262826282628528e-01
2.628262826282628528e-01
2.630513051305130579e-01
2.630513051305130579e-01
2.641764176417641941e-01
2.641764176417641941e-01
2.646264626462646041e-01
2.646264626462646041e-01
2.657515751575157403e-01
2.657515751575157403e-01
2.659765976597660009e-01
2.659765976597660009e-01
2.673267326732673421e-01
2.673267326732673421e-01
2.675517551755175472e-01
2.675517551755175472e-01
2.684518451845184783e-01
2.684518451845184783e-01
2.698019801980198196e-01
2.698019801980198196e-01
2.700270027002700246e-01
2.700270027002700246e-01
2.707020702070206952e-01
2.707020702070206952e-01
2.716021602160216264e-01
2.716021602160216264e-01
2.718271827182718314e-01
2.718271827182718314e-01
2.720522052205220365e-01
2.720522052205220365e-01
2.734023402340233777e-01
2.734023402340233777e-01
2.743024302430243089e-01
2.743024302430243089e-01
2.747524752475247745e-01
2.747524752475247745e-01
2.749774977497749795e-01
2.749774977497749795e-01
2.756525652565256501e-01
2.756525652565256501e-01
2.765526552655265258e-01
2.765526552655265258e-01
2.767776777677767863e-01
2.767776777677767863e-01
2.776777677767776620e-01
2.776777677767776620e-01
2.783528352835283326e-01
2.783528352835283326e-01
2.790279027902790032e-01
2.790279027902790032e-01
2.792529252925292638e-01
2.792529252925292638e-01
2.801530153015301394e-01
2.801530153015301394e-01
2.806030603060306050e-01
2.806030603060306050e-01
2.812781278127812756e-01
2.812781278127812756e-01
2.817281728172817412e-01
2.817281728172817412e-01
2.821782178217821513e-01
2.821782178217821513e-01
2.828532853285328774e-01
2.828532853285328774e-01
2.835283528352835480e-01
2.835283528352835480e-01
2.844284428442844237e-01
2.844284428442844237e-01
2.848784878487848893e-01
2.848784878487848893e-01
2.851035103510350943e-01
2.851035103510350943e-01
2.855535553555355599e-01
2.855535553555355599e-01
2.875787578757875718e-01
2.875787578757875718e-01
2.878037803780377768e-01
2.878037803780377768e-01
2.891539153915391736e-01
2.891539153915391736e-01
2.898289828982898442e-01
2.898289828982898442e-01
2.900540054005400492e-01
2.900540054005400492e-01
2.911791179117911854e-01
2.911791179117911854e-01
2.920792079207920611e-01
2.920792079207920611e-01
2.923042304230423216e-01
2.923042304230423216e-01
2.927542754275427317e-01
2.927542754275427317e-01
2.934293429342934023e-01
2.934293429342934023e-01
2.947794779477947991e-01
2.947794779477947991e-01
2.956795679567956747e-01
2.956795679567956747e-01
2.963546354635463453e-01
2.963546354635463453e-01
2.983798379837983572e-01
2.983798379837983572e-01
3.001800180018001640e-01
3.001800180018001640e-01
3.004050405040504246e-01
3.004050405040504246e-01
3.010801080108010952e-01
3.010801080108010952e-01
3.026552655265526415e-01
3.026552655265526415e-01
3.044554455445544483e-01
3.044554455445544483e-01
3.069306930693069257e-01
3.069306930693069257e-01
3.071557155715571308e-01
3.071557155715571308e-01
3.076057605760575964e-01
3.076057605760575964e-01
3.078307830783078569e-01
3.078307830783078569e-01
3.080558055805580620e-01
3.080558055805580620e-01
3.089558955895589376e-01
3.089558955895589376e-01
3.107560756075607444e-01
3.107560756075607444e-01
3.112061206120612100e-01
3.112061206120612100e-01
3.116561656165616756e-01
3.116561656165616756e-01
3.121062106210620857e-01
3.121062106210620857e-01
3.123312331233123462e-01
3.123312331233123462e-01
3.127812781278127563e-01
3.127812781278127563e-01
3.134563456345634824e-01
3.134563456345634824e-01
3.143564356435643581e-01
3.143564356435643581e-01
3.145814581458145631e-01
3.145814581458145631e-01
3.148064806480648237e-01
3.148064806480648237e-01
3.150315031503150287e-01
3.150315031503150287e-01
3.152565256525652337e-01
3.152565256525652337e-01
3.154815481548154943e-01
3.154815481548154943e-01
3.166066606660666305e-01
3.166066606660666305e-01
3.181818181818181768e-01
3.181818181818181768e-01
3.195319531953195180e-01
3.195319531953195180e-01
3.197569756975697786e-01
3.197569756975697786e-01
3.199819981998199836e-01
3.199819981998199836e-01
3.206570657065706542e-01
3.206570657065706542e-01
3.208820882088208593e-01
3.211071107110711198e-01
3.217821782178217904e-01
3.217821782178217904e-01
3.222322232223222560e-01
3.222322232223222560e-01
3.224572457245724610e-01
3.224572457245724610e-01
3.253825382538254041e-01
3.253825382538254041e-01
3.265076507650764848e-01
3.265076507650764848e-01
3.267326732673267453e-01
3.267326732673267453e-01
3.269576957695769504e-01
3.269576957695769504e-01
3.289828982898289622e-01
3.289828982898289622e-01
3.294329432943294278e-01
3.294329432943294278e-01
3.301080108010800984e-01
3.301080108010800984e-01
3.321332133213321103e-01
3.321332133213321103e-01
3.328082808280827809e-01
3.328082808280827809e-01
3.346084608460845877e-01
3.346084608460845877e-01
3.348334833483348483e-01
3.348334833483348483e-01
3.350585058505850533e-01
3.350585058505850533e-01
3.364086408640863946e-01
3.364086408640863946e-01
3.370837083708370652e-01
3.370837083708370652e-01
3.377587758775877358e-01
3.377587758775877358e-01
3.382088208820882014e-01
3.382088208820882014e-01
3.386588658865886670e-01
3.386588658865886670e-01
3.391089108910891325e-01
3.391089108910891325e-01
3.397839783978398032e-01
3.397839783978398032e-01
3.406840684068406788e-01
3.406840684068406788e-01
3.409090909090908839e-01
3.409090909090908839e-01
3.411341134113411444e-01
3.411341134113411444e-01
3.413591359135913494e-01
3.413591359135913494e-01
3.442844284428442925e-01
3.442844284428442925e-01
3.463096309630963043e-01
3.463096309630963043e-01
3.476597659765976456e-01
3.476597659765976456e-01
3.487848784878487818e-01
3.487848784878487818e-01
3.501350135013501230e-01
3.501350135013501230e-01
3.503600360036003836e-01
3.503600360036003836e-01
3.510351035103510542e-01
3.510351035103510542e-01
3.514851485148514643e-01
3.514851485148514643e-01
3.526102610261026005e-01
3.526102610261026005e-01
3.528352835283528610e-01
3.528352835283528610e-01
3.535103510351035316e-01
3.535103510351035316e-01
3.541854185418542023e-01
3.541854185418542023e-01
3.548604860486048729e-01
3.548604860486048729e-01
3.550855085508550779e-01
3.550855085508550779e-01
3.557605760576057485e-01
3.557605760576057485e-01
3.562106210621062141e-01
3.562106210621062141e-01
3.568856885688568847e-01
3.568856885688568847e-01
3.575607560756075554e-01
3.575607560756075554e-01
3.577857785778577604e-01
3.577857785778577604e-01
3.582358235823582260e-01
3.582358235823582260e-01
3.584608460846084865e-01
3.584608460846084865e-01
3.602610261026102378e-01
3.602610261026102378e-01
3.618361836183618396e-01
3.618361836183618396e-01
3.629612961296129758e-01
3.629612961296129758e-01
3.631863186318631809e-01
3.631863186318631809e-01
3.643114311431143171e-01
3.643114311431143171e-01
3.645364536453645221e-01
3.645364536453645221e-01
3.667866786678667945e-01
3.667866786678667945e-01
3.676867686768676702e-01
3.676867686768676702e-01
3.679117911791179307e-01
3.679117911791179307e-01
3.710621062106210788e-01
3.710621062106210788e-01
3.717371737173717494e-01
3.717371737173717494e-01
3.726372637263726251e-01
3.726372637263726251e-01
3.782628262826282506e-01
3.782628262826282506e-01
3.805130513051305230e-01
3.805130513051305230e-01
3.811881188118811936e-01
3.811881188118811936e-01
3.816381638163816592e-01
3.816381638163816592e-01
3.818631863186318642e-01
3.818631863186318642e-01
3.843384338433843417e-01
3.843384338433843417e-01
3.852385238523852173e-01
3.852385238523852173e-01
3.859135913591358880e-01
3.859135913591358880e-01
3.879387938793879553e-01
3.879387938793879553e-01
3.881638163816381604e-01
3.881638163816381604e-01
3.897389738973897622e-01
3.897389738973897622e-01
3.915391539153915135e-01
3.915391539153915135e-01
3.931143114311431153e-01
3.931143114311431153e-01
3.951395139513951271e-01
3.951395139513951271e-01
3.953645364536453877e-01
3.953645364536453877e-01
3.958145814581457977e-01
3.958145814581457977e-01
3.960396039603960583e-01
3.960396039603960583e-01
3.964896489648964684e-01
3.964896489648964684e-01
3.967146714671467289e-01
3.967146714671467289e-01
3.973897389738973995e-01
3.973897389738973995e-01
3.976147614761476046e-01
3.976147614761476046e-01
3.991899189918992064e-01
3.991899189918992064e-01
4.007650765076507526e-01
4.007650765076507526e-01
4.009900990099010132e-01
4.009900990099010132e-01
4.030153015301530250e-01
4.030153015301530250e-01
4.041404140414041612e-01
4.041404140414041612e-01
4.059405940594059681e-01
4.059405940594059681e-01
4.079657965796579799e-01
4.079657965796579799e-01
4.093159315931593212e-01
4.093159315931593212e-01
4.111161116111611280e-01
4.111161116111611280e-01
4.115661566156615936e-01
4.115661566156615936e-01
4.129162916291629348e-01
4.129162916291629348e-01
4.131413141314131399e-01
4.131413141314131399e-01
4.149414941494149467e-01
4.149414941494149467e-01
4.151665166516651517e-01
4.151665166516651517e-01
4.169666966696669586e-01
4.169666966696669586e-01
4.183168316831682998e-01
4.183168316831682998e-01
4.187668766876687654e-01
4.187668766876687654e-01
4.198919891989199016e-01
4.198919891989199016e-01
4.212421242124212428e-01
4.212421242124212428e-01
4.232673267326732547e-01
4.232673267326732547e-01
4.241674167416741859e-01
4.241674167416741859e-01
4.259675967596759927e-01
4.259675967596759927e-01
4.275427542754275390e-01
4.275427542754275390e-01
4.279927992799280045e-01
4.279927992799280045e-01
4.286678667866786752e-01
4.286678667866786752e-01
4.295679567956795508e-01
4.295679567956795508e-01
4.297929792979298114e-01
4.297929792979298114e-01
4.318181818181818232e-01
4.318181818181818232e-01
4.354185418541854369e-01
4.354185418541854369e-01
4.358685868586858470e-01
4.358685868586858470e-01
4.367686768676867781e-01
4.367686768676867781e-01
4.392439243924392556e-01
4.392439243924392556e-01
4.399189918991899262e-01
4.399189918991899262e-01
4.410441044104410624e-01
4.410441044104410624e-01
4.437443744374437449e-01
4.437443744374437449e-01
4.439693969396939499e-01
4.439693969396939499e-01
4.471197119711970980e-01
4.471197119711970980e-01
4.473447344734473585e-01
4.473447344734473585e-01
4.493699369936993704e-01
4.493699369936993704e-01
4.495949594959495754e-01
4.495949594959495754e-01
4.504950495049505066e-01
4.504950495049505066e-01
4.509450945094509722e-01
4.509450945094509722e-01
4.513951395139513822e-01
4.513951395139513822e-01
4.520702070207020529e-01
4.520702070207020529e-01
4.525202520252025185e-01
4.525202520252025185e-01
4.534203420342033941e-01
4.534203420342033941e-01
4.538703870387038597e-01
4.538703870387038597e-01
4.545454545454545303e-01
4.545454545454545303e-01
4.547704770477047909e-01
4.547704770477047909e-01
4.561206120612061321e-01
4.561206120612061321e-01
4.565706570657065977e-01
4.565706570657065977e-01
4.576957695769576784e-01
4.576957695769576784e-01
4.608460846084608264e-01
4.608460846084608264e-01
4.621962196219622232e-01
4.621962196219622232e-01
4.628712871287128938e-01
4.628712871287128938e-01
4.655715571557155763e-01
4.655715571557155763e-01
4.657965796579657813e-01
4.657965796579657813e-01
4.666966696669667125e-01
4.666966696669667125e-01
4.689468946894689294e-01
4.689468946894689294e-01
4.716471647164716674e-01
4.716471647164716674e-01
4.738973897389738843e-01
4.738973897389738843e-01
4.743474347434743499e-01
4.743474347434743499e-01
4.750225022502250205e-01
4.750225022502250205e-01
4.781728172817281686e-01
4.781728172817281686e-01
4.783978397839783736e-01
4.783978397839783736e-01
4.786228622862286342e-01
4.786228622862286342e-01
4.808730873087308511e-01
4.808730873087308511e-01
4.864986498649864766e-01
4.864986498649864766e-01
4.873987398739874077e-01
4.873987398739874077e-01
4.876237623762376128e-01
4.876237623762376128e-01
4.921242124212421021e-01
4.921242124212421021e-01
4.923492349234923626e-01
4.923492349234923626e-01
4.943744374437443745e-01
4.943744374437443745e-01
4.954995499549955107e-01
4.954995499549955107e-01
4.961746174617461813e-01
4.961746174617461813e-01
4.988748874887488638e-01
4.988748874887488638e-01
5.013501350135013412e-01
5.013501350135013412e-01
5.042754275427542288e-01
5.042754275427542288e-01
5.047254725472547499e-01
5.047254725472547499e-01
5.065256525652565012e-01
5.065256525652565012e-01
5.078757875787578424e-01
5.078757875787578424e-01
5.105760576057605249e-01
5.105760576057605249e-01
5.121512151215121822e-01
5.121512151215121822e-01
5.159765976597660009e-01
5.159765976597660009e-01
5.175517551755175472e-01
5.175517551755175472e-01
5.189018901890188884e-01
5.189018901890188884e-01
5.191269126912690934e-01
5.191269126912690934e-01
5.204770477047704347e-01
5.204770477047704347e-01
5.211521152115211608e-01
5.211521152115211608e-01
5.272277227722772519e-01
5.272277227722772519e-01
5.290279027902790032e-01
5.290279027902790032e-01
5.330783078307830269e-01
5.330783078307830269e-01
5.337533753375337531e-01
5.337533753375337531e-01
5.364536453645364356e-01
5.364536453645364356e-01
5.380288028802879818e-01
5.380288028802879818e-01
5.391539153915391180e-01
5.391539153915391180e-01
5.409540954095409804e-01
5.409540954095409804e-01
5.411791179117911854e-01
5.411791179117911854e-01
5.416291629162915955e-01
5.416291629162915955e-01
5.438793879387938679e-01
5.438793879387938679e-01
5.488298829882988228e-01
5.488298829882988228e-01
5.544554455445545038e-01
5.544554455445545038e-01
5.562556255625562551e-01
5.562556255625562551e-01
5.585058505850585275e-01
5.585058505850585275e-01
5.589558955895589376e-01
5.589558955895589376e-01
5.603060306030602788e-01
5.603060306030602788e-01
5.623312331233123462e-01
5.623312331233123462e-01
5.625562556255625513e-01
5.625562556255625513e-01
5.668316831683167800e-01
5.668316831683167800e-01
5.677317731773177112e-01
5.677317731773177112e-01
5.751575157515751435e-01
5.751575157515751435e-01
5.913591359135913494e-01
5.913591359135913494e-01
5.965346534653465094e-01
5.965346534653465094e-01
5.987848784878487818e-01
5.987848784878487818e-01
6.008100810081008492e-01
6.008100810081008492e-01
6.125112511251125103e-01
6.125112511251125103e-01
6.320882088208821248e-01
6.320882088208821248e-01
6.329882988298829449e-01
6.329882988298829449e-01
6.878937893789378588e-01
6.878937893789378588e-01
7.241224122412240893e-01
7.241224122412240893e-01
7.520252025202520674e-01
7.520252025202520674e-01
7.752025202520251845e-01
7.752025202520251845e-01
8.958145814581458533e-01
8.958145814581458533e-01
1.000000000000000000e+00
