0.000000000000000000e+00
5.554008585682793653e-01
6.018099547511311931e-01
6.276830258730711209e-01
6.454345051630119290e-01
6.572688246896392084e-01
6.660865529643810179e-01
6.735120083536373370e-01
6.798932590787793995e-01
6.855783733611787722e-01
6.889430328344355869e-01
6.946281471168348487e-01
6.983408748114630082e-01
7.019375797656340898e-01
7.053022392388907935e-01
7.083188304907761523e-01
7.113354217426615111e-01
7.138879220327184472e-01
7.158603086204896604e-01
7.185288316510035633e-01
7.206172409792319655e-01
7.231697412692887905e-01
7.257222415593456155e-01
7.283907645898596295e-01
7.300150829562593868e-01
7.321034922844877890e-01
7.344239470936303471e-01
7.361642882004872934e-01
7.376725838264299728e-01
7.392969021928298412e-01
7.408051978187725206e-01
7.419654252233437441e-01
7.431256526279150787e-01
7.445179255134006802e-01
7.455621301775148257e-01
7.463742893607147044e-01
7.477665622462003059e-01
7.486947441698572625e-01
7.503190625362571309e-01
7.515953126812855434e-01
7.528715628263139559e-01
7.532196310476853007e-01
7.543798584522566353e-01
7.551920176354565140e-01
7.558881540781993147e-01
7.569323587423134603e-01
7.580925861468847948e-01
7.589047453300846735e-01
7.598329272537417411e-01
7.606450864369416198e-01
7.613412228796844206e-01
7.625014502842557551e-01
7.635456549483699007e-01
7.643578141315697794e-01
7.649379278338553911e-01
7.660981552384267257e-01
7.664462234597980705e-01
7.672583826429980602e-01
7.676064508643694051e-01
7.684186100475692838e-01
7.687666782689407396e-01
7.699269056735119632e-01
7.703909966353404970e-01
7.710871330780832977e-01
7.716672467803689095e-01
7.720153150017403654e-01
7.725954287040259771e-01
7.730595196658545110e-01
7.737556561085973117e-01
7.743357698108829235e-01
7.752639517345399911e-01
7.759600881772827918e-01
7.764241791391112146e-01
7.766562246200254815e-01
7.774683838032254712e-01
7.778164520245968161e-01
7.788606566887109617e-01
7.793247476505394955e-01
7.794407703909966845e-01
7.794407703909966845e-01
7.800208840932822962e-01
7.806009977955679080e-01
7.807170205360250970e-01
7.810650887573964418e-01
7.818772479405963205e-01
7.822253161619677764e-01
7.829214526047105771e-01
7.835015663069961889e-01
7.839656572688247227e-01
7.840816800092818006e-01
7.844297482306532565e-01
7.847778164520246014e-01
7.852419074138531352e-01
7.853579301543102131e-01
7.858220211161387470e-01
7.864021348184243587e-01
7.866341802993386256e-01
7.873303167420814264e-01
7.877944077039099602e-01
7.879104304443671491e-01
7.882584986657384940e-01
7.883745214061955719e-01
7.887225896275670278e-01
7.894187260703098286e-01
7.895347488107669065e-01
7.902308852535097072e-01
7.904629307344239741e-01
7.905789534748810521e-01
7.909270216962525080e-01
7.916231581389951977e-01
7.920872491008237315e-01
7.926673628031094543e-01
7.930154310244807991e-01
7.934795219863093330e-01
7.939436129481378668e-01
7.944077039099664006e-01
7.945237266504234785e-01
7.951038403527090903e-01
7.953358858336233572e-01
7.954519085740805462e-01
7.959159995359090800e-01
7.960320222763661580e-01
7.962640677572804249e-01
7.963800904977375028e-01
7.966121359786517697e-01
7.974242951618517594e-01
7.978883861236802932e-01
7.980044088641373712e-01
7.983524770855087160e-01
7.983524770855087160e-01
7.988165680473372499e-01
7.991646362687087057e-01
7.993966817496229726e-01
7.995127044900800506e-01
7.998607727114513954e-01
8.003248636732799293e-01
8.005569091541941962e-01
8.007889546351084631e-01
8.014850910778512638e-01
8.016011138183083418e-01
8.018331592992226087e-01
8.019491820396797976e-01
8.021812275205940646e-01
8.025292957419654094e-01
8.026453184824225984e-01
8.033414549251652881e-01
8.034574776656224770e-01
8.035735004060795550e-01
8.038055458869938219e-01
8.040375913679080888e-01
8.042696368488223557e-01
8.047337278106508895e-01
8.048497505511079675e-01
8.050817960320222344e-01
8.054298642533936903e-01
8.055458869938507682e-01
8.058939552152222241e-01
8.060099779556793020e-01
8.060099779556793020e-01
8.065900916579649138e-01
8.068221371388791807e-01
8.070541826197934476e-01
8.072862281007077145e-01
8.077503190625362484e-01
8.079823645434505153e-01
8.080983872839075932e-01
8.083304327648218601e-01
8.087945237266503939e-01
8.089105464671075829e-01
8.091425919480218498e-01
8.094906601693931947e-01
8.099547511312217285e-01
8.100707738716788064e-01
8.103028193525930734e-01
8.106508875739645292e-01
8.112310012762501410e-01
8.115790694976214859e-01
8.115790694976214859e-01
8.116950922380786748e-01
8.121591831999072086e-01
8.123912286808214755e-01
8.123912286808214755e-01
8.126232741617357425e-01
8.126232741617357425e-01
8.127392969021928204e-01
8.134354333449356211e-01
8.138995243067641550e-01
8.140155470472212329e-01
8.144796380090497667e-01
8.147116834899640336e-01
8.149437289708783005e-01
8.151757744517925675e-01
8.152917971922496454e-01
8.154078199327068344e-01
8.156398654136211013e-01
8.162199791159067130e-01
8.164520245968209800e-01
8.168000928181923248e-01
8.169161155586495138e-01
8.169161155586495138e-01
8.173802065204780476e-01
8.176122520013923145e-01
8.176122520013923145e-01
8.177282747418493924e-01
8.178442974823065814e-01
8.178442974823065814e-01
8.183083884441350042e-01
8.185404339250492711e-01
8.186564566655064601e-01
8.191205476273349939e-01
8.191205476273349939e-01
8.194686158487063388e-01
8.195846385891635277e-01
8.200487295509919505e-01
8.201647522914491395e-01
8.203967977723634064e-01
8.205128205128204844e-01
8.207448659937347513e-01
8.208608887341919402e-01
8.209769114746490182e-01
8.212089569555632851e-01
8.214410024364775520e-01
8.217890706578488969e-01
8.217890706578488969e-01
8.220211161387631638e-01
8.220211161387631638e-01
8.221371388792203527e-01
8.223691843601346196e-01
8.224852071005916976e-01
8.224852071005916976e-01
8.226012298410488865e-01
8.229492980624202314e-01
8.232973662837915763e-01
8.238774799860772990e-01
8.238774799860772990e-01
8.244575936883629108e-01
8.246896391692771777e-01
8.246896391692771777e-01
8.248056619097342557e-01
8.249216846501914446e-01
8.251537301311057115e-01
8.253857756120199785e-01
8.257338438333913233e-01
8.258498665738485123e-01
8.263139575356770461e-01
8.264299802761341240e-01
8.266620257570483910e-01
8.270100939784197358e-01
8.271261167188769248e-01
8.273581621997911917e-01
8.277062304211625365e-01
8.278222531616197255e-01
8.281703213829910704e-01
8.281703213829910704e-01
8.282863441234481483e-01
8.284023668639053373e-01
8.284023668639053373e-01
8.285183896043624152e-01
8.285183896043624152e-01
8.287504350852766821e-01
8.289824805661909490e-01
8.290985033066481380e-01
8.294465715280194829e-01
8.299106624898480167e-01
8.302587307112193615e-01
8.302587307112193615e-01
8.303747534516765505e-01
8.304907761921336284e-01
8.304907761921336284e-01
8.306067989325908174e-01
8.306067989325908174e-01
8.308388444135050843e-01
8.314189581157906961e-01
8.316510035967049630e-01
8.318830490776192299e-01
8.322311172989905748e-01
8.323471400394477637e-01
8.325791855203620306e-01
8.326952082608191086e-01
8.326952082608191086e-01
8.330432764821905645e-01
8.331592992226476424e-01
8.331592992226476424e-01
8.335073674440189873e-01
8.335073674440189873e-01
8.339714584058475211e-01
8.342035038867617880e-01
8.343195266272189770e-01
8.343195266272189770e-01
8.345515721081332439e-01
8.345515721081332439e-01
8.347836175890473998e-01
8.350156630699616667e-01
8.351316858104188556e-01
8.352477085508759336e-01
8.352477085508759336e-01
8.355957767722473895e-01
8.358278222531616564e-01
8.358278222531616564e-01
8.359438449936187343e-01
8.360598677340759233e-01
8.360598677340759233e-01
8.361758904745330012e-01
8.364079359554472681e-01
8.365239586959043461e-01
8.367560041768186130e-01
8.368720269172758019e-01
8.369880496577328799e-01
8.371040723981900689e-01
8.375681633600186027e-01
8.378002088409328696e-01
8.378002088409328696e-01
8.380322543218471365e-01
8.381482770623042144e-01
8.381482770623042144e-01
8.382642998027612924e-01
8.383803225432184814e-01
8.386123680241327483e-01
8.386123680241327483e-01
8.387283907645898262e-01
8.391924817264183600e-01
8.391924817264183600e-01
8.393085044668755490e-01
8.394245272073326269e-01
8.395405499477898159e-01
8.397725954287039718e-01
8.398886181691611608e-01
8.398886181691611608e-01
8.400046409096182387e-01
8.400046409096182387e-01
8.402366863905325056e-01
8.402366863905325056e-01
8.404687318714467725e-01
8.404687318714467725e-01
8.408168000928182284e-01
8.417449820164751850e-01
8.418610047569323740e-01
8.420930502378466409e-01
8.420930502378466409e-01
8.423250957187609078e-01
8.425571411996751747e-01
8.425571411996751747e-01
8.429052094210465196e-01
8.431372549019607865e-01
8.432532776424178644e-01
8.433693003828750534e-01
8.438333913447035872e-01
8.439494140851606652e-01
8.442974823065321210e-01
8.445295277874463880e-01
8.445295277874463880e-01
8.446455505279034659e-01
8.448775960088177328e-01
8.452256642301890777e-01
8.452256642301890777e-01
8.453416869706462666e-01
8.458057779324748005e-01
8.462698688943033343e-01
8.465019143752174902e-01
8.465019143752174902e-01
8.467339598561317571e-01
8.469660053370460240e-01
8.470820280775032129e-01
8.473140735584174799e-01
8.474300962988745578e-01
8.475461190393317468e-01
8.475461190393317468e-01
8.477781645202460137e-01
8.477781645202460137e-01
8.478941872607030916e-01
8.481262327416173585e-01
8.482422554820744365e-01
8.484743009629887034e-01
8.487063464439029703e-01
8.487063464439029703e-01
8.492864601461886931e-01
8.494024828866457710e-01
8.494024828866457710e-01
8.496345283675600379e-01
8.496345283675600379e-01
8.506787330316741835e-01
8.506787330316741835e-01
8.507947557721313725e-01
8.511428239935027174e-01
8.516069149553312512e-01
8.525350968789883188e-01
8.526511196194453968e-01
8.529991878408168526e-01
8.529991878408168526e-01
8.531152105812739306e-01
8.531152105812739306e-01
8.532312333217310085e-01
8.532312333217310085e-01
8.538113470240167313e-01
8.538113470240167313e-01
8.539273697644738093e-01
8.540433925049309982e-01
8.540433925049309982e-01
8.541594152453880762e-01
8.541594152453880762e-01
8.542754379858452651e-01
8.547395289476737990e-01
8.552036199095022218e-01
8.555516881308736776e-01
8.557837336117879445e-01
8.561318018331592894e-01
8.562478245736164784e-01
8.563638473140735563e-01
8.565958927949878232e-01
8.565958927949878232e-01
8.569439610163591681e-01
8.569439610163591681e-01
8.572920292377306239e-01
8.576400974591019688e-01
8.581041884209305026e-01
8.581041884209305026e-01
8.582202111613875806e-01
8.582202111613875806e-01
8.589163476041303813e-01
8.591483930850446482e-01
8.591483930850446482e-01
8.593804385659589151e-01
8.593804385659589151e-01
8.598445295277874489e-01
8.599605522682445269e-01
8.603086204896159828e-01
8.605406659705302497e-01
8.605406659705302497e-01
8.606566887109873276e-01
8.606566887109873276e-01
8.608887341919015945e-01
8.611207796728158614e-01
8.613528251537301283e-01
8.613528251537301283e-01
8.617008933751014732e-01
8.617008933751014732e-01
8.620489615964729291e-01
8.622810070773871960e-01
8.622810070773871960e-01
8.627450980392157298e-01
8.627450980392157298e-01
8.633252117415013416e-01
8.633252117415013416e-01
8.640213481842441423e-01
8.640213481842441423e-01
8.642533936651584092e-01
8.647174846269869430e-01
8.648335073674440210e-01
8.657616892911010886e-01
8.659937347720153555e-01
8.661097575124724335e-01
8.661097575124724335e-01
8.665738484743009673e-01
8.669219166956723122e-01
8.671539621765865791e-01
8.671539621765865791e-01
8.672699849170437680e-01
8.672699849170437680e-01
8.673860076575008460e-01
8.673860076575008460e-01
8.678500986193293798e-01
8.678500986193293798e-01
8.680821441002436467e-01
8.681981668407007247e-01
8.685462350620721805e-01
8.685462350620721805e-01
8.687782805429864474e-01
8.687782805429864474e-01
8.688943032834435254e-01
8.688943032834435254e-01
8.690103260239007144e-01
8.690103260239007144e-01
8.691263487643577923e-01
8.691263487643577923e-01
8.692423715048149813e-01
8.692423715048149813e-01
8.695904397261863261e-01
8.695904397261863261e-01
8.698224852071005930e-01
8.698224852071005930e-01
8.701705534284719379e-01
8.701705534284719379e-01
8.704025989093862048e-01
8.705186216498433938e-01
8.705186216498433938e-01
8.707506671307576607e-01
8.707506671307576607e-01
8.712147580925861945e-01
8.712147580925861945e-01
8.713307808330432724e-01
8.713307808330432724e-01
8.715628263139575393e-01
8.716788490544146173e-01
8.717948717948718063e-01
8.721429400162431511e-01
8.722589627567003401e-01
8.722589627567003401e-01
8.726070309780716849e-01
8.728390764589859518e-01
8.739993038635572864e-01
8.739993038635572864e-01
8.741153266040143643e-01
8.741153266040143643e-01
8.744633948253858202e-01
8.744633948253858202e-01
8.745794175658428982e-01
8.745794175658428982e-01
8.746954403063000871e-01
8.746954403063000871e-01
8.749274857872142430e-01
8.749274857872142430e-01
8.753915767490427768e-01
8.753915767490427768e-01
8.756236222299570437e-01
8.756236222299570437e-01
8.760877131917855776e-01
8.760877131917855776e-01
8.763197586726998445e-01
8.764357814131570334e-01
8.764357814131570334e-01
8.767838496345283783e-01
8.770158951154426452e-01
8.770158951154426452e-01
8.772479405963569121e-01
8.773639633368139901e-01
8.773639633368139901e-01
8.774799860772711790e-01
8.774799860772711790e-01
8.779440770390997129e-01
8.781761225200138687e-01
8.784081680009281357e-01
8.784081680009281357e-01
8.787562362222995915e-01
8.787562362222995915e-01
8.791043044436709364e-01
8.791043044436709364e-01
8.792203271841281254e-01
8.792203271841281254e-01
8.793363499245852033e-01
8.795683954054994702e-01
8.795683954054994702e-01
8.798004408864137371e-01
8.798004408864137371e-01
8.802645318482422709e-01
8.802645318482422709e-01
8.803805545886993489e-01
8.803805545886993489e-01
8.804965773291565378e-01
8.804965773291565378e-01
8.807286228100708048e-01
8.807286228100708048e-01
8.808446455505278827e-01
8.808446455505278827e-01
8.810766910314421496e-01
8.810766910314421496e-01
8.813087365123564165e-01
8.814247592528136055e-01
8.814247592528136055e-01
8.817728274741849503e-01
8.817728274741849503e-01
8.818888502146420283e-01
8.818888502146420283e-01
8.820048729550992173e-01
8.825849866573848290e-01
8.825849866573848290e-01
8.828170321382990959e-01
8.832811231001276298e-01
8.832811231001276298e-01
8.833971458405847077e-01
8.833971458405847077e-01
8.835131685810418967e-01
8.835131685810418967e-01
8.836291913214989746e-01
8.836291913214989746e-01
8.842093050237846974e-01
8.842093050237846974e-01
8.845573732451560423e-01
8.845573732451560423e-01
8.847894187260703092e-01
8.847894187260703092e-01
8.849054414665273871e-01
8.849054414665273871e-01
8.852535096878988430e-01
8.852535096878988430e-01
8.856015779092701878e-01
8.856015779092701878e-01
8.858336233901844547e-01
8.858336233901844547e-01
8.859496461306416437e-01
8.860656688710987217e-01
8.861816916115559106e-01
8.861816916115559106e-01
8.862977143520129886e-01
8.862977143520129886e-01
8.864137370924701775e-01
8.864137370924701775e-01
8.866457825733843334e-01
8.866457825733843334e-01
8.873419190161271342e-01
8.873419190161271342e-01
8.874579417565843231e-01
8.876899872374985900e-01
8.876899872374985900e-01
8.878060099779556680e-01
8.878060099779556680e-01
8.882701009397842018e-01
8.882701009397842018e-01
8.883861236802412797e-01
8.883861236802412797e-01
8.885021464206984687e-01
8.885021464206984687e-01
8.890822601229840805e-01
8.890822601229840805e-01
8.891982828634412694e-01
8.891982828634412694e-01
8.897783965657268812e-01
8.897783965657268812e-01
8.901264647870982261e-01
8.901264647870982261e-01
8.907065784893839488e-01
8.907065784893839488e-01
8.911706694512124827e-01
8.911706694512124827e-01
8.912866921916695606e-01
8.912866921916695606e-01
8.914027149321267496e-01
8.914027149321267496e-01
8.916347604130409055e-01
8.916347604130409055e-01
8.917507831534980944e-01
8.917507831534980944e-01
8.923308968557837062e-01
8.923308968557837062e-01
8.932590787794407738e-01
8.932590787794407738e-01
8.934911242603550408e-01
8.934911242603550408e-01
8.937231697412693077e-01
8.937231697412693077e-01
8.940712379626406525e-01
8.943032834435549194e-01
8.945353289244691863e-01
8.947673744053834533e-01
8.948833971458405312e-01
8.948833971458405312e-01
8.954635108481262540e-01
8.954635108481262540e-01
8.955795335885833319e-01
8.958115790694975988e-01
8.958115790694975988e-01
8.960436245504118657e-01
8.962756700313261327e-01
8.967397609931546665e-01
8.967397609931546665e-01
8.973198746954402782e-01
8.973198746954402782e-01
8.974358974358974672e-01
8.974358974358974672e-01
8.977839656572688121e-01
8.977839656572688121e-01
8.980160111381830790e-01
8.980160111381830790e-01
8.981320338786402679e-01
8.981320338786402679e-01
8.983640793595544238e-01
8.983640793595544238e-01
8.983640793595544238e-01
8.983640793595544238e-01
8.987121475809258797e-01
8.987121475809258797e-01
8.988281703213829577e-01
8.988281703213829577e-01
8.989441930618401466e-01
8.989441930618401466e-01
8.998723749854971032e-01
8.998723749854971032e-01
8.999883977259542922e-01
8.999883977259542922e-01
9.002204432068685591e-01
9.002204432068685591e-01
9.009165796496113598e-01
9.009165796496113598e-01
9.011486251305256268e-01
9.011486251305256268e-01
9.013806706114398937e-01
9.013806706114398937e-01
9.014966933518969716e-01
9.016127160923540496e-01
9.017287388328112385e-01
9.017287388328112385e-01
9.018447615732683165e-01
9.019607843137255054e-01
9.019607843137255054e-01
9.020768070541825834e-01
9.020768070541825834e-01
9.021928297946397723e-01
9.021928297946397723e-01
9.024248752755540393e-01
9.024248752755540393e-01
9.028889662373825731e-01
9.028889662373825731e-01
9.030049889778396510e-01
9.030049889778396510e-01
9.033530571992109959e-01
9.033530571992109959e-01
9.035851026801252628e-01
9.035851026801252628e-01
9.038171481610395297e-01
9.038171481610395297e-01
9.041652163824109856e-01
9.041652163824109856e-01
9.042812391228680635e-01
9.042812391228680635e-01
9.045132846037823304e-01
9.045132846037823304e-01
9.046293073442395194e-01
9.046293073442395194e-01
9.047453300846965973e-01
9.047453300846965973e-01
9.049773755656108642e-01
9.049773755656108642e-01
9.050933983060679422e-01
9.050933983060679422e-01
9.054414665274393981e-01
9.054414665274393981e-01
9.055574892678964760e-01
9.055574892678964760e-01
9.056735120083536650e-01
9.056735120083536650e-01
9.060215802297250098e-01
9.060215802297250098e-01
9.062536257106392767e-01
9.062536257106392767e-01
9.067177166724678106e-01
9.067177166724678106e-01
9.070657848938391554e-01
9.070657848938391554e-01
9.072978303747534223e-01
9.072978303747534223e-01
9.075298758556676892e-01
9.077619213365819562e-01
9.077619213365819562e-01
9.079939668174962231e-01
9.079939668174962231e-01
9.081099895579534120e-01
9.081099895579534120e-01
9.085740805197818348e-01
9.085740805197818348e-01
9.096182851838960914e-01
9.096182851838960914e-01
9.098503306648102473e-01
9.098503306648102473e-01
9.103144216266387811e-01
9.103144216266387811e-01
9.104304443670959701e-01
9.104304443670959701e-01
9.105464671075530481e-01
9.105464671075530481e-01
9.107785125884673150e-01
9.107785125884673150e-01
9.108945353289245039e-01
9.108945353289245039e-01
9.111265808098387708e-01
9.111265808098387708e-01
9.114746490312101157e-01
9.114746490312101157e-01
9.117066945121243826e-01
9.117066945121243826e-01
9.118227172525814606e-01
9.118227172525814606e-01
9.119387399930386495e-01
9.119387399930386495e-01
9.122868082144099944e-01
9.122868082144099944e-01
9.126348764357814503e-01
9.126348764357814503e-01
9.128669219166957172e-01
9.132149901380670620e-01
9.132149901380670620e-01
9.134470356189813289e-01
9.134470356189813289e-01
9.139111265808098628e-01
9.139111265808098628e-01
9.144912402830954745e-01
9.144912402830954745e-01
9.146072630235526635e-01
9.146072630235526635e-01
9.147232857640097414e-01
9.147232857640097414e-01
9.150713539853810863e-01
9.150713539853810863e-01
9.151873767258382752e-01
9.151873767258382752e-01
9.157674904281238870e-01
9.157674904281238870e-01
9.158835131685810760e-01
9.158835131685810760e-01
9.159995359090381539e-01
9.159995359090381539e-01
9.162315813899524208e-01
9.162315813899524208e-01
9.163476041304096098e-01
9.163476041304096098e-01
9.169277178326952216e-01
9.169277178326952216e-01
9.170437405731522995e-01
9.170437405731522995e-01
9.175078315349808333e-01
9.175078315349808333e-01
9.178558997563522892e-01
9.178558997563522892e-01
9.179719224968093672e-01
9.179719224968093672e-01
9.180879452372665561e-01
9.180879452372665561e-01
9.186680589395521679e-01
9.186680589395521679e-01
9.187840816800092458e-01
9.187840816800092458e-01
9.189001044204664348e-01
9.189001044204664348e-01
9.190161271609235127e-01
9.190161271609235127e-01
9.191321499013807017e-01
9.191321499013807017e-01
9.193641953822949686e-01
9.193641953822949686e-01
9.194802181227520466e-01
9.194802181227520466e-01
9.198282863441235024e-01
9.198282863441235024e-01
9.201763545654948473e-01
9.201763545654948473e-01
9.202923773059519252e-01
9.202923773059519252e-01
9.204084000464091142e-01
9.204084000464091142e-01
9.209885137486947260e-01
9.209885137486947260e-01
9.212205592296089929e-01
9.212205592296089929e-01
9.215686274509803377e-01
9.215686274509803377e-01
9.216846501914375267e-01
9.216846501914375267e-01
9.218006729318946046e-01
9.218006729318946046e-01
9.224968093746374054e-01
9.224968093746374054e-01
9.226128321150945943e-01
9.226128321150945943e-01
9.227288548555516723e-01
9.227288548555516723e-01
9.229609003364659392e-01
9.229609003364659392e-01
9.234249912982944730e-01
9.234249912982944730e-01
9.235410140387515510e-01
9.235410140387515510e-01
9.237730595196658179e-01
9.237730595196658179e-01
9.240051050005800848e-01
9.240051050005800848e-01
9.241211277410372738e-01
9.241211277410372738e-01
9.241211277410372738e-01
9.242371504814943517e-01
9.242371504814943517e-01
9.244691959624086186e-01
9.244691959624086186e-01
9.245852187028658076e-01
9.245852187028658076e-01
9.247012414433228855e-01
9.247012414433228855e-01
9.249332869242371524e-01
9.249332869242371524e-01
9.250493096646942304e-01
9.250493096646942304e-01
9.252813551456084973e-01
9.252813551456084973e-01
9.253973778860656862e-01
9.253973778860656862e-01
9.255134006265227642e-01
9.255134006265227642e-01
9.256294233669799532e-01
9.256294233669799532e-01
9.257454461074370311e-01
9.257454461074370311e-01
9.262095370692655649e-01
9.262095370692655649e-01
9.264415825501798318e-01
9.264415825501798318e-01
9.271377189929226326e-01
9.271377189929226326e-01
9.272537417333797105e-01
9.272537417333797105e-01
9.278338554356654333e-01
9.278338554356654333e-01
9.279498781761225112e-01
9.279498781761225112e-01
9.280659009165797002e-01
9.280659009165797002e-01
9.284139691379510451e-01
9.284139691379510451e-01
9.285299918784081230e-01
9.285299918784081230e-01
9.292261283211509237e-01
9.292261283211509237e-01
9.294581738020651906e-01
9.294581738020651906e-01
9.295741965425223796e-01
9.295741965425223796e-01
9.296902192829794576e-01
9.296902192829794576e-01
9.298062420234366465e-01
9.298062420234366465e-01
9.299222647638937245e-01
9.299222647638937245e-01
9.303863557257222583e-01
9.303863557257222583e-01
9.305023784661793362e-01
9.305023784661793362e-01
9.307344239470936031e-01
9.307344239470936031e-01
9.309664694280078701e-01
9.309664694280078701e-01
9.310824921684650590e-01
9.310824921684650590e-01
9.311985149089221370e-01
9.311985149089221370e-01
9.313145376493793259e-01
9.313145376493793259e-01
9.314305603898364039e-01
9.314305603898364039e-01
9.316626058707506708e-01
9.316626058707506708e-01
9.317786286112077487e-01
9.317786286112077487e-01
9.318946513516649377e-01
9.318946513516649377e-01
9.320106740921220156e-01
9.320106740921220156e-01
9.323587423134934715e-01
9.323587423134934715e-01
9.324747650539505495e-01
9.324747650539505495e-01
9.325907877944077384e-01
9.325907877944077384e-01
9.330548787562362723e-01
9.330548787562362723e-01
9.332869242371504281e-01
9.332869242371504281e-01
9.334029469776076171e-01
9.334029469776076171e-01
9.337510151989789620e-01
9.337510151989789620e-01
9.343311289012646847e-01
9.343311289012646847e-01
9.344471516417217627e-01
9.344471516417217627e-01
9.346791971226360296e-01
9.346791971226360296e-01
9.347952198630932186e-01
9.347952198630932186e-01
9.349112426035502965e-01
9.349112426035502965e-01
9.350272653440073745e-01
9.350272653440073745e-01
9.351432880844645634e-01
9.351432880844645634e-01
9.353753335653788303e-01
9.353753335653788303e-01
9.354913563058359083e-01
9.354913563058359083e-01
9.357234017867501752e-01
9.359554472676644421e-01
9.359554472676644421e-01
9.360714700081216311e-01
9.360714700081216311e-01
9.363035154890358980e-01
9.363035154890358980e-01
9.364195382294929759e-01
9.364195382294929759e-01
9.366515837104072428e-01
9.366515837104072428e-01
9.368836291913215097e-01
9.368836291913215097e-01
9.369996519317785877e-01
9.369996519317785877e-01
9.371156746722357767e-01
9.371156746722357767e-01
9.373477201531500436e-01
9.373477201531500436e-01
9.375797656340643105e-01
9.375797656340643105e-01
9.382759020768070002e-01
9.382759020768070002e-01
9.386239702981784561e-01
9.386239702981784561e-01
9.387399930386355340e-01
9.387399930386355340e-01
9.388560157790927230e-01
9.388560157790927230e-01
9.389720385195498009e-01
9.389720385195498009e-01
9.392040840004640678e-01
9.392040840004640678e-01
9.394361294813783347e-01
9.394361294813783347e-01
9.399002204432068686e-01
9.399002204432068686e-01
9.403643114050354024e-01
9.403643114050354024e-01
9.407123796264067472e-01
9.407123796264067472e-01
9.408284023668639362e-01
9.408284023668639362e-01
9.410604478477782031e-01
9.410604478477782031e-01
9.412924933286924700e-01
9.412924933286924700e-01
9.415245388096067369e-01
9.415245388096067369e-01
9.418726070309780818e-01
9.418726070309780818e-01
9.419886297714351597e-01
9.419886297714351597e-01
9.422206752523494266e-01
9.422206752523494266e-01
9.424527207332636936e-01
9.424527207332636936e-01
9.426847662141779605e-01
9.426847662141779605e-01
9.428007889546351494e-01
9.428007889546351494e-01
9.429168116950922274e-01
9.429168116950922274e-01
9.430328344355494163e-01
9.430328344355494163e-01
9.431488571760064943e-01
9.431488571760064943e-01
9.432648799164635722e-01
9.432648799164635722e-01
9.433809026569207612e-01
9.433809026569207612e-01
9.434969253973778391e-01
9.434969253973778391e-01
9.436129481378350281e-01
9.436129481378350281e-01
9.437289708782921061e-01
9.437289708782921061e-01
9.438449936187492950e-01
9.438449936187492950e-01
9.439610163592063730e-01
9.439610163592063730e-01
9.444251073210349068e-01
9.444251073210349068e-01
9.446571528019491737e-01
9.446571528019491737e-01
9.451212437637777075e-01
9.451212437637777075e-01
9.453532892446919744e-01
9.453532892446919744e-01
9.454693119851490524e-01
9.454693119851490524e-01
9.455853347256062413e-01
9.455853347256062413e-01
9.457013574660633193e-01
9.457013574660633193e-01
9.458173802065205082e-01
9.458173802065205082e-01
9.459334029469775862e-01
9.459334029469775862e-01
9.465135166492633090e-01
9.465135166492633090e-01
9.466295393897203869e-01
9.466295393897203869e-01
9.467455621301774649e-01
9.467455621301774649e-01
9.468615848706346538e-01
9.468615848706346538e-01
9.470936303515489207e-01
9.470936303515489207e-01
9.472096530920059987e-01
9.472096530920059987e-01
9.473256758324631877e-01
9.473256758324631877e-01
9.474416985729202656e-01
9.474416985729202656e-01
9.476737440538345325e-01
9.476737440538345325e-01
9.481378350156630663e-01
9.481378350156630663e-01
9.482538577561201443e-01
9.482538577561201443e-01
9.484859032370344112e-01
9.484859032370344112e-01
9.486019259774916002e-01
9.486019259774916002e-01
9.488339714584058671e-01
9.488339714584058671e-01
9.494140851606914788e-01
9.494140851606914788e-01
9.496461306416057457e-01
9.496461306416057457e-01
9.497621533820629347e-01
9.497621533820629347e-01
9.498781761225200126e-01
9.498781761225200126e-01
9.499941988629770906e-01
9.499941988629770906e-01
9.502262443438913575e-01
9.502262443438913575e-01
9.503422670843485465e-01
9.503422670843485465e-01
9.504582898248056244e-01
9.504582898248056244e-01
9.505743125652628134e-01
9.505743125652628134e-01
9.506903353057198913e-01
9.506903353057198913e-01
9.508063580461770803e-01
9.508063580461770803e-01
9.511544262675484251e-01
9.511544262675484251e-01
9.512704490080056141e-01
9.512704490080056141e-01
9.515024944889198810e-01
9.515024944889198810e-01
9.516185172293769590e-01
9.516185172293769590e-01
9.517345399698340369e-01
9.517345399698340369e-01
9.518505627102912259e-01
9.518505627102912259e-01
9.520826081912054928e-01
9.520826081912054928e-01
9.523146536721197597e-01
9.523146536721197597e-01
9.524306764125768376e-01
9.524306764125768376e-01
9.525466991530340266e-01
9.525466991530340266e-01
9.526627218934911046e-01
9.526627218934911046e-01
9.527787446339482935e-01
9.527787446339482935e-01
9.530107901148625604e-01
9.530107901148625604e-01
9.532428355957768273e-01
9.532428355957768273e-01
9.533588583362339053e-01
9.546351084812623178e-01
9.546351084812623178e-01
9.547511312217195067e-01
9.547511312217195067e-01
9.548671539621765847e-01
9.548671539621765847e-01
9.549831767026336626e-01
9.549831767026336626e-01
9.550991994430908516e-01
9.550991994430908516e-01
9.552152221835479295e-01
9.552152221835479295e-01
9.554472676644621965e-01
9.554472676644621965e-01
9.556793131453764634e-01
9.556793131453764634e-01
9.562594268476621862e-01
9.562594268476621862e-01
9.563754495881192641e-01
9.563754495881192641e-01
9.564914723285764531e-01
9.564914723285764531e-01
9.566074950690335310e-01
9.566074950690335310e-01
9.567235178094906090e-01
9.567235178094906090e-01
9.570715860308620648e-01
9.570715860308620648e-01
9.571876087713191428e-01
9.571876087713191428e-01
9.573036315117763317e-01
9.573036315117763317e-01
9.575356769926905987e-01
9.575356769926905987e-01
9.576516997331476766e-01
9.576516997331476766e-01
9.578837452140619435e-01
9.578837452140619435e-01
9.581157906949762104e-01
9.581157906949762104e-01
9.582318134354333994e-01
9.582318134354333994e-01
9.583478361758904773e-01
9.583478361758904773e-01
9.584638589163475553e-01
9.584638589163475553e-01
9.588119271377190111e-01
9.588119271377190111e-01
9.590439726186332781e-01
9.590439726186332781e-01
9.591599953590903560e-01
9.591599953590903560e-01
9.592760180995475450e-01
9.592760180995475450e-01
9.593920408400046229e-01
9.593920408400046229e-01
9.597401090613760788e-01
9.597401090613760788e-01
9.599721545422902347e-01
9.599721545422902347e-01
9.600881772827474236e-01
9.600881772827474236e-01
9.602042000232045016e-01
9.602042000232045016e-01
9.603202227636616906e-01
9.603202227636616906e-01
9.604362455041187685e-01
9.604362455041187685e-01
9.605522682445759575e-01
9.605522682445759575e-01
9.606682909850330354e-01
9.606682909850330354e-01
9.607843137254902244e-01
9.607843137254902244e-01
9.609003364659473023e-01
9.609003364659473023e-01
9.610163592064044913e-01
9.610163592064044913e-01
9.611323819468615692e-01
9.611323819468615692e-01
9.612484046873187582e-01
9.612484046873187582e-01
9.613644274277758361e-01
9.613644274277758361e-01
9.614804501682330251e-01
9.614804501682330251e-01
9.615964729086901031e-01
9.615964729086901031e-01
9.617124956491471810e-01
9.617124956491471810e-01
9.618285183896043700e-01
9.618285183896043700e-01
9.619445411300614479e-01
9.619445411300614479e-01
9.624086320918899817e-01
9.624086320918899817e-01
9.626406775728042486e-01
9.626406775728042486e-01
9.627567003132614376e-01
9.627567003132614376e-01
9.628727230537185156e-01
9.628727230537185156e-01
9.631047685346327825e-01
9.631047685346327825e-01
9.632207912750899714e-01
9.632207912750899714e-01
9.633368140155470494e-01
9.633368140155470494e-01
9.634528367560041273e-01
9.634528367560041273e-01
9.636848822369183942e-01
9.636848822369183942e-01
9.639169277178326611e-01
9.639169277178326611e-01
9.640329504582898501e-01
9.640329504582898501e-01
9.642649959392041170e-01
9.642649959392041170e-01
9.650771551224039957e-01
9.650771551224039957e-01
9.651931778628610736e-01
9.651931778628610736e-01
9.653092006033182626e-01
9.653092006033182626e-01
9.654252233437753405e-01
9.654252233437753405e-01
9.655412460842325295e-01
9.655412460842325295e-01
9.657732915651467964e-01
9.657732915651467964e-01
9.658893143056038744e-01
9.658893143056038744e-01
9.660053370460610633e-01
9.660053370460610633e-01
9.661213597865181413e-01
9.661213597865181413e-01
9.663534052674324082e-01
9.663534052674324082e-01
9.664694280078895972e-01
9.664694280078895972e-01
9.665854507483466751e-01
9.665854507483466751e-01
9.667014734888037530e-01
9.667014734888037530e-01
9.669335189697180200e-01
9.669335189697180200e-01
9.670495417101752089e-01
9.670495417101752089e-01
9.671655644506322869e-01
9.671655644506322869e-01
9.672815871910894758e-01
9.672815871910894758e-01
9.675136326720037427e-01
9.675136326720037427e-01
9.676296554124608207e-01
9.676296554124608207e-01
9.677456781529180097e-01
9.677456781529180097e-01
9.678617008933750876e-01
9.678617008933750876e-01
9.679777236338322766e-01
9.679777236338322766e-01
9.682097691147465435e-01
9.682097691147465435e-01
9.683257918552036214e-01
9.683257918552036214e-01
9.684418145956606994e-01
9.684418145956606994e-01
9.685578373361178883e-01
9.685578373361178883e-01
9.686738600765749663e-01
9.686738600765749663e-01
9.687898828170321552e-01
9.687898828170321552e-01
9.689059055574892332e-01
9.689059055574892332e-01
9.690219282979464221e-01
9.690219282979464221e-01
9.693699965193177670e-01
9.693699965193177670e-01
9.697180647406892229e-01
9.697180647406892229e-01
9.698340874811463008e-01
9.698340874811463008e-01
9.701821557025176457e-01
9.701821557025176457e-01
9.702981784429748346e-01
9.702981784429748346e-01
9.704142011834319126e-01
9.704142011834319126e-01
9.706462466643461795e-01
9.706462466643461795e-01
9.708782921452604464e-01
9.708782921452604464e-01
9.709943148857176354e-01
9.709943148857176354e-01
9.711103376261747133e-01
9.711103376261747133e-01
9.713423831070889802e-01
9.713423831070889802e-01
9.714584058475461692e-01
9.714584058475461692e-01
9.716904513284603251e-01
9.716904513284603251e-01
9.718064740689175141e-01
9.718064740689175141e-01
9.719224968093745920e-01
9.719224968093745920e-01
9.721545422902888589e-01
9.721545422902888589e-01
9.722705650307460479e-01
9.722705650307460479e-01
9.723865877712031258e-01
9.723865877712031258e-01
9.725026105116603148e-01
9.725026105116603148e-01
9.726186332521173927e-01
9.726186332521173927e-01
9.727346559925745817e-01
9.727346559925745817e-01
9.728506787330316596e-01
9.728506787330316596e-01
9.729667014734888486e-01
9.729667014734888486e-01
9.730827242139459266e-01
9.730827242139459266e-01
9.733147696948601935e-01
9.733147696948601935e-01
9.734307924353172714e-01
9.734307924353172714e-01
9.736628379162315383e-01
9.736628379162315383e-01
9.737788606566887273e-01
9.737788606566887273e-01
9.738948833971458052e-01
9.738948833971458052e-01
9.740109061376029942e-01
9.740109061376029942e-01
9.741269288780600721e-01
9.741269288780600721e-01
9.742429516185172611e-01
9.742429516185172611e-01
9.744749970994315280e-01
9.744749970994315280e-01
9.745910198398886060e-01
9.745910198398886060e-01
9.748230653208028729e-01
9.748230653208028729e-01
9.750551108017171398e-01
9.750551108017171398e-01
9.751711335421742177e-01
9.751711335421742177e-01
9.756352245040027515e-01
9.756352245040027515e-01
9.760993154658312854e-01
9.760993154658312854e-01
9.762153382062884743e-01
9.762153382062884743e-01
9.763313609467455523e-01
9.763313609467455523e-01
9.764473836872027412e-01
9.764473836872027412e-01
9.765634064276598192e-01
9.765634064276598192e-01
9.766794291681168971e-01
9.766794291681168971e-01
9.767954519085740861e-01
9.767954519085740861e-01
9.769114746490311640e-01
9.769114746490311640e-01
9.770274973894883530e-01
9.770274973894883530e-01
9.771435201299454310e-01
9.771435201299454310e-01
9.772595428704026199e-01
9.772595428704026199e-01
9.773755656108596979e-01
9.773755656108596979e-01
9.774915883513168868e-01
9.774915883513168868e-01
9.777236338322311537e-01
9.777236338322311537e-01
9.778396565726882317e-01
9.778396565726882317e-01
9.779556793131454207e-01
9.779556793131454207e-01
9.780717020536024986e-01
9.780717020536024986e-01
9.781877247940596876e-01
9.781877247940596876e-01
9.783037475345167655e-01
9.783037475345167655e-01
9.785357930154310324e-01
9.785357930154310324e-01
9.787678384963452993e-01
9.787678384963452993e-01
9.788838612368023773e-01
9.788838612368023773e-01
9.789998839772595662e-01
9.789998839772595662e-01
9.791159067177166442e-01
9.791159067177166442e-01
9.793479521986309111e-01
9.793479521986309111e-01
9.794639749390881001e-01
9.794639749390881001e-01
9.795799976795451780e-01
9.795799976795451780e-01
9.796960204200023670e-01
9.796960204200023670e-01
9.798120431604594449e-01
9.798120431604594449e-01
9.805081796032022456e-01
9.805081796032022456e-01
9.806242023436593236e-01
9.806242023436593236e-01
9.808562478245735905e-01
9.808562478245735905e-01
9.809722705650307795e-01
9.809722705650307795e-01
9.812043160459450464e-01
9.812043160459450464e-01
9.813203387864021243e-01
9.813203387864021243e-01
9.814363615268593133e-01
9.814363615268593133e-01
9.815523842673163912e-01
9.815523842673163912e-01
9.816684070077734692e-01
9.816684070077734692e-01
9.819004524886877361e-01
9.819004524886877361e-01
9.820164752291449251e-01
9.820164752291449251e-01
9.821324979696020030e-01
9.821324979696020030e-01
9.822485207100591920e-01
9.822485207100591920e-01
9.823645434505162699e-01
9.823645434505162699e-01
9.824805661909734589e-01
9.824805661909734589e-01
9.825965889314305368e-01
9.825965889314305368e-01
9.827126116718877258e-01
9.827126116718877258e-01
9.828286344123448037e-01
9.828286344123448037e-01
9.829446571528019927e-01
9.829446571528019927e-01
9.830606798932590706e-01
9.830606798932590706e-01
9.831767026337162596e-01
9.831767026337162596e-01
9.834087481146304155e-01
9.834087481146304155e-01
9.835247708550876045e-01
9.835247708550876045e-01
9.836407935955446824e-01
9.836407935955446824e-01
9.838728390764589493e-01
9.838728390764589493e-01
9.839888618169161383e-01
9.839888618169161383e-01
9.841048845573732162e-01
9.841048845573732162e-01
9.842209072978304052e-01
9.842209072978304052e-01
9.845689755192017500e-01
9.845689755192017500e-01
9.846849982596589390e-01
9.846849982596589390e-01
9.848010210001160170e-01
9.848010210001160170e-01
9.849170437405732059e-01
9.849170437405732059e-01
9.850330664810302839e-01
9.850330664810302839e-01
9.851490892214873618e-01
9.851490892214873618e-01
9.852651119619445508e-01
9.852651119619445508e-01
9.853811347024016287e-01
9.853811347024016287e-01
9.854971574428588177e-01
9.854971574428588177e-01
9.856131801833158956e-01
9.856131801833158956e-01
9.857292029237730846e-01
9.857292029237730846e-01
9.858452256642301625e-01
9.858452256642301625e-01
9.859612484046873515e-01
9.859612484046873515e-01
9.860772711451444295e-01
9.860772711451444295e-01
9.861932938856016184e-01
9.861932938856016184e-01
9.864253393665158853e-01
9.864253393665158853e-01
9.865413621069729633e-01
9.865413621069729633e-01
9.866573848474300412e-01
9.866573848474300412e-01
9.867734075878872302e-01
9.867734075878872302e-01
9.868894303283443081e-01
9.868894303283443081e-01
9.870054530688014971e-01
9.870054530688014971e-01
9.871214758092585750e-01
9.871214758092585750e-01
9.872374985497157640e-01
9.872374985497157640e-01
9.873535212901728420e-01
9.873535212901728420e-01
9.874695440306300309e-01
9.874695440306300309e-01
9.875855667710871089e-01
9.875855667710871089e-01
9.877015895115442978e-01
9.877015895115442978e-01
9.878176122520013758e-01
9.878176122520013758e-01
9.880496577329156427e-01
9.880496577329156427e-01
9.882817032138299096e-01
9.882817032138299096e-01
9.883977259542869875e-01
9.883977259542869875e-01
9.885137486947441765e-01
9.885137486947441765e-01
9.886297714352012544e-01
9.886297714352012544e-01
9.887457941756584434e-01
9.887457941756584434e-01
9.889778396565727103e-01
9.889778396565727103e-01
9.890938623970297883e-01
9.890938623970297883e-01
9.892098851374869772e-01
9.892098851374869772e-01
9.893259078779440552e-01
9.893259078779440552e-01
9.894419306184012441e-01
9.894419306184012441e-01
9.895579533588583221e-01
9.895579533588583221e-01
9.899060215802297780e-01
9.899060215802297780e-01
9.900220443206868559e-01
9.900220443206868559e-01
9.902540898016011228e-01
9.902540898016011228e-01
9.903701125420582008e-01
9.903701125420582008e-01
9.906021580229724677e-01
9.906021580229724677e-01
9.907181807634296566e-01
9.907181807634296566e-01
9.908342035038867346e-01
9.908342035038867346e-01
9.909502262443439236e-01
9.909502262443439236e-01
9.910662489848010015e-01
9.910662489848010015e-01
9.911822717252581905e-01
9.911822717252581905e-01
9.915303399466295353e-01
9.915303399466295353e-01
9.917623854275438022e-01
9.917623854275438022e-01
9.918784081680008802e-01
9.918784081680008802e-01
9.919944309084580691e-01
9.919944309084580691e-01
9.921104536489151471e-01
9.921104536489151471e-01
9.922264763893723361e-01
9.922264763893723361e-01
9.923424991298294140e-01
9.923424991298294140e-01
9.924585218702866030e-01
9.924585218702866030e-01
9.926905673512008699e-01
9.926905673512008699e-01
9.928065900916579478e-01
9.928065900916579478e-01
9.929226128321151368e-01
9.929226128321151368e-01
9.930386355725722147e-01
9.930386355725722147e-01
9.931546583130294037e-01
9.931546583130294037e-01
9.932706810534864816e-01
9.932706810534864816e-01
9.933867037939435596e-01
9.933867037939435596e-01
9.935027265344007485e-01
9.935027265344007485e-01
9.937347720153150155e-01
9.937347720153150155e-01
9.938507947557720934e-01
9.938507947557720934e-01
9.940828402366863603e-01
9.940828402366863603e-01
9.941988629771435493e-01
9.941988629771435493e-01
9.944309084580578162e-01
9.944309084580578162e-01
9.945469311985148941e-01
9.945469311985148941e-01
9.946629539389720831e-01
9.946629539389720831e-01
9.947789766794291610e-01
9.947789766794291610e-01
9.948949994198863500e-01
9.948949994198863500e-01
9.950110221603434280e-01
9.950110221603434280e-01
9.951270449008005059e-01
9.951270449008005059e-01
9.952430676412576949e-01
9.952430676412576949e-01
9.953590903817147728e-01
9.953590903817147728e-01
9.954751131221719618e-01
9.954751131221719618e-01
9.955911358626290397e-01
9.955911358626290397e-01
9.957071586030862287e-01
9.957071586030862287e-01
9.958231813435433066e-01
9.958231813435433066e-01
9.959392040840004956e-01
9.959392040840004956e-01
9.960552268244575735e-01
9.960552268244575735e-01
9.962872723053718405e-01
9.962872723053718405e-01
9.964032950458290294e-01
9.964032950458290294e-01
9.965193177862861074e-01
9.965193177862861074e-01
9.967513632672003743e-01
9.967513632672003743e-01
9.968673860076574522e-01
9.968673860076574522e-01
9.969834087481146412e-01
9.969834087481146412e-01
9.970994314885717191e-01
9.970994314885717191e-01
9.972154542290289081e-01
9.972154542290289081e-01
9.973314769694859860e-01
9.973314769694859860e-01
9.974474997099431750e-01
9.974474997099431750e-01
9.975635224504002529e-01
9.975635224504002529e-01
9.976795451908574419e-01
9.976795451908574419e-01
9.977955679313145199e-01
9.977955679313145199e-01
9.979115906717717088e-01
9.979115906717717088e-01
9.980276134122287868e-01
9.980276134122287868e-01
9.981436361526859757e-01
9.981436361526859757e-01
9.982596588931430537e-01
9.982596588931430537e-01
9.983756816336001316e-01
9.983756816336001316e-01
9.984917043740573206e-01
9.984917043740573206e-01
9.986077271145143985e-01
9.986077271145143985e-01
9.987237498549715875e-01
9.987237498549715875e-01
9.988397725954286654e-01
9.988397725954286654e-01
9.989557953358858544e-01
9.989557953358858544e-01
9.990718180763429324e-01
9.990718180763429324e-01
9.991878408168001213e-01
9.991878408168001213e-01
9.993038635572571993e-01
9.993038635572571993e-01
9.994198862977143882e-01
9.994198862977143882e-01
9.995359090381714662e-01
9.995359090381714662e-01
9.996519317786286551e-01
9.996519317786286551e-01
9.997679545190857331e-01
9.997679545190857331e-01
9.998839772595429221e-01
9.998839772595429221e-01
1.000000000000000000e+00
1.000000000000000000e+00
