0.000000000000000000e+00
0.000000000000000000e+00
0.000000000000000000e+00
0.000000000000000000e+00
0.000000000000000000e+00
0.000000000000000000e+00
0.000000000000000000e+00
0.000000000000000000e+00
0.000000000000000000e+00
0.000000000000000000e+00
0.000000000000000000e+00
0.000000000000000000e+00
0.000000000000000000e+00
0.000000000000000000e+00
0.000000000000000000e+00
0.000000000000000000e+00
0.000000000000000000e+00
0.000000000000000000e+00
0.000000000000000000e+00
0.000000000000000000e+00
0.000000000000000000e+00
0.000000000000000000e+00
0.000000000000000000e+00
0.000000000000000000e+00
0.000000000000000000e+00
0.000000000000000000e+00
0.000000000000000000e+00
0.000000000000000000e+00
0.000000000000000000e+00
0.000000000000000000e+00
0.000000000000000000e+00
0.000000000000000000e+00
0.000000000000000000e+00
0.000000000000000000e+00
0.000000000000000000e+00
2.269632319564230652e-04
2.269632319564230652e-04
2.269632319564230652e-04
2.269632319564230652e-04
2.269632319564230652e-04
2.269632319564230652e-04
2.269632319564230652e-04
2.269632319564230652e-04
2.269632319564230652e-04
2.269632319564230652e-04
2.269632319564230652e-04
2.269632319564230652e-04
2.269632319564230652e-04
2.269632319564230652e-04
2.269632319564230652e-04
2.269632319564230652e-04
2.269632319564230652e-04
2.269632319564230652e-04
2.269632319564230652e-04
2.269632319564230652e-04
2.269632319564230652e-04
2.269632319564230652e-04
2.269632319564230652e-04
2.269632319564230652e-04
2.269632319564230652e-04
2.269632319564230652e-04
2.269632319564230652e-04
2.269632319564230652e-04
2.269632319564230652e-04
2.269632319564230652e-04
2.269632319564230652e-04
2.269632319564230652e-04
2.269632319564230652e-04
2.269632319564230652e-04
2.269632319564230652e-04
2.269632319564230652e-04
2.269632319564230652e-04
2.269632319564230652e-04
2.269632319564230652e-04
2.269632319564230652e-04
2.269632319564230652e-04
2.269632319564230652e-04
2.269632319564230652e-04
2.269632319564230652e-04
2.269632319564230652e-04
2.269632319564230652e-04
2.269632319564230652e-04
2.269632319564230652e-04
2.269632319564230652e-04
2.269632319564230652e-04
2.269632319564230652e-04
2.269632319564230652e-04
2.269632319564230652e-04
2.269632319564230652e-04
2.269632319564230652e-04
2.269632319564230652e-04
2.269632319564230652e-04
2.269632319564230652e-04
2.269632319564230652e-04
2.269632319564230652e-04
2.269632319564230652e-04
2.269632319564230652e-04
2.269632319564230652e-04
2.269632319564230652e-04
2.269632319564230652e-04
2.269632319564230652e-04
2.269632319564230652e-04
2.269632319564230652e-04
2.269632319564230652e-04
2.269632319564230652e-04
2.269632319564230652e-04
2.269632319564230652e-04
2.269632319564230652e-04
2.269632319564230652e-04
2.269632319564230652e-04
2.269632319564230652e-04
2.269632319564230652e-04
2.269632319564230652e-04
2.269632319564230652e-04
2.269632319564230652e-04
2.269632319564230652e-04
2.269632319564230652e-04
2.269632319564230652e-04
2.269632319564230652e-04
2.269632319564230652e-04
2.269632319564230652e-04
2.269632319564230652e-04
2.269632319564230652e-04
2.269632319564230652e-04
2.269632319564230652e-04
2.269632319564230652e-04
2.269632319564230652e-04
2.269632319564230652e-04
2.269632319564230652e-04
2.269632319564230652e-04
2.269632319564230652e-04
2.269632319564230652e-04
2.269632319564230652e-04
2.269632319564230652e-04
2.269632319564230652e-04
2.269632319564230652e-04
2.269632319564230652e-04
2.269632319564230652e-04
2.269632319564230652e-04
2.269632319564230652e-04
2.269632319564230652e-04
2.269632319564230652e-04
2.269632319564230652e-04
2.269632319564230652e-04
2.269632319564230652e-04
2.269632319564230652e-04
2.269632319564230652e-04
2.269632319564230652e-04
2.269632319564230652e-04
2.269632319564230652e-04
2.269632319564230652e-04
2.269632319564230652e-04
2.269632319564230652e-04
2.269632319564230652e-04
2.269632319564230652e-04
2.269632319564230652e-04
2.269632319564230652e-04
2.269632319564230652e-04
2.269632319564230652e-04
2.269632319564230652e-04
2.269632319564230652e-04
2.269632319564230652e-04
2.269632319564230652e-04
2.269632319564230652e-04
2.269632319564230652e-04
2.269632319564230652e-04
2.269632319564230652e-04
2.269632319564230652e-04
2.269632319564230652e-04
2.269632319564230652e-04
2.269632319564230652e-04
2.269632319564230652e-04
2.269632319564230652e-04
2.269632319564230652e-04
2.269632319564230652e-04
2.269632319564230652e-04
2.269632319564230652e-04
2.269632319564230652e-04
2.269632319564230652e-04
2.269632319564230652e-04
2.269632319564230652e-04
2.269632319564230652e-04
2.269632319564230652e-04
2.269632319564230652e-04
2.269632319564230652e-04
2.269632319564230652e-04
2.269632319564230652e-04
2.269632319564230652e-04
2.269632319564230652e-04
2.269632319564230652e-04
2.269632319564230652e-04
2.269632319564230652e-04
2.269632319564230652e-04
2.269632319564230652e-04
2.269632319564230652e-04
2.269632319564230652e-04
2.269632319564230652e-04
2.269632319564230652e-04
2.269632319564230652e-04
2.269632319564230652e-04
2.269632319564230652e-04
2.269632319564230652e-04
2.269632319564230652e-04
2.269632319564230652e-04
2.269632319564230652e-04
2.269632319564230652e-04
2.269632319564230652e-04
2.269632319564230652e-04
2.269632319564230652e-04
2.269632319564230652e-04
2.269632319564230652e-04
2.269632319564230652e-04
2.269632319564230652e-04
2.269632319564230652e-04
2.269632319564230652e-04
4.539264639128461304e-04
4.539264639128461304e-04
4.539264639128461304e-04
4.539264639128461304e-04
4.539264639128461304e-04
4.539264639128461304e-04
4.539264639128461304e-04
4.539264639128461304e-04
4.539264639128461304e-04
4.539264639128461304e-04
4.539264639128461304e-04
4.539264639128461304e-04
4.539264639128461304e-04
4.539264639128461304e-04
4.539264639128461304e-04
4.539264639128461304e-04
4.539264639128461304e-04
4.539264639128461304e-04
4.539264639128461304e-04
4.539264639128461304e-04
6.808896958692691685e-04
6.808896958692691685e-04
6.808896958692691685e-04
6.808896958692691685e-04
6.808896958692691685e-04
6.808896958692691685e-04
6.808896958692691685e-04
6.808896958692691685e-04
6.808896958692691685e-04
6.808896958692691685e-04
6.808896958692691685e-04
6.808896958692691685e-04
6.808896958692691685e-04
6.808896958692691685e-04
6.808896958692691685e-04
6.808896958692691685e-04
6.808896958692691685e-04
6.808896958692691685e-04
6.808896958692691685e-04
6.808896958692691685e-04
6.808896958692691685e-04
6.808896958692691685e-04
6.808896958692691685e-04
6.808896958692691685e-04
6.808896958692691685e-04
6.808896958692691685e-04
6.808896958692691685e-04
6.808896958692691685e-04
6.808896958692691685e-04
6.808896958692691685e-04
6.808896958692691685e-04
6.808896958692691685e-04
6.808896958692691685e-04
6.808896958692691685e-04
6.808896958692691685e-04
6.808896958692691685e-04
6.808896958692691685e-04
6.808896958692691685e-04
6.808896958692691685e-04
6.808896958692691685e-04
6.808896958692691685e-04
6.808896958692691685e-04
6.808896958692691685e-04
6.808896958692691685e-04
6.808896958692691685e-04
6.808896958692691685e-04
6.808896958692691685e-04
6.808896958692691685e-04
6.808896958692691685e-04
6.808896958692691685e-04
6.808896958692691685e-04
6.808896958692691685e-04
6.808896958692691685e-04
6.808896958692691685e-04
6.808896958692691685e-04
6.808896958692691685e-04
6.808896958692691685e-04
6.808896958692691685e-04
6.808896958692691685e-04
6.808896958692691685e-04
6.808896958692691685e-04
6.808896958692691685e-04
6.808896958692691685e-04
6.808896958692691685e-04
6.808896958692691685e-04
6.808896958692691685e-04
6.808896958692691685e-04
6.808896958692691685e-04
6.808896958692691685e-04
6.808896958692691685e-04
6.808896958692691685e-04
6.808896958692691685e-04
6.808896958692691685e-04
6.808896958692691685e-04
6.808896958692691685e-04
6.808896958692691685e-04
6.808896958692691685e-04
6.808896958692691685e-04
9.078529278256922607e-04
9.078529278256922607e-04
9.078529278256922607e-04
1.134816159782115353e-03
1.134816159782115353e-03
1.134816159782115353e-03
1.134816159782115353e-03
1.134816159782115353e-03
1.134816159782115353e-03
1.134816159782115353e-03
1.134816159782115353e-03
1.134816159782115353e-03
1.134816159782115353e-03
1.134816159782115353e-03
1.134816159782115353e-03
1.134816159782115353e-03
1.134816159782115353e-03
1.134816159782115353e-03
1.134816159782115353e-03
1.134816159782115353e-03
1.134816159782115353e-03
1.134816159782115353e-03
1.134816159782115353e-03
1.134816159782115353e-03
1.134816159782115353e-03
1.134816159782115353e-03
1.134816159782115353e-03
1.134816159782115353e-03
1.134816159782115353e-03
1.134816159782115353e-03
1.134816159782115353e-03
1.134816159782115353e-03
1.134816159782115353e-03
1.134816159782115353e-03
1.134816159782115353e-03
1.134816159782115353e-03
1.134816159782115353e-03
1.134816159782115353e-03
1.134816159782115353e-03
1.134816159782115353e-03
1.134816159782115353e-03
1.134816159782115353e-03
1.134816159782115353e-03
1.134816159782115353e-03
1.134816159782115353e-03
1.134816159782115353e-03
1.134816159782115353e-03
1.134816159782115353e-03
1.134816159782115353e-03
1.134816159782115353e-03
1.134816159782115353e-03
1.134816159782115353e-03
1.134816159782115353e-03
1.134816159782115353e-03
1.134816159782115353e-03
1.134816159782115353e-03
1.134816159782115353e-03
1.134816159782115353e-03
1.134816159782115353e-03
1.134816159782115353e-03
1.134816159782115353e-03
1.134816159782115353e-03
1.134816159782115353e-03
1.361779391738538337e-03
1.361779391738538337e-03
1.361779391738538337e-03
1.361779391738538337e-03
1.361779391738538337e-03
1.361779391738538337e-03
1.361779391738538337e-03
1.361779391738538337e-03
1.361779391738538337e-03
1.361779391738538337e-03
1.361779391738538337e-03
1.361779391738538337e-03
1.361779391738538337e-03
1.361779391738538337e-03
1.361779391738538337e-03
1.361779391738538337e-03
1.588742623694961321e-03
1.588742623694961321e-03
1.588742623694961321e-03
1.588742623694961321e-03
1.588742623694961321e-03
1.588742623694961321e-03
1.588742623694961321e-03
1.588742623694961321e-03
1.588742623694961321e-03
1.588742623694961321e-03
1.588742623694961321e-03
1.588742623694961321e-03
1.588742623694961321e-03
1.588742623694961321e-03
1.588742623694961321e-03
1.588742623694961321e-03
1.815705855651384521e-03
1.815705855651384521e-03
1.815705855651384521e-03
1.815705855651384521e-03
1.815705855651384521e-03
2.042669087607807722e-03
2.042669087607807722e-03
2.042669087607807722e-03
2.042669087607807722e-03
2.042669087607807722e-03
2.042669087607807722e-03
2.042669087607807722e-03
2.042669087607807722e-03
2.042669087607807722e-03
2.269632319564230706e-03
2.269632319564230706e-03
2.269632319564230706e-03
2.269632319564230706e-03
2.269632319564230706e-03
2.269632319564230706e-03
2.269632319564230706e-03
2.269632319564230706e-03
2.269632319564230706e-03
2.269632319564230706e-03
2.269632319564230706e-03
2.269632319564230706e-03
2.269632319564230706e-03
2.269632319564230706e-03
2.269632319564230706e-03
2.269632319564230706e-03
2.269632319564230706e-03
2.269632319564230706e-03
2.269632319564230706e-03
2.269632319564230706e-03
2.269632319564230706e-03
2.269632319564230706e-03
2.269632319564230706e-03
2.269632319564230706e-03
2.269632319564230706e-03
2.269632319564230706e-03
2.269632319564230706e-03
2.269632319564230706e-03
2.269632319564230706e-03
2.269632319564230706e-03
2.269632319564230706e-03
2.269632319564230706e-03
2.269632319564230706e-03
2.269632319564230706e-03
2.269632319564230706e-03
2.269632319564230706e-03
2.269632319564230706e-03
2.269632319564230706e-03
2.269632319564230706e-03
2.269632319564230706e-03
2.269632319564230706e-03
2.269632319564230706e-03
2.269632319564230706e-03
2.269632319564230706e-03
2.269632319564230706e-03
2.269632319564230706e-03
2.269632319564230706e-03
2.269632319564230706e-03
2.269632319564230706e-03
2.269632319564230706e-03
2.269632319564230706e-03
2.269632319564230706e-03
2.269632319564230706e-03
2.269632319564230706e-03
2.269632319564230706e-03
2.269632319564230706e-03
2.269632319564230706e-03
2.269632319564230706e-03
2.269632319564230706e-03
2.269632319564230706e-03
2.269632319564230706e-03
2.269632319564230706e-03
2.269632319564230706e-03
2.269632319564230706e-03
2.269632319564230706e-03
2.269632319564230706e-03
2.269632319564230706e-03
2.269632319564230706e-03
2.269632319564230706e-03
2.269632319564230706e-03
2.269632319564230706e-03
2.269632319564230706e-03
2.269632319564230706e-03
2.269632319564230706e-03
2.269632319564230706e-03
2.269632319564230706e-03
2.269632319564230706e-03
2.269632319564230706e-03
2.269632319564230706e-03
2.496595551520653690e-03
2.496595551520653690e-03
2.496595551520653690e-03
2.496595551520653690e-03
2.496595551520653690e-03
2.496595551520653690e-03
2.496595551520653690e-03
2.496595551520653690e-03
2.496595551520653690e-03
2.496595551520653690e-03
2.496595551520653690e-03
2.496595551520653690e-03
2.496595551520653690e-03
2.496595551520653690e-03
2.496595551520653690e-03
2.496595551520653690e-03
2.496595551520653690e-03
2.723558783477076674e-03
2.723558783477076674e-03
2.723558783477076674e-03
2.723558783477076674e-03
2.723558783477076674e-03
2.723558783477076674e-03
2.723558783477076674e-03
2.723558783477076674e-03
2.723558783477076674e-03
2.723558783477076674e-03
2.723558783477076674e-03
2.723558783477076674e-03
2.723558783477076674e-03
2.723558783477076674e-03
2.723558783477076674e-03
2.723558783477076674e-03
2.723558783477076674e-03
2.950522015433499658e-03
2.950522015433499658e-03
2.950522015433499658e-03
2.950522015433499658e-03
2.950522015433499658e-03
2.950522015433499658e-03
2.950522015433499658e-03
2.950522015433499658e-03
2.950522015433499658e-03
2.950522015433499658e-03
2.950522015433499658e-03
2.950522015433499658e-03
2.950522015433499658e-03
2.950522015433499658e-03
2.950522015433499658e-03
2.950522015433499658e-03
2.950522015433499658e-03
2.950522015433499658e-03
2.950522015433499658e-03
2.950522015433499658e-03
2.950522015433499658e-03
2.950522015433499658e-03
2.950522015433499658e-03
2.950522015433499658e-03
2.950522015433499658e-03
2.950522015433499658e-03
2.950522015433499658e-03
2.950522015433499658e-03
2.950522015433499658e-03
2.950522015433499658e-03
2.950522015433499658e-03
2.950522015433499658e-03
2.950522015433499658e-03
2.950522015433499658e-03
2.950522015433499658e-03
2.950522015433499658e-03
2.950522015433499658e-03
2.950522015433499658e-03
2.950522015433499658e-03
2.950522015433499658e-03
2.950522015433499658e-03
2.950522015433499658e-03
2.950522015433499658e-03
2.950522015433499658e-03
2.950522015433499658e-03
2.950522015433499658e-03
2.950522015433499658e-03
2.950522015433499658e-03
2.950522015433499658e-03
2.950522015433499658e-03
2.950522015433499658e-03
2.950522015433499658e-03
2.950522015433499658e-03
2.950522015433499658e-03
2.950522015433499658e-03
2.950522015433499658e-03
2.950522015433499658e-03
2.950522015433499658e-03
2.950522015433499658e-03
2.950522015433499658e-03
2.950522015433499658e-03
2.950522015433499658e-03
3.177485247389922642e-03
3.177485247389922642e-03
3.177485247389922642e-03
3.177485247389922642e-03
3.177485247389922642e-03
3.177485247389922642e-03
3.177485247389922642e-03
3.177485247389922642e-03
3.177485247389922642e-03
3.177485247389922642e-03
3.177485247389922642e-03
3.177485247389922642e-03
3.177485247389922642e-03
3.177485247389922642e-03
3.177485247389922642e-03
3.177485247389922642e-03
3.177485247389922642e-03
3.177485247389922642e-03
3.177485247389922642e-03
3.177485247389922642e-03
3.177485247389922642e-03
3.177485247389922642e-03
3.177485247389922642e-03
3.404448479346346059e-03
3.404448479346346059e-03
3.404448479346346059e-03
3.404448479346346059e-03
3.404448479346346059e-03
3.404448479346346059e-03
3.404448479346346059e-03
3.404448479346346059e-03
3.404448479346346059e-03
3.404448479346346059e-03
3.631411711302769043e-03
3.631411711302769043e-03
3.631411711302769043e-03
3.631411711302769043e-03
3.631411711302769043e-03
3.631411711302769043e-03
3.631411711302769043e-03
3.631411711302769043e-03
3.631411711302769043e-03
3.631411711302769043e-03
3.631411711302769043e-03
3.631411711302769043e-03
3.631411711302769043e-03
3.631411711302769043e-03
3.631411711302769043e-03
3.631411711302769043e-03
3.631411711302769043e-03
3.631411711302769043e-03
3.631411711302769043e-03
3.631411711302769043e-03
3.631411711302769043e-03
3.631411711302769043e-03
3.858374943259192027e-03
3.858374943259192027e-03
3.858374943259192027e-03
3.858374943259192027e-03
3.858374943259192027e-03
3.858374943259192027e-03
3.858374943259192027e-03
4.085338175215615444e-03
4.085338175215615444e-03
4.085338175215615444e-03
4.085338175215615444e-03
4.085338175215615444e-03
4.085338175215615444e-03
4.085338175215615444e-03
4.085338175215615444e-03
4.085338175215615444e-03
4.085338175215615444e-03
4.085338175215615444e-03
4.085338175215615444e-03
4.085338175215615444e-03
4.085338175215615444e-03
4.085338175215615444e-03
4.085338175215615444e-03
4.085338175215615444e-03
4.085338175215615444e-03
4.085338175215615444e-03
4.085338175215615444e-03
4.085338175215615444e-03
4.085338175215615444e-03
4.085338175215615444e-03
4.085338175215615444e-03
4.085338175215615444e-03
4.085338175215615444e-03
4.085338175215615444e-03
4.085338175215615444e-03
4.085338175215615444e-03
4.085338175215615444e-03
4.085338175215615444e-03
4.085338175215615444e-03
4.085338175215615444e-03
4.085338175215615444e-03
4.085338175215615444e-03
4.085338175215615444e-03
4.085338175215615444e-03
4.085338175215615444e-03
4.085338175215615444e-03
4.085338175215615444e-03
4.085338175215615444e-03
4.085338175215615444e-03
4.085338175215615444e-03
4.085338175215615444e-03
4.085338175215615444e-03
4.085338175215615444e-03
4.085338175215615444e-03
4.085338175215615444e-03
4.085338175215615444e-03
4.085338175215615444e-03
4.085338175215615444e-03
4.085338175215615444e-03
4.085338175215615444e-03
4.085338175215615444e-03
4.085338175215615444e-03
4.085338175215615444e-03
4.085338175215615444e-03
4.085338175215615444e-03
4.085338175215615444e-03
4.085338175215615444e-03
4.085338175215615444e-03
4.085338175215615444e-03
4.085338175215615444e-03
4.085338175215615444e-03
4.085338175215615444e-03
4.085338175215615444e-03
4.085338175215615444e-03
4.085338175215615444e-03
4.085338175215615444e-03
4.085338175215615444e-03
4.085338175215615444e-03
4.085338175215615444e-03
4.085338175215615444e-03
4.085338175215615444e-03
4.085338175215615444e-03
4.085338175215615444e-03
4.085338175215615444e-03
4.085338175215615444e-03
4.085338175215615444e-03
4.085338175215615444e-03
4.085338175215615444e-03
4.085338175215615444e-03
4.085338175215615444e-03
4.085338175215615444e-03
4.085338175215615444e-03
4.085338175215615444e-03
4.085338175215615444e-03
4.085338175215615444e-03
4.085338175215615444e-03
4.085338175215615444e-03
4.085338175215615444e-03
4.085338175215615444e-03
4.085338175215615444e-03
4.085338175215615444e-03
4.085338175215615444e-03
4.085338175215615444e-03
4.085338175215615444e-03
4.085338175215615444e-03
4.312301407172038428e-03
4.312301407172038428e-03
4.312301407172038428e-03
4.312301407172038428e-03
4.312301407172038428e-03
4.312301407172038428e-03
4.312301407172038428e-03
4.312301407172038428e-03
4.312301407172038428e-03
4.312301407172038428e-03
4.312301407172038428e-03
4.312301407172038428e-03
4.312301407172038428e-03
4.312301407172038428e-03
4.312301407172038428e-03
4.312301407172038428e-03
4.312301407172038428e-03
4.312301407172038428e-03
4.312301407172038428e-03
4.312301407172038428e-03
4.312301407172038428e-03
4.312301407172038428e-03
4.312301407172038428e-03
4.312301407172038428e-03
4.312301407172038428e-03
4.312301407172038428e-03
4.312301407172038428e-03
4.539264639128461412e-03
4.539264639128461412e-03
4.766227871084884396e-03
4.766227871084884396e-03
4.766227871084884396e-03
4.766227871084884396e-03
4.766227871084884396e-03
4.766227871084884396e-03
4.766227871084884396e-03
4.766227871084884396e-03
4.766227871084884396e-03
4.766227871084884396e-03
4.766227871084884396e-03
4.766227871084884396e-03
4.766227871084884396e-03
4.766227871084884396e-03
4.766227871084884396e-03
4.766227871084884396e-03
4.766227871084884396e-03
4.766227871084884396e-03
4.766227871084884396e-03
4.766227871084884396e-03
4.766227871084884396e-03
4.766227871084884396e-03
4.766227871084884396e-03
4.766227871084884396e-03
4.766227871084884396e-03
4.766227871084884396e-03
4.766227871084884396e-03
4.766227871084884396e-03
4.766227871084884396e-03
4.766227871084884396e-03
4.766227871084884396e-03
4.766227871084884396e-03
4.766227871084884396e-03
4.766227871084884396e-03
4.766227871084884396e-03
4.766227871084884396e-03
4.766227871084884396e-03
4.766227871084884396e-03
4.766227871084884396e-03
4.766227871084884396e-03
4.766227871084884396e-03
4.766227871084884396e-03
4.766227871084884396e-03
4.766227871084884396e-03
4.766227871084884396e-03
4.766227871084884396e-03
4.766227871084884396e-03
4.766227871084884396e-03
4.766227871084884396e-03
4.766227871084884396e-03
4.766227871084884396e-03
4.766227871084884396e-03
4.766227871084884396e-03
4.766227871084884396e-03
4.766227871084884396e-03
4.766227871084884396e-03
4.766227871084884396e-03
4.766227871084884396e-03
4.766227871084884396e-03
4.766227871084884396e-03
4.993191103041307380e-03
4.993191103041307380e-03
4.993191103041307380e-03
4.993191103041307380e-03
4.993191103041307380e-03
4.993191103041307380e-03
4.993191103041307380e-03
4.993191103041307380e-03
4.993191103041307380e-03
4.993191103041307380e-03
4.993191103041307380e-03
4.993191103041307380e-03
4.993191103041307380e-03
4.993191103041307380e-03
4.993191103041307380e-03
4.993191103041307380e-03
4.993191103041307380e-03
4.993191103041307380e-03
4.993191103041307380e-03
4.993191103041307380e-03
5.220154334997730364e-03
5.220154334997730364e-03
5.220154334997730364e-03
5.220154334997730364e-03
5.220154334997730364e-03
5.220154334997730364e-03
5.220154334997730364e-03
5.220154334997730364e-03
5.220154334997730364e-03
5.220154334997730364e-03
5.220154334997730364e-03
5.220154334997730364e-03
5.220154334997730364e-03
5.220154334997730364e-03
5.220154334997730364e-03
5.220154334997730364e-03
5.220154334997730364e-03
5.220154334997730364e-03
5.220154334997730364e-03
5.220154334997730364e-03
5.220154334997730364e-03
5.220154334997730364e-03
5.220154334997730364e-03
5.220154334997730364e-03
5.220154334997730364e-03
5.220154334997730364e-03
5.220154334997730364e-03
5.220154334997730364e-03
5.220154334997730364e-03
5.220154334997730364e-03
5.447117566954153348e-03
5.447117566954153348e-03
5.447117566954153348e-03
5.447117566954153348e-03
5.447117566954153348e-03
5.447117566954153348e-03
5.447117566954153348e-03
5.447117566954153348e-03
5.447117566954153348e-03
5.447117566954153348e-03
5.447117566954153348e-03
5.447117566954153348e-03
5.447117566954153348e-03
5.447117566954153348e-03
5.447117566954153348e-03
5.447117566954153348e-03
5.447117566954153348e-03
5.674080798910576331e-03
5.674080798910576331e-03
5.674080798910576331e-03
5.674080798910576331e-03
5.674080798910576331e-03
5.674080798910576331e-03
5.674080798910576331e-03
5.674080798910576331e-03
5.674080798910576331e-03
5.674080798910576331e-03
5.674080798910576331e-03
5.674080798910576331e-03
5.674080798910576331e-03
5.674080798910576331e-03
5.674080798910576331e-03
5.674080798910576331e-03
5.674080798910576331e-03
5.901044030866999315e-03
5.901044030866999315e-03
5.901044030866999315e-03
5.901044030866999315e-03
5.901044030866999315e-03
5.901044030866999315e-03
5.901044030866999315e-03
5.901044030866999315e-03
5.901044030866999315e-03
5.901044030866999315e-03
5.901044030866999315e-03
5.901044030866999315e-03
5.901044030866999315e-03
5.901044030866999315e-03
5.901044030866999315e-03
5.901044030866999315e-03
5.901044030866999315e-03
5.901044030866999315e-03
5.901044030866999315e-03
5.901044030866999315e-03
5.901044030866999315e-03
5.901044030866999315e-03
5.901044030866999315e-03
5.901044030866999315e-03
5.901044030866999315e-03
5.901044030866999315e-03
5.901044030866999315e-03
5.901044030866999315e-03
5.901044030866999315e-03
5.901044030866999315e-03
5.901044030866999315e-03
5.901044030866999315e-03
5.901044030866999315e-03
5.901044030866999315e-03
5.901044030866999315e-03
5.901044030866999315e-03
5.901044030866999315e-03
5.901044030866999315e-03
5.901044030866999315e-03
5.901044030866999315e-03
5.901044030866999315e-03
5.901044030866999315e-03
5.901044030866999315e-03
5.901044030866999315e-03
5.901044030866999315e-03
5.901044030866999315e-03
5.901044030866999315e-03
5.901044030866999315e-03
5.901044030866999315e-03
5.901044030866999315e-03
5.901044030866999315e-03
5.901044030866999315e-03
5.901044030866999315e-03
5.901044030866999315e-03
5.901044030866999315e-03
5.901044030866999315e-03
5.901044030866999315e-03
5.901044030866999315e-03
6.128007262823422299e-03
6.128007262823422299e-03
6.128007262823422299e-03
6.354970494779845283e-03
6.354970494779845283e-03
6.354970494779845283e-03
6.354970494779845283e-03
6.354970494779845283e-03
6.354970494779845283e-03
6.354970494779845283e-03
6.354970494779845283e-03
6.354970494779845283e-03
6.354970494779845283e-03
6.354970494779845283e-03
6.354970494779845283e-03
6.354970494779845283e-03
6.354970494779845283e-03
6.354970494779845283e-03
6.354970494779845283e-03
6.354970494779845283e-03
6.354970494779845283e-03
6.354970494779845283e-03
6.354970494779845283e-03
6.354970494779845283e-03
6.354970494779845283e-03
6.354970494779845283e-03
6.354970494779845283e-03
6.354970494779845283e-03
6.354970494779845283e-03
6.354970494779845283e-03
6.354970494779845283e-03
6.354970494779845283e-03
6.354970494779845283e-03
6.354970494779845283e-03
6.354970494779845283e-03
6.354970494779845283e-03
6.354970494779845283e-03
6.354970494779845283e-03
6.581933726736269134e-03
6.581933726736269134e-03
6.581933726736269134e-03
6.581933726736269134e-03
6.581933726736269134e-03
6.581933726736269134e-03
6.581933726736269134e-03
6.581933726736269134e-03
6.581933726736269134e-03
6.581933726736269134e-03
6.581933726736269134e-03
6.581933726736269134e-03
6.581933726736269134e-03
6.581933726736269134e-03
6.581933726736269134e-03
6.581933726736269134e-03
6.808896958692692118e-03
6.808896958692692118e-03
6.808896958692692118e-03
6.808896958692692118e-03
6.808896958692692118e-03
6.808896958692692118e-03
6.808896958692692118e-03
6.808896958692692118e-03
6.808896958692692118e-03
6.808896958692692118e-03
6.808896958692692118e-03
6.808896958692692118e-03
6.808896958692692118e-03
6.808896958692692118e-03
6.808896958692692118e-03
6.808896958692692118e-03
6.808896958692692118e-03
6.808896958692692118e-03
6.808896958692692118e-03
6.808896958692692118e-03
6.808896958692692118e-03
6.808896958692692118e-03
6.808896958692692118e-03
6.808896958692692118e-03
6.808896958692692118e-03
6.808896958692692118e-03
6.808896958692692118e-03
6.808896958692692118e-03
6.808896958692692118e-03
6.808896958692692118e-03
6.808896958692692118e-03
6.808896958692692118e-03
6.808896958692692118e-03
6.808896958692692118e-03
6.808896958692692118e-03
6.808896958692692118e-03
6.808896958692692118e-03
6.808896958692692118e-03
7.035860190649115102e-03
7.035860190649115102e-03
7.035860190649115102e-03
7.035860190649115102e-03
7.035860190649115102e-03
7.035860190649115102e-03
7.035860190649115102e-03
7.035860190649115102e-03
7.035860190649115102e-03
7.035860190649115102e-03
7.035860190649115102e-03
7.035860190649115102e-03
7.035860190649115102e-03
7.035860190649115102e-03
7.035860190649115102e-03
7.035860190649115102e-03
7.262823422605538086e-03
7.262823422605538086e-03
7.262823422605538086e-03
7.262823422605538086e-03
7.262823422605538086e-03
7.262823422605538086e-03
7.262823422605538086e-03
7.262823422605538086e-03
7.262823422605538086e-03
7.262823422605538086e-03
7.262823422605538086e-03
7.262823422605538086e-03
7.262823422605538086e-03
7.262823422605538086e-03
7.262823422605538086e-03
7.262823422605538086e-03
7.262823422605538086e-03
7.262823422605538086e-03
7.262823422605538086e-03
7.262823422605538086e-03
7.262823422605538086e-03
7.262823422605538086e-03
7.262823422605538086e-03
7.262823422605538086e-03
7.262823422605538086e-03
7.262823422605538086e-03
7.262823422605538086e-03
7.262823422605538086e-03
7.262823422605538086e-03
7.262823422605538086e-03
7.262823422605538086e-03
7.262823422605538086e-03
7.262823422605538086e-03
7.489786654561961070e-03
7.489786654561961070e-03
7.489786654561961070e-03
7.489786654561961070e-03
7.489786654561961070e-03
7.489786654561961070e-03
7.489786654561961070e-03
7.489786654561961070e-03
7.489786654561961070e-03
7.489786654561961070e-03
7.489786654561961070e-03
7.489786654561961070e-03
7.489786654561961070e-03
7.489786654561961070e-03
7.489786654561961070e-03
7.489786654561961070e-03
7.489786654561961070e-03
7.489786654561961070e-03
7.489786654561961070e-03
7.489786654561961070e-03
7.489786654561961070e-03
7.489786654561961070e-03
7.489786654561961070e-03
7.489786654561961070e-03
7.716749886518384054e-03
7.716749886518384054e-03
7.716749886518384054e-03
7.716749886518384054e-03
7.716749886518384054e-03
7.716749886518384054e-03
7.716749886518384054e-03
7.716749886518384054e-03
7.943713118474807905e-03
7.943713118474807905e-03
7.943713118474807905e-03
7.943713118474807905e-03
7.943713118474807905e-03
7.943713118474807905e-03
7.943713118474807905e-03
7.943713118474807905e-03
7.943713118474807905e-03
7.943713118474807905e-03
7.943713118474807905e-03
7.943713118474807905e-03
7.943713118474807905e-03
7.943713118474807905e-03
7.943713118474807905e-03
7.943713118474807905e-03
7.943713118474807905e-03
7.943713118474807905e-03
7.943713118474807905e-03
7.943713118474807905e-03
8.170676350431230889e-03
8.170676350431230889e-03
8.170676350431230889e-03
8.170676350431230889e-03
8.170676350431230889e-03
8.170676350431230889e-03
8.170676350431230889e-03
8.170676350431230889e-03
8.170676350431230889e-03
8.170676350431230889e-03
8.170676350431230889e-03
8.170676350431230889e-03
8.170676350431230889e-03
8.170676350431230889e-03
8.170676350431230889e-03
8.170676350431230889e-03
8.170676350431230889e-03
8.170676350431230889e-03
8.170676350431230889e-03
8.170676350431230889e-03
8.170676350431230889e-03
8.170676350431230889e-03
8.170676350431230889e-03
8.170676350431230889e-03
8.170676350431230889e-03
8.170676350431230889e-03
8.170676350431230889e-03
8.170676350431230889e-03
8.170676350431230889e-03
8.397639582387653873e-03
8.397639582387653873e-03
8.397639582387653873e-03
8.397639582387653873e-03
8.397639582387653873e-03
8.397639582387653873e-03
8.397639582387653873e-03
8.397639582387653873e-03
8.397639582387653873e-03
8.397639582387653873e-03
8.397639582387653873e-03
8.397639582387653873e-03
8.397639582387653873e-03
8.397639582387653873e-03
8.397639582387653873e-03
8.397639582387653873e-03
8.397639582387653873e-03
8.397639582387653873e-03
8.397639582387653873e-03
8.397639582387653873e-03
8.397639582387653873e-03
8.397639582387653873e-03
8.397639582387653873e-03
8.624602814344076857e-03
8.624602814344076857e-03
8.624602814344076857e-03
8.624602814344076857e-03
8.851566046300499840e-03
8.851566046300499840e-03
8.851566046300499840e-03
8.851566046300499840e-03
8.851566046300499840e-03
9.078529278256922824e-03
9.078529278256922824e-03
9.078529278256922824e-03
9.078529278256922824e-03
9.078529278256922824e-03
9.078529278256922824e-03
9.078529278256922824e-03
9.078529278256922824e-03
9.078529278256922824e-03
9.078529278256922824e-03
9.078529278256922824e-03
9.078529278256922824e-03
9.078529278256922824e-03
9.078529278256922824e-03
9.078529278256922824e-03
9.078529278256922824e-03
9.078529278256922824e-03
9.305492510213345808e-03
9.305492510213345808e-03
9.305492510213345808e-03
9.305492510213345808e-03
9.305492510213345808e-03
9.305492510213345808e-03
9.305492510213345808e-03
9.305492510213345808e-03
9.305492510213345808e-03
9.305492510213345808e-03
9.305492510213345808e-03
9.305492510213345808e-03
9.305492510213345808e-03
9.532455742169768792e-03
9.532455742169768792e-03
9.532455742169768792e-03
9.532455742169768792e-03
9.532455742169768792e-03
9.532455742169768792e-03
9.759418974126191776e-03
9.759418974126191776e-03
9.759418974126191776e-03
9.759418974126191776e-03
9.759418974126191776e-03
9.759418974126191776e-03
9.759418974126191776e-03
9.759418974126191776e-03
9.759418974126191776e-03
9.759418974126191776e-03
9.759418974126191776e-03
9.759418974126191776e-03
9.759418974126191776e-03
9.759418974126191776e-03
9.986382206082614760e-03
9.986382206082614760e-03
9.986382206082614760e-03
9.986382206082614760e-03
9.986382206082614760e-03
9.986382206082614760e-03
9.986382206082614760e-03
9.986382206082614760e-03
9.986382206082614760e-03
9.986382206082614760e-03
9.986382206082614760e-03
9.986382206082614760e-03
9.986382206082614760e-03
9.986382206082614760e-03
9.986382206082614760e-03
9.986382206082614760e-03
9.986382206082614760e-03
9.986382206082614760e-03
9.986382206082614760e-03
9.986382206082614760e-03
9.986382206082614760e-03
9.986382206082614760e-03
9.986382206082614760e-03
9.986382206082614760e-03
9.986382206082614760e-03
9.986382206082614760e-03
9.986382206082614760e-03
1.021334543803903774e-02
1.021334543803903774e-02
1.021334543803903774e-02
1.021334543803903774e-02
1.021334543803903774e-02
1.021334543803903774e-02
1.021334543803903774e-02
1.044030866999546073e-02
1.044030866999546073e-02
1.044030866999546073e-02
1.044030866999546073e-02
1.044030866999546073e-02
1.066727190195188371e-02
1.066727190195188371e-02
1.089423513390830670e-02
1.089423513390830670e-02
1.089423513390830670e-02
1.089423513390830670e-02
1.089423513390830670e-02
1.089423513390830670e-02
1.089423513390830670e-02
1.089423513390830670e-02
1.089423513390830670e-02
1.089423513390830670e-02
1.089423513390830670e-02
1.089423513390830670e-02
1.089423513390830670e-02
1.089423513390830670e-02
1.089423513390830670e-02
1.089423513390830670e-02
1.089423513390830670e-02
1.089423513390830670e-02
1.089423513390830670e-02
1.089423513390830670e-02
1.089423513390830670e-02
1.112119836586472968e-02
1.112119836586472968e-02
1.112119836586472968e-02
1.112119836586472968e-02
1.112119836586472968e-02
1.112119836586472968e-02
1.112119836586472968e-02
1.112119836586472968e-02
1.112119836586472968e-02
1.134816159782115266e-02
1.134816159782115266e-02
1.134816159782115266e-02
1.134816159782115266e-02
1.134816159782115266e-02
1.134816159782115266e-02
1.134816159782115266e-02
1.134816159782115266e-02
1.134816159782115266e-02
1.134816159782115266e-02
1.134816159782115266e-02
1.134816159782115266e-02
1.134816159782115266e-02
1.134816159782115266e-02
1.134816159782115266e-02
1.134816159782115266e-02
1.134816159782115266e-02
1.134816159782115266e-02
1.134816159782115266e-02
1.134816159782115266e-02
1.134816159782115266e-02
1.134816159782115266e-02
1.134816159782115266e-02
1.134816159782115266e-02
1.134816159782115266e-02
1.134816159782115266e-02
1.134816159782115266e-02
1.134816159782115266e-02
1.134816159782115266e-02
1.134816159782115266e-02
1.134816159782115266e-02
1.134816159782115266e-02
1.134816159782115266e-02
1.134816159782115266e-02
1.134816159782115266e-02
1.134816159782115266e-02
1.134816159782115266e-02
1.134816159782115266e-02
1.134816159782115266e-02
1.134816159782115266e-02
1.134816159782115266e-02
1.134816159782115266e-02
1.134816159782115266e-02
1.134816159782115266e-02
1.134816159782115266e-02
1.134816159782115266e-02
1.134816159782115266e-02
1.134816159782115266e-02
1.134816159782115266e-02
1.134816159782115266e-02
1.157512482977757565e-02
1.157512482977757565e-02
1.157512482977757565e-02
1.157512482977757565e-02
1.180208806173399863e-02
1.180208806173399863e-02
1.180208806173399863e-02
1.180208806173399863e-02
1.180208806173399863e-02
1.180208806173399863e-02
1.180208806173399863e-02
1.180208806173399863e-02
1.180208806173399863e-02
1.180208806173399863e-02
1.180208806173399863e-02
1.180208806173399863e-02
1.180208806173399863e-02
1.180208806173399863e-02
1.202905129369042161e-02
1.202905129369042161e-02
1.225601452564684460e-02
1.225601452564684460e-02
1.225601452564684460e-02
1.248297775760326758e-02
1.248297775760326758e-02
1.270994098955969057e-02
1.270994098955969057e-02
1.270994098955969057e-02
1.270994098955969057e-02
1.293690422151611355e-02
1.293690422151611355e-02
1.293690422151611355e-02
1.293690422151611355e-02
1.293690422151611355e-02
1.293690422151611355e-02
1.293690422151611355e-02
1.293690422151611355e-02
1.293690422151611355e-02
1.293690422151611355e-02
1.293690422151611355e-02
1.293690422151611355e-02
1.293690422151611355e-02
1.293690422151611355e-02
1.293690422151611355e-02
1.293690422151611355e-02
1.293690422151611355e-02
1.293690422151611355e-02
1.293690422151611355e-02
1.293690422151611355e-02
1.316386745347253827e-02
1.316386745347253827e-02
1.339083068542896125e-02
1.339083068542896125e-02
1.339083068542896125e-02
1.361779391738538424e-02
1.361779391738538424e-02
1.361779391738538424e-02
1.361779391738538424e-02
1.361779391738538424e-02
1.361779391738538424e-02
1.361779391738538424e-02
1.361779391738538424e-02
1.361779391738538424e-02
1.361779391738538424e-02
1.361779391738538424e-02
1.361779391738538424e-02
1.384475714934180722e-02
1.407172038129823020e-02
1.407172038129823020e-02
1.407172038129823020e-02
1.407172038129823020e-02
1.452564684521107617e-02
1.452564684521107617e-02
1.452564684521107617e-02
1.452564684521107617e-02
1.452564684521107617e-02
1.452564684521107617e-02
1.452564684521107617e-02
1.452564684521107617e-02
1.452564684521107617e-02
1.452564684521107617e-02
1.452564684521107617e-02
1.452564684521107617e-02
1.452564684521107617e-02
1.452564684521107617e-02
1.452564684521107617e-02
1.452564684521107617e-02
1.452564684521107617e-02
1.452564684521107617e-02
1.452564684521107617e-02
1.452564684521107617e-02
1.452564684521107617e-02
1.452564684521107617e-02
1.452564684521107617e-02
1.452564684521107617e-02
1.452564684521107617e-02
1.475261007716749916e-02
1.475261007716749916e-02
1.475261007716749916e-02
1.475261007716749916e-02
1.475261007716749916e-02
1.475261007716749916e-02
1.475261007716749916e-02
1.475261007716749916e-02
1.475261007716749916e-02
1.475261007716749916e-02
1.475261007716749916e-02
1.475261007716749916e-02
1.475261007716749916e-02
1.475261007716749916e-02
1.475261007716749916e-02
1.475261007716749916e-02
1.497957330912392214e-02
1.497957330912392214e-02
1.497957330912392214e-02
1.497957330912392214e-02
1.497957330912392214e-02
1.497957330912392214e-02
1.520653654108034512e-02
1.520653654108034512e-02
1.520653654108034512e-02
1.520653654108034512e-02
1.520653654108034512e-02
1.520653654108034512e-02
1.520653654108034512e-02
1.520653654108034512e-02
1.520653654108034512e-02
1.520653654108034512e-02
1.520653654108034512e-02
1.520653654108034512e-02
1.520653654108034512e-02
1.520653654108034512e-02
1.520653654108034512e-02
1.520653654108034512e-02
1.520653654108034512e-02
1.543349977303676811e-02
1.543349977303676811e-02
1.543349977303676811e-02
1.543349977303676811e-02
1.566046300499319283e-02
1.566046300499319283e-02
1.566046300499319283e-02
1.566046300499319283e-02
1.566046300499319283e-02
1.566046300499319283e-02
1.566046300499319283e-02
1.566046300499319283e-02
1.566046300499319283e-02
1.566046300499319283e-02
1.566046300499319283e-02
1.566046300499319283e-02
1.566046300499319283e-02
1.566046300499319283e-02
1.566046300499319283e-02
1.566046300499319283e-02
1.588742623694961581e-02
1.588742623694961581e-02
1.588742623694961581e-02
1.588742623694961581e-02
1.588742623694961581e-02
1.588742623694961581e-02
1.611438946890603879e-02
1.611438946890603879e-02
1.611438946890603879e-02
1.611438946890603879e-02
1.634135270086246178e-02
1.634135270086246178e-02
1.634135270086246178e-02
1.634135270086246178e-02
1.634135270086246178e-02
1.634135270086246178e-02
1.656831593281888476e-02
1.656831593281888476e-02
1.679527916477530775e-02
1.679527916477530775e-02
1.679527916477530775e-02
1.679527916477530775e-02
1.679527916477530775e-02
1.679527916477530775e-02
1.679527916477530775e-02
1.679527916477530775e-02
1.679527916477530775e-02
1.679527916477530775e-02
1.679527916477530775e-02
1.679527916477530775e-02
1.679527916477530775e-02
1.679527916477530775e-02
1.679527916477530775e-02
1.679527916477530775e-02
1.679527916477530775e-02
1.679527916477530775e-02
1.702224239673173073e-02
1.702224239673173073e-02
1.702224239673173073e-02
1.702224239673173073e-02
1.702224239673173073e-02
1.747616886064457670e-02
1.747616886064457670e-02
1.747616886064457670e-02
1.747616886064457670e-02
1.747616886064457670e-02
1.747616886064457670e-02
1.747616886064457670e-02
1.747616886064457670e-02
1.747616886064457670e-02
1.747616886064457670e-02
1.747616886064457670e-02
1.747616886064457670e-02
1.770313209260099968e-02
1.770313209260099968e-02
1.770313209260099968e-02
1.770313209260099968e-02
1.770313209260099968e-02
1.770313209260099968e-02
1.770313209260099968e-02
1.770313209260099968e-02
1.770313209260099968e-02
1.793009532455742266e-02
1.793009532455742266e-02
1.793009532455742266e-02
1.793009532455742266e-02
1.793009532455742266e-02
1.793009532455742266e-02
1.793009532455742266e-02
1.793009532455742266e-02
1.793009532455742266e-02
1.815705855651384565e-02
1.815705855651384565e-02
1.815705855651384565e-02
1.815705855651384565e-02
1.815705855651384565e-02
1.815705855651384565e-02
1.815705855651384565e-02
1.838402178847026863e-02
1.838402178847026863e-02
1.838402178847026863e-02
1.838402178847026863e-02
1.838402178847026863e-02
1.838402178847026863e-02
1.838402178847026863e-02
1.838402178847026863e-02
1.838402178847026863e-02
1.838402178847026863e-02
1.861098502042669162e-02
1.861098502042669162e-02
1.883794825238311460e-02
1.883794825238311460e-02
1.906491148433953758e-02
1.906491148433953758e-02
1.929187471629596057e-02
1.929187471629596057e-02
1.929187471629596057e-02
1.929187471629596057e-02
1.929187471629596057e-02
1.929187471629596057e-02
1.951883794825238355e-02
1.951883794825238355e-02
1.974580118020880654e-02
1.974580118020880654e-02
1.974580118020880654e-02
1.974580118020880654e-02
1.974580118020880654e-02
1.974580118020880654e-02
1.974580118020880654e-02
1.997276441216522952e-02
1.997276441216522952e-02
1.997276441216522952e-02
1.997276441216522952e-02
2.019972764412165250e-02
2.019972764412165250e-02
2.019972764412165250e-02
2.019972764412165250e-02
2.019972764412165250e-02
2.019972764412165250e-02
2.042669087607807549e-02
2.042669087607807549e-02
2.042669087607807549e-02
2.065365410803449847e-02
2.065365410803449847e-02
2.065365410803449847e-02
2.065365410803449847e-02
2.088061733999092145e-02
2.088061733999092145e-02
2.088061733999092145e-02
2.088061733999092145e-02
2.088061733999092145e-02
2.088061733999092145e-02
2.088061733999092145e-02
2.088061733999092145e-02
2.110758057194734444e-02
2.110758057194734444e-02
2.110758057194734444e-02
2.110758057194734444e-02
2.110758057194734444e-02
2.110758057194734444e-02
2.133454380390376742e-02
2.133454380390376742e-02
2.133454380390376742e-02
2.133454380390376742e-02
2.133454380390376742e-02
2.133454380390376742e-02
2.133454380390376742e-02
2.133454380390376742e-02
2.156150703586019041e-02
2.156150703586019041e-02
2.156150703586019041e-02
2.156150703586019041e-02
2.156150703586019041e-02
2.156150703586019041e-02
2.156150703586019041e-02
2.156150703586019041e-02
2.156150703586019041e-02
2.156150703586019041e-02
2.178847026781661339e-02
2.178847026781661339e-02
2.178847026781661339e-02
2.178847026781661339e-02
2.201543349977303637e-02
2.201543349977303637e-02
2.201543349977303637e-02
2.201543349977303637e-02
2.224239673172945936e-02
2.224239673172945936e-02
2.224239673172945936e-02
2.224239673172945936e-02
2.246935996368588234e-02
2.246935996368588234e-02
2.246935996368588234e-02
2.246935996368588234e-02
2.269632319564230533e-02
2.269632319564230533e-02
2.269632319564230533e-02
2.269632319564230533e-02
2.292328642759872831e-02
2.292328642759872831e-02
2.315024965955515129e-02
2.315024965955515129e-02
2.360417612346799726e-02
2.360417612346799726e-02
2.360417612346799726e-02
2.360417612346799726e-02
2.383113935542442025e-02
2.383113935542442025e-02
2.383113935542442025e-02
2.383113935542442025e-02
2.383113935542442025e-02
2.383113935542442025e-02
2.405810258738084323e-02
2.405810258738084323e-02
2.428506581933726621e-02
2.428506581933726621e-02
2.428506581933726621e-02
2.428506581933726621e-02
2.428506581933726621e-02
2.428506581933726621e-02
2.451202905129368920e-02
2.451202905129368920e-02
2.451202905129368920e-02
2.451202905129368920e-02
2.451202905129368920e-02
2.451202905129368920e-02
2.451202905129368920e-02
2.451202905129368920e-02
2.451202905129368920e-02
2.451202905129368920e-02
2.451202905129368920e-02
2.451202905129368920e-02
2.473899228325011218e-02
2.473899228325011218e-02
2.473899228325011218e-02
2.496595551520653516e-02
2.496595551520653516e-02
2.496595551520653516e-02
2.541988197911938113e-02
2.541988197911938113e-02
2.541988197911938113e-02
2.541988197911938113e-02
2.541988197911938113e-02
2.541988197911938113e-02
2.541988197911938113e-02
2.541988197911938113e-02
2.541988197911938113e-02
2.541988197911938113e-02
2.541988197911938113e-02
2.541988197911938113e-02
2.541988197911938113e-02
2.541988197911938113e-02
2.564684521107580412e-02
2.564684521107580412e-02
2.587380844303222710e-02
2.587380844303222710e-02
2.587380844303222710e-02
2.587380844303222710e-02
2.632773490694507654e-02
2.632773490694507654e-02
2.655469813890149952e-02
2.655469813890149952e-02
2.678166137085792251e-02
2.678166137085792251e-02
2.678166137085792251e-02
2.678166137085792251e-02
2.678166137085792251e-02
2.678166137085792251e-02
2.678166137085792251e-02
2.678166137085792251e-02
2.700862460281434549e-02
2.700862460281434549e-02
2.700862460281434549e-02
2.700862460281434549e-02
2.723558783477076847e-02
2.723558783477076847e-02
2.723558783477076847e-02
2.723558783477076847e-02
2.746255106672719146e-02
2.746255106672719146e-02
2.746255106672719146e-02
2.768951429868361444e-02
2.768951429868361444e-02
2.791647753064003742e-02
2.791647753064003742e-02
2.791647753064003742e-02
2.814344076259646041e-02
2.814344076259646041e-02
2.814344076259646041e-02
2.814344076259646041e-02
2.859736722650930638e-02
2.859736722650930638e-02
2.882433045846572936e-02
2.882433045846572936e-02
2.882433045846572936e-02
2.882433045846572936e-02
2.882433045846572936e-02
2.882433045846572936e-02
2.905129369042215234e-02
2.905129369042215234e-02
2.905129369042215234e-02
2.905129369042215234e-02
2.905129369042215234e-02
2.905129369042215234e-02
2.927825692237857533e-02
2.927825692237857533e-02
2.950522015433499831e-02
2.950522015433499831e-02
2.973218338629142130e-02
2.973218338629142130e-02
2.973218338629142130e-02
3.018610985020426726e-02
3.018610985020426726e-02
3.018610985020426726e-02
3.018610985020426726e-02
3.018610985020426726e-02
3.018610985020426726e-02
3.041307308216069025e-02
3.041307308216069025e-02
3.064003631411711323e-02
3.064003631411711323e-02
3.086699954607353621e-02
3.086699954607353621e-02
3.086699954607353621e-02
3.086699954607353621e-02
3.086699954607353621e-02
3.086699954607353621e-02
3.086699954607353621e-02
3.086699954607353621e-02
3.109396277802995920e-02
3.109396277802995920e-02
3.132092600998638565e-02
3.132092600998638565e-02
3.132092600998638565e-02
3.132092600998638565e-02
3.132092600998638565e-02
3.132092600998638565e-02
3.154788924194280864e-02
3.177485247389923162e-02
3.177485247389923162e-02
3.200181570585565460e-02
3.200181570585565460e-02
3.245574216976850057e-02
3.245574216976850057e-02
3.245574216976850057e-02
3.245574216976850057e-02
3.268270540172492356e-02
3.268270540172492356e-02
3.268270540172492356e-02
3.268270540172492356e-02
3.290966863368134654e-02
3.290966863368134654e-02
3.290966863368134654e-02
3.313663186563776952e-02
3.313663186563776952e-02
3.313663186563776952e-02
3.313663186563776952e-02
3.336359509759419251e-02
3.336359509759419251e-02
3.336359509759419251e-02
3.336359509759419251e-02
3.336359509759419251e-02
3.336359509759419251e-02
3.336359509759419251e-02
3.336359509759419251e-02
3.336359509759419251e-02
3.336359509759419251e-02
3.359055832955061549e-02
3.359055832955061549e-02
3.359055832955061549e-02
3.359055832955061549e-02
3.359055832955061549e-02
3.381752156150703847e-02
3.381752156150703847e-02
3.381752156150703847e-02
3.381752156150703847e-02
3.381752156150703847e-02
3.381752156150703847e-02
3.404448479346346146e-02
3.404448479346346146e-02
3.404448479346346146e-02
3.404448479346346146e-02
3.427144802541988444e-02
3.427144802541988444e-02
3.472537448933273041e-02
3.472537448933273041e-02
3.495233772128915339e-02
3.495233772128915339e-02
3.495233772128915339e-02
3.495233772128915339e-02
3.517930095324557638e-02
3.517930095324557638e-02
3.540626418520199936e-02
3.540626418520199936e-02
3.563322741715842235e-02
3.586019064911484533e-02
3.586019064911484533e-02
3.586019064911484533e-02
3.586019064911484533e-02
3.586019064911484533e-02
3.608715388107126831e-02
3.608715388107126831e-02
3.631411711302769130e-02
3.631411711302769130e-02
3.631411711302769130e-02
3.631411711302769130e-02
3.631411711302769130e-02
3.631411711302769130e-02
3.654108034498411428e-02
3.654108034498411428e-02
3.699500680889696025e-02
3.699500680889696025e-02
3.722197004085338323e-02
3.722197004085338323e-02
3.722197004085338323e-02
3.722197004085338323e-02
3.722197004085338323e-02
3.722197004085338323e-02
3.744893327280980622e-02
3.744893327280980622e-02
3.767589650476622920e-02
3.767589650476622920e-02
3.767589650476622920e-02
3.767589650476622920e-02
3.790285973672265218e-02
3.790285973672265218e-02
3.790285973672265218e-02
3.812982296867907517e-02
3.812982296867907517e-02
3.812982296867907517e-02
3.812982296867907517e-02
3.812982296867907517e-02
3.835678620063549815e-02
3.835678620063549815e-02
3.858374943259192114e-02
3.858374943259192114e-02
3.881071266454834412e-02
3.903767589650476710e-02
3.903767589650476710e-02
3.926463912846119009e-02
3.926463912846119009e-02
3.949160236041761307e-02
3.949160236041761307e-02
3.994552882433045904e-02
3.994552882433045904e-02
4.017249205628688202e-02
4.017249205628688202e-02
4.017249205628688202e-02
4.017249205628688202e-02
4.039945528824330501e-02
4.039945528824330501e-02
4.062641852019972799e-02
4.062641852019972799e-02
4.085338175215615097e-02
4.085338175215615097e-02
4.108034498411257396e-02
4.108034498411257396e-02
4.153427144802541993e-02
4.153427144802541993e-02
4.153427144802541993e-02
4.176123467998184291e-02
4.176123467998184291e-02
4.221516114389468888e-02
4.221516114389468888e-02
4.244212437585111186e-02
4.244212437585111186e-02
4.266908760780753485e-02
4.266908760780753485e-02
4.289605083976395783e-02
4.289605083976395783e-02
4.312301407172038081e-02
4.334997730367680380e-02
4.334997730367680380e-02
4.334997730367680380e-02
4.357694053563322678e-02
4.380390376758964976e-02
4.380390376758964976e-02
4.403086699954607275e-02
4.403086699954607275e-02
4.425783023150249573e-02
4.425783023150249573e-02
4.425783023150249573e-02
4.425783023150249573e-02
4.425783023150249573e-02
4.448479346345891872e-02
4.448479346345891872e-02
4.471175669541534170e-02
4.471175669541534170e-02
4.493871992737176468e-02
4.493871992737176468e-02
4.516568315932818767e-02
4.516568315932818767e-02
4.539264639128461065e-02
4.539264639128461065e-02
4.561960962324103364e-02
4.561960962324103364e-02
4.584657285519745662e-02
4.584657285519745662e-02
4.607353608715387960e-02
4.607353608715387960e-02
4.630049931911030259e-02
4.630049931911030259e-02
4.630049931911030259e-02
4.630049931911030259e-02
4.652746255106672557e-02
4.652746255106672557e-02
4.652746255106672557e-02
4.652746255106672557e-02
4.675442578302314856e-02
4.675442578302314856e-02
4.698138901497957154e-02
4.698138901497957154e-02
4.720835224693599452e-02
4.720835224693599452e-02
4.766227871084884049e-02
4.766227871084884049e-02
4.788924194280526347e-02
4.788924194280526347e-02
4.811620517476168646e-02
4.811620517476168646e-02
4.834316840671810944e-02
4.834316840671810944e-02
4.857013163867453243e-02
4.857013163867453243e-02
4.879709487063095541e-02
4.879709487063095541e-02
4.902405810258737839e-02
4.902405810258737839e-02
4.902405810258737839e-02
4.902405810258737839e-02
4.925102133454380138e-02
4.925102133454380138e-02
4.947798456650022436e-02
4.947798456650022436e-02
4.970494779845664735e-02
4.970494779845664735e-02
4.970494779845664735e-02
4.993191103041307033e-02
4.993191103041307033e-02
5.015887426236949331e-02
5.015887426236949331e-02
5.015887426236949331e-02
5.038583749432591630e-02
5.038583749432591630e-02
5.083976395823876226e-02
5.083976395823876226e-02
5.152065365410803122e-02
5.152065365410803122e-02
5.174761688606445420e-02
5.174761688606445420e-02
5.197458011802087718e-02
5.197458011802087718e-02
5.220154334997730711e-02
5.242850658193373009e-02
5.265546981389015307e-02
5.265546981389015307e-02
5.265546981389015307e-02
5.265546981389015307e-02
5.288243304584657606e-02
5.288243304584657606e-02
5.288243304584657606e-02
5.310939627780299904e-02
5.310939627780299904e-02
5.333635950975942203e-02
5.333635950975942203e-02
5.356332274171584501e-02
5.356332274171584501e-02
5.379028597367226799e-02
5.379028597367226799e-02
5.401724920562869098e-02
5.401724920562869098e-02
5.424421243758511396e-02
5.424421243758511396e-02
5.424421243758511396e-02
5.447117566954153695e-02
5.447117566954153695e-02
5.469813890149795993e-02
5.469813890149795993e-02
5.492510213345438291e-02
5.492510213345438291e-02
5.515206536541080590e-02
5.515206536541080590e-02
5.537902859736722888e-02
5.537902859736722888e-02
5.560599182932365186e-02
5.560599182932365186e-02
5.583295506128007485e-02
5.583295506128007485e-02
5.628688152519292082e-02
5.628688152519292082e-02
5.651384475714934380e-02
5.651384475714934380e-02
5.651384475714934380e-02
5.651384475714934380e-02
5.696777122106218977e-02
5.696777122106218977e-02
5.696777122106218977e-02
5.696777122106218977e-02
5.719473445301861275e-02
5.719473445301861275e-02
5.742169768497503574e-02
5.742169768497503574e-02
5.742169768497503574e-02
5.787562414888788170e-02
5.787562414888788170e-02
5.810258738084430469e-02
5.810258738084430469e-02
5.878347707671357364e-02
5.878347707671357364e-02
5.901044030866999662e-02
5.901044030866999662e-02
5.923740354062641961e-02
5.923740354062641961e-02
5.923740354062641961e-02
5.946436677258284259e-02
5.946436677258284259e-02
5.969133000453926557e-02
5.969133000453926557e-02
5.991829323649568856e-02
5.991829323649568856e-02
5.991829323649568856e-02
6.014525646845211154e-02
6.014525646845211154e-02
6.082614616432138049e-02
6.082614616432138049e-02
6.105310939627780348e-02
6.105310939627780348e-02
6.128007262823422646e-02
6.128007262823422646e-02
6.150703586019064945e-02
6.150703586019064945e-02
6.173399909214707243e-02
6.173399909214707243e-02
6.196096232410349541e-02
6.196096232410349541e-02
6.218792555605991840e-02
6.218792555605991840e-02
6.241488878801634138e-02
6.241488878801634138e-02
6.286881525192919429e-02
6.286881525192919429e-02
6.354970494779846324e-02
6.354970494779846324e-02
6.377666817975488622e-02
6.377666817975488622e-02
6.377666817975488622e-02
6.377666817975488622e-02
6.423059464366773219e-02
6.423059464366773219e-02
6.445755787562415517e-02
6.445755787562415517e-02
6.468452110758057816e-02
6.468452110758057816e-02
6.491148433953700114e-02
6.491148433953700114e-02
6.513844757149342413e-02
6.513844757149342413e-02
6.536541080344984711e-02
6.536541080344984711e-02
6.536541080344984711e-02
6.536541080344984711e-02
6.581933726736269308e-02
6.581933726736269308e-02
6.627326373127553905e-02
6.627326373127553905e-02
6.650022696323196203e-02
6.650022696323196203e-02
6.672719019518838501e-02
6.672719019518838501e-02
6.672719019518838501e-02
6.672719019518838501e-02
6.695415342714480800e-02
6.695415342714480800e-02
6.718111665910123098e-02
6.718111665910123098e-02
6.763504312301407695e-02
6.763504312301407695e-02
6.808896958692692292e-02
6.808896958692692292e-02
6.831593281888334590e-02
6.831593281888334590e-02
6.854289605083976888e-02
6.854289605083976888e-02
6.854289605083976888e-02
6.876985928279619187e-02
6.876985928279619187e-02
6.899682251475261485e-02
6.899682251475261485e-02
6.922378574670903784e-02
6.922378574670903784e-02
6.945074897866546082e-02
6.945074897866546082e-02
6.967771221062188380e-02
6.967771221062188380e-02
6.967771221062188380e-02
6.967771221062188380e-02
6.990467544257830679e-02
6.990467544257830679e-02
7.013163867453472977e-02
7.013163867453472977e-02
7.013163867453472977e-02
7.013163867453472977e-02
7.035860190649115276e-02
7.035860190649115276e-02
7.058556513844757574e-02
7.058556513844757574e-02
7.081252837040399872e-02
7.081252837040399872e-02
7.103949160236042171e-02
7.103949160236042171e-02
7.126645483431684469e-02
7.126645483431684469e-02
7.149341806627326767e-02
7.149341806627326767e-02
7.149341806627326767e-02
7.149341806627326767e-02
7.172038129822969066e-02
7.172038129822969066e-02
7.194734453018611364e-02
7.194734453018611364e-02
7.217430776214253663e-02
7.217430776214253663e-02
7.240127099409895961e-02
7.240127099409895961e-02
7.262823422605538259e-02
7.262823422605538259e-02
7.262823422605538259e-02
7.262823422605538259e-02
7.285519745801180558e-02
7.285519745801180558e-02
7.308216068996822856e-02
7.308216068996822856e-02
7.330912392192465155e-02
7.330912392192465155e-02
7.353608715388107453e-02
7.353608715388107453e-02
7.399001361779392050e-02
7.399001361779392050e-02
7.421697684975034348e-02
7.421697684975034348e-02
7.444394008170676647e-02
7.444394008170676647e-02
7.444394008170676647e-02
7.489786654561961243e-02
7.489786654561961243e-02
7.512482977757603542e-02
7.512482977757603542e-02
7.535179300953245840e-02
7.535179300953245840e-02
7.535179300953245840e-02
7.535179300953245840e-02
7.557875624148888138e-02
7.557875624148888138e-02
7.580571947344530437e-02
7.580571947344530437e-02
7.580571947344530437e-02
7.580571947344530437e-02
7.603268270540172735e-02
7.603268270540172735e-02
7.625964593735815034e-02
7.625964593735815034e-02
7.648660916931457332e-02
7.648660916931457332e-02
7.671357240127099630e-02
7.671357240127099630e-02
7.716749886518384227e-02
7.716749886518384227e-02
7.739446209714026526e-02
7.739446209714026526e-02
7.739446209714026526e-02
7.739446209714026526e-02
7.762142532909668824e-02
7.762142532909668824e-02
7.784838856105311122e-02
7.784838856105311122e-02
7.807535179300953421e-02
7.807535179300953421e-02
7.830231502496595719e-02
7.830231502496595719e-02
7.852927825692238017e-02
7.852927825692238017e-02
7.852927825692238017e-02
7.852927825692238017e-02
7.875624148887880316e-02
7.875624148887880316e-02
7.898320472083522614e-02
7.898320472083522614e-02
7.943713118474807211e-02
7.943713118474807211e-02
7.966409441670449509e-02
7.966409441670449509e-02
7.989105764866091808e-02
7.989105764866091808e-02
8.011802088061734106e-02
8.011802088061734106e-02
8.057194734453018703e-02
8.057194734453018703e-02
8.079891057648661001e-02
8.079891057648661001e-02
8.147980027235587897e-02
8.147980027235587897e-02
8.170676350431230195e-02
8.170676350431230195e-02
8.216068996822514792e-02
8.216068996822514792e-02
8.238765320018157090e-02
8.238765320018157090e-02
8.238765320018157090e-02
8.261461643213799388e-02
8.261461643213799388e-02
8.284157966409441687e-02
8.284157966409441687e-02
8.306854289605083985e-02
8.306854289605083985e-02
8.329550612800726284e-02
8.329550612800726284e-02
8.352246935996368582e-02
8.352246935996368582e-02
8.352246935996368582e-02
8.374943259192010880e-02
8.374943259192010880e-02
8.397639582387653179e-02
8.420335905583295477e-02
8.420335905583295477e-02
8.465728551974580074e-02
8.465728551974580074e-02
8.488424875170222372e-02
8.488424875170222372e-02
8.511121198365864671e-02
8.511121198365864671e-02
8.533817521561506969e-02
8.533817521561506969e-02
8.556513844757149267e-02
8.556513844757149267e-02
8.579210167952791566e-02
8.579210167952791566e-02
8.601906491148433864e-02
8.601906491148433864e-02
8.624602814344076163e-02
8.624602814344076163e-02
8.647299137539718461e-02
8.647299137539718461e-02
8.647299137539718461e-02
8.647299137539718461e-02
8.669995460735360759e-02
8.669995460735360759e-02
8.692691783931003058e-02
8.692691783931003058e-02
8.715388107126645356e-02
8.715388107126645356e-02
8.738084430322287655e-02
8.738084430322287655e-02
8.760780753517929953e-02
8.760780753517929953e-02
8.783477076713572251e-02
8.783477076713572251e-02
8.806173399909214550e-02
8.806173399909214550e-02
8.896958692691783743e-02
8.896958692691783743e-02
8.919655015887426042e-02
8.919655015887426042e-02
8.942351339083068340e-02
8.942351339083068340e-02
8.965047662278710638e-02
8.965047662278710638e-02
9.010440308669995235e-02
9.010440308669995235e-02
9.033136631865637534e-02
9.033136631865637534e-02
9.055832955061279832e-02
9.055832955061279832e-02
9.078529278256922130e-02
9.078529278256922130e-02
9.101225601452564429e-02
9.101225601452564429e-02
9.123921924648206727e-02
9.123921924648206727e-02
9.146618247843849026e-02
9.146618247843849026e-02
9.169314571039491324e-02
9.169314571039491324e-02
9.214707217430775921e-02
9.214707217430775921e-02
9.260099863822060517e-02
9.260099863822060517e-02
9.282796187017702816e-02
9.282796187017702816e-02
9.282796187017702816e-02
9.305492510213345114e-02
9.305492510213345114e-02
9.328188833408987413e-02
9.328188833408987413e-02
9.350885156604629711e-02
9.350885156604629711e-02
9.373581479800272009e-02
9.373581479800272009e-02
9.396277802995914308e-02
9.396277802995914308e-02
9.418974126191556606e-02
9.418974126191556606e-02
9.441670449387198905e-02
9.441670449387198905e-02
9.464366772582841203e-02
9.464366772582841203e-02
9.509759418974125800e-02
9.509759418974125800e-02
9.532455742169768098e-02
9.532455742169768098e-02
9.623241034952337292e-02
9.623241034952337292e-02
9.645937358147979590e-02
9.645937358147979590e-02
9.691330004539264187e-02
9.691330004539264187e-02
9.714026327734906485e-02
9.714026327734906485e-02
9.782115297321833380e-02
9.782115297321833380e-02
9.804811620517475679e-02
9.804811620517475679e-02
9.827507943713117977e-02
9.827507943713117977e-02
9.872900590104402574e-02
9.872900590104402574e-02
9.895596913300044872e-02
9.895596913300044872e-02
9.918293236495687171e-02
9.918293236495687171e-02
9.940989559691329469e-02
9.940989559691329469e-02
9.963685882886971767e-02
9.963685882886971767e-02
9.986382206082614066e-02
9.986382206082614066e-02
1.003177485247389866e-01
1.003177485247389866e-01
1.005447117566954096e-01
1.005447117566954096e-01
1.007716749886518326e-01
1.007716749886518326e-01
1.009986382206082556e-01
1.009986382206082556e-01
1.014525646845211015e-01
1.014525646845211015e-01
1.016795279164775245e-01
1.016795279164775245e-01
1.019064911484339475e-01
1.019064911484339475e-01
1.021334543803903705e-01
1.021334543803903705e-01
1.023604176123467935e-01
1.023604176123467935e-01
1.025873808443032165e-01
1.025873808443032165e-01
1.028143440762596394e-01
1.028143440762596394e-01
1.030413073082160624e-01
1.030413073082160624e-01
1.032682705401724854e-01
1.032682705401724854e-01
1.034952337721289084e-01
1.034952337721289084e-01
1.037221970040853314e-01
1.037221970040853314e-01
1.041761234679981912e-01
1.041761234679981912e-01
1.044030866999546142e-01
1.044030866999546142e-01
1.046300499319110372e-01
1.046300499319110372e-01
1.048570131638674602e-01
1.048570131638674602e-01
1.050839763958238832e-01
1.050839763958238832e-01
1.057648660916931521e-01
1.057648660916931521e-01
1.059918293236495751e-01
1.059918293236495751e-01
1.062187925556059981e-01
1.062187925556059981e-01
1.066727190195188441e-01
1.066727190195188441e-01
1.068996822514752670e-01
1.068996822514752670e-01
1.071266454834316900e-01
1.071266454834316900e-01
1.075805719473445360e-01
1.075805719473445360e-01
1.078075351793009590e-01
1.078075351793009590e-01
1.080344984112573820e-01
1.080344984112573820e-01
1.084884248751702279e-01
1.084884248751702279e-01
1.089423513390830739e-01
1.089423513390830739e-01
1.091693145710394969e-01
1.091693145710394969e-01
1.093962778029959199e-01
1.093962778029959199e-01
1.096232410349523428e-01
1.096232410349523428e-01
1.103041307308216118e-01
1.103041307308216118e-01
1.105310939627780348e-01
1.105310939627780348e-01
1.107580571947344578e-01
1.107580571947344578e-01
1.109850204266908807e-01
1.109850204266908807e-01
1.114389468906037267e-01
1.114389468906037267e-01
1.118928733545165727e-01
1.118928733545165727e-01
1.121198365864729957e-01
1.121198365864729957e-01
1.125737630503858416e-01
1.125737630503858416e-01
1.128007262823422646e-01
1.128007262823422646e-01
1.130276895142986876e-01
1.130276895142986876e-01
1.134816159782115336e-01
1.134816159782115336e-01
1.137085792101679566e-01
1.137085792101679566e-01
1.139355424421243795e-01
1.139355424421243795e-01
1.141625056740808025e-01
1.141625056740808025e-01
1.150703586019064945e-01
1.150703586019064945e-01
1.152973218338629174e-01
1.152973218338629174e-01
1.157512482977757634e-01
1.157512482977757634e-01
1.159782115297321864e-01
1.159782115297321864e-01
1.162051747616886094e-01
1.162051747616886094e-01
1.166591012256014553e-01
1.166591012256014553e-01
1.168860644575578783e-01
1.168860644575578783e-01
1.171130276895143013e-01
1.171130276895143013e-01
1.173399909214707243e-01
1.173399909214707243e-01
1.175669541534271473e-01
1.175669541534271473e-01
1.177939173853835703e-01
1.177939173853835703e-01
1.182478438492964162e-01
1.182478438492964162e-01
1.184748070812528392e-01
1.184748070812528392e-01
1.187017703132092622e-01
1.187017703132092622e-01
1.189287335451656852e-01
1.189287335451656852e-01
1.191556967771221082e-01
1.191556967771221082e-01
1.193826600090785311e-01
1.193826600090785311e-01
1.198365864729913771e-01
1.198365864729913771e-01
1.202905129369042231e-01
1.202905129369042231e-01
1.211983658647299150e-01
1.211983658647299150e-01
1.214253290966863380e-01
1.214253290966863380e-01
1.216522923286427610e-01
1.216522923286427610e-01
1.218792555605991840e-01
1.218792555605991840e-01
1.223331820245120299e-01
1.223331820245120299e-01
1.225601452564684529e-01
1.225601452564684529e-01
1.230140717203812989e-01
1.230140717203812989e-01
1.232410349523377219e-01
1.232410349523377219e-01
1.234679981842941449e-01
1.234679981842941449e-01
1.239219246482069908e-01
1.239219246482069908e-01
1.241488878801634138e-01
1.241488878801634138e-01
1.246028143440762598e-01
1.246028143440762598e-01
1.248297775760326828e-01
1.248297775760326828e-01
1.250567408079891196e-01
1.250567408079891196e-01
1.257376305038583886e-01
1.257376305038583886e-01
1.259645937358148116e-01
1.259645937358148116e-01
1.261915569677712345e-01
1.261915569677712345e-01
1.264185201997276575e-01
1.264185201997276575e-01
1.266454834316840805e-01
1.266454834316840805e-01
1.268724466636405035e-01
1.268724466636405035e-01
1.270994098955969265e-01
1.270994098955969265e-01
1.275533363595097724e-01
1.275533363595097724e-01
1.277802995914661954e-01
1.277802995914661954e-01
1.280072628234226184e-01
1.280072628234226184e-01
1.291420789832047333e-01
1.291420789832047333e-01
1.293690422151611563e-01
1.293690422151611563e-01
1.295960054471175793e-01
1.295960054471175793e-01
1.300499319110304253e-01
1.300499319110304253e-01
1.302768951429868483e-01
1.302768951429868483e-01
1.305038583749432712e-01
1.305038583749432712e-01
1.311847480708125402e-01
1.311847480708125402e-01
1.330004539264639241e-01
1.330004539264639241e-01
1.332274171584203470e-01
1.332274171584203470e-01
1.336813436223331930e-01
1.336813436223331930e-01
1.339083068542896160e-01
1.339083068542896160e-01
1.341352700862460390e-01
1.341352700862460390e-01
1.343622333182024620e-01
1.343622333182024620e-01
1.345891965501588849e-01
1.345891965501588849e-01
1.348161597821153079e-01
1.348161597821153079e-01
1.350431230140717309e-01
1.350431230140717309e-01
1.354970494779845769e-01
1.354970494779845769e-01
1.359509759418974228e-01
1.359509759418974228e-01
1.361779391738538458e-01
1.361779391738538458e-01
1.364049024058102688e-01
1.364049024058102688e-01
1.366318656377666918e-01
1.366318656377666918e-01
1.370857921016795378e-01
1.370857921016795378e-01
1.373127553336359608e-01
1.375397185655923837e-01
1.382206082614616527e-01
1.382206082614616527e-01
1.384475714934180757e-01
1.384475714934180757e-01
1.386745347253744987e-01
1.386745347253744987e-01
1.393554244212437676e-01
1.393554244212437676e-01
1.398093508851566136e-01
1.398093508851566136e-01
1.400363141171130366e-01
1.400363141171130366e-01
1.404902405810258825e-01
1.404902405810258825e-01
1.409441670449387285e-01
1.409441670449387285e-01
1.413980935088515745e-01
1.413980935088515745e-01
1.416250567408079974e-01
1.416250567408079974e-01
1.418520199727644204e-01
1.418520199727644204e-01
1.420789832047208434e-01
1.420789832047208434e-01
1.425329096686336894e-01
1.425329096686336894e-01
1.427598729005901124e-01
1.427598729005901124e-01
1.429868361325465353e-01
1.429868361325465353e-01
1.432137993645029583e-01
1.432137993645029583e-01
1.434407625964593813e-01
1.434407625964593813e-01
1.438946890603722273e-01
1.438946890603722273e-01
1.441216522923286503e-01
1.441216522923286503e-01
1.445755787562414962e-01
1.445755787562414962e-01
1.448025419881979192e-01
1.448025419881979192e-01
1.450295052201543422e-01
1.450295052201543422e-01
1.457103949160236112e-01
1.457103949160236112e-01
1.459373581479800341e-01
1.459373581479800341e-01
1.461643213799364571e-01
1.461643213799364571e-01
1.463912846118928801e-01
1.463912846118928801e-01
1.466182478438493031e-01
1.466182478438493031e-01
1.468452110758057261e-01
1.468452110758057261e-01
1.470721743077621491e-01
1.470721743077621491e-01
1.475261007716749950e-01
1.475261007716749950e-01
1.477530640036314180e-01
1.477530640036314180e-01
1.479800272355878410e-01
1.479800272355878410e-01
1.484339536995006870e-01
1.484339536995006870e-01
1.491148433953699559e-01
1.491148433953699559e-01
1.502496595551520708e-01
1.502496595551520708e-01
1.507035860190649168e-01
1.507035860190649168e-01
1.509305492510213398e-01
1.509305492510213398e-01
1.511575124829777628e-01
1.511575124829777628e-01
1.513844757149341858e-01
1.513844757149341858e-01
1.516114389468906087e-01
1.516114389468906087e-01
1.518384021788470317e-01
1.518384021788470317e-01
1.520653654108034547e-01
1.520653654108034547e-01
1.522923286427598777e-01
1.522923286427598777e-01
1.529732183386291466e-01
1.529732183386291466e-01
1.532001815705855696e-01
1.532001815705855696e-01
1.534271448025419926e-01
1.534271448025419926e-01
1.538810712664548386e-01
1.538810712664548386e-01
1.541080344984112616e-01
1.541080344984112616e-01
1.545619609623241075e-01
1.545619609623241075e-01
1.547889241942805305e-01
1.547889241942805305e-01
1.552428506581933765e-01
1.552428506581933765e-01
1.554698138901497995e-01
1.554698138901497995e-01
1.556967771221062224e-01
1.556967771221062224e-01
1.561507035860190684e-01
1.561507035860190684e-01
1.563776668179754914e-01
1.563776668179754914e-01
1.566046300499319144e-01
1.566046300499319144e-01
1.568315932818883374e-01
1.568315932818883374e-01
1.570585565138447603e-01
1.570585565138447603e-01
1.575124829777576063e-01
1.575124829777576063e-01
1.581933726736268753e-01
1.581933726736268753e-01
1.593281888334089902e-01
1.593281888334089902e-01
1.595551520653654132e-01
1.595551520653654132e-01
1.600090785292782591e-01
1.600090785292782591e-01
1.602360417612346821e-01
1.602360417612346821e-01
1.606899682251475281e-01
1.606899682251475281e-01
1.609169314571039511e-01
1.609169314571039511e-01
1.611438946890603741e-01
1.611438946890603741e-01
1.613708579210167970e-01
1.613708579210167970e-01
1.615978211529732200e-01
1.615978211529732200e-01
1.620517476168860660e-01
1.620517476168860660e-01
1.627326373127553349e-01
1.627326373127553349e-01
1.634135270086246039e-01
1.634135270086246039e-01
1.636404902405810269e-01
1.636404902405810269e-01
1.640944167044938728e-01
1.640944167044938728e-01
1.643213799364502958e-01
1.643213799364502958e-01
1.645483431684067188e-01
1.645483431684067188e-01
1.647753064003631418e-01
1.647753064003631418e-01
1.652292328642759878e-01
1.652292328642759878e-01
1.656831593281888337e-01
1.656831593281888337e-01
1.659101225601452567e-01
1.659101225601452567e-01
1.661370857921016797e-01
1.661370857921016797e-01
1.663640490240581027e-01
1.663640490240581027e-01
1.665910122560145257e-01
1.665910122560145257e-01
1.672719019518837946e-01
1.672719019518837946e-01
1.686336813436223325e-01
1.686336813436223325e-01
1.688606445755787555e-01
1.688606445755787555e-01
1.690876078075351785e-01
1.690876078075351785e-01
1.693145710394916015e-01
1.693145710394916015e-01
1.695415342714480245e-01
1.695415342714480245e-01
1.699954607353608704e-01
1.699954607353608704e-01
1.702224239673172934e-01
1.702224239673172934e-01
1.704493871992737164e-01
1.704493871992737164e-01
1.706763504312301394e-01
1.706763504312301394e-01
1.709033136631865624e-01
1.709033136631865624e-01
1.711302768951429853e-01
1.711302768951429853e-01
1.718111665910122543e-01
1.718111665910122543e-01
1.722650930549251003e-01
1.722650930549251003e-01
1.727190195188379462e-01
1.727190195188379462e-01
1.729459827507943692e-01
1.729459827507943692e-01
1.733999092147072152e-01
1.733999092147072152e-01
1.747616886064457531e-01
1.747616886064457531e-01
1.749886518384021761e-01
1.749886518384021761e-01
1.752156150703585991e-01
1.752156150703585991e-01
1.754425783023150220e-01
1.763504312301407140e-01
1.763504312301407140e-01
1.770313209260099829e-01
1.770313209260099829e-01
1.774852473899228289e-01
1.774852473899228289e-01
1.777122106218792519e-01
1.777122106218792519e-01
1.781661370857920978e-01
1.781661370857920978e-01
1.783931003177485208e-01
1.783931003177485208e-01
1.788470267816613668e-01
1.788470267816613668e-01
1.790739900136177898e-01
1.790739900136177898e-01
1.793009532455742128e-01
1.793009532455742128e-01
1.795279164775306358e-01
1.795279164775306358e-01
1.797548797094870587e-01
1.797548797094870587e-01
1.811166591012255966e-01
1.811166591012255966e-01
1.813436223331820196e-01
1.813436223331820196e-01
1.815705855651384426e-01
1.815705855651384426e-01
1.820245120290512886e-01
1.820245120290512886e-01
1.822514752610077116e-01
1.822514752610077116e-01
1.824784384929641345e-01
1.824784384929641345e-01
1.827054017249205575e-01
1.827054017249205575e-01
1.831593281888334035e-01
1.831593281888334035e-01
1.836132546527462495e-01
1.836132546527462495e-01
1.838402178847026724e-01
1.838402178847026724e-01
1.840671811166590954e-01
1.840671811166590954e-01
1.842941443486155184e-01
1.842941443486155184e-01
1.847480708125283644e-01
1.847480708125283644e-01
1.852019972764412103e-01
1.852019972764412103e-01
1.856559237403540563e-01
1.856559237403540563e-01
1.858828869723104793e-01
1.858828869723104793e-01
1.863368134362233253e-01
1.863368134362233253e-01
1.865637766681797483e-01
1.865637766681797483e-01
1.870177031320925942e-01
1.870177031320925942e-01
1.872446663640490172e-01
1.872446663640490172e-01
1.879255560599182862e-01
1.879255560599182862e-01
1.883794825238311321e-01
1.883794825238311321e-01
1.886064457557875551e-01
1.886064457557875551e-01
1.890603722197004011e-01
1.890603722197004011e-01
1.897412619155696700e-01
1.897412619155696700e-01
1.899682251475260930e-01
1.899682251475260930e-01
1.906491148433953620e-01
1.906491148433953620e-01
1.913300045392646309e-01
1.913300045392646309e-01
1.915569677712210539e-01
1.915569677712210539e-01
1.926917839310031688e-01
1.926917839310031688e-01
1.931457103949160148e-01
1.931457103949160148e-01
1.940535633227417067e-01
1.940535633227417067e-01
1.951883794825238216e-01
1.951883794825238216e-01
1.958692691783930906e-01
1.958692691783930906e-01
1.960962324103495136e-01
1.960962324103495136e-01
1.963231956423059366e-01
1.963231956423059366e-01
1.967771221062187825e-01
1.967771221062187825e-01
1.972310485701316285e-01
1.972310485701316285e-01
1.974580118020880515e-01
1.974580118020880515e-01
1.976849750340444745e-01
1.976849750340444745e-01
1.981389014979573204e-01
1.981389014979573204e-01
1.988197911938265894e-01
1.988197911938265894e-01
1.995006808896958583e-01
1.995006808896958583e-01
1.997276441216522813e-01
1.997276441216522813e-01
2.004085338175215503e-01
2.004085338175215503e-01
2.006354970494779733e-01
2.006354970494779733e-01
2.008624602814343962e-01
2.008624602814343962e-01
2.010894235133908192e-01
2.010894235133908192e-01
2.013163867453472422e-01
2.013163867453472422e-01
2.015433499773036652e-01
2.019972764412165112e-01
2.022242396731729341e-01
2.022242396731729341e-01
2.024512029051293571e-01
2.024512029051293571e-01
2.031320926009986261e-01
2.031320926009986261e-01
2.033590558329550491e-01
2.033590558329550491e-01
2.035860190649114720e-01
2.035860190649114720e-01
2.044938719927371640e-01
2.044938719927371640e-01
2.047208352246935870e-01
2.047208352246935870e-01
2.051747616886064329e-01
2.051747616886064329e-01
2.054017249205628559e-01
2.054017249205628559e-01
2.056286881525192789e-01
2.056286881525192789e-01
2.058556513844757019e-01
2.058556513844757019e-01
2.072174307762142398e-01
2.072174307762142398e-01
2.078983204720835087e-01
2.078983204720835087e-01
2.081252837040399317e-01
2.081252837040399317e-01
2.083522469359963825e-01
2.083522469359963825e-01
2.094870630957784974e-01
2.094870630957784974e-01
2.097140263277349204e-01
2.097140263277349204e-01
2.099409895596913433e-01
2.099409895596913433e-01
2.106218792555606123e-01
2.106218792555606123e-01
2.108488424875170353e-01
2.108488424875170353e-01
2.110758057194734583e-01
2.110758057194734583e-01
2.115297321833863042e-01
2.115297321833863042e-01
2.117566954153427272e-01
2.117566954153427272e-01
2.126645483431684192e-01
2.126645483431684192e-01
2.133454380390376881e-01
2.133454380390376881e-01
2.135724012709941111e-01
2.135724012709941111e-01
2.137993645029505341e-01
2.137993645029505341e-01
2.140263277349069571e-01
2.140263277349069571e-01
2.142532909668633800e-01
2.142532909668633800e-01
2.147072174307762260e-01
2.147072174307762260e-01
2.149341806627326490e-01
2.149341806627326490e-01
2.156150703586019179e-01
2.156150703586019179e-01
2.160689968225147639e-01
2.160689968225147639e-01
2.165229232864276099e-01
2.165229232864276099e-01
2.167498865183840329e-01
2.167498865183840329e-01
2.172038129822968788e-01
2.172038129822968788e-01
2.174307762142533018e-01
2.174307762142533018e-01
2.178847026781661478e-01
2.178847026781661478e-01
2.183386291420789938e-01
2.183386291420789938e-01
2.190195188379482627e-01
2.190195188379482627e-01
2.194734453018611087e-01
2.194734453018611087e-01
2.201543349977303776e-01
2.201543349977303776e-01
2.203812982296868006e-01
2.203812982296868006e-01
2.208352246935996466e-01
2.208352246935996466e-01
2.217430776214253385e-01
2.217430776214253385e-01
2.224239673172946075e-01
2.224239673172946075e-01
2.226509305492510304e-01
2.226509305492510304e-01
2.235587834770767224e-01
2.235587834770767224e-01
2.240127099409895683e-01
2.240127099409895683e-01
2.242396731729459913e-01
2.242396731729459913e-01
2.244666364049024143e-01
2.244666364049024143e-01
2.246935996368588373e-01
2.246935996368588373e-01
2.251475261007716833e-01
2.251475261007716833e-01
2.253744893327281063e-01
2.253744893327281063e-01
2.256014525646845292e-01
2.256014525646845292e-01
2.258284157966409522e-01
2.258284157966409522e-01
2.260553790285973752e-01
2.260553790285973752e-01
2.265093054925102212e-01
2.265093054925102212e-01
2.278710848842487591e-01
2.278710848842487591e-01
2.285519745801180280e-01
2.285519745801180280e-01
2.294598275079437200e-01
2.294598275079437200e-01
2.296867907399001429e-01
2.296867907399001429e-01
2.299137539718565659e-01
2.299137539718565659e-01
2.305946436677258349e-01
2.305946436677258349e-01
2.308216068996822579e-01
2.308216068996822579e-01
2.321833862914207958e-01
2.321833862914207958e-01
2.330912392192464877e-01
2.330912392192464877e-01
2.333182024512029107e-01
2.333182024512029107e-01
2.335451656831593337e-01
2.335451656831593337e-01
2.337721289151157567e-01
2.337721289151157567e-01
2.339990921470721796e-01
2.339990921470721796e-01
2.358147980027235635e-01
2.358147980027235635e-01
2.360417612346799865e-01
2.360417612346799865e-01
2.362687244666364095e-01
2.362687244666364095e-01
2.364956876985928325e-01
2.364956876985928325e-01
2.367226509305492554e-01
2.367226509305492554e-01
2.369496141625056784e-01
2.369496141625056784e-01
2.378574670903313704e-01
2.378574670903313704e-01
2.383113935542442163e-01
2.383113935542442163e-01
2.387653200181570623e-01
2.387653200181570623e-01
2.389922832501134853e-01
2.389922832501134853e-01
2.394462097140263313e-01
2.394462097140263313e-01
2.403540626418520232e-01
2.403540626418520232e-01
2.410349523377212921e-01
2.410349523377212921e-01
2.414888788016341381e-01
2.414888788016341381e-01
2.428506581933726760e-01
2.428506581933726760e-01
2.433045846572855220e-01
2.433045846572855220e-01
2.442124375851112139e-01
2.442124375851112139e-01
2.451202905129369058e-01
2.451202905129369058e-01
2.453472537448933288e-01
2.453472537448933288e-01
2.455742169768497518e-01
2.455742169768497518e-01
2.469359963685882897e-01
2.469359963685882897e-01
2.471629596005447127e-01
2.471629596005447127e-01
2.473899228325011357e-01
2.473899228325011357e-01
2.476168860644575587e-01
2.476168860644575587e-01
2.480708125283704046e-01
2.480708125283704046e-01
2.485247389922832506e-01
2.485247389922832506e-01
2.489786654561960966e-01
2.489786654561960966e-01
2.494325919201089425e-01
2.494325919201089425e-01
2.496595551520653655e-01
2.496595551520653655e-01
2.501134816159782392e-01
2.501134816159782392e-01
2.505674080798910852e-01
2.505674080798910852e-01
2.512482977757603542e-01
2.512482977757603542e-01
2.514752610077167772e-01
2.514752610077167772e-01
2.517022242396732001e-01
2.517022242396732001e-01
2.519291874716296231e-01
2.519291874716296231e-01
2.523831139355424691e-01
2.523831139355424691e-01
2.526100771674988921e-01
2.526100771674988921e-01
2.528370403994553151e-01
2.528370403994553151e-01
2.580571947344530437e-01
2.580571947344530437e-01
2.582841579664094667e-01
2.582841579664094667e-01
2.591920108942351586e-01
2.591920108942351586e-01
2.596459373581480046e-01
2.596459373581480046e-01
2.603268270540172735e-01
2.603268270540172735e-01
2.605537902859736965e-01
2.605537902859736965e-01
2.610077167498865425e-01
2.610077167498865425e-01
2.612346799818429655e-01
2.612346799818429655e-01
2.614616432137993884e-01
2.614616432137993884e-01
2.621425329096686574e-01
2.621425329096686574e-01
2.628234226055379263e-01
2.628234226055379263e-01
2.639582387653200413e-01
2.639582387653200413e-01
2.673626872446663860e-01
2.673626872446663860e-01
2.682705401724920780e-01
2.682705401724920780e-01
2.684975034044485009e-01
2.684975034044485009e-01
2.687244666364049239e-01
2.687244666364049239e-01
2.689514298683613469e-01
2.689514298683613469e-01
2.705401724920563078e-01
2.705401724920563078e-01
2.709940989559691538e-01
2.709940989559691538e-01
2.712210621879255767e-01
2.712210621879255767e-01
2.723558783477076917e-01
2.723558783477076917e-01
2.728098048116205376e-01
2.728098048116205376e-01
2.739446209714026526e-01
2.739446209714026526e-01
2.746255106672719215e-01
2.746255106672719215e-01
2.748524738992283445e-01
2.748524738992283445e-01
2.753064003631411905e-01
2.753064003631411905e-01
2.755333635950976134e-01
2.755333635950976134e-01
2.757603268270540364e-01
2.757603268270540364e-01
2.764412165229233054e-01
2.764412165229233054e-01
2.766681797548797284e-01
2.766681797548797284e-01
2.768951429868361513e-01
2.768951429868361513e-01
2.773490694507489973e-01
2.773490694507489973e-01
2.778029959146618433e-01
2.778029959146618433e-01
2.793917385383568042e-01
2.793917385383568042e-01
2.812074443940081880e-01
2.812074443940081880e-01
2.823422605537903030e-01
2.823422605537903030e-01
2.834770767135724179e-01
2.834770767135724179e-01
2.839310031774852638e-01
2.839310031774852638e-01
2.843849296413981098e-01
2.843849296413981098e-01
2.857467090331366477e-01
2.857467090331366477e-01
2.864275987290059167e-01
2.864275987290059167e-01
2.868815251929187626e-01
2.868815251929187626e-01
2.871084884248751856e-01
2.871084884248751856e-01
2.877893781207444546e-01
2.877893781207444546e-01
2.880163413527008776e-01
2.880163413527008776e-01
2.884702678166137235e-01
2.884702678166137235e-01
2.889241942805265695e-01
2.889241942805265695e-01
2.893781207444394155e-01
2.893781207444394155e-01
2.896050839763958384e-01
2.896050839763958384e-01
2.898320472083522614e-01
2.898320472083522614e-01
2.905129369042215304e-01
2.905129369042215304e-01
2.909668633681343763e-01
2.909668633681343763e-01
2.911938266000907993e-01
2.911938266000907993e-01
2.914207898320472223e-01
2.914207898320472223e-01
2.923286427598729142e-01
2.923286427598729142e-01
2.925556059918293372e-01
2.925556059918293372e-01
2.927825692237857602e-01
2.927825692237857602e-01
2.932364956876986062e-01
2.932364956876986062e-01
2.943713118474807211e-01
2.943713118474807211e-01
2.948252383113935671e-01
2.948252383113935671e-01
2.959600544711756820e-01
2.959600544711756820e-01
2.968679073990013739e-01
2.968679073990013739e-01
2.984566500226963348e-01
2.984566500226963348e-01
2.993645029505220267e-01
2.993645029505220267e-01
2.995914661824784497e-01
2.995914661824784497e-01
3.000453926463912957e-01
3.000453926463912957e-01
3.016341352700862566e-01
3.016341352700862566e-01
3.018610985020426796e-01
3.018610985020426796e-01
3.020880617339991026e-01
3.020880617339991026e-01
3.025419881979119485e-01
3.025419881979119485e-01
3.036768043576940634e-01
3.036768043576940634e-01
3.039037675896504864e-01
3.039037675896504864e-01
3.041307308216069094e-01
3.041307308216069094e-01
3.057194734453018703e-01
3.057194734453018703e-01
3.059464366772582933e-01
3.059464366772582933e-01
3.079891057648661001e-01
3.079891057648661001e-01
3.084430322287789461e-01
3.084430322287789461e-01
3.088969586926917921e-01
3.088969586926917921e-01
3.091239219246482151e-01
3.091239219246482151e-01
3.095778483885610610e-01
3.095778483885610610e-01
3.102587380844303300e-01
3.102587380844303300e-01
3.116205174761688679e-01
3.116205174761688679e-01
3.120744439400817138e-01
3.120744439400817138e-01
3.125283704039945598e-01
3.125283704039945598e-01
3.132092600998638288e-01
3.132092600998638288e-01
3.138901497957330977e-01
3.138901497957330977e-01
3.154788924194280586e-01
3.154788924194280586e-01
3.159328188833409046e-01
3.159328188833409046e-01
3.163867453472537505e-01
3.163867453472537505e-01
3.166137085792101735e-01
3.166137085792101735e-01
3.177485247389922884e-01
3.177485247389922884e-01
3.179754879709487114e-01
3.179754879709487114e-01
3.191103041307308263e-01
3.191103041307308263e-01
3.200181570585565183e-01
3.200181570585565183e-01
3.211529732183386332e-01
3.211529732183386332e-01
3.213799364502950562e-01
3.213799364502950562e-01
3.218338629142079022e-01
3.218338629142079022e-01
3.220608261461643251e-01
3.220608261461643251e-01
3.229686790739900171e-01
3.229686790739900171e-01
3.238765320018157090e-01
3.238765320018157090e-01
3.241034952337721320e-01
3.241034952337721320e-01
3.243304584657285550e-01
3.243304584657285550e-01
3.247843849296414009e-01
3.247843849296414009e-01
3.252383113935542469e-01
3.252383113935542469e-01
3.259192010894235159e-01
3.259192010894235159e-01
3.268270540172492078e-01
3.268270540172492078e-01
3.270540172492056308e-01
3.270540172492056308e-01
3.275079437131184767e-01
3.275079437131184767e-01
3.277349069450748997e-01
3.277349069450748997e-01
3.281888334089877457e-01
3.281888334089877457e-01
3.284157966409441687e-01
3.284157966409441687e-01
3.302315024965955526e-01
3.302315024965955526e-01
3.309123921924648215e-01
3.309123921924648215e-01
3.311393554244212445e-01
3.311393554244212445e-01
3.315932818883340905e-01
3.315932818883340905e-01
3.329550612800726284e-01
3.329550612800726284e-01
3.343168406718111663e-01
3.343168406718111663e-01
3.349977303676804352e-01
3.349977303676804352e-01
3.363595097594189731e-01
3.363595097594189731e-01
3.368134362233318191e-01
3.368134362233318191e-01
3.372673626872446651e-01
3.372673626872446651e-01
3.379482523831139340e-01
3.379482523831139340e-01
3.402178847026781638e-01
3.402178847026781638e-01
3.406718111665910098e-01
3.406718111665910098e-01
3.411257376305038558e-01
3.411257376305038558e-01
3.420335905583295477e-01
3.420335905583295477e-01
3.422605537902859707e-01
3.422605537902859707e-01
3.424875170222423937e-01
3.424875170222423937e-01
3.431684067181116626e-01
3.431684067181116626e-01
3.433953699500680856e-01
3.433953699500680856e-01
3.436223331820245086e-01
3.436223331820245086e-01
3.438492964139809316e-01
3.438492964139809316e-01
3.440762596459373546e-01
3.440762596459373546e-01
3.449841125737630465e-01
3.449841125737630465e-01
3.452110758057194695e-01
3.452110758057194695e-01
3.452110758057194695e-01
3.452110758057194695e-01
3.454380390376758925e-01
3.454380390376758925e-01
3.470267816613708534e-01
3.470267816613708534e-01
3.483885610531093913e-01
3.483885610531093913e-01
3.490694507489786602e-01
3.490694507489786602e-01
3.508851566046300441e-01
3.508851566046300441e-01
3.515660463004993130e-01
3.515660463004993130e-01
3.520199727644121590e-01
3.520199727644121590e-01
3.538356786200635429e-01
3.538356786200635429e-01
3.545165683159328118e-01
3.545165683159328118e-01
3.547435315478892348e-01
3.547435315478892348e-01
3.551974580118020808e-01
3.551974580118020808e-01
3.554244212437585038e-01
3.554244212437585038e-01
3.561053109396277727e-01
3.561053109396277727e-01
3.572401270994098876e-01
3.572401270994098876e-01
3.586019064911484255e-01
3.586019064911484255e-01
3.595097594189741175e-01
3.595097594189741175e-01
3.610985020426690784e-01
3.610985020426690784e-01
3.617793917385383473e-01
3.617793917385383473e-01
3.635950975941897312e-01
3.635950975941897312e-01
3.638220608261461542e-01
3.638220608261461542e-01
3.649568769859282691e-01
3.649568769859282691e-01
3.654108034498411151e-01
3.654108034498411151e-01
3.656377666817975380e-01
3.656377666817975380e-01
3.665456196096232300e-01
3.665456196096232300e-01
3.667725828415796530e-01
3.667725828415796530e-01
3.676804357694053449e-01
3.676804357694053449e-01
3.679073990013617679e-01
3.679073990013617679e-01
3.704039945528824207e-01
3.704039945528824207e-01
3.713118474807081126e-01
3.713118474807081126e-01
3.715388107126645356e-01
3.715388107126645356e-01
3.742623694961416114e-01
3.742623694961416114e-01
3.767589650476622642e-01
3.767589650476622642e-01
3.769859282796186872e-01
3.769859282796186872e-01
3.783477076713572251e-01
3.783477076713572251e-01
3.790285973672264941e-01
3.790285973672264941e-01
3.797094870630957630e-01
3.797094870630957630e-01
3.801634135270086090e-01
3.801634135270086090e-01
3.812982296867907239e-01
3.812982296867907239e-01
3.815251929187471469e-01
3.815251929187471469e-01
3.822060826146164159e-01
3.822060826146164159e-01
3.826600090785292618e-01
3.826600090785292618e-01
3.837948252383113767e-01
3.837948252383113767e-01
3.847026781661370687e-01
3.847026781661370687e-01
3.849296413980934917e-01
3.849296413980934917e-01
3.860644575578756066e-01
3.860644575578756066e-01
3.862914207898320296e-01
3.862914207898320296e-01
3.865183840217884526e-01
3.865183840217884526e-01
3.878801634135269905e-01
3.878801634135269905e-01
3.899228325011347973e-01
3.899228325011347973e-01
3.903767589650476433e-01
3.903767589650476433e-01
3.912846118928733352e-01
3.912846118928733352e-01
3.931003177485247191e-01
3.931003177485247191e-01
3.933272809804811421e-01
3.933272809804811421e-01
3.951429868361325259e-01
3.951429868361325259e-01
3.955969133000453719e-01
3.955969133000453719e-01
3.983204720835224477e-01
3.983204720835224477e-01
4.008170676350431005e-01
4.008170676350431005e-01
4.030866999546073304e-01
4.030866999546073304e-01
4.035406264185201763e-01
4.035406264185201763e-01
4.039945528824330223e-01
4.039945528824330223e-01
4.044484793463458683e-01
4.044484793463458683e-01
4.053563322741715602e-01
4.053563322741715602e-01
4.069450748978665211e-01
4.069450748978665211e-01
4.071720381298229441e-01
4.071720381298229441e-01
4.087607807535179050e-01
4.087607807535179050e-01
4.098955969133000199e-01
4.098955969133000199e-01
4.103495233772128659e-01
4.103495233772128659e-01
4.121652292328642497e-01
4.121652292328642497e-01
4.130730821606899417e-01
4.130730821606899417e-01
4.133000453926463647e-01
4.133000453926463647e-01
4.139809350885156336e-01
4.139809350885156336e-01
4.151157512482977485e-01
4.151157512482977485e-01
4.155696777122105945e-01
4.155696777122105945e-01
4.162505674080798634e-01
4.162505674080798634e-01
4.180662732637313028e-01
4.180662732637313028e-01
4.182932364956877258e-01
4.182932364956877258e-01
4.192010894235134177e-01
4.192010894235134177e-01
4.196550158874262637e-01
4.196550158874262637e-01
4.198819791193826867e-01
4.198819791193826867e-01
4.207898320472083786e-01
4.207898320472083786e-01
4.239673172945983004e-01
4.239673172945983004e-01
4.282796187017703371e-01
4.282796187017703371e-01
4.285065819337267601e-01
4.285065819337267601e-01
4.291874716295960290e-01
4.291874716295960290e-01
4.294144348615524520e-01
4.294144348615524520e-01
4.325919201089423738e-01
4.325919201089423738e-01
4.328188833408987968e-01
4.328188833408987968e-01
4.359963685882887185e-01
4.359963685882887185e-01
4.362233318202451415e-01
4.362233318202451415e-01
4.366772582841579875e-01
4.366772582841579875e-01
4.375851112119836794e-01
4.375851112119836794e-01
4.378120744439401024e-01
4.378120744439401024e-01
4.382660009078529484e-01
4.382660009078529484e-01
4.414434861552428702e-01
4.414434861552428702e-01
4.432591920108942540e-01
4.432591920108942540e-01
4.439400817067635230e-01
4.439400817067635230e-01
4.462097140263277528e-01
4.462097140263277528e-01
4.464366772582841758e-01
4.464366772582841758e-01
4.500680889695869435e-01
4.500680889695869435e-01
4.502950522015433665e-01
4.502950522015433665e-01
4.507489786654562125e-01
4.507489786654562125e-01
4.509759418974126355e-01
4.509759418974126355e-01
4.514298683613254815e-01
4.514298683613254815e-01
4.518837948252383274e-01
4.518837948252383274e-01
4.530186109850204423e-01
4.530186109850204423e-01
4.532455742169768653e-01
4.532455742169768653e-01
4.571039491602360560e-01
4.571039491602360560e-01
4.584657285519745940e-01
4.584657285519745940e-01
4.591466182478438629e-01
4.591466182478438629e-01
4.652746255106672835e-01
4.652746255106672835e-01
4.664094416704493984e-01
4.664094416704493984e-01
4.666364049024058214e-01
4.666364049024058214e-01
4.673172945982750903e-01
4.673172945982750903e-01
4.700408533817521661e-01
4.700408533817521661e-01
4.734453018610985109e-01
4.734453018610985109e-01
4.759418974126191637e-01
4.759418974126191637e-01
4.766227871084884327e-01
4.766227871084884327e-01
4.788924194280526625e-01
4.788924194280526625e-01
4.811620517476168923e-01
4.811620517476168923e-01
4.813890149795733153e-01
4.813890149795733153e-01
4.818429414434861613e-01
4.818429414434861613e-01
4.829777576032682762e-01
4.829777576032682762e-01
4.838856105310939681e-01
4.838856105310939681e-01
4.841125737630503911e-01
4.841125737630503911e-01
4.854743531547889290e-01
4.854743531547889290e-01
4.857013163867453520e-01
4.857013163867453520e-01
4.904675442578302347e-01
4.904675442578302347e-01
4.909214707217430806e-01
4.909214707217430806e-01
4.963685882886972323e-01
4.963685882886972323e-01
4.972764412165229242e-01
4.972764412165229242e-01
4.975034044484793472e-01
4.975034044484793472e-01
4.981842941443486161e-01
4.981842941443486161e-01
5.020426690876078624e-01
5.020426690876078624e-01
5.093054925102133978e-01
5.093054925102133978e-01
5.111211983658647817e-01
5.111211983658647817e-01
5.147526100771675495e-01
5.147526100771675495e-01
5.261007716749886987e-01
5.261007716749886987e-01
5.315478892419428503e-01
5.315478892419428503e-01
5.340444847934634476e-01
5.340444847934634476e-01
5.369950068088970019e-01
5.369950068088970019e-01
5.381298229686790613e-01
5.381298229686790613e-01
5.485701316386745185e-01
5.485701316386745185e-01
5.499319110304130565e-01
5.499319110304130565e-01
5.540172492056286702e-01
5.540172492056286702e-01
5.571947344530185919e-01
5.571947344530185919e-01
5.612800726282342056e-01
5.612800726282342056e-01
5.615070358601906841e-01
5.615070358601906841e-01
5.753517930095324306e-01
5.753517930095324306e-01
5.835224693599636581e-01
5.835224693599636581e-01
6.132546527462551245e-01
6.132546527462551245e-01
6.223331820245120438e-01
6.223331820245120438e-01
6.311847480708124847e-01
6.311847480708124847e-01
6.352700862460280984e-01
6.352700862460280984e-01
6.470721743077620935e-01
6.470721743077620935e-01
6.636404902405810269e-01
6.636404902405810269e-01
6.743077621425329626e-01
6.743077621425329626e-01
6.949614162505673987e-01
6.949614162505673987e-01
8.370403994552882976e-01
8.374943259192011435e-01
9.820699046754425288e-01
9.820699046754425288e-01
9.827507943713118532e-01
9.827507943713118532e-01
9.877439854743531589e-01
9.877439854743531589e-01
9.881979119382660048e-01
9.881979119382660048e-01
9.895596913300045427e-01
9.895596913300045427e-01
1.000000000000000000e+00
