2.320454809142591856e-04
4.640909618285183713e-04
5.801137022856479777e-04
6.961364427427776383e-04
9.281819236570367426e-04
1.044204664114166403e-03
1.392272885485555277e-03
1.624318366399814381e-03
1.856363847314073485e-03
1.972386587771203254e-03
2.436477549599721463e-03
2.784545770971110553e-03
3.016591251885369657e-03
3.248636732799628762e-03
3.596704954171017418e-03
4.176818656456665613e-03
4.640909618285183821e-03
4.872955099199442926e-03
5.221023320570832016e-03
5.801137022856480210e-03
6.497273465599257523e-03
7.193409908342034836e-03
7.309432648799164822e-03
7.773523610627683031e-03
7.889546351084813017e-03
8.121591831999071254e-03
8.585682793827589462e-03
9.281819236570367643e-03
9.513864717484627614e-03
9.977955679313145823e-03
1.044204664114166403e-02
1.067409212205592227e-02
1.102216034342731223e-02
1.125420582434157046e-02
1.148625130525583043e-02
1.195034226708434864e-02
1.218238774799860688e-02
1.264647870982712682e-02
1.287852419074138506e-02
1.299454693119851505e-02
1.485091077851258788e-02
1.496693351896971787e-02
1.566306996171249605e-02
1.624318366399814251e-02
1.670727462582666245e-02
1.705534284719805241e-02
1.798352477085508883e-02
1.821557025176934533e-02
1.833159299222647531e-02
1.856363847314073529e-02
1.902772943496925523e-02
1.925977491588351173e-02
1.995591135862629165e-02
2.042000232045480812e-02
2.111613876319758804e-02
2.169625246548323450e-02
2.181227520594036448e-02
2.227636616776888442e-02
2.285647987005453088e-02
2.355261631279730733e-02
2.378466179371156730e-02
2.401670727462582727e-02
2.424875275554008724e-02
2.494488919828286369e-02
2.552500290056851015e-02
2.622113934331129007e-02
2.656920756468267655e-02
2.738136674788258645e-02
2.807750319062536290e-02
2.819352593108249289e-02
2.854159415245387937e-02
2.865761689291100936e-02
2.900568511428239932e-02
2.923773059519665929e-02
2.958579881656804578e-02
2.981784429748230575e-02
3.051398074022508566e-02
3.074602622113934217e-02
3.109409444251073212e-02
3.132613992342499210e-02
3.202227636616777201e-02
3.283443554936767844e-02
3.318250377073906493e-02
3.341454925165332490e-02
3.376261747302471139e-02
3.387864021348184485e-02
3.422670843485323133e-02
3.457477665622461782e-02
3.503886761805313776e-02
3.527091309896739774e-02
3.585102680125304420e-02
3.619909502262443762e-02
3.631511776308156414e-02
3.654716324399582411e-02
3.701125420582434405e-02
3.712727694628147057e-02
3.770739064856711703e-02
3.817148161039563697e-02
3.863557257222415692e-02
3.909966353405267686e-02
3.979579997679544984e-02
3.991182271725258329e-02
4.037591367908110324e-02
4.084000464090961624e-02
4.107205012182387621e-02
4.118807286228100967e-02
4.165216382410952267e-02
4.176818656456665613e-02
4.223227752639517607e-02
4.246432300730943604e-02
4.281239122868082253e-02
4.292841396913794905e-02
4.327648219050934247e-02
4.339250493096646899e-02
4.385659589279498893e-02
4.478477781645202188e-02
4.490080055690915534e-02
4.513284603782341531e-02
4.559693699965192831e-02
4.582898248056618828e-02
4.594500522102332174e-02
4.664114166376609472e-02
4.733727810650887463e-02
4.745330084696600809e-02
4.768534632788026112e-02
4.849750551108017449e-02
4.872955099199442752e-02
4.965773291565146741e-02
5.000580113702285390e-02
5.023784661793711387e-02
5.093398306067989378e-02
5.128205128205128027e-02
5.174614224387980022e-02
5.221023320570832016e-02
5.244227868662258013e-02
5.255830142707970665e-02
5.348648335073674653e-02
5.406659705302239299e-02
5.429864253393665297e-02
5.441466527439377948e-02
5.487875623622229942e-02
5.557489267896507934e-02
5.603898364079359234e-02
5.627102912170785232e-02
5.719921104536489220e-02
5.754727926673627869e-02
5.801137022856479863e-02
5.835943844993618512e-02
5.893955215222183852e-02
5.928762037359322501e-02
5.998375681633600492e-02
6.021580229725025796e-02
6.056387051862165138e-02
6.079591599953591136e-02
6.137602970182155782e-02
6.184012066365007776e-02
6.207216614456433773e-02
6.218818888502146425e-02
6.265227984684998419e-02
6.288432532776423722e-02
6.358046177050702408e-02
6.392852999187841057e-02
6.462466643462118354e-02
6.520478013690683694e-02
6.555284835827822343e-02
6.566887109873535688e-02
6.601693932010674337e-02
6.624898480102099640e-02
6.636500754147812986e-02
6.671307576284951635e-02
6.717716672467803629e-02
6.740921220559228932e-02
6.752523494604942278e-02
6.798932590787794272e-02
6.833739412924932921e-02
6.926557605290636910e-02
6.996171249564914207e-02
7.030978071702054244e-02
7.042580345747766202e-02
7.065784893839192893e-02
7.088989441930618196e-02
7.135398538113470190e-02
7.193409908342035530e-02
7.205012182387747488e-02
7.263023552616312828e-02
7.286228100707738131e-02
7.355841744982016817e-02
7.390648567119155465e-02
7.413853115210580769e-02
7.518273581621998103e-02
7.553080403759136752e-02
7.622694048033414049e-02
7.657500870170554086e-02
7.715512240399118038e-02
7.738716788490544729e-02
7.750319062536256687e-02
7.773523610627683378e-02
7.808330432764822027e-02
7.854739528947674021e-02
7.901148625130526015e-02
7.935955447267664664e-02
7.959159995359089967e-02
8.028773639633368653e-02
8.040375913679080611e-02
8.179603202227636594e-02
8.202807750319061897e-02
8.226012298410488588e-02
8.260819120547627237e-02
8.284023668639053928e-02
8.330432764821904534e-02
8.400046409096183220e-02
8.423250957187608523e-02
8.492864601461887208e-02
8.539273697644737815e-02
8.608887341919016500e-02
8.655296438101868495e-02
8.690103260239007144e-02
8.701705534284720489e-02
8.713307808330432447e-02
8.759716904513284441e-02
8.771319178558997787e-02
8.794523726650423090e-02
8.864137370924701775e-02
8.898944193061840424e-02
8.933751015198979073e-02
8.956955563290404376e-02
9.003364659473256371e-02
9.014966933518969716e-02
9.084580577793247014e-02
9.142591948021812354e-02
9.154194222067525699e-02
9.223807866341802997e-02
9.247012414433228300e-02
9.281819236570368337e-02
9.305023784661793640e-02
9.339830606798932289e-02
9.386239702981784283e-02
9.432648799164636277e-02
9.548671539621765569e-02
9.595080635804617564e-02
9.641489731987469558e-02
9.653092006033182904e-02
9.687898828170321552e-02
9.780717020536025541e-02
9.803921568627450844e-02
9.850330664810302839e-02
9.873535212901728142e-02
9.908342035038868179e-02
9.919944309084580136e-02
9.943148857176006827e-02
9.977955679313145476e-02
1.003596704954171082e-01
1.005917159763313612e-01
1.007077387167884946e-01
1.011718296786170146e-01
1.014038751595312676e-01
1.017519433809026541e-01
1.022160343427311741e-01
1.025641025641025605e-01
1.025641025641025605e-01
1.026801253045596940e-01
1.029121707854739470e-01
1.031442162663882139e-01
1.036083072282167339e-01
1.038403527091309869e-01
1.039563754495881204e-01
1.044204664114166403e-01
1.045364891518737738e-01
1.048845573732451603e-01
1.051166028541594133e-01
1.051166028541594133e-01
1.053486483350736802e-01
1.059287620373593197e-01
1.061608075182735866e-01
1.065088757396449731e-01
1.066248984801021066e-01
1.069729667014734931e-01
1.070889894419306126e-01
1.073210349228448796e-01
1.077851258846733995e-01
1.080171713655876525e-01
1.084812623274161725e-01
1.090613760297018259e-01
1.092934215106160789e-01
1.099895579533588519e-01
1.105696716556445053e-01
1.106856943961016387e-01
1.109177398770158918e-01
1.116138763197586786e-01
1.119619445411300651e-01
1.121939900220443181e-01
1.128901264647871050e-01
1.131221719457013580e-01
1.132381946861584915e-01
1.135862629075298780e-01
1.142823993502726510e-01
1.145144448311869179e-01
1.148625130525583043e-01
1.148625130525583043e-01
1.149785357930154378e-01
1.152105812739296908e-01
1.155586494953010773e-01
1.157906949762153442e-01
1.164868314189581172e-01
1.166028541594152507e-01
1.170669451212437706e-01
1.172989906021580236e-01
1.174150133426151571e-01
1.178791043044436770e-01
1.182271725258150635e-01
1.186912634876435835e-01
1.188072862281007031e-01
1.192713771899292230e-01
1.197354681517577429e-01
1.203155818540433963e-01
1.206636500754147828e-01
1.211277410372433028e-01
1.212437637777004223e-01
1.214758092586146893e-01
1.219399002204432092e-01
1.221719457013574622e-01
1.226360366631859822e-01
1.229841048845573687e-01
1.232161503654716356e-01
1.234481958463858886e-01
1.235642185868430221e-01
1.237962640677572751e-01
1.239122868082144086e-01
1.243763777700429285e-01
1.247244459914143150e-01
1.250725142127857015e-01
1.253045596936999684e-01
1.254205824341571018e-01
1.256526279150713410e-01
1.260006961364427414e-01
1.261167188768998748e-01
1.265808098387283809e-01
1.272769462814711816e-01
1.273929690219282873e-01
1.276250145028425542e-01
1.277410372432996877e-01
1.280891054646710880e-01
1.284371736860424607e-01
1.289012646478709945e-01
1.291333101287852336e-01
1.292493328692423671e-01
1.297134238310709009e-01
1.298294465715280066e-01
1.300614920524422735e-01
1.302935375333565404e-01
1.305255830142708073e-01
1.306416057547279130e-01
1.308736512356421799e-01
1.318018331592992198e-01
1.320338786402134867e-01
1.321499013806706202e-01
1.323819468615848594e-01
1.328460378234133932e-01
1.330780833043276601e-01
1.333101287852418992e-01
1.337742197470704331e-01
1.338902424875275665e-01
1.341222879684418057e-01
1.344703561898132060e-01
1.345863789302703395e-01
1.348184244111845786e-01
1.349344471516417121e-01
1.351664926325559790e-01
1.353985381134702459e-01
1.358626290752987520e-01
1.362106972966701524e-01
1.363267200371272858e-01
1.365587655180415250e-01
1.366747882584986584e-01
1.369068337394129253e-01
1.374869474416985649e-01
1.377189929226128318e-01
1.378350156630699652e-01
1.385311521058127382e-01
1.389952430676412443e-01
1.393433112890126446e-01
1.395753567699269115e-01
1.399234249912982841e-01
1.408516069149553240e-01
1.409676296554124575e-01
1.413156978767838579e-01
1.414317206172409913e-01
1.417797888386123639e-01
1.420118343195266308e-01
1.424759252813551369e-01
1.425919480218122704e-01
1.432880844645550433e-01
1.435201299454693102e-01
1.439842209072978441e-01
1.441002436477549498e-01
1.447963800904977505e-01
1.449124028309548562e-01
1.451444483118691231e-01
1.454925165332405235e-01
1.459566074950690295e-01
1.466527439378118025e-01
1.473488803805545755e-01
1.476969486019259759e-01
1.482770623042116154e-01
1.482770623042116154e-01
1.483930850446687488e-01
1.486251305255830157e-01
1.489731987469544161e-01
1.496693351896971891e-01
1.502494488919828286e-01
1.504814943728970955e-01
1.507135398538113347e-01
1.510616080751827350e-01
1.512936535560970019e-01
1.514096762965541354e-01
1.518737672583826415e-01
1.522218354797540418e-01
1.524538809606682810e-01
1.528019491820396814e-01
1.530339946629539483e-01
1.536141083652395878e-01
1.537301311056967212e-01
1.540781993270680938e-01
1.541942220675252273e-01
1.544262675484394942e-01
1.545422902888966277e-01
1.547743357698108946e-01
1.552384267316394006e-01
1.555864949530108010e-01
1.560505859148393071e-01
1.565146768766678131e-01
1.568627450980392135e-01
1.574428588003248530e-01
1.581389952430676538e-01
1.584870634644390264e-01
1.590671771667246659e-01
1.595312681285531997e-01
1.598793363499245723e-01
1.601113818308388392e-01
1.605754727926673731e-01
1.610395637544958791e-01
1.617357001972386521e-01
1.620837684186100525e-01
1.624318366399814251e-01
1.626638821208956920e-01
1.627799048613528254e-01
1.632439958231813315e-01
1.634760413040955984e-01
1.637080867850098653e-01
1.638241095254669988e-01
1.642882004872955048e-01
1.644042232277526383e-01
1.649843369300382778e-01
1.653324051514096782e-01
1.654484278918668116e-01
1.656804733727810786e-01
1.660285415941524512e-01
1.664926325559809850e-01
1.671887689987237580e-01
1.676528599605522640e-01
1.680009281819236644e-01
1.684650191437521705e-01
1.685810418842093039e-01
1.695092238078663438e-01
1.695092238078663438e-01
1.696252465483234773e-01
1.703213829910662502e-01
1.704374057315233837e-01
1.706694512124376506e-01
1.710175194338090232e-01
1.711335421742661567e-01
1.712495649147232901e-01
1.714816103956375570e-01
1.718296786170089296e-01
1.721777468383803300e-01
1.722937695788374635e-01
1.725258150597517026e-01
1.728738832811231030e-01
1.731059287620373699e-01
1.733379742429516090e-01
1.738020652047801429e-01
1.740341106856944098e-01
1.742661561666086489e-01
1.743821789070657824e-01
1.747302471284371828e-01
1.748462698688943162e-01
1.753103608307228223e-01
1.754263835711799557e-01
1.758904745330084618e-01
1.761225200139227287e-01
1.764705882352941291e-01
1.767026337162083682e-01
1.769346791971226351e-01
1.776308156398654081e-01
1.778628611207796750e-01
1.779788838612368085e-01
1.783269520826081811e-01
1.785589975635224480e-01
1.787910430444367149e-01
1.791391112658080875e-01
1.792551340062652210e-01
1.794871794871794879e-01
1.798352477085508883e-01
1.800672931894651274e-01
1.802993386703793943e-01
1.807634296322079004e-01
1.811114978535793008e-01
1.812275205940364342e-01
1.814595660749507011e-01
1.818076342963220737e-01
1.825037707390648467e-01
1.827358162199791136e-01
1.830838844413505140e-01
1.833159299222647531e-01
1.836639981436361535e-01
1.837800208840932870e-01
1.840120663650075539e-01
1.843601345863789265e-01
1.849402482886645660e-01
1.852883165100359664e-01
1.857524074718644724e-01
1.861004756932358728e-01
1.865645666550643789e-01
1.867966121359786458e-01
1.869126348764357792e-01
1.871446803573500461e-01
1.872607030978071796e-01
1.874927485787214188e-01
1.885369532428355921e-01
1.888850214642069925e-01
1.893491124260354985e-01
1.894651351664926320e-01
1.898132033878640323e-01
1.900452488687782715e-01
1.903933170901496719e-01
1.907413853115210445e-01
1.913214990138067118e-01
1.915535444947209787e-01
1.920176354565494847e-01
1.924817264183779908e-01
1.929458173802065246e-01
1.932938856015778972e-01
1.934099083420350307e-01
1.936419538229492976e-01
1.939900220443206980e-01
1.941060447847778037e-01
1.943380902656920706e-01
1.944541130061492040e-01
1.948021812275206044e-01
1.949182039679777101e-01
1.951502494488919770e-01
1.953822949298062439e-01
1.956143404107205108e-01
1.958463858916347500e-01
1.960784313725490169e-01
1.964264995939204173e-01
1.965425223343775507e-01
1.967745678152917899e-01
1.971226360366631902e-01
1.972386587771203237e-01
1.977027497389488297e-01
1.980508179603202301e-01
1.982828634412344693e-01
1.985149089221487362e-01
1.989789998839772700e-01
1.992110453648915092e-01
1.994430908458057761e-01
1.997911590671771764e-01
2.000232045480914156e-01
2.001392272885485490e-01
2.003712727694628160e-01
2.007193409908342163e-01
2.010674092122055889e-01
2.012994546931198558e-01
2.017635456549483619e-01
2.019955911358626288e-01
2.024596820976911349e-01
2.026917275786054018e-01
2.029237730595196687e-01
2.037359322427195751e-01
2.042000232045480812e-01
2.043160459450052147e-01
2.045480914259194816e-01
2.048961596472908819e-01
2.051282051282051211e-01
2.053602506091193880e-01
2.055922960900336549e-01
2.057083188304907884e-01
2.061724097923192944e-01
2.062884325327764279e-01
2.068685462350620674e-01
2.076807054182619738e-01
2.079127508991762407e-01
2.082608191205476411e-01
2.083768418610047468e-01
2.086088873419190137e-01
2.087249100823761472e-01
2.090729783037475475e-01
2.095370692655760536e-01
2.098851374869474540e-01
2.103492284487759600e-01
2.106972966701473604e-01
2.109293421510615996e-01
2.115094558533472668e-01
2.115094558533472668e-01
2.117415013342615060e-01
2.124376377770042790e-01
2.125536605174614124e-01
2.131337742197470797e-01
2.134818424411184523e-01
2.139459334029469861e-01
2.141779788838612253e-01
2.144100243647754922e-01
2.147580925861468926e-01
2.154542290288896655e-01
2.158022972502610382e-01
2.162663882120895720e-01
2.164984336930038389e-01
2.166144564334609446e-01
2.169625246548323450e-01
2.170785473952894784e-01
2.173105928762037453e-01
2.174266156166608788e-01
2.176586610975751179e-01
2.176586610975751179e-01
2.178907065784893848e-01
2.180067293189465183e-01
2.182387747998607852e-01
2.183547975403178909e-01
2.190509339830606916e-01
2.193990022044320642e-01
2.197470704258034646e-01
2.200951386471748372e-01
2.203271841280891041e-01
2.206752523494605045e-01
2.207912750899176102e-01
2.212553660517461440e-01
2.216034342731175444e-01
2.218354797540317835e-01
2.222995707158603174e-01
2.226476389372316900e-01
2.231117298990602238e-01
2.236918436013458633e-01
2.239238890822601302e-01
2.241559345631743694e-01
2.243879800440886363e-01
2.245040027845457697e-01
2.248520710059171701e-01
2.250841164868314093e-01
2.256642301891170765e-01
2.260122984104884492e-01
2.270565030746026225e-01
2.272885485555168894e-01
2.274045712959740229e-01
2.276366167768882620e-01
2.283327532196310350e-01
2.285647987005453019e-01
2.289128669219167023e-01
2.292609351432880749e-01
2.294929806242023418e-01
2.296090033646594752e-01
2.299570715860308756e-01
2.300730943264879813e-01
2.304211625478593817e-01
2.306532080287736486e-01
2.313493444715164216e-01
2.315813899524306885e-01
2.319294581738020611e-01
2.323935491356305949e-01
2.328576400974591010e-01
2.329736628379162344e-01
2.332057083188305013e-01
2.334377537997447405e-01
2.336697992806590074e-01
2.337858220211161409e-01
2.344819584638589138e-01
2.350620721661445534e-01
2.352941176470588203e-01
2.359902540898015932e-01
2.362222995707158602e-01
2.365703677920872605e-01
2.368024132730014997e-01
2.369184360134586331e-01
2.372665042348300335e-01
2.377305951966585396e-01
2.381946861584870734e-01
2.384267316394013125e-01
2.387747998607727129e-01
2.392388908226012190e-01
2.394709363035154859e-01
2.395869590439726193e-01
2.399350272653440197e-01
2.400510500058011254e-01
2.405151409676296592e-01
2.408632091890010318e-01
2.412112774103724322e-01
2.414433228912866991e-01
2.415593456317438326e-01
2.417913911126580717e-01
2.419074138531152052e-01
2.419074138531152052e-01
2.420234365935723386e-01
2.422554820744866055e-01
2.423715048149437390e-01
2.428355957767722451e-01
2.431836639981436454e-01
2.436477549599721515e-01
2.438798004408864184e-01
2.443438914027149245e-01
2.446919596240863248e-01
2.451560505859148309e-01
2.453880960668290978e-01
2.455041188072862313e-01
2.458521870286576039e-01
2.459682097691147373e-01
2.463162779904861377e-01
2.464323007309432711e-01
2.466643462118575103e-01
2.467803689523146438e-01
2.470124144332289107e-01
2.471284371736860441e-01
2.475925281355145502e-01
2.480566190973430840e-01
2.482886645782573509e-01
2.487527555400858570e-01
2.489848010210001239e-01
2.492168465019143631e-01
2.493328692423714965e-01
2.497969602042000303e-01
2.499129829446571638e-01
2.501450284255714029e-01
2.504930966469428033e-01
2.507251421278570702e-01
2.508411648683142037e-01
2.515373013110569489e-01
2.520013922728854827e-01
2.525815059751711500e-01
2.530455969369996283e-01
2.532776424179138952e-01
2.535096878988281621e-01
2.537417333797424290e-01
2.539737788606566959e-01
2.544378698224852298e-01
2.546699153033994412e-01
2.547859380438565746e-01
2.550179835247708415e-01
2.554820744865993754e-01
2.557141199675136423e-01
2.559461654484279092e-01
2.564102564102563875e-01
2.571063928529991882e-01
2.572224155934563217e-01
2.574544610743705886e-01
2.575704838148277220e-01
2.578025292957419889e-01
2.581505975171133338e-01
2.583826429980276007e-01
2.587307112193990011e-01
2.589627567003132680e-01
2.591948021812275349e-01
2.594268476621418018e-01
2.596588931430560132e-01
2.598909386239702801e-01
2.605870750667130809e-01
2.610511660285416147e-01
2.612832115094558261e-01
2.613992342499129595e-01
2.616312797308272264e-01
2.619793479521986268e-01
2.622113934331128937e-01
2.624434389140271606e-01
2.627915071353985610e-01
2.631395753567699058e-01
2.633716208376841728e-01
2.637196890590555731e-01
2.639517345399698400e-01
2.641837800208841069e-01
2.642998027613412404e-01
2.647638937231697187e-01
2.652279846849982525e-01
2.659241211277410533e-01
2.661561666086553202e-01
2.663882120895695316e-01
2.665042348300266650e-01
2.669683257918551988e-01
2.672003712727694658e-01
2.676644622345979996e-01
2.677804849750551330e-01
2.682445759368836113e-01
2.683605986773407448e-01
2.685926441582550117e-01
2.689407123796264121e-01
2.691727578605406790e-01
2.694048033414549459e-01
2.697528715628262908e-01
2.699849170437405577e-01
2.702169625246548246e-01
2.705650307460262249e-01
2.710291217078547588e-01
2.712611671887690257e-01
2.714932126696832371e-01
2.716092354101403705e-01
2.718412808910546374e-01
2.723053718528831713e-01
2.725374173337974382e-01
2.731175310360830499e-01
2.733495765169973168e-01
2.735816219979115838e-01
2.736976447383687172e-01
2.740457129597401176e-01
2.745098039215686514e-01
2.747418494024828628e-01
2.754379858452256635e-01
2.756700313261399304e-01
2.760180995475113308e-01
2.762501450284255977e-01
2.768302587307112095e-01
2.770623042116254764e-01
2.776424179139111437e-01
2.779904861352824885e-01
2.782225316161967554e-01
2.784545770971110223e-01
2.785705998375681558e-01
2.788026453184824227e-01
2.789186680589395562e-01
2.791507135398538231e-01
2.792667362803109565e-01
2.794987817612252234e-01
2.796148045016823569e-01
2.799628727230537018e-01
2.801949182039679687e-01
2.804269636848822356e-01
2.808910546467107694e-01
2.815871910894535146e-01
2.817032138299106481e-01
2.820512820512820484e-01
2.822833275321963153e-01
2.826313957535677157e-01
2.828634412344819826e-01
2.829794639749390606e-01
2.832115094558533275e-01
2.835595776772247278e-01
2.837916231581389948e-01
2.841396913795103951e-01
2.842557141199675286e-01
2.844877596008817955e-01
2.846037823413389289e-01
2.848358278222531403e-01
2.849518505627102738e-01
2.861120779672816083e-01
2.865761689291100867e-01
2.868082144100243536e-01
2.877363963336814212e-01
2.880844645550527661e-01
2.883165100359670330e-01
2.885485555168812999e-01
2.885485555168812999e-01
2.887806009977955668e-01
2.891286692191669672e-01
2.892446919596241006e-01
2.895927601809955010e-01
2.897087829214525789e-01
2.904049193641953797e-01
2.906369648451096466e-01
2.908690103260239135e-01
2.912170785473953138e-01
2.914491240283095252e-01
2.917971922496809256e-01
2.924933286924237263e-01
2.929574196542522602e-01
2.934215106160807385e-01
2.935375333565378719e-01
2.938856015779092723e-01
2.941176470588235392e-01
2.942336697992806727e-01
2.944657152801949396e-01
2.945817380206520730e-01
2.945817380206520730e-01
2.946977607611091510e-01
2.950458289824805513e-01
2.951618517229376848e-01
2.953938972038519517e-01
2.955099199443090852e-01
2.959740109061376190e-01
2.960900336465947524e-01
2.963220791275090193e-01
2.965541246084232307e-01
2.972502610511660315e-01
2.973662837916231649e-01
2.975983292725374318e-01
2.978303747534516988e-01
2.987585566771087109e-01
2.988745794175658443e-01
2.991066248984801113e-01
2.993386703793943782e-01
2.994546931198515116e-01
2.999187840816799899e-01
3.003828750435085237e-01
3.014270797076226693e-01
3.016591251885369362e-01
3.018911706694512032e-01
3.021232161503654701e-01
3.023552616312797370e-01
3.028193525931082708e-01
3.031674208144796157e-01
3.033994662953938826e-01
3.037475345167652829e-01
3.042116254785938168e-01
3.044436709595080837e-01
3.046757164404222951e-01
3.047917391808794285e-01
3.051398074022508289e-01
3.054878756236222292e-01
3.057199211045364962e-01
3.059519665854507631e-01
3.063000348068221634e-01
3.064160575472792414e-01
3.067641257686506417e-01
3.072282167304791756e-01
3.073442394709363090e-01
3.075762849518505759e-01
3.081563986541361877e-01
3.085044668755075881e-01
3.087365123564218550e-01
3.088525350968789884e-01
3.090845805777932553e-01
3.094326487991646557e-01
3.096646942800789226e-01
3.101287852419074009e-01
3.103608307228216678e-01
3.104768534632788013e-01
3.107088989441930682e-01
3.109409444251073351e-01
3.112890126464787355e-01
3.118691263487643472e-01
3.121011718296786142e-01
3.124492400510500145e-01
3.126812855319642814e-01
3.132613992342498932e-01
3.134934447151641601e-01
3.137254901960784270e-01
3.139575356769926939e-01
3.141895811579069608e-01
3.143056038983640943e-01
3.148857176006497061e-01
3.152337858220211064e-01
3.154658313029353733e-01
3.158138995243067737e-01
3.161619677456781741e-01
3.162779904861353075e-01
3.167420814479637858e-01
3.168581041884209193e-01
3.170901496693351862e-01
3.173221951502494531e-01
3.176702633716208535e-01
3.182503770739064652e-01
3.185984452952778656e-01
3.189465135166492660e-01
3.191785589975635329e-01
3.192945817380206663e-01
3.196426499593920667e-01
3.198746954403062781e-01
3.202227636616776785e-01
3.206868546235062123e-01
3.209189001044204792e-01
3.211509455853347461e-01
3.217310592876203579e-01
3.219631047685346248e-01
3.220791275089917582e-01
3.223111729899060252e-01
3.225432184708202921e-01
3.230073094326488259e-01
3.232393549135630373e-01
3.235874231349344377e-01
3.237034458753915711e-01
3.241675368372201049e-01
3.243995823181343718e-01
3.246316277990486387e-01
3.248636732799628501e-01
3.250957187608771171e-01
3.254437869822485174e-01
3.255598097227056509e-01
3.257918552036199178e-01
3.261399234249913182e-01
3.266040143868197965e-01
3.270681053486483303e-01
3.274161735700197307e-01
3.276482190509339976e-01
3.282283327532196093e-01
3.289244691959624101e-01
3.293885601577909439e-01
3.296206056387052108e-01
3.305487875623622229e-01
3.308968557837336233e-01
3.311289012646478902e-01
3.312449240051050237e-01
3.317090149669335020e-01
3.318250377073906354e-01
3.319410604478477689e-01
3.320570831883049023e-01
3.324051514096763027e-01
3.328692423715048365e-01
3.332173105928761814e-01
3.335653788142475817e-01
3.340294697760761156e-01
3.342615152569903825e-01
3.346095834783617828e-01
3.348416289592759942e-01
3.350736744401902611e-01
3.355377654020187950e-01
3.357698108829330619e-01
3.360018563638473288e-01
3.363499245852187292e-01
3.368140155470472075e-01
3.371620837684186078e-01
3.373941292493328747e-01
3.375101519897900082e-01
3.379742429516185420e-01
3.382062884325327534e-01
3.386703793943612872e-01
3.393665158371040880e-01
3.395985613180183549e-01
3.404107205012182336e-01
3.407587887225896339e-01
3.409908342035039008e-01
3.412228796844181677e-01
3.414549251653323791e-01
3.419190161271609130e-01
3.422670843485323133e-01
3.427311753103608472e-01
3.428471980508179806e-01
3.435433344935607258e-01
3.436593572340178593e-01
3.438914027149321262e-01
3.440074254553892596e-01
3.442394709363035266e-01
3.443554936767606600e-01
3.445875391576749269e-01
3.453996983408748056e-01
3.456317438217890725e-01
3.458637893027033394e-01
3.460958347836176063e-01
3.464439030049889512e-01
3.466759484859032181e-01
3.473720849286460188e-01
3.477201531500174192e-01
3.479521986309316861e-01
3.483002668523030310e-01
3.485323123332172979e-01
3.486483350736744313e-01
3.488803805545886982e-01
3.492284487759600986e-01
3.494604942568743655e-01
3.498085624782457104e-01
3.500406079591599773e-01
3.501566306996171107e-01
3.506207216614456446e-01
3.510848126232741784e-01
3.514328808446455232e-01
3.515489035851026567e-01
3.520129945469311905e-01
3.521290172873883240e-01
3.523610627683025909e-01
3.524770855087597243e-01
3.529411764705882582e-01
3.535212901728738699e-01
3.539853811347024037e-01
3.541014038751595372e-01
3.543334493560738041e-01
3.544494720965309376e-01
3.546815175774452045e-01
3.547975403179022824e-01
3.552616312797308162e-01
3.559577677224736170e-01
3.564218586843021508e-01
3.566539041652163622e-01
3.570019723865877626e-01
3.573500406079591629e-01
3.575820860888734298e-01
3.578141315697876967e-01
3.580461770507019637e-01
3.582782225316161751e-01
3.585102680125304420e-01
3.587423134934447089e-01
3.592064044552732427e-01
3.594384499361875096e-01
3.599025408980159879e-01
3.602506091193873883e-01
3.603666318598445217e-01
3.610627683025873225e-01
3.612948137835015894e-01
3.615268592644158008e-01
3.616428820048729342e-01
3.619909502262443346e-01
3.622229957071586015e-01
3.625710639285300019e-01
3.628031094094442688e-01
3.634992458521870140e-01
3.637312913331012809e-01
3.646594732567583486e-01
3.651235642185868269e-01
3.652395869590439603e-01
3.652395869590439603e-01
3.653556096995010938e-01
3.653556096995010938e-01
3.658197006613296276e-01
3.660517461422438945e-01
3.661677688827010280e-01
3.663998143636152949e-01
3.666318598445295063e-01
3.668639053254437732e-01
3.672119735468151736e-01
3.675600417681865739e-01
3.677920872491008408e-01
3.679081099895579743e-01
3.683722009513864526e-01
3.687202691727578530e-01
3.693003828750435202e-01
3.695324283559577871e-01
3.699965193177862655e-01
3.704606102796147993e-01
3.706926557605290662e-01
3.710407239819004666e-01
3.713887922032718669e-01
3.722009513864717456e-01
3.725490196078431460e-01
3.730131105696716798e-01
3.733611787910430246e-01
3.754495881192713713e-01
3.757976563406427717e-01
3.757976563406427717e-01
3.760297018215570386e-01
3.762617473024713055e-01
3.764937927833855169e-01
3.764937927833855169e-01
3.766098155238426504e-01
3.770739064856711842e-01
3.775379974474997180e-01
3.777700429284139849e-01
3.781181111497853853e-01
3.783501566306995967e-01
3.790462930734423974e-01
3.792783385543566643e-01
3.796264067757280647e-01
3.798584522566422761e-01
3.804385659589279434e-01
3.809026569207564772e-01
3.813667478825850110e-01
3.817148161039563559e-01
3.819468615848706228e-01
3.826429980276134235e-01
3.828750435085276904e-01
3.836872026917275691e-01
3.839192481726418360e-01
3.844993618749275033e-01
3.847314073558417702e-01
3.848474300962988481e-01
3.853115210581273820e-01
3.856595892794987823e-01
3.858916347604130492e-01
3.860076575008701827e-01
3.862397029817844496e-01
3.864717484626987165e-01
3.864717484626987165e-01
3.865877712031557945e-01
3.869358394245271948e-01
3.871678849054414617e-01
3.877479986077271290e-01
3.879800440886413959e-01
3.880960668290985294e-01
3.883281123100127408e-01
3.884441350504698742e-01
3.886761805313841411e-01
3.887922032718412746e-01
3.890242487527555415e-01
3.894883397145840753e-01
3.896043624550412088e-01
3.898364079359554202e-01
3.900684534168696871e-01
3.905325443786982209e-01
3.907645898596124878e-01
3.909966353405267547e-01
3.916927717832695000e-01
3.921568627450980338e-01
3.922728854855551672e-01
3.926209537069265676e-01
3.930850446687551014e-01
3.933170901496693128e-01
3.935491356305835797e-01
3.937811811114978466e-01
3.938972038519549801e-01
3.941292493328692470e-01
3.943612948137835139e-01
3.944773175542406474e-01
3.945933402946977808e-01
3.948253857756119922e-01
3.965657268824689385e-01
3.967977723633832055e-01
3.979579997679545400e-01
3.983060679893258849e-01
3.984220907297830183e-01
3.986541362106972852e-01
3.993502726534400860e-01
3.995823181343543529e-01
3.996983408748114863e-01
3.999303863557256977e-01
4.003944773175542315e-01
4.006265227984684985e-01
4.012066365007541657e-01
4.014386819816684326e-01
4.015547047221255106e-01
4.019027729434969110e-01
4.020187956839540444e-01
4.022508411648683113e-01
4.025989093862397117e-01
4.027149321266968451e-01
4.029469776076111120e-01
4.031790230885253234e-01
4.034110685694395904e-01
4.036431140503538573e-01
4.043392504930966580e-01
4.052674324167536701e-01
4.057315233785822040e-01
4.063116370808678712e-01
4.065436825617820826e-01
4.068917507831534830e-01
4.071237962640677499e-01
4.073558417449820168e-01
4.075878872258962837e-01
4.082840236686390289e-01
4.085160691495532959e-01
4.090961828518389631e-01
4.093282283327532300e-01
4.101403875159531087e-01
4.103724329968673756e-01
4.108365239586959095e-01
4.110685694396101764e-01
4.116486831418957881e-01
4.116486831418957881e-01
4.118807286228100550e-01
4.126928878060099892e-01
4.130409560273813896e-01
4.135050469892098679e-01
4.137370924701241348e-01
4.139691379510384017e-01
4.139691379510384017e-01
4.142011834319526686e-01
4.143172061724098021e-01
4.145492516533240690e-01
4.158255017983524815e-01
4.162895927601810153e-01
4.164056155006381488e-01
4.168697064624666271e-01
4.172177746838380274e-01
4.177978883861236947e-01
4.181459566074950951e-01
4.186100475693235734e-01
4.186100475693235734e-01
4.206984568975519201e-01
4.208144796380090535e-01
4.215106160807518543e-01
4.219747070425803326e-01
4.222067525234945995e-01
4.223227752639517329e-01
4.227868662257802668e-01
4.229028889662374002e-01
4.231349344471516671e-01
4.249912982944656914e-01
4.252233437753799583e-01
4.259194802181227590e-01
4.259194802181227590e-01
4.260355029585798925e-01
4.264995939204084263e-01
4.266156166608655043e-01
4.270797076226940381e-01
4.271957303631511715e-01
4.275437985845225719e-01
4.291681169509223848e-01
4.294001624318366517e-01
4.295161851722937851e-01
4.297482306532080520e-01
4.304443670959507973e-01
4.306764125768650642e-01
4.313725490196078649e-01
4.316045945005220763e-01
4.319526627218934767e-01
4.321847082028077436e-01
4.332289128669218892e-01
4.334609583478361561e-01
4.336930038287504230e-01
4.336930038287504230e-01
4.339250493096646899e-01
4.340410720501218234e-01
4.347372084928646241e-01
4.348532312333217575e-01
4.350852767142359689e-01
4.354333449356073693e-01
4.356653904165216362e-01
4.357814131569787697e-01
4.360134586378930366e-01
4.364775495997215704e-01
4.367095950806357818e-01
4.368256178210929153e-01
4.377537997447499829e-01
4.383339134470355947e-01
4.385659589279498616e-01
4.401902772943496744e-01
4.404223227752639414e-01
4.410024364775496086e-01
4.412344819584638755e-01
4.415825501798352204e-01
4.418145956607494873e-01
4.421626638821208877e-01
4.425107321034922880e-01
4.426267548439494215e-01
4.428588003248636884e-01
4.439030049889778340e-01
4.443670959508063678e-01
4.445991414317206347e-01
4.448311869126349016e-01
4.451792551340062465e-01
4.452952778744633799e-01
4.455273233553776469e-01
4.461074370576633141e-01
4.462234597981204476e-01
4.463394825385775810e-01
4.463394825385775810e-01
4.465715280194918479e-01
4.470356189813203263e-01
4.472676644622345932e-01
4.477317554240631270e-01
4.481958463858916608e-01
4.486599373477201391e-01
4.492400510500058064e-01
4.497041420118343402e-01
4.501682329736628185e-01
4.504002784545770854e-01
4.505163011950342189e-01
4.507483466759484858e-01
4.513284603782341531e-01
4.517925513400626314e-01
4.523726650423482987e-01
4.526047105232625656e-01
4.530688014850910994e-01
4.533008469660053108e-01
4.533008469660053108e-01
4.545770971110337788e-01
4.545770971110337788e-01
4.548091425919480457e-01
4.550411880728622571e-01
4.553892562942336575e-01
4.558533472560621913e-01
4.559693699965193248e-01
4.560853927369764582e-01
4.563174382178907251e-01
4.565494836988049920e-01
4.566655064392620700e-01
4.567815291797192034e-01
4.568975519201763369e-01
4.571295974010906038e-01
4.574776656224620042e-01
4.577097111033762711e-01
4.582898248056618828e-01
4.582898248056618828e-01
4.584058475461190163e-01
4.586378930270332832e-01
4.587539157674904167e-01
4.591019839888618170e-01
4.597981204316046178e-01
4.601461886529759626e-01
4.603782341338902295e-01
4.607263023552616299e-01
4.610743705766330303e-01
4.613064160575472972e-01
4.615384615384615641e-01
4.616544842789186420e-01
4.617705070193757755e-01
4.618865297598329089e-01
4.621185752407471758e-01
4.624666434621185762e-01
4.629307344239471100e-01
4.629307344239471100e-01
4.635108481262327218e-01
4.637428936071469887e-01
4.638589163476041222e-01
4.643230073094326560e-01
4.657152801949182019e-01
4.659473256758324688e-01
4.661793711567467358e-01
4.664114166376610027e-01
4.669915303399466144e-01
4.672235758208608813e-01
4.673395985613180148e-01
4.678036895231465486e-01
4.679197122636036821e-01
4.681517577445179490e-01
4.683838032254321604e-01
4.683838032254321604e-01
4.693119851490892280e-01
4.695440306300034949e-01
4.697760761109177619e-01
4.700081215918319733e-01
4.703561898132033736e-01
4.707042580345747740e-01
4.708202807750319074e-01
4.708202807750319074e-01
4.711683489964033078e-01
4.712843717368604413e-01
4.715164172177747082e-01
4.717484626986889196e-01
4.719805081796031865e-01
4.722125536605174534e-01
4.722125536605174534e-01
4.729086901032602541e-01
4.732567583246316545e-01
4.733727810650887324e-01
4.738368720269172663e-01
4.746490312101172004e-01
4.747650539505743339e-01
4.749970994314885453e-01
4.753451676528599457e-01
4.753451676528599457e-01
4.758092586146884795e-01
4.760413040956027464e-01
4.761573268360598798e-01
4.766214177978884137e-01
4.767374405383454916e-01
4.772015315001740254e-01
4.778976679429168262e-01
4.782457361642882265e-01
4.789418726070309718e-01
4.791739180879452387e-01
4.791739180879452387e-01
4.794059635688595056e-01
4.796380090497737725e-01
4.802181227520593843e-01
4.804501682329736512e-01
4.804501682329736512e-01
4.806822137138879181e-01
4.807982364543450515e-01
4.810302819352593184e-01
4.810302819352593184e-01
4.811463046757164519e-01
4.813783501566307188e-01
4.818424411184591971e-01
4.819584638589163306e-01
4.821905093398305975e-01
4.821905093398305975e-01
4.823065320802877309e-01
4.826546003016591313e-01
4.828866457825733982e-01
4.835827822253161434e-01
4.838148277062304103e-01
4.840468731871446773e-01
4.845109641489732111e-01
4.850910778512588228e-01
4.852071005917159563e-01
4.870634644390300361e-01
4.872955099199443030e-01
4.884557373245155820e-01
4.886877828054298489e-01
4.889198282863441158e-01
4.889198282863441158e-01
4.893839192481726497e-01
4.896159647290869166e-01
4.901960784313725283e-01
4.904281239122867952e-01
4.907761921336581956e-01
4.910082376145724625e-01
4.914723285764009963e-01
4.917043740573152077e-01
4.918203967977723412e-01
4.920524422786866081e-01
4.921684650191437416e-01
4.921684650191437416e-01
4.929806242023436758e-01
4.934447151641721541e-01
4.935607379046292875e-01
4.937927833855435544e-01
4.951850562710291004e-01
4.956491472328576342e-01
4.957651699733147677e-01
4.957651699733147677e-01
4.962292609351433015e-01
4.964613064160575684e-01
4.965773291565147018e-01
4.968093746374289132e-01
4.977375565610859809e-01
4.979696020420002478e-01
4.984336930038287261e-01
4.985497157442858596e-01
4.987817612252001265e-01
4.990138067061143934e-01
4.995939204084000607e-01
5.000580113702285390e-01
5.009861932938856066e-01
5.012182387747998735e-01
5.013342615152569515e-01
5.015663069961712184e-01
5.021464206984569412e-01
5.026105116602853640e-01
5.030746026221138978e-01
5.031906253625710868e-01
5.034226708434853537e-01
5.036547163243996206e-01
5.038867618053138875e-01
5.040027845457709654e-01
5.041188072862281544e-01
5.042348300266852323e-01
5.046989209885137662e-01
5.050469892098851110e-01
5.055110801717136448e-01
5.056271029121708338e-01
5.058591483930849897e-01
5.059751711335421787e-01
5.062072166144564456e-01
5.067873303167420573e-01
5.070193757976563242e-01
5.073674440190277801e-01
5.075994894999419360e-01
5.077155122403991250e-01
5.079475577213133919e-01
5.080635804617704698e-01
5.082956259426847367e-01
5.086436941640561926e-01
5.088757396449704595e-01
5.095718760877131492e-01
5.098039215686274161e-01
5.105000580113702169e-01
5.108481262327416728e-01
5.110801717136558286e-01
5.113122171945700956e-01
5.116602854159415514e-01
5.124724445991414301e-01
5.127044900800556970e-01
5.127044900800556970e-01
5.139807402250841095e-01
5.139807402250841095e-01
5.142127857059983764e-01
5.172293769578837352e-01
5.176934679197122691e-01
5.182735816219978808e-01
5.185056271029121477e-01
5.188536953242836036e-01
5.190857408051978705e-01
5.195498317670262933e-01
5.197818772479405602e-01
5.203619909502262830e-01
5.205940364311405499e-01
5.209421046525118948e-01
5.212901728738832396e-01
5.215222183547975066e-01
5.215222183547975066e-01
5.226824457593688411e-01
5.229144912402831080e-01
5.234946049425687198e-01
5.234946049425687198e-01
5.253509687898828551e-01
5.255830142707971220e-01
5.285996055226824808e-01
5.285996055226824808e-01
5.288316510035967477e-01
5.290636964845110146e-01
5.296438101867966264e-01
5.298758556677108933e-01
5.299918784081679712e-01
5.302239238890822381e-01
5.313841512936535727e-01
5.316161967745678396e-01
5.318482422554821065e-01
5.320802877363963734e-01
5.323123332173106403e-01
5.325443786982249073e-01
5.339366515837103977e-01
5.339366515837103977e-01
5.349808562478245433e-01
5.349808562478245433e-01
5.354449472096530771e-01
5.354449472096530771e-01
5.355609699501102661e-01
5.355609699501102661e-01
5.357930154310245330e-01
5.357930154310245330e-01
5.367211973546814896e-01
5.369532428355957565e-01
5.370692655760529455e-01
5.373013110569672124e-01
5.373013110569672124e-01
5.378814247592528242e-01
5.381134702401670911e-01
5.385775612019956249e-01
5.385775612019956249e-01
5.398538113470240374e-01
5.400858568279383043e-01
5.404339250493096491e-01
5.405499477897668381e-01
5.411300614920524499e-01
5.412460842325095278e-01
5.417101751943380616e-01
5.417101751943380616e-01
5.418261979347952506e-01
5.420582434157095175e-01
5.422902888966237844e-01
5.425223343775380513e-01
5.427543798584522072e-01
5.427543798584522072e-01
5.429864253393664741e-01
5.433344935607379300e-01
5.436825617821092749e-01
5.436825617821092749e-01
5.437985845225664638e-01
5.437985845225664638e-01
5.457709711103376771e-01
5.460030165912518330e-01
5.464671075530803668e-01
5.466991530339946337e-01
5.469311985149089006e-01
5.471632439958231675e-01
5.476273349576517013e-01
5.478593804385659682e-01
5.479754031790230462e-01
5.479754031790230462e-01
5.482074486599373131e-01
5.484394941408515800e-01
5.485555168813087690e-01
5.485555168813087690e-01
5.487875623622230359e-01
5.487875623622230359e-01
5.490196078431373028e-01
5.491356305835943807e-01
5.493676760645086476e-01
5.497157442858799925e-01
5.497157442858799925e-01
5.499477897667942594e-01
5.502958579881657153e-01
5.506439262095370601e-01
5.508759716904513271e-01
5.513400626522798609e-01
5.519201763545654726e-01
5.521522218354797396e-01
5.522682445759369285e-01
5.525002900568511954e-01
5.534284719805081521e-01
5.538925629423366859e-01
5.545886993850794866e-01
5.549367676064508315e-01
5.557489267896508212e-01
5.559809722705649770e-01
5.564450632323935109e-01
5.566771087133077778e-01
5.570251769346792337e-01
5.570251769346792337e-01
5.572572224155935006e-01
5.572572224155935006e-01
5.577213133774219234e-01
5.578373361178791123e-01
5.578373361178791123e-01
5.583014270797076462e-01
5.585334725606219131e-01
5.587655180415361800e-01
5.589975635224504469e-01
5.592296090033647138e-01
5.594616544842788697e-01
5.598097227056503256e-01
5.600417681865645925e-01
5.603898364079359373e-01
5.606218818888502042e-01
5.612019955911358160e-01
5.614340410720500829e-01
5.616660865529643498e-01
5.616660865529643498e-01
5.620141547743358057e-01
5.636384731407355630e-01
5.638705186216498300e-01
5.654948369880496983e-01
5.657268824689639652e-01
5.661909734307923880e-01
5.664230189117066550e-01
5.664230189117066550e-01
5.670031326139923777e-01
5.670031326139923777e-01
5.675832463162779895e-01
5.675832463162779895e-01
5.680473372781065233e-01
5.683954054994778682e-01
5.683954054994778682e-01
5.686274509803921351e-01
5.687434737208493241e-01
5.696716556445062807e-01
5.696716556445062807e-01
5.699037011254205476e-01
5.699037011254205476e-01
5.700197238658777366e-01
5.700197238658777366e-01
5.705998375681633483e-01
5.707158603086205373e-01
5.710639285299918821e-01
5.715280194918204160e-01
5.717600649727346829e-01
5.717600649727346829e-01
5.728042696368488285e-01
5.730363151177630954e-01
5.731523378582201733e-01
5.733843833391344402e-01
5.735004060795916292e-01
5.737324515605058961e-01
5.738484743009629740e-01
5.738484743009629740e-01
5.745446107437057748e-01
5.750087017055343086e-01
5.751247244459913865e-01
5.753567699269056535e-01
5.757048381482771093e-01
5.759368836291913762e-01
5.760529063696484542e-01
5.762849518505627211e-01
5.762849518505627211e-01
5.765169973314769880e-01
5.768650655528483329e-01
5.769810882933055218e-01
5.774451792551340557e-01
5.776772247360482115e-01
5.777932474765054005e-01
5.777932474765054005e-01
5.789534748810767351e-01
5.791855203619910020e-01
5.797656340642766137e-01
5.799976795451908806e-01
5.803457477665622255e-01
5.803457477665622255e-01
5.809258614688479483e-01
5.811579069497621042e-01
5.815059751711335601e-01
5.819700661329620939e-01
5.820860888734191718e-01
5.823181343543334387e-01
5.831302935375333174e-01
5.831302935375333174e-01
5.835943844993618512e-01
5.838264299802761181e-01
5.840584754611903850e-01
5.840584754611903850e-01
5.845225664230189189e-01
5.845225664230189189e-01
5.847546119039331858e-01
5.848706346443902637e-01
5.848706346443902637e-01
5.849866573848474527e-01
5.849866573848474527e-01
5.856827938275902534e-01
5.859148393085045203e-01
5.863789302703329431e-01
5.868430212321614770e-01
5.874231349344471997e-01
5.876551804153613556e-01
5.880032486367328115e-01
5.883513168581041564e-01
5.884673395985613453e-01
5.886993850794756122e-01
5.897435897435897578e-01
5.898596124840468358e-01
5.903237034458753696e-01
5.905557489267896365e-01
5.909038171481610924e-01
5.911358626290752483e-01
5.912518853695324372e-01
5.912518853695324372e-01
5.914839308504467041e-01
5.915999535909037821e-01
5.918319990718180490e-01
5.918319990718180490e-01
5.920640445527323159e-01
5.922960900336465828e-01
5.925281355145608497e-01
5.936883629191321843e-01
5.939204084000464512e-01
5.948485903237034078e-01
5.948485903237034078e-01
5.950806358046176747e-01
5.953126812855319416e-01
5.954287040259891306e-01
5.956607495069033975e-01
5.975171133542174218e-01
5.977491588351316887e-01
5.987933634992458343e-01
5.987933634992458343e-01
5.990254089801601012e-01
5.991414317206172901e-01
5.993734772015314460e-01
5.996055226824457129e-01
5.998375681633599799e-01
6.005337046061027806e-01
6.007657500870170475e-01
6.014618865297598482e-01
6.014618865297598482e-01
6.016939320106741151e-01
6.018099547511311931e-01
6.023900684534169159e-01
6.028541594152453387e-01
6.032022276366167945e-01
6.032022276366167945e-01
6.038983640793595953e-01
6.043624550411880181e-01
6.050585914839308188e-01
6.052906369648450857e-01
6.054066597053022747e-01
6.054066597053022747e-01
6.057547279266736195e-01
6.057547279266736195e-01
6.062188188885021534e-01
6.064508643694164203e-01
6.065668871098734982e-01
6.067989325907877651e-01
6.090033646594732453e-01
6.090033646594732453e-01
6.098155238426731239e-01
6.100475693235873909e-01
6.106276830258731136e-01
6.106276830258731136e-01
6.108597285067873806e-01
6.112077967281587254e-01
6.116718876899872592e-01
6.120199559113586041e-01
6.121359786518157931e-01
6.122520013922728710e-01
6.124840468731871379e-01
6.150365471632439629e-01
6.150365471632439629e-01
6.152685926441582298e-01
6.155006381250724967e-01
6.180531384151293217e-01
6.182851838960435886e-01
6.184012066365007776e-01
6.184012066365007776e-01
6.186332521174150445e-01
6.186332521174150445e-01
6.193293885601578452e-01
6.193293885601578452e-01
6.203735932242719908e-01
6.206056387051862577e-01
6.211857524074718695e-01
6.214177978883861364e-01
6.221139343311289371e-01
6.223459798120432040e-01
6.230421162547858938e-01
6.231581389952430827e-01
6.231581389952430827e-01
6.233901844761573496e-01
6.233901844761573496e-01
6.235062072166144276e-01
6.237382526975286945e-01
6.239702981784429614e-01
6.239702981784429614e-01
6.244343891402714952e-01
6.244343891402714952e-01
6.245504118807285732e-01
6.247824573616428401e-01
6.250145028425571070e-01
6.250145028425571070e-01
6.252465483234713739e-01
6.253625710639285629e-01
6.253625710639285629e-01
6.257106392852999077e-01
6.259426847662141746e-01
6.260587075066712526e-01
6.260587075066712526e-01
6.265227984684997864e-01
6.267548439494140533e-01
6.288432532776424555e-01
6.288432532776424555e-01
6.290752987585567224e-01
6.290752987585567224e-01
6.304675716440422129e-01
6.306996171249564798e-01
6.309316626058707467e-01
6.309316626058707467e-01
6.318598445295278143e-01
6.320918900104420812e-01
6.332521174150133048e-01
6.337162083768418386e-01
6.340642765982132945e-01
6.342963220791275614e-01
6.351084812623274400e-01
6.351084812623274400e-01
6.353405267432417070e-01
6.353405267432417070e-01
6.354565494836987849e-01
6.354565494836987849e-01
6.358046177050702408e-01
6.360366631859845077e-01
6.363847314073558525e-01
6.363847314073558525e-01
6.366167768882701194e-01
6.366167768882701194e-01
6.370808678500986533e-01
6.370808678500986533e-01
6.371968905905557312e-01
6.374289360714699981e-01
6.377770042928413430e-01
6.377770042928413430e-01
6.378930270332985319e-01
6.381250725142127989e-01
6.383571179951270658e-01
6.389372316974126775e-01
6.391692771783269444e-01
6.396333681401554783e-01
6.396333681401554783e-01
6.399814363615268231e-01
6.402134818424410900e-01
6.420698456897552253e-01
6.420698456897552253e-01
6.431140503538693709e-01
6.433460958347836378e-01
6.438101867966121716e-01
6.439262095370692496e-01
6.446223459798120503e-01
6.446223459798120503e-01
6.449704142011833952e-01
6.452024596820976621e-01
6.457825733843833849e-01
6.457825733843833849e-01
6.461306416057547297e-01
6.463626870866689966e-01
6.467107553080403415e-01
6.474068917507831422e-01
6.478709827126116760e-01
6.486831418958115547e-01
6.486831418958115547e-01
6.492632555980972775e-01
6.494953010790114334e-01
6.496113238194686224e-01
6.498433693003828893e-01
6.511196194454113018e-01
6.513516649263255687e-01
6.513516649263255687e-01
6.516997331476969135e-01
6.516997331476969135e-01
6.518157558881541025e-01
6.518157558881541025e-01
6.526279150713539812e-01
6.526279150713539812e-01
6.537881424759253157e-01
6.537881424759253157e-01
6.550643926209537282e-01
6.551804153614108062e-01
6.568047337278106745e-01
6.570367792087249414e-01
6.571528019491820194e-01
6.571528019491820194e-01
6.576168929110105532e-01
6.578489383919248201e-01
6.586610975751246988e-01
6.586610975751246988e-01
6.587771203155818878e-01
6.590091657964961547e-01
6.601693932010673782e-01
6.605174614224388341e-01
6.621417797888385914e-01
6.621417797888385914e-01
6.633020071934099260e-01
6.635340526743241929e-01
6.646942800788954164e-01
6.651583710407239503e-01
6.653904165216382172e-01
6.653904165216382172e-01
6.656224620025524841e-01
6.671307576284951635e-01
6.673628031094094304e-01
6.675948485903236973e-01
6.678268940712379642e-01
6.684070077735235760e-01
6.685230305139807649e-01
6.686390532544378429e-01
6.688710987353521098e-01
6.700313261399234444e-01
6.700313261399234444e-01
6.710755308040375899e-01
6.713075762849518568e-01
6.713075762849518568e-01
6.732799628727230701e-01
6.735120083536373370e-01
6.735120083536373370e-01
6.738600765750086818e-01
6.740921220559229488e-01
6.740921220559229488e-01
6.744401902772944046e-01
6.746722357582085605e-01
6.750203039795800164e-01
6.757164404223228171e-01
6.757164404223228171e-01
6.759484859032370840e-01
6.764125768650655068e-01
6.764125768650655068e-01
6.767606450864369627e-01
6.767606450864369627e-01
6.768766678268940407e-01
6.768766678268940407e-01
6.778048497505511083e-01
6.780368952314653752e-01
6.787330316742081759e-01
6.787330316742081759e-01
6.793131453764937877e-01
6.795451908574080546e-01
6.818656456665506127e-01
6.818656456665506127e-01
6.823297366283791465e-01
6.825617821092934134e-01
6.834899640329504811e-01
6.834899640329504811e-01
6.840700777352360928e-01
6.843021232161503598e-01
6.844181459566075487e-01
6.844181459566075487e-01
6.849982596588931605e-01
6.851142823993502384e-01
6.853463278802645053e-01
6.853463278802645053e-01
6.872026917275786406e-01
6.872026917275786406e-01
6.878988281703213303e-01
6.881308736512355972e-01
6.889430328344355869e-01
6.889430328344355869e-01
6.891750783153498539e-01
6.894071237962641208e-01
6.894071237962641208e-01
6.899872374985497325e-01
6.901032602390068105e-01
6.912634876435781450e-01
6.914955331244924119e-01
6.914955331244924119e-01
6.916115558649494899e-01
6.916115558649494899e-01
6.917275786054066788e-01
6.919596240863209458e-01
6.924237150481494796e-01
6.924237150481494796e-01
6.927717832695208244e-01
6.927717832695208244e-01
6.931198514908921693e-01
6.931198514908921693e-01
6.932358742313493583e-01
6.932358742313493583e-01
6.936999651931778921e-01
6.938159879336349700e-01
6.939320106740921590e-01
6.939320106740921590e-01
6.939320106740921590e-01
6.943961016359206928e-01
6.946281471168348487e-01
6.953242835595776494e-01
6.953242835595776494e-01
6.961364427427776391e-01
6.961364427427776391e-01
6.963684882236917950e-01
6.963684882236917950e-01
6.975287156282631296e-01
6.975287156282631296e-01
6.979928065900916634e-01
6.982248520710059303e-01
7.007773523610627553e-01
7.010093978419770222e-01
7.011254205824342112e-01
7.011254205824342112e-01
7.012414433228912891e-01
7.012414433228912891e-01
7.027497389488339685e-01
7.027497389488339685e-01
7.047221255366051818e-01
7.047221255366051818e-01
7.054182619793479825e-01
7.055342847198050604e-01
7.056503074602622494e-01
7.056503074602622494e-01
7.057663302007193273e-01
7.064624666434621281e-01
7.064624666434621281e-01
7.066945121243763950e-01
7.069265576052906619e-01
7.073906485671191957e-01
7.073906485671191957e-01
7.075066713075762737e-01
7.077387167884905406e-01
7.084348532312333413e-01
7.084348532312333413e-01
7.085508759716904192e-01
7.085508759716904192e-01
7.086668987121476082e-01
7.086668987121476082e-01
7.091309896739761420e-01
7.093630351548904089e-01
7.098271261167188317e-01
7.099431488571760207e-01
7.112193990022044332e-01
7.112193990022044332e-01
7.114514444831187001e-01
7.114514444831187001e-01
7.115674672235757781e-01
7.116834899640329670e-01
7.140039447731755251e-01
7.140039447731755251e-01
7.142359902540897920e-01
7.142359902540897920e-01
7.143520129945469810e-01
7.143520129945469810e-01
7.144680357350040589e-01
7.144680357350040589e-01
7.145840584754611369e-01
7.148161039563754038e-01
7.159763313609467383e-01
7.160923541014039273e-01
7.172525815059751508e-01
7.172525815059751508e-01
7.177166724678036847e-01
7.177166724678036847e-01
7.191089453532892861e-01
7.191089453532892861e-01
7.194570135746606310e-01
7.194570135746606310e-01
7.195730363151177089e-01
7.195730363151177089e-01
7.200371272769462427e-01
7.200371272769462427e-01
7.205012182387747766e-01
7.207332637196890435e-01
7.214294001624318442e-01
7.214294001624318442e-01
7.215454229028889221e-01
7.216614456433461111e-01
7.223575820860889118e-01
7.223575820860889118e-01
7.239819004524886692e-01
7.242139459334029361e-01
7.244459914143172030e-01
7.244459914143172030e-01
7.253741733379742707e-01
7.253741733379742707e-01
7.264183780020884162e-01
7.264183780020884162e-01
7.269984917043740280e-01
7.272305371852882949e-01
7.273465599257454839e-01
7.273465599257454839e-01
7.274625826662025618e-01
7.274625826662025618e-01
7.283907645898596295e-01
7.285067873303167074e-01
7.301311056967165758e-01
7.301311056967165758e-01
7.302471284371736537e-01
7.302471284371736537e-01
7.318714468035735221e-01
7.318714468035735221e-01
7.319874695440306001e-01
7.319874695440306001e-01
7.323355377654020559e-01
7.325675832463163228e-01
7.327996287272305898e-01
7.327996287272305898e-01
7.330316742081447456e-01
7.330316742081447456e-01
7.331476969486019346e-01
7.333797424295162015e-01
7.336117879104304684e-01
7.352361062768302258e-01
7.352361062768302258e-01
7.353521290172874147e-01
7.353521290172874147e-01
7.357001972386587596e-01
7.357001972386587596e-01
7.366283791623158272e-01
7.368604246432300942e-01
7.373245156050586280e-01
7.373245156050586280e-01
7.374405383455157059e-01
7.374405383455157059e-01
7.375565610859728949e-01
7.375565610859728949e-01
7.377886065668871618e-01
7.380206520478013177e-01
7.382526975287155846e-01
7.383687202691727736e-01
7.389488339714583853e-01
7.389488339714583853e-01
7.390648567119155743e-01
7.390648567119155743e-01
7.392969021928298412e-01
7.392969021928298412e-01
7.398770158951154530e-01
7.398770158951154530e-01
7.401090613760297199e-01
7.401090613760297199e-01
7.404571295974010647e-01
7.404571295974010647e-01
7.406891750783153316e-01
7.408051978187725206e-01
7.408051978187725206e-01
7.409212205592295986e-01
7.409212205592295986e-01
7.416173570019723993e-01
7.416173570019723993e-01
7.418494024828866662e-01
7.420814479638009331e-01
7.423134934447152000e-01
7.423134934447152000e-01
7.431256526279150787e-01
7.431256526279150787e-01
7.434737208492864236e-01
7.435897435897436125e-01
7.441698572920292243e-01
7.444019027729434912e-01
7.453300846966005588e-01
7.453300846966005588e-01
7.457941756584290927e-01
7.457941756584290927e-01
7.460262211393433596e-01
7.464903121011717824e-01
7.464903121011717824e-01
7.467223575820860493e-01
7.467223575820860493e-01
7.475345167652860390e-01
7.475345167652860390e-01
7.479986077271144618e-01
7.482306532080287287e-01
7.486947441698572625e-01
7.486947441698572625e-01
7.491588351316857963e-01
7.491588351316857963e-01
7.492748578721429853e-01
7.493908806126000632e-01
7.497389488339714081e-01
7.497389488339714081e-01
7.517113354217426213e-01
7.517113354217426213e-01
7.526395173453996890e-01
7.528715628263139559e-01
7.528715628263139559e-01
7.533356537881424897e-01
7.534516765285995676e-01
7.540317902308852904e-01
7.540317902308852904e-01
7.542638357117995573e-01
7.542638357117995573e-01
7.547279266736279801e-01
7.547279266736279801e-01
7.558881540781993147e-01
7.558881540781993147e-01
7.560041768186565037e-01
7.560041768186565037e-01
7.569323587423134603e-01
7.571644042232277272e-01
7.579765634064276059e-01
7.582086088873418728e-01
7.592528135514561294e-01
7.594848590323703963e-01
7.594848590323703963e-01
7.598329272537417411e-01
7.598329272537417411e-01
7.602970182155702750e-01
7.605290636964845419e-01
7.606450864369416198e-01
7.609931546583130757e-01
7.609931546583130757e-01
7.611091773987701536e-01
7.613412228796844206e-01
7.622694048033414882e-01
7.622694048033414882e-01
7.623854275437985661e-01
7.623854275437985661e-01
7.626174730247128331e-01
7.626174730247128331e-01
7.627334957651700220e-01
7.629655412460841779e-01
7.630815639865413669e-01
7.630815639865413669e-01
7.635456549483699007e-01
7.635456549483699007e-01
7.641257686506555125e-01
7.641257686506555125e-01
7.642417913911127014e-01
7.642417913911127014e-01
7.644738368720269683e-01
7.644738368720269683e-01
7.651699733147696580e-01
7.651699733147696580e-01
7.655180415361411139e-01
7.655180415361411139e-01
7.663302007193409926e-01
7.663302007193409926e-01
7.665622462002552595e-01
7.669103144216266044e-01
7.669103144216266044e-01
7.685346327880264727e-01
7.685346327880264727e-01
7.686506555284835507e-01
7.686506555284835507e-01
7.694628147116835404e-01
7.696948601925976963e-01
7.700429284139691521e-01
7.702749738948834191e-01
7.712031558185404867e-01
7.712031558185404867e-01
7.721313377421974433e-01
7.721313377421974433e-01
7.723633832231117102e-01
7.723633832231117102e-01
7.728274741849402441e-01
7.728274741849402441e-01
7.730595196658545110e-01
7.730595196658545110e-01
7.744517925513401124e-01
7.744517925513401124e-01
7.766562246200254815e-01
7.766562246200254815e-01
7.768882701009397485e-01
7.768882701009397485e-01
7.771203155818540154e-01
7.772363383223112043e-01
7.772363383223112043e-01
7.774683838032254712e-01
7.774683838032254712e-01
7.777004292841397382e-01
7.777004292841397382e-01
7.780484975055110830e-01
7.780484975055110830e-01
7.785125884673396168e-01
7.785125884673396168e-01
7.789766794291681506e-01
7.789766794291681506e-01
7.792087249100824176e-01
7.792087249100824176e-01
7.794407703909966845e-01
7.794407703909966845e-01
7.802529295741965631e-01
7.803689523146536411e-01
7.806009977955679080e-01
7.806009977955679080e-01
7.814131569787677867e-01
7.815291797192249756e-01
7.815291797192249756e-01
7.819932706810535095e-01
7.819932706810535095e-01
7.822253161619677764e-01
7.823413389024248543e-01
7.828054298642533881e-01
7.828054298642533881e-01
7.829214526047105771e-01
7.829214526047105771e-01
7.831534980856247330e-01
7.832695208260819220e-01
7.832695208260819220e-01
7.833855435665389999e-01
7.833855435665389999e-01
7.836175890474532668e-01
7.836175890474532668e-01
7.841977027497389896e-01
7.844297482306532565e-01
7.850098619329388683e-01
7.850098619329388683e-01
7.852419074138531352e-01
7.852419074138531352e-01
7.853579301543102131e-01
7.853579301543102131e-01
7.869822485207100815e-01
7.869822485207100815e-01
7.873303167420814264e-01
7.873303167420814264e-01
7.876783849634528822e-01
7.876783849634528822e-01
7.879104304443671491e-01
7.879104304443671491e-01
7.882584986657384940e-01
7.882584986657384940e-01
7.889546351084812947e-01
7.889546351084812947e-01
7.891866805893955616e-01
7.891866805893955616e-01
7.896507715512239844e-01
7.898828170321382514e-01
7.908109989557953190e-01
7.908109989557953190e-01
7.909270216962525080e-01
7.909270216962525080e-01
7.912750899176238528e-01
7.915071353985381197e-01
7.916231581389951977e-01
7.916231581389951977e-01
7.920872491008237315e-01
7.920872491008237315e-01
7.928994082840237212e-01
7.931314537649378771e-01
7.932474765053950660e-01
7.932474765053950660e-01
7.938275902076806778e-01
7.939436129481378668e-01
7.946397493908806675e-01
7.946397493908806675e-01
7.947557721313377455e-01
7.947557721313377455e-01
7.948717948717948234e-01
7.948717948717948234e-01
7.966121359786517697e-01
7.966121359786517697e-01
7.967281587191089587e-01
7.967281587191089587e-01
7.971922496809374925e-01
7.974242951618517594e-01
7.974242951618517594e-01
7.978883861236802932e-01
7.978883861236802932e-01
7.990486135282515168e-01
7.990486135282515168e-01
7.992806590091657837e-01
7.992806590091657837e-01
7.993966817496229726e-01
7.993966817496229726e-01
7.997447499709943175e-01
7.997447499709943175e-01
7.999767954519085844e-01
7.999767954519085844e-01
8.000928181923656624e-01
8.000928181923656624e-01
8.003248636732799293e-01
8.003248636732799293e-01
8.005569091541941962e-01
8.005569091541941962e-01
8.011370228564799190e-01
8.011370228564799190e-01
8.013690683373940749e-01
8.013690683373940749e-01
8.020652047801368756e-01
8.020652047801368756e-01
8.021812275205940646e-01
8.021812275205940646e-01
8.029933867037939432e-01
8.029933867037939432e-01
8.048497505511079675e-01
8.048497505511079675e-01
8.062420234365935690e-01
8.062420234365935690e-01
8.064740689175078359e-01
8.064740689175078359e-01
8.072862281007077145e-01
8.072862281007077145e-01
8.101867966121359954e-01
8.101867966121359954e-01
8.103028193525930734e-01
8.103028193525930734e-01
8.105348648335073403e-01
8.105348648335073403e-01
8.116950922380786748e-01
8.116950922380786748e-01
8.118111149785357528e-01
8.118111149785357528e-01
8.122752059403642866e-01
8.122752059403642866e-01
8.141315697876784219e-01
8.141315697876784219e-01
8.143636152685926888e-01
8.144796380090497667e-01
8.145956607495069557e-01
8.148277062304211116e-01
8.148277062304211116e-01
8.149437289708783005e-01
8.150597517113353785e-01
8.151757744517925675e-01
8.151757744517925675e-01
8.164520245968209800e-01
8.164520245968209800e-01
8.166840700777352469e-01
8.166840700777352469e-01
8.170321382991065917e-01
8.170321382991065917e-01
8.171481610395637807e-01
8.173802065204780476e-01
8.173802065204780476e-01
8.177282747418493924e-01
8.177282747418493924e-01
8.178442974823065814e-01
8.178442974823065814e-01
8.179603202227636594e-01
8.180763429632207373e-01
8.181923657036779263e-01
8.181923657036779263e-01
8.185404339250492711e-01
8.185404339250492711e-01
8.192365703677920719e-01
8.192365703677920719e-01
8.199327068105348726e-01
8.199327068105348726e-01
8.200487295509919505e-01
8.200487295509919505e-01
8.205128205128204844e-01
8.206288432532776733e-01
8.212089569555632851e-01
8.212089569555632851e-01
8.219050933983060858e-01
8.219050933983060858e-01
8.228332753219631535e-01
8.230653208028773093e-01
8.230653208028773093e-01
8.235294117647058432e-01
8.235294117647058432e-01
8.246896391692771777e-01
8.246896391692771777e-01
8.249216846501914446e-01
8.249216846501914446e-01
8.260819120547627792e-01
8.260819120547627792e-01
8.264299802761341240e-01
8.264299802761341240e-01
8.278222531616197255e-01
8.282863441234481483e-01
8.285183896043624152e-01
8.285183896043624152e-01
8.286344123448196042e-01
8.288664578257338711e-01
8.288664578257338711e-01
8.290985033066481380e-01
8.290985033066481380e-01
8.292145260471052159e-01
8.292145260471052159e-01
8.293305487875624049e-01
8.293305487875624049e-01
8.294465715280194829e-01
8.294465715280194829e-01
8.308388444135050843e-01
8.308388444135050843e-01
8.310708898944193512e-01
8.310708898944193512e-01
8.314189581157906961e-01
8.314189581157906961e-01
8.315349808562477740e-01
8.317670263371620409e-01
8.324631627799048417e-01
8.324631627799048417e-01
8.343195266272189770e-01
8.343195266272189770e-01
8.350156630699616667e-01
8.350156630699616667e-01
8.353637312913331225e-01
8.353637312913331225e-01
8.361758904745330012e-01
8.361758904745330012e-01
8.362919132149901902e-01
8.362919132149901902e-01
8.367560041768186130e-01
8.367560041768186130e-01
8.374521406195614137e-01
8.374521406195614137e-01
8.378002088409328696e-01
8.378002088409328696e-01
8.381482770623042144e-01
8.381482770623042144e-01
8.386123680241327483e-01
8.386123680241327483e-01
8.390764589859612821e-01
8.390764589859612821e-01
8.393085044668755490e-01
8.394245272073326269e-01
8.394245272073326269e-01
8.395405499477898159e-01
8.395405499477898159e-01
8.396565726882468939e-01
8.396565726882468939e-01
8.401206636500754277e-01
8.401206636500754277e-01
8.407007773523610394e-01
8.407007773523610394e-01
8.409328228332753064e-01
8.409328228332753064e-01
8.420930502378466409e-01
8.420930502378466409e-01
8.423250957187609078e-01
8.423250957187609078e-01
8.429052094210465196e-01
8.429052094210465196e-01
8.434853231233321313e-01
8.434853231233321313e-01
8.438333913447035872e-01
8.438333913447035872e-01
8.444135050469891990e-01
8.444135050469891990e-01
8.452256642301890777e-01
8.452256642301890777e-01
8.456897551920176115e-01
8.456897551920176115e-01
8.465019143752174902e-01
8.465019143752174902e-01
8.466179371156746791e-01
8.466179371156746791e-01
8.469660053370460240e-01
8.469660053370460240e-01
8.470820280775032129e-01
8.470820280775032129e-01
8.471980508179602909e-01
8.471980508179602909e-01
8.473140735584174799e-01
8.473140735584174799e-01
8.476621417797888247e-01
8.476621417797888247e-01
8.500986193293885718e-01
8.500986193293885718e-01
8.503306648103028387e-01
8.503306648103028387e-01
8.506787330316741835e-01
8.506787330316741835e-01
8.511428239935027174e-01
8.511428239935027174e-01
8.518389604362455181e-01
8.518389604362455181e-01
8.519549831767025960e-01
8.519549831767025960e-01
8.523030513980740519e-01
8.523030513980740519e-01
8.524190741385311298e-01
8.524190741385311298e-01
8.525350968789883188e-01
8.525350968789883188e-01
8.526511196194453968e-01
8.526511196194453968e-01
8.528831651003596637e-01
8.528831651003596637e-01
8.533472560621881975e-01
8.533472560621881975e-01
8.536953242835595423e-01
8.536953242835595423e-01
8.539273697644738093e-01
8.541594152453880762e-01
8.543914607263023431e-01
8.543914607263023431e-01
8.548555516881308769e-01
8.548555516881308769e-01
8.549715744285879548e-01
8.549715744285879548e-01
8.565958927949878232e-01
8.565958927949878232e-01
8.577561201995591578e-01
8.577561201995591578e-01
8.584522566423018475e-01
8.584522566423018475e-01
8.594964613064161041e-01
8.594964613064161041e-01
8.605406659705302497e-01
8.605406659705302497e-01
8.613528251537301283e-01
8.613528251537301283e-01
8.614688478941872063e-01
8.614688478941872063e-01
8.622810070773871960e-01
8.622810070773871960e-01
8.623970298178442739e-01
8.623970298178442739e-01
8.632091890010441526e-01
8.632091890010441526e-01
8.633252117415013416e-01
8.633252117415013416e-01
8.635572572224156085e-01
8.635572572224156085e-01
8.646014618865297541e-01
8.646014618865297541e-01
8.647174846269869430e-01
8.647174846269869430e-01
8.649495301079010989e-01
8.649495301079010989e-01
8.652975983292725548e-01
8.652975983292725548e-01
8.655296438101868217e-01
8.655296438101868217e-01
8.657616892911010886e-01
8.657616892911010886e-01
8.666898712147580452e-01
8.666898712147580452e-01
8.668058939552152342e-01
8.668058939552152342e-01
8.671539621765865791e-01
8.671539621765865791e-01
8.672699849170437680e-01
8.672699849170437680e-01
8.679661213597865688e-01
8.679661213597865688e-01
8.685462350620721805e-01
8.685462350620721805e-01
8.687782805429864474e-01
8.687782805429864474e-01
8.693583942452720592e-01
8.693583942452720592e-01
8.699385079475576710e-01
8.699385079475576710e-01
8.701705534284719379e-01
8.701705534284719379e-01
8.707506671307576607e-01
8.707506671307576607e-01
8.710987353521290055e-01
8.710987353521290055e-01
8.715628263139575393e-01
8.715628263139575393e-01
8.719108945353288842e-01
8.719108945353288842e-01
8.720269172757860732e-01
8.720269172757860732e-01
8.722589627567003401e-01
8.728390764589859518e-01
8.728390764589859518e-01
8.730711219399002188e-01
8.730711219399002188e-01
8.738832811231000974e-01
8.738832811231000974e-01
8.750435085276714320e-01
8.750435085276714320e-01
8.751595312681285099e-01
8.751595312681285099e-01
8.752755540085856989e-01
8.752755540085856989e-01
8.753915767490427768e-01
8.753915767490427768e-01
8.757396449704142327e-01
8.757396449704142327e-01
8.758556677108713107e-01
8.759716904513284996e-01
8.759716904513284996e-01
8.763197586726998445e-01
8.763197586726998445e-01
8.766678268940711893e-01
8.766678268940711893e-01
8.768998723749854562e-01
8.768998723749854562e-01
8.772479405963569121e-01
8.772479405963569121e-01
8.775960088177282570e-01
8.775960088177282570e-01
8.778280542986425239e-01
8.778280542986425239e-01
8.781761225200138687e-01
8.781761225200138687e-01
8.785241907413853246e-01
8.785241907413853246e-01
8.792203271841281254e-01
8.792203271841281254e-01
8.798004408864137371e-01
8.798004408864137371e-01
8.799164636268708151e-01
8.799164636268708151e-01
8.800324863673280040e-01
8.800324863673280040e-01
8.803805545886993489e-01
8.803805545886993489e-01
8.806126000696136158e-01
8.806126000696136158e-01
8.808446455505278827e-01
8.808446455505278827e-01
8.814247592528136055e-01
8.814247592528136055e-01
8.816568047337277614e-01
8.816568047337277614e-01
8.821208956955562952e-01
8.821208956955562952e-01
8.822369184360134842e-01
8.822369184360134842e-01
8.823529411764705621e-01
8.823529411764705621e-01
8.824689639169277511e-01
8.824689639169277511e-01
8.828170321382990959e-01
8.828170321382990959e-01
8.829330548787562849e-01
8.829330548787562849e-01
8.831651003596704408e-01
8.831651003596704408e-01
8.832811231001276298e-01
8.832811231001276298e-01
8.835131685810418967e-01
8.835131685810418967e-01
8.838612368024132415e-01
8.838612368024132415e-01
8.842093050237846974e-01
8.842093050237846974e-01
8.845573732451560423e-01
8.845573732451560423e-01
8.849054414665273871e-01
8.849054414665273871e-01
8.850214642069845761e-01
8.850214642069845761e-01
8.857176006497273768e-01
8.857176006497273768e-01
8.865297598329272555e-01
8.865297598329272555e-01
8.867618053138415224e-01
8.867618053138415224e-01
8.868778280542986003e-01
8.868778280542986003e-01
8.880380554588699349e-01
8.880380554588699349e-01
8.881540781993270128e-01
8.881540781993270128e-01
8.888502146420698136e-01
8.888502146420698136e-01
8.889662373825270025e-01
8.889662373825270025e-01
8.891982828634412694e-01
8.891982828634412694e-01
8.894303283443555364e-01
8.894303283443555364e-01
8.896623738252698033e-01
8.896623738252698033e-01
8.897783965657268812e-01
8.897783965657268812e-01
8.901264647870982261e-01
8.901264647870982261e-01
8.903585102680124930e-01
8.903585102680124930e-01
8.904745330084696819e-01
8.904745330084696819e-01
8.905905557489267599e-01
8.905905557489267599e-01
8.910546467107552937e-01
8.910546467107552937e-01
8.918668058939551724e-01
8.918668058939551724e-01
8.923308968557837062e-01
8.923308968557837062e-01
8.924469195962408952e-01
8.924469195962408952e-01
8.927949878176122400e-01
8.927949878176122400e-01
8.929110105580694290e-01
8.929110105580694290e-01
8.930270332985265069e-01
8.930270332985265069e-01
8.934911242603550408e-01
8.934911242603550408e-01
8.936071470008121187e-01
8.936071470008121187e-01
8.937231697412693077e-01
8.937231697412693077e-01
8.939552152221835746e-01
8.939552152221835746e-01
8.947673744053834533e-01
8.947673744053834533e-01
8.953474881076690650e-01
8.953474881076690650e-01
8.954635108481262540e-01
8.954635108481262540e-01
8.958115790694975988e-01
8.958115790694975988e-01
8.960436245504118657e-01
8.960436245504118657e-01
8.962756700313261327e-01
8.962756700313261327e-01
8.967397609931546665e-01
8.967397609931546665e-01
8.968557837336117444e-01
8.968557837336117444e-01
8.969718064740689334e-01
8.969718064740689334e-01
8.970878292145260113e-01
8.970878292145260113e-01
8.974358974358974672e-01
8.974358974358974672e-01
8.975519201763545452e-01
8.975519201763545452e-01
8.982480566190973459e-01
8.982480566190973459e-01
8.994082840236686804e-01
8.994082840236686804e-01
8.995243067641257584e-01
8.995243067641257584e-01
8.999883977259542922e-01
8.999883977259542922e-01
9.001044204664113701e-01
9.001044204664113701e-01
9.003364659473256371e-01
9.003364659473256371e-01
9.004524886877828260e-01
9.004524886877828260e-01
9.005685114282399040e-01
9.005685114282399040e-01
9.008005569091541709e-01
9.008005569091541709e-01
9.010326023900684378e-01
9.010326023900684378e-01
9.011486251305256268e-01
9.011486251305256268e-01
9.012646478709827047e-01
9.013806706114398937e-01
9.014966933518969716e-01
9.014966933518969716e-01
9.017287388328112385e-01
9.017287388328112385e-01
9.027729434969253841e-01
9.027729434969253841e-01
9.031210117182968400e-01
9.031210117182968400e-01
9.033530571992109959e-01
9.033530571992109959e-01
9.034690799396681848e-01
9.034690799396681848e-01
9.038171481610395297e-01
9.038171481610395297e-01
9.040491936419537966e-01
9.040491936419537966e-01
9.042812391228680635e-01
9.042812391228680635e-01
9.047453300846965973e-01
9.047453300846965973e-01
9.049773755656108642e-01
9.049773755656108642e-01
9.054414665274393981e-01
9.054414665274393981e-01
9.055574892678964760e-01
9.055574892678964760e-01
9.060215802297250098e-01
9.060215802297250098e-01
9.064856711915535437e-01
9.066016939320106216e-01
9.067177166724678106e-01
9.067177166724678106e-01
9.068337394129248885e-01
9.068337394129248885e-01
9.069497621533820775e-01
9.069497621533820775e-01
9.071818076342963444e-01
9.071818076342963444e-01
9.075298758556676892e-01
9.075298758556676892e-01
9.076458985961248782e-01
9.076458985961248782e-01
9.083420350388675679e-01
9.083420350388675679e-01
9.085740805197818348e-01
9.085740805197818348e-01
9.089221487411532907e-01
9.089221487411532907e-01
9.092702169625246356e-01
9.092702169625246356e-01
9.093862397029818245e-01
9.093862397029818245e-01
9.096182851838960914e-01
9.096182851838960914e-01
9.097343079243531694e-01
9.097343079243531694e-01
9.098503306648102473e-01
9.098503306648102473e-01
9.098503306648102473e-01
9.099663534052674363e-01
9.099663534052674363e-01
9.100823761457245142e-01
9.100823761457245142e-01
9.101983988861817032e-01
9.101983988861817032e-01
9.105464671075530481e-01
9.105464671075530481e-01
9.106624898480102370e-01
9.106624898480102370e-01
9.108945353289245039e-01
9.108945353289245039e-01
9.120547627334957275e-01
9.120547627334957275e-01
9.121707854739529164e-01
9.121707854739529164e-01
9.124028309548671833e-01
9.124028309548671833e-01
9.125188536953242613e-01
9.125188536953242613e-01
9.126348764357814503e-01
9.126348764357814503e-01
9.127508991762385282e-01
9.127508991762385282e-01
9.128669219166957172e-01
9.128669219166957172e-01
9.133310128785241400e-01
9.133310128785241400e-01
9.135630583594384069e-01
9.137951038403526738e-01
9.137951038403526738e-01
9.139111265808098628e-01
9.139111265808098628e-01
9.144912402830954745e-01
9.144912402830954745e-01
9.146072630235526635e-01
9.146072630235526635e-01
9.148393085044669304e-01
9.148393085044669304e-01
9.149553312449240083e-01
9.149553312449240083e-01
9.150713539853810863e-01
9.150713539853810863e-01
9.156514676876668091e-01
9.156514676876668091e-01
9.161155586494953429e-01
9.161155586494953429e-01
9.162315813899524208e-01
9.162315813899524208e-01
9.163476041304096098e-01
9.163476041304096098e-01
9.165796496113237657e-01
9.165796496113237657e-01
9.166956723517809547e-01
9.166956723517809547e-01
9.171597633136094885e-01
9.171597633136094885e-01
9.173918087945237554e-01
9.173918087945237554e-01
9.179719224968093672e-01
9.179719224968093672e-01
9.180879452372665561e-01
9.180879452372665561e-01
9.182039679777236341e-01
9.182039679777236341e-01
9.183199907181807120e-01
9.183199907181807120e-01
9.184360134586379010e-01
9.184360134586379010e-01
9.187840816800092458e-01
9.187840816800092458e-01
9.192481726418377797e-01
9.192481726418377797e-01
9.195962408632092355e-01
9.195962408632092355e-01
9.201763545654948473e-01
9.201763545654948473e-01
9.204084000464091142e-01
9.204084000464091142e-01
9.205244227868661921e-01
9.205244227868661921e-01
9.215686274509803377e-01
9.215686274509803377e-01
9.220327184128088716e-01
9.220327184128088716e-01
9.224968093746374054e-01
9.224968093746374054e-01
9.226128321150945943e-01
9.226128321150945943e-01
9.230769230769231282e-01
9.230769230769231282e-01
9.231929458173802061e-01
9.231929458173802061e-01
9.233089685578372841e-01
9.233089685578372841e-01
9.234249912982944730e-01
9.234249912982944730e-01
9.235410140387515510e-01
9.235410140387515510e-01
9.237730595196658179e-01
9.237730595196658179e-01
9.238890822601230068e-01
9.238890822601230068e-01
9.240051050005800848e-01
9.240051050005800848e-01
9.241211277410372738e-01
9.241211277410372738e-01
9.242371504814943517e-01
9.242371504814943517e-01
9.243531732219515407e-01
9.243531732219515407e-01
9.245852187028658076e-01
9.245852187028658076e-01
9.247012414433228855e-01
9.247012414433228855e-01
9.248172641837800745e-01
9.248172641837800745e-01
9.252813551456084973e-01
9.252813551456084973e-01
9.255134006265227642e-01
9.255134006265227642e-01
9.256294233669799532e-01
9.256294233669799532e-01
9.257454461074370311e-01
9.257454461074370311e-01
9.258614688478942201e-01
9.258614688478942201e-01
9.263255598097227539e-01
9.263255598097227539e-01
9.264415825501798318e-01
9.264415825501798318e-01
9.269056735120083657e-01
9.269056735120083657e-01
9.270216962524654436e-01
9.270216962524654436e-01
9.271377189929226326e-01
9.271377189929226326e-01
9.274857872142939774e-01
9.274857872142939774e-01
9.277178326952082443e-01
9.277178326952082443e-01
9.278338554356654333e-01
9.278338554356654333e-01
9.279498781761225112e-01
9.279498781761225112e-01
9.281819236570367782e-01
9.281819236570367782e-01
9.282979463974938561e-01
9.282979463974938561e-01
9.284139691379510451e-01
9.284139691379510451e-01
9.286460146188653120e-01
9.286460146188653120e-01
9.291101055806938458e-01
9.291101055806938458e-01
9.293421510616081127e-01
9.293421510616081127e-01
9.294581738020651906e-01
9.294581738020651906e-01
9.296902192829794576e-01
9.296902192829794576e-01
9.299222647638937245e-01
9.299222647638937245e-01
9.300382875043508024e-01
9.300382875043508024e-01
9.303863557257222583e-01
9.303863557257222583e-01
9.305023784661793362e-01
9.305023784661793362e-01
9.306184012066365252e-01
9.306184012066365252e-01
9.310824921684650590e-01
9.310824921684650590e-01
9.314305603898364039e-01
9.314305603898364039e-01
9.316626058707506708e-01
9.316626058707506708e-01
9.317786286112077487e-01
9.317786286112077487e-01
9.321266968325792046e-01
9.321266968325792046e-01
9.322427195730362826e-01
9.322427195730362826e-01
9.324747650539505495e-01
9.324747650539505495e-01
9.325907877944077384e-01
9.325907877944077384e-01
9.329388560157790833e-01
9.329388560157790833e-01
9.332869242371504281e-01
9.332869242371504281e-01
9.336349924585218840e-01
9.336349924585218840e-01
9.337510151989789620e-01
9.337510151989789620e-01
9.339830606798932289e-01
9.339830606798932289e-01
9.345631743821789517e-01
9.345631743821789517e-01
9.346791971226360296e-01
9.346791971226360296e-01
9.347952198630932186e-01
9.347952198630932186e-01
9.351432880844645634e-01
9.351432880844645634e-01
9.352593108249216414e-01
9.352593108249216414e-01
9.354913563058359083e-01
9.354913563058359083e-01
9.357234017867501752e-01
9.357234017867501752e-01
9.358394245272073642e-01
9.358394245272073642e-01
9.359554472676644421e-01
9.359554472676644421e-01
9.360714700081216311e-01
9.360714700081216311e-01
9.363035154890358980e-01
9.363035154890358980e-01
9.365355609699501649e-01
9.365355609699501649e-01
9.368836291913215097e-01
9.368836291913215097e-01
9.371156746722357767e-01
9.371156746722357767e-01
9.373477201531500436e-01
9.373477201531500436e-01
9.375797656340643105e-01
9.375797656340643105e-01
9.376957883745213884e-01
9.376957883745213884e-01
9.378118111149785774e-01
9.378118111149785774e-01
9.379278338554356553e-01
9.379278338554356553e-01
9.380438565958928443e-01
9.380438565958928443e-01
9.381598793363499222e-01
9.381598793363499222e-01
9.382759020768070002e-01
9.382759020768070002e-01
9.383919248172641892e-01
9.383919248172641892e-01
9.388560157790927230e-01
9.388560157790927230e-01
9.389720385195498009e-01
9.389720385195498009e-01
9.394361294813783347e-01
9.394361294813783347e-01
9.395521522218355237e-01
9.395521522218355237e-01
9.396681749622926016e-01
9.396681749622926016e-01
9.397841977027497906e-01
9.397841977027497906e-01
9.400162431836639465e-01
9.400162431836639465e-01
9.401322659241211355e-01
9.401322659241211355e-01
9.408284023668639362e-01
9.408284023668639362e-01
9.414085160691495480e-01
9.414085160691495480e-01
9.415245388096067369e-01
9.415245388096067369e-01
9.416405615500638149e-01
9.416405615500638149e-01
9.421046525118923487e-01
9.421046525118923487e-01
9.422206752523494266e-01
9.422206752523494266e-01
9.425687434737208825e-01
9.425687434737208825e-01
9.428007889546351494e-01
9.428007889546351494e-01
9.429168116950922274e-01
9.429168116950922274e-01
9.431488571760064943e-01
9.431488571760064943e-01
9.433809026569207612e-01
9.433809026569207612e-01
9.434969253973778391e-01
9.434969253973778391e-01
9.436129481378350281e-01
9.436129481378350281e-01
9.441930618401206399e-01
9.441930618401206399e-01
9.444251073210349068e-01
9.444251073210349068e-01
9.445411300614920957e-01
9.445411300614920957e-01
9.447731755424063627e-01
9.447731755424063627e-01
9.448891982828634406e-01
9.448891982828634406e-01
9.450052210233205185e-01
9.450052210233205185e-01
9.452372665042347855e-01
9.452372665042347855e-01
9.455853347256062413e-01
9.455853347256062413e-01
9.459334029469775862e-01
9.459334029469775862e-01
9.460494256874347752e-01
9.460494256874347752e-01
9.461654484278918531e-01
9.461654484278918531e-01
9.462814711683490421e-01
9.462814711683490421e-01
9.463974939088061200e-01
9.463974939088061200e-01
9.465135166492633090e-01
9.465135166492633090e-01
9.466295393897203869e-01
9.466295393897203869e-01
9.467455621301774649e-01
9.467455621301774649e-01
9.470936303515489207e-01
9.470936303515489207e-01
9.472096530920059987e-01
9.472096530920059987e-01
9.474416985729202656e-01
9.474416985729202656e-01
9.476737440538345325e-01
9.476737440538345325e-01
9.479057895347487994e-01
9.479057895347487994e-01
9.481378350156630663e-01
9.481378350156630663e-01
9.482538577561201443e-01
9.482538577561201443e-01
9.483698804965773332e-01
9.483698804965773332e-01
9.484859032370344112e-01
9.484859032370344112e-01
9.495301079011486678e-01
9.495301079011486678e-01
9.497621533820629347e-01
9.497621533820629347e-01
9.498781761225200126e-01
9.498781761225200126e-01
9.499941988629770906e-01
9.499941988629770906e-01
9.501102216034342796e-01
9.501102216034342796e-01
9.503422670843485465e-01
9.503422670843485465e-01
9.504582898248056244e-01
9.504582898248056244e-01
9.505743125652628134e-01
9.505743125652628134e-01
9.509223807866341582e-01
9.509223807866341582e-01
9.510384035270913472e-01
9.510384035270913472e-01
9.512704490080056141e-01
9.512704490080056141e-01
9.515024944889198810e-01
9.515024944889198810e-01
9.516185172293769590e-01
9.516185172293769590e-01
9.518505627102912259e-01
9.518505627102912259e-01
9.519665854507483038e-01
9.519665854507483038e-01
9.521986309316625707e-01
9.521986309316625707e-01
9.523146536721197597e-01
9.523146536721197597e-01
9.524306764125768376e-01
9.524306764125768376e-01
9.528947673744053715e-01
9.528947673744053715e-01
9.530107901148625604e-01
9.530107901148625604e-01
9.531268128553196384e-01
9.531268128553196384e-01
9.533588583362339053e-01
9.533588583362339053e-01
9.534748810766909832e-01
9.534748810766909832e-01
9.535909038171481722e-01
9.535909038171481722e-01
9.538229492980624391e-01
9.538229492980624391e-01
9.539389720385195170e-01
9.539389720385195170e-01
9.541710175194337840e-01
9.541710175194337840e-01
9.542870402598909729e-01
9.542870402598909729e-01
9.546351084812623178e-01
9.546351084812623178e-01
9.547511312217195067e-01
9.547511312217195067e-01
9.548671539621765847e-01
9.548671539621765847e-01
9.549831767026336626e-01
9.549831767026336626e-01
9.555632904049193854e-01
9.555632904049193854e-01
9.556793131453764634e-01
9.556793131453764634e-01
9.557953358858336523e-01
9.557953358858336523e-01
9.559113586262907303e-01
9.559113586262907303e-01
9.562594268476621862e-01
9.562594268476621862e-01
9.564914723285764531e-01
9.564914723285764531e-01
9.566074950690335310e-01
9.566074950690335310e-01
9.570715860308620648e-01
9.570715860308620648e-01
9.571876087713191428e-01
9.571876087713191428e-01
9.573036315117763317e-01
9.573036315117763317e-01
9.574196542522334097e-01
9.574196542522334097e-01
9.575356769926905987e-01
9.575356769926905987e-01
9.576516997331476766e-01
9.576516997331476766e-01
9.579997679545191325e-01
9.579997679545191325e-01
9.581157906949762104e-01
9.581157906949762104e-01
9.583478361758904773e-01
9.583478361758904773e-01
9.585798816568047442e-01
9.585798816568047442e-01
9.592760180995475450e-01
9.592760180995475450e-01
9.597401090613760788e-01
9.597401090613760788e-01
9.599721545422902347e-01
9.599721545422902347e-01
9.602042000232045016e-01
9.602042000232045016e-01
9.603202227636616906e-01
9.603202227636616906e-01
9.605522682445759575e-01
9.605522682445759575e-01
9.606682909850330354e-01
9.606682909850330354e-01
9.607843137254902244e-01
9.607843137254902244e-01
9.609003364659473023e-01
9.609003364659473023e-01
9.610163592064044913e-01
9.610163592064044913e-01
9.611323819468615692e-01
9.611323819468615692e-01
9.613644274277758361e-01
9.613644274277758361e-01
9.615964729086901031e-01
9.615964729086901031e-01
9.617124956491471810e-01
9.617124956491471810e-01
9.619445411300614479e-01
9.619445411300614479e-01
9.620605638705186369e-01
9.620605638705186369e-01
9.621765866109757148e-01
9.621765866109757148e-01
9.622926093514329038e-01
9.622926093514329038e-01
9.624086320918899817e-01
9.624086320918899817e-01
9.626406775728042486e-01
9.626406775728042486e-01
9.628727230537185156e-01
9.628727230537185156e-01
9.629887457941757045e-01
9.629887457941757045e-01
9.631047685346327825e-01
9.631047685346327825e-01
9.632207912750899714e-01
9.632207912750899714e-01
9.633368140155470494e-01
9.633368140155470494e-01
9.635688594964613163e-01
9.635688594964613163e-01
9.636848822369183942e-01
9.636848822369183942e-01
9.641489731987469280e-01
9.641489731987469280e-01
9.644970414201183839e-01
9.644970414201183839e-01
9.647290869010326508e-01
9.647290869010326508e-01
9.648451096414897288e-01
9.648451096414897288e-01
9.650771551224039957e-01
9.650771551224039957e-01
9.653092006033182626e-01
9.653092006033182626e-01
9.655412460842325295e-01
9.655412460842325295e-01
9.656572688246896075e-01
9.656572688246896075e-01
9.658893143056038744e-01
9.658893143056038744e-01
9.660053370460610633e-01
9.660053370460610633e-01
9.661213597865181413e-01
9.661213597865181413e-01
9.662373825269753302e-01
9.662373825269753302e-01
9.663534052674324082e-01
9.663534052674324082e-01
9.664694280078895972e-01
9.664694280078895972e-01
9.665854507483466751e-01
9.665854507483466751e-01
9.668174962292609420e-01
9.668174962292609420e-01
9.671655644506322869e-01
9.671655644506322869e-01
9.673976099315465538e-01
9.673976099315465538e-01
9.676296554124608207e-01
9.676296554124608207e-01
9.679777236338322766e-01
9.679777236338322766e-01
9.680937463742893545e-01
9.680937463742893545e-01
9.683257918552036214e-01
9.683257918552036214e-01
9.684418145956606994e-01
9.684418145956606994e-01
9.685578373361178883e-01
9.685578373361178883e-01
9.687898828170321552e-01
9.687898828170321552e-01
9.689059055574892332e-01
9.689059055574892332e-01
9.690219282979464221e-01
9.690219282979464221e-01
9.691379510384035001e-01
9.691379510384035001e-01
9.693699965193177670e-01
9.693699965193177670e-01
9.696020420002320339e-01
9.696020420002320339e-01
9.698340874811463008e-01
9.698340874811463008e-01
9.699501102216033788e-01
9.699501102216033788e-01
9.700661329620605677e-01
9.700661329620605677e-01
9.701821557025176457e-01
9.701821557025176457e-01
9.702981784429748346e-01
9.702981784429748346e-01
9.704142011834319126e-01
9.704142011834319126e-01
9.706462466643461795e-01
9.706462466643461795e-01
9.708782921452604464e-01
9.708782921452604464e-01
9.709943148857176354e-01
9.709943148857176354e-01
9.711103376261747133e-01
9.711103376261747133e-01
9.723865877712031258e-01
9.723865877712031258e-01
9.725026105116603148e-01
9.725026105116603148e-01
9.728506787330316596e-01
9.728506787330316596e-01
9.729667014734888486e-01
9.729667014734888486e-01
9.731987469544031155e-01
9.731987469544031155e-01
9.733147696948601935e-01
9.733147696948601935e-01
9.734307924353172714e-01
9.734307924353172714e-01
9.735468151757744604e-01
9.735468151757744604e-01
9.736628379162315383e-01
9.736628379162315383e-01
9.738948833971458052e-01
9.738948833971458052e-01
9.740109061376029942e-01
9.740109061376029942e-01
9.741269288780600721e-01
9.741269288780600721e-01
9.742429516185172611e-01
9.742429516185172611e-01
9.743589743589743390e-01
9.743589743589743390e-01
9.745910198398886060e-01
9.745910198398886060e-01
9.747070425803457949e-01
9.747070425803457949e-01
9.748230653208028729e-01
9.748230653208028729e-01
9.749390880612600618e-01
9.749390880612600618e-01
9.751711335421742177e-01
9.751711335421742177e-01
9.752871562826314067e-01
9.752871562826314067e-01
9.754031790230884846e-01
9.754031790230884846e-01
9.756352245040027515e-01
9.756352245040027515e-01
9.758672699849170185e-01
9.758672699849170185e-01
9.760993154658312854e-01
9.760993154658312854e-01
9.763313609467455523e-01
9.763313609467455523e-01
9.764473836872027412e-01
9.764473836872027412e-01
9.765634064276598192e-01
9.765634064276598192e-01
9.766794291681168971e-01
9.766794291681168971e-01
9.767954519085740861e-01
9.767954519085740861e-01
9.769114746490311640e-01
9.769114746490311640e-01
9.771435201299454310e-01
9.771435201299454310e-01
9.772595428704026199e-01
9.772595428704026199e-01
9.774915883513168868e-01
9.774915883513168868e-01
9.777236338322311537e-01
9.777236338322311537e-01
9.778396565726882317e-01
9.778396565726882317e-01
9.779556793131454207e-01
9.779556793131454207e-01
9.780717020536024986e-01
9.780717020536024986e-01
9.784197702749738434e-01
9.784197702749738434e-01
9.785357930154310324e-01
9.785357930154310324e-01
9.786518157558881104e-01
9.786518157558881104e-01
9.787678384963452993e-01
9.787678384963452993e-01
9.788838612368023773e-01
9.788838612368023773e-01
9.789998839772595662e-01
9.789998839772595662e-01
9.791159067177166442e-01
9.791159067177166442e-01
9.792319294581738331e-01
9.792319294581738331e-01
9.794639749390881001e-01
9.794639749390881001e-01
9.795799976795451780e-01
9.795799976795451780e-01
9.796960204200023670e-01
9.796960204200023670e-01
9.799280659009166339e-01
9.799280659009166339e-01
9.800440886413737118e-01
9.800440886413737118e-01
9.801601113818307898e-01
9.801601113818307898e-01
9.802761341222879787e-01
9.802761341222879787e-01
9.805081796032022456e-01
9.805081796032022456e-01
9.806242023436593236e-01
9.806242023436593236e-01
9.808562478245735905e-01
9.808562478245735905e-01
9.809722705650307795e-01
9.809722705650307795e-01
9.810882933054878574e-01
9.810882933054878574e-01
9.812043160459450464e-01
9.812043160459450464e-01
9.813203387864021243e-01
9.813203387864021243e-01
9.815523842673163912e-01
9.815523842673163912e-01
9.816684070077734692e-01
9.816684070077734692e-01
9.817844297482306581e-01
9.817844297482306581e-01
9.820164752291449251e-01
9.820164752291449251e-01
9.821324979696020030e-01
9.821324979696020030e-01
9.822485207100591920e-01
9.822485207100591920e-01
9.823645434505162699e-01
9.823645434505162699e-01
9.824805661909734589e-01
9.824805661909734589e-01
9.825965889314305368e-01
9.825965889314305368e-01
9.827126116718877258e-01
9.827126116718877258e-01
9.829446571528019927e-01
9.829446571528019927e-01
9.831767026337162596e-01
9.831767026337162596e-01
9.832927253741733375e-01
9.832927253741733375e-01
9.834087481146304155e-01
9.834087481146304155e-01
9.835247708550876045e-01
9.835247708550876045e-01
9.836407935955446824e-01
9.836407935955446824e-01
9.838728390764589493e-01
9.838728390764589493e-01
9.842209072978304052e-01
9.842209072978304052e-01
9.843369300382874831e-01
9.843369300382874831e-01
9.844529527787446721e-01
9.844529527787446721e-01
9.845689755192017500e-01
9.845689755192017500e-01
9.846849982596589390e-01
9.846849982596589390e-01
9.848010210001160170e-01
9.848010210001160170e-01
9.850330664810302839e-01
9.850330664810302839e-01
9.851490892214873618e-01
9.851490892214873618e-01
9.852651119619445508e-01
9.852651119619445508e-01
9.853811347024016287e-01
9.853811347024016287e-01
9.854971574428588177e-01
9.854971574428588177e-01
9.856131801833158956e-01
9.856131801833158956e-01
9.860772711451444295e-01
9.860772711451444295e-01
9.861932938856016184e-01
9.861932938856016184e-01
9.866573848474300412e-01
9.866573848474300412e-01
9.867734075878872302e-01
9.867734075878872302e-01
9.868894303283443081e-01
9.868894303283443081e-01
9.870054530688014971e-01
9.870054530688014971e-01
9.871214758092585750e-01
9.871214758092585750e-01
9.872374985497157640e-01
9.872374985497157640e-01
9.873535212901728420e-01
9.873535212901728420e-01
9.874695440306300309e-01
9.874695440306300309e-01
9.875855667710871089e-01
9.875855667710871089e-01
9.878176122520013758e-01
9.878176122520013758e-01
9.879336349924585647e-01
9.879336349924585647e-01
9.880496577329156427e-01
9.880496577329156427e-01
9.881656804733728316e-01
9.881656804733728316e-01
9.882817032138299096e-01
9.882817032138299096e-01
9.883977259542869875e-01
9.883977259542869875e-01
9.885137486947441765e-01
9.885137486947441765e-01
9.886297714352012544e-01
9.886297714352012544e-01
9.887457941756584434e-01
9.887457941756584434e-01
9.888618169161155214e-01
9.888618169161155214e-01
9.889778396565727103e-01
9.889778396565727103e-01
9.890938623970297883e-01
9.890938623970297883e-01
9.893259078779440552e-01
9.893259078779440552e-01
9.894419306184012441e-01
9.894419306184012441e-01
9.895579533588583221e-01
9.895579533588583221e-01
9.896739760993155111e-01
9.896739760993155111e-01
9.897899988397725890e-01
9.897899988397725890e-01
9.900220443206868559e-01
9.900220443206868559e-01
9.902540898016011228e-01
9.902540898016011228e-01
9.903701125420582008e-01
9.903701125420582008e-01
9.904861352825153897e-01
9.904861352825153897e-01
9.907181807634296566e-01
9.907181807634296566e-01
9.909502262443439236e-01
9.909502262443439236e-01
9.910662489848010015e-01
9.910662489848010015e-01
9.911822717252581905e-01
9.911822717252581905e-01
9.912982944657152684e-01
9.912982944657152684e-01
9.914143172061724574e-01
9.914143172061724574e-01
9.915303399466295353e-01
9.915303399466295353e-01
9.916463626870867243e-01
9.916463626870867243e-01
9.917623854275438022e-01
9.917623854275438022e-01
9.918784081680008802e-01
9.918784081680008802e-01
9.919944309084580691e-01
9.919944309084580691e-01
9.921104536489151471e-01
9.921104536489151471e-01
9.922264763893723361e-01
9.922264763893723361e-01
9.925745446107436809e-01
9.925745446107436809e-01
9.926905673512008699e-01
9.926905673512008699e-01
9.928065900916579478e-01
9.928065900916579478e-01
9.929226128321151368e-01
9.929226128321151368e-01
9.930386355725722147e-01
9.930386355725722147e-01
9.931546583130294037e-01
9.931546583130294037e-01
9.932706810534864816e-01
9.932706810534864816e-01
9.933867037939435596e-01
9.933867037939435596e-01
9.935027265344007485e-01
9.935027265344007485e-01
9.936187492748578265e-01
9.936187492748578265e-01
9.937347720153150155e-01
9.937347720153150155e-01
9.938507947557720934e-01
9.938507947557720934e-01
9.939668174962292824e-01
9.939668174962292824e-01
9.940828402366863603e-01
9.940828402366863603e-01
9.941988629771435493e-01
9.941988629771435493e-01
9.943148857176006272e-01
9.943148857176006272e-01
9.944309084580578162e-01
9.944309084580578162e-01
9.945469311985148941e-01
9.945469311985148941e-01
9.946629539389720831e-01
9.946629539389720831e-01
9.947789766794291610e-01
9.947789766794291610e-01
9.948949994198863500e-01
9.948949994198863500e-01
9.950110221603434280e-01
9.950110221603434280e-01
9.951270449008005059e-01
9.951270449008005059e-01
9.952430676412576949e-01
9.952430676412576949e-01
9.954751131221719618e-01
9.955911358626290397e-01
9.955911358626290397e-01
9.957071586030862287e-01
9.957071586030862287e-01
9.958231813435433066e-01
9.958231813435433066e-01
9.960552268244575735e-01
9.960552268244575735e-01
9.961712495649147625e-01
9.961712495649147625e-01
9.962872723053718405e-01
9.962872723053718405e-01
9.964032950458290294e-01
9.964032950458290294e-01
9.965193177862861074e-01
9.965193177862861074e-01
9.966353405267432963e-01
9.966353405267432963e-01
9.967513632672003743e-01
9.967513632672003743e-01
9.968673860076574522e-01
9.968673860076574522e-01
9.969834087481146412e-01
9.969834087481146412e-01
9.970994314885717191e-01
9.970994314885717191e-01
9.973314769694859860e-01
9.973314769694859860e-01
9.974474997099431750e-01
9.974474997099431750e-01
9.975635224504002529e-01
9.975635224504002529e-01
9.976795451908574419e-01
9.976795451908574419e-01
9.977955679313145199e-01
9.977955679313145199e-01
9.979115906717717088e-01
9.979115906717717088e-01
9.980276134122287868e-01
9.980276134122287868e-01
9.981436361526859757e-01
9.981436361526859757e-01
9.982596588931430537e-01
9.982596588931430537e-01
9.983756816336001316e-01
9.983756816336001316e-01
9.984917043740573206e-01
9.984917043740573206e-01
9.986077271145143985e-01
9.986077271145143985e-01
9.987237498549715875e-01
9.987237498549715875e-01
9.988397725954286654e-01
9.988397725954286654e-01
9.989557953358858544e-01
9.989557953358858544e-01
9.990718180763429324e-01
9.990718180763429324e-01
9.991878408168001213e-01
9.991878408168001213e-01
9.993038635572571993e-01
9.993038635572571993e-01
9.994198862977143882e-01
9.994198862977143882e-01
9.995359090381714662e-01
9.995359090381714662e-01
9.996519317786286551e-01
9.996519317786286551e-01
9.997679545190857331e-01
9.997679545190857331e-01
9.998839772595429221e-01
9.998839772595429221e-01
1.000000000000000000e+00
1.000000000000000000e+00
