0.000000000000000000e+00
4.517732098486559617e-04
4.517732098486559617e-04
6.776598147729839426e-04
1.129433024621640013e-03
1.129433024621640013e-03
1.355319629545967885e-03
1.355319629545967885e-03
1.355319629545967885e-03
1.355319629545967885e-03
1.581206234470295974e-03
1.581206234470295974e-03
2.258866049243280025e-03
2.484752654167607898e-03
2.710639259091935770e-03
3.388299073864919821e-03
3.388299073864919821e-03
4.065958888637903439e-03
4.291845493562231745e-03
4.291845493562231745e-03
4.517732098486560051e-03
4.517732098486560051e-03
4.517732098486560051e-03
4.743618703410887490e-03
5.195391913259544102e-03
5.195391913259544102e-03
5.195391913259544102e-03
5.421278518183871541e-03
5.421278518183871541e-03
5.421278518183871541e-03
5.421278518183871541e-03
5.647165123108199847e-03
5.873051728032527286e-03
5.873051728032527286e-03
6.098938332956855592e-03
6.324824937881183898e-03
6.324824937881183898e-03
6.550711542805511337e-03
6.776598147729839643e-03
6.776598147729839643e-03
6.776598147729839643e-03
7.002484752654167949e-03
7.228371357578495388e-03
7.228371357578495388e-03
7.454257962502823694e-03
7.680144567427152000e-03
7.680144567427152000e-03
7.680144567427152000e-03
7.680144567427152000e-03
7.680144567427152000e-03
7.680144567427152000e-03
7.680144567427152000e-03
7.680144567427152000e-03
7.680144567427152000e-03
7.680144567427152000e-03
7.906031172351479439e-03
8.131917777275806877e-03
8.357804382200136051e-03
8.583690987124463490e-03
8.583690987124463490e-03
8.583690987124463490e-03
8.583690987124463490e-03
8.583690987124463490e-03
8.583690987124463490e-03
8.809577592048790928e-03
8.809577592048790928e-03
9.035464196973120102e-03
9.035464196973120102e-03
9.035464196973120102e-03
9.035464196973120102e-03
9.035464196973120102e-03
9.261350801897447541e-03
9.261350801897447541e-03
9.487237406821774979e-03
9.487237406821774979e-03
9.939010616670431592e-03
9.939010616670431592e-03
9.939010616670431592e-03
9.939010616670431592e-03
1.016489722159475903e-02
1.039078382651908820e-02
1.061667043144341564e-02
1.061667043144341564e-02
1.061667043144341564e-02
1.061667043144341564e-02
1.061667043144341564e-02
1.061667043144341564e-02
1.106844364129207052e-02
1.106844364129207052e-02
1.106844364129207052e-02
1.129433024621639969e-02
1.129433024621639969e-02
1.129433024621639969e-02
1.174610345606505457e-02
1.174610345606505457e-02
1.174610345606505457e-02
1.174610345606505457e-02
1.174610345606505457e-02
1.174610345606505457e-02
1.197199006098938374e-02
1.197199006098938374e-02
1.219787666591371118e-02
1.242376327083803862e-02
1.242376327083803862e-02
1.242376327083803862e-02
1.242376327083803862e-02
1.242376327083803862e-02
1.242376327083803862e-02
1.264964987576236780e-02
1.264964987576236780e-02
1.287553648068669523e-02
1.332730969053535185e-02
1.332730969053535185e-02
1.355319629545967929e-02
1.355319629545967929e-02
1.400496950530833590e-02
1.400496950530833590e-02
1.400496950530833590e-02
1.400496950530833590e-02
1.468262932008131995e-02
1.490851592500564739e-02
1.490851592500564739e-02
1.513440252992997483e-02
1.513440252992997483e-02
1.513440252992997483e-02
1.513440252992997483e-02
1.513440252992997483e-02
1.513440252992997483e-02
1.513440252992997483e-02
1.513440252992997483e-02
1.513440252992997483e-02
1.513440252992997483e-02
1.536028913485430400e-02
1.558617573977863144e-02
1.558617573977863144e-02
1.558617573977863144e-02
1.581206234470295888e-02
1.603794894962728632e-02
1.603794894962728632e-02
1.603794894962728632e-02
1.603794894962728632e-02
1.603794894962728632e-02
1.626383555455161375e-02
1.626383555455161375e-02
1.626383555455161375e-02
1.626383555455161375e-02
1.648972215947594466e-02
1.648972215947594466e-02
1.648972215947594466e-02
1.648972215947594466e-02
1.648972215947594466e-02
1.648972215947594466e-02
1.648972215947594466e-02
1.648972215947594466e-02
1.648972215947594466e-02
1.648972215947594466e-02
1.671560876440027210e-02
1.671560876440027210e-02
1.671560876440027210e-02
1.671560876440027210e-02
1.671560876440027210e-02
1.739326857917325442e-02
1.739326857917325442e-02
1.739326857917325442e-02
1.739326857917325442e-02
1.739326857917325442e-02
1.784504178902190930e-02
1.784504178902190930e-02
1.784504178902190930e-02
1.784504178902190930e-02
1.784504178902190930e-02
1.784504178902190930e-02
1.784504178902190930e-02
1.807092839394624020e-02
1.829681499887056764e-02
1.829681499887056764e-02
1.829681499887056764e-02
1.829681499887056764e-02
1.829681499887056764e-02
1.829681499887056764e-02
1.829681499887056764e-02
1.829681499887056764e-02
1.852270160379489508e-02
1.852270160379489508e-02
1.852270160379489508e-02
1.852270160379489508e-02
1.852270160379489508e-02
1.852270160379489508e-02
1.852270160379489508e-02
1.852270160379489508e-02
1.852270160379489508e-02
1.897447481364354996e-02
1.897447481364354996e-02
1.920036141856787740e-02
1.920036141856787740e-02
1.920036141856787740e-02
1.942624802349220831e-02
1.942624802349220831e-02
1.942624802349220831e-02
1.987802123334086318e-02
1.987802123334086318e-02
1.987802123334086318e-02
2.010390783826519062e-02
2.010390783826519062e-02
2.010390783826519062e-02
2.010390783826519062e-02
2.010390783826519062e-02
2.032979444318951806e-02
2.032979444318951806e-02
2.032979444318951806e-02
2.032979444318951806e-02
2.032979444318951806e-02
2.032979444318951806e-02
2.032979444318951806e-02
2.032979444318951806e-02
2.032979444318951806e-02
2.032979444318951806e-02
2.078156765303817641e-02
2.078156765303817641e-02
2.078156765303817641e-02
2.078156765303817641e-02
2.078156765303817641e-02
2.078156765303817641e-02
2.100745425796250385e-02
2.123334086288683129e-02
2.123334086288683129e-02
2.123334086288683129e-02
2.145922746781115872e-02
2.145922746781115872e-02
2.168511407273548616e-02
2.168511407273548616e-02
2.191100067765981360e-02
2.191100067765981360e-02
2.213688728258414104e-02
2.213688728258414104e-02
2.236277388750847195e-02
2.236277388750847195e-02
2.236277388750847195e-02
2.236277388750847195e-02
2.281454709735712683e-02
2.281454709735712683e-02
2.281454709735712683e-02
2.281454709735712683e-02
2.281454709735712683e-02
2.281454709735712683e-02
2.281454709735712683e-02
2.281454709735712683e-02
2.281454709735712683e-02
2.281454709735712683e-02
2.281454709735712683e-02
2.281454709735712683e-02
2.281454709735712683e-02
2.281454709735712683e-02
2.281454709735712683e-02
2.281454709735712683e-02
2.304043370228145426e-02
2.304043370228145426e-02
2.304043370228145426e-02
2.304043370228145426e-02
2.304043370228145426e-02
2.304043370228145426e-02
2.326632030720578170e-02
2.326632030720578170e-02
2.326632030720578170e-02
2.326632030720578170e-02
2.326632030720578170e-02
2.326632030720578170e-02
2.326632030720578170e-02
2.349220691213010914e-02
2.349220691213010914e-02
2.349220691213010914e-02
2.349220691213010914e-02
2.349220691213010914e-02
2.349220691213010914e-02
2.349220691213010914e-02
2.349220691213010914e-02
2.349220691213010914e-02
2.349220691213010914e-02
2.349220691213010914e-02
2.349220691213010914e-02
2.349220691213010914e-02
2.349220691213010914e-02
2.349220691213010914e-02
2.349220691213010914e-02
2.349220691213010914e-02
2.349220691213010914e-02
2.349220691213010914e-02
2.349220691213010914e-02
2.349220691213010914e-02
2.349220691213010914e-02
2.349220691213010914e-02
2.349220691213010914e-02
2.349220691213010914e-02
2.394398012197876749e-02
2.394398012197876749e-02
2.394398012197876749e-02
2.394398012197876749e-02
2.394398012197876749e-02
2.394398012197876749e-02
2.416986672690309493e-02
2.416986672690309493e-02
2.416986672690309493e-02
2.416986672690309493e-02
2.439575333182742237e-02
2.439575333182742237e-02
2.439575333182742237e-02
2.439575333182742237e-02
2.439575333182742237e-02
2.439575333182742237e-02
2.439575333182742237e-02
2.439575333182742237e-02
2.439575333182742237e-02
2.439575333182742237e-02
2.439575333182742237e-02
2.439575333182742237e-02
2.439575333182742237e-02
2.439575333182742237e-02
2.439575333182742237e-02
2.439575333182742237e-02
2.439575333182742237e-02
2.439575333182742237e-02
2.439575333182742237e-02
2.439575333182742237e-02
2.462163993675174981e-02
2.462163993675174981e-02
2.484752654167607724e-02
2.484752654167607724e-02
2.507341314660040815e-02
2.507341314660040815e-02
2.529929975152473559e-02
2.529929975152473559e-02
2.529929975152473559e-02
2.529929975152473559e-02
2.529929975152473559e-02
2.529929975152473559e-02
2.529929975152473559e-02
2.529929975152473559e-02
2.575107296137339047e-02
2.575107296137339047e-02
2.575107296137339047e-02
2.575107296137339047e-02
2.575107296137339047e-02
2.575107296137339047e-02
2.575107296137339047e-02
2.575107296137339047e-02
2.597695956629771791e-02
2.597695956629771791e-02
2.597695956629771791e-02
2.597695956629771791e-02
2.597695956629771791e-02
2.620284617122204535e-02
2.620284617122204535e-02
2.620284617122204535e-02
2.620284617122204535e-02
2.620284617122204535e-02
2.620284617122204535e-02
2.620284617122204535e-02
2.665461938107070369e-02
2.665461938107070369e-02
2.665461938107070369e-02
2.665461938107070369e-02
2.665461938107070369e-02
2.665461938107070369e-02
2.665461938107070369e-02
2.688050598599503113e-02
2.688050598599503113e-02
2.688050598599503113e-02
2.710639259091935857e-02
2.710639259091935857e-02
2.710639259091935857e-02
2.710639259091935857e-02
2.733227919584368601e-02
2.733227919584368601e-02
2.733227919584368601e-02
2.733227919584368601e-02
2.755816580076801345e-02
2.755816580076801345e-02
2.755816580076801345e-02
2.778405240569234089e-02
2.778405240569234089e-02
2.778405240569234089e-02
2.778405240569234089e-02
2.800993901061667180e-02
2.800993901061667180e-02
2.800993901061667180e-02
2.800993901061667180e-02
2.800993901061667180e-02
2.800993901061667180e-02
2.800993901061667180e-02
2.800993901061667180e-02
2.823582561554099923e-02
2.823582561554099923e-02
2.823582561554099923e-02
2.823582561554099923e-02
2.823582561554099923e-02
2.846171222046532667e-02
2.846171222046532667e-02
2.846171222046532667e-02
2.846171222046532667e-02
2.846171222046532667e-02
2.846171222046532667e-02
2.846171222046532667e-02
2.846171222046532667e-02
2.846171222046532667e-02
2.846171222046532667e-02
2.868759882538965411e-02
2.868759882538965411e-02
2.891348543031398155e-02
2.891348543031398155e-02
2.913937203523830899e-02
2.913937203523830899e-02
2.913937203523830899e-02
2.936525864016263990e-02
2.936525864016263990e-02
2.959114524508696734e-02
2.959114524508696734e-02
2.959114524508696734e-02
2.959114524508696734e-02
2.981703185001129477e-02
2.981703185001129477e-02
2.981703185001129477e-02
2.981703185001129477e-02
2.981703185001129477e-02
3.004291845493562221e-02
3.004291845493562221e-02
3.004291845493562221e-02
3.004291845493562221e-02
3.004291845493562221e-02
3.004291845493562221e-02
3.026880505985994965e-02
3.026880505985994965e-02
3.026880505985994965e-02
3.026880505985994965e-02
3.026880505985994965e-02
3.026880505985994965e-02
3.026880505985994965e-02
3.049469166478427709e-02
3.049469166478427709e-02
3.072057826970860800e-02
3.072057826970860800e-02
3.072057826970860800e-02
3.072057826970860800e-02
3.072057826970860800e-02
3.094646487463293544e-02
3.094646487463293544e-02
3.094646487463293544e-02
3.094646487463293544e-02
3.117235147955726288e-02
3.117235147955726288e-02
3.117235147955726288e-02
3.139823808448159032e-02
3.139823808448159032e-02
3.162412468940591775e-02
3.162412468940591775e-02
3.162412468940591775e-02
3.162412468940591775e-02
3.185001129433024519e-02
3.185001129433024519e-02
3.185001129433024519e-02
3.185001129433024519e-02
3.185001129433024519e-02
3.185001129433024519e-02
3.185001129433024519e-02
3.185001129433024519e-02
3.185001129433024519e-02
3.185001129433024519e-02
3.185001129433024519e-02
3.185001129433024519e-02
3.185001129433024519e-02
3.185001129433024519e-02
3.207589789925457263e-02
3.207589789925457263e-02
3.230178450417890007e-02
3.230178450417890007e-02
3.230178450417890007e-02
3.230178450417890007e-02
3.230178450417890007e-02
3.230178450417890007e-02
3.230178450417890007e-02
3.230178450417890007e-02
3.252767110910322751e-02
3.252767110910322751e-02
3.252767110910322751e-02
3.275355771402755495e-02
3.275355771402755495e-02
3.275355771402755495e-02
3.275355771402755495e-02
3.297944431895188933e-02
3.297944431895188933e-02
3.320533092387621676e-02
3.343121752880054420e-02
3.343121752880054420e-02
3.343121752880054420e-02
3.343121752880054420e-02
3.343121752880054420e-02
3.343121752880054420e-02
3.365710413372487164e-02
3.365710413372487164e-02
3.365710413372487164e-02
3.365710413372487164e-02
3.365710413372487164e-02
3.365710413372487164e-02
3.365710413372487164e-02
3.365710413372487164e-02
3.365710413372487164e-02
3.365710413372487164e-02
3.365710413372487164e-02
3.388299073864919908e-02
3.388299073864919908e-02
3.388299073864919908e-02
3.388299073864919908e-02
3.388299073864919908e-02
3.388299073864919908e-02
3.410887734357352652e-02
3.410887734357352652e-02
3.410887734357352652e-02
3.410887734357352652e-02
3.410887734357352652e-02
3.410887734357352652e-02
3.410887734357352652e-02
3.410887734357352652e-02
3.410887734357352652e-02
3.410887734357352652e-02
3.456065055342218140e-02
3.456065055342218140e-02
3.501242376327083627e-02
3.501242376327083627e-02
3.501242376327083627e-02
3.546419697311949115e-02
3.546419697311949115e-02
3.546419697311949115e-02
3.546419697311949115e-02
3.569008357804381859e-02
3.569008357804381859e-02
3.569008357804381859e-02
3.591597018296815297e-02
3.591597018296815297e-02
3.614185678789248041e-02
3.614185678789248041e-02
3.614185678789248041e-02
3.614185678789248041e-02
3.659362999774113528e-02
3.681951660266546272e-02
3.681951660266546272e-02
3.681951660266546272e-02
3.727128981251411760e-02
3.727128981251411760e-02
3.727128981251411760e-02
3.727128981251411760e-02
3.727128981251411760e-02
3.727128981251411760e-02
3.749717641743844504e-02
3.749717641743844504e-02
3.749717641743844504e-02
3.772306302236277248e-02
3.772306302236277248e-02
3.772306302236277248e-02
3.794894962728709992e-02
3.794894962728709992e-02
3.794894962728709992e-02
3.794894962728709992e-02
3.794894962728709992e-02
3.794894962728709992e-02
3.817483623221142736e-02
3.817483623221142736e-02
3.817483623221142736e-02
3.840072283713575479e-02
3.862660944206008917e-02
3.862660944206008917e-02
3.862660944206008917e-02
3.862660944206008917e-02
3.862660944206008917e-02
3.885249604698441661e-02
3.885249604698441661e-02
3.885249604698441661e-02
3.907838265190874405e-02
3.907838265190874405e-02
3.907838265190874405e-02
3.907838265190874405e-02
3.930426925683307149e-02
3.930426925683307149e-02
3.930426925683307149e-02
3.930426925683307149e-02
3.930426925683307149e-02
3.953015586175739893e-02
3.953015586175739893e-02
3.953015586175739893e-02
3.953015586175739893e-02
3.953015586175739893e-02
3.953015586175739893e-02
3.953015586175739893e-02
3.953015586175739893e-02
3.975604246668172637e-02
3.975604246668172637e-02
3.975604246668172637e-02
3.975604246668172637e-02
3.975604246668172637e-02
3.975604246668172637e-02
3.975604246668172637e-02
3.998192907160605380e-02
4.020781567653038124e-02
4.020781567653038124e-02
4.020781567653038124e-02
4.020781567653038124e-02
4.043370228145470868e-02
4.043370228145470868e-02
4.043370228145470868e-02
4.043370228145470868e-02
4.043370228145470868e-02
4.065958888637903612e-02
4.065958888637903612e-02
4.065958888637903612e-02
4.065958888637903612e-02
4.065958888637903612e-02
4.088547549130336356e-02
4.088547549130336356e-02
4.088547549130336356e-02
4.111136209622769100e-02
4.111136209622769100e-02
4.156313530607635282e-02
4.156313530607635282e-02
4.156313530607635282e-02
4.178902191100068025e-02
4.178902191100068025e-02
4.178902191100068025e-02
4.178902191100068025e-02
4.178902191100068025e-02
4.201490851592500769e-02
4.201490851592500769e-02
4.201490851592500769e-02
4.201490851592500769e-02
4.224079512084933513e-02
4.224079512084933513e-02
4.224079512084933513e-02
4.224079512084933513e-02
4.224079512084933513e-02
4.224079512084933513e-02
4.224079512084933513e-02
4.246668172577366257e-02
4.246668172577366257e-02
4.269256833069799001e-02
4.269256833069799001e-02
4.269256833069799001e-02
4.291845493562231745e-02
4.291845493562231745e-02
4.314434154054664489e-02
4.314434154054664489e-02
4.314434154054664489e-02
4.314434154054664489e-02
4.314434154054664489e-02
4.314434154054664489e-02
4.314434154054664489e-02
4.314434154054664489e-02
4.337022814547097233e-02
4.337022814547097233e-02
4.337022814547097233e-02
4.337022814547097233e-02
4.337022814547097233e-02
4.337022814547097233e-02
4.359611475039529976e-02
4.359611475039529976e-02
4.359611475039529976e-02
4.359611475039529976e-02
4.359611475039529976e-02
4.382200135531962720e-02
4.382200135531962720e-02
4.404788796024395464e-02
4.404788796024395464e-02
4.404788796024395464e-02
4.404788796024395464e-02
4.404788796024395464e-02
4.404788796024395464e-02
4.404788796024395464e-02
4.404788796024395464e-02
4.404788796024395464e-02
4.404788796024395464e-02
4.404788796024395464e-02
4.404788796024395464e-02
4.404788796024395464e-02
4.404788796024395464e-02
4.427377456516828208e-02
4.427377456516828208e-02
4.449966117009261646e-02
4.449966117009261646e-02
4.449966117009261646e-02
4.449966117009261646e-02
4.449966117009261646e-02
4.449966117009261646e-02
4.449966117009261646e-02
4.449966117009261646e-02
4.472554777501694390e-02
4.472554777501694390e-02
4.472554777501694390e-02
4.472554777501694390e-02
4.495143437994127134e-02
4.495143437994127134e-02
4.495143437994127134e-02
4.495143437994127134e-02
4.495143437994127134e-02
4.495143437994127134e-02
4.495143437994127134e-02
4.495143437994127134e-02
4.495143437994127134e-02
4.495143437994127134e-02
4.517732098486559877e-02
4.517732098486559877e-02
4.517732098486559877e-02
4.517732098486559877e-02
4.517732098486559877e-02
4.540320758978992621e-02
4.562909419471425365e-02
4.562909419471425365e-02
4.585498079963858109e-02
4.585498079963858109e-02
4.585498079963858109e-02
4.653264061441156341e-02
4.653264061441156341e-02
4.653264061441156341e-02
4.675852721933589085e-02
4.675852721933589085e-02
4.675852721933589085e-02
4.675852721933589085e-02
4.675852721933589085e-02
4.675852721933589085e-02
4.675852721933589085e-02
4.721030042918455266e-02
4.721030042918455266e-02
4.743618703410888010e-02
4.743618703410888010e-02
4.766207363903320754e-02
4.766207363903320754e-02
4.788796024395753498e-02
4.811384684888186242e-02
4.811384684888186242e-02
4.811384684888186242e-02
4.833973345380618986e-02
4.833973345380618986e-02
4.856562005873051729e-02
4.856562005873051729e-02
4.879150666365484473e-02
4.879150666365484473e-02
4.924327987350349961e-02
4.946916647842782705e-02
4.969505308335215449e-02
4.992093968827648193e-02
4.992093968827648193e-02
5.014682629320081630e-02
5.014682629320081630e-02
5.037271289812514374e-02
5.037271289812514374e-02
5.037271289812514374e-02
5.037271289812514374e-02
5.037271289812514374e-02
5.037271289812514374e-02
5.037271289812514374e-02
5.037271289812514374e-02
5.082448610797379862e-02
5.082448610797379862e-02
5.105037271289812606e-02
5.105037271289812606e-02
5.127625931782245350e-02
5.150214592274678094e-02
5.150214592274678094e-02
5.150214592274678094e-02
5.172803252767110838e-02
5.195391913259543581e-02
5.195391913259543581e-02
5.263157894736841813e-02
5.263157894736841813e-02
5.263157894736841813e-02
5.263157894736841813e-02
5.285746555229275251e-02
5.285746555229275251e-02
5.285746555229275251e-02
5.308335215721707995e-02
5.308335215721707995e-02
5.376101197199006226e-02
5.376101197199006226e-02
5.376101197199006226e-02
5.398689857691438970e-02
5.398689857691438970e-02
5.398689857691438970e-02
5.421278518183871714e-02
5.443867178676304458e-02
5.443867178676304458e-02
5.443867178676304458e-02
5.443867178676304458e-02
5.443867178676304458e-02
5.443867178676304458e-02
5.443867178676304458e-02
5.443867178676304458e-02
5.443867178676304458e-02
5.443867178676304458e-02
5.443867178676304458e-02
5.443867178676304458e-02
5.466455839168737202e-02
5.466455839168737202e-02
5.489044499661169946e-02
5.489044499661169946e-02
5.489044499661169946e-02
5.489044499661169946e-02
5.511633160153602690e-02
5.511633160153602690e-02
5.534221820646035433e-02
5.534221820646035433e-02
5.556810481138468177e-02
5.556810481138468177e-02
5.556810481138468177e-02
5.579399141630901615e-02
5.579399141630901615e-02
5.601987802123334359e-02
5.601987802123334359e-02
5.601987802123334359e-02
5.647165123108199847e-02
5.647165123108199847e-02
5.669753783600632591e-02
5.669753783600632591e-02
5.714931104585498078e-02
5.714931104585498078e-02
5.714931104585498078e-02
5.714931104585498078e-02
5.737519765077930822e-02
5.737519765077930822e-02
5.760108425570363566e-02
5.760108425570363566e-02
5.760108425570363566e-02
5.760108425570363566e-02
5.782697086062796310e-02
5.782697086062796310e-02
5.805285746555229054e-02
5.805285746555229054e-02
5.805285746555229054e-02
5.827874407047661798e-02
5.827874407047661798e-02
5.827874407047661798e-02
5.850463067540094542e-02
5.873051728032527979e-02
5.873051728032527979e-02
5.873051728032527979e-02
5.895640388524960723e-02
5.895640388524960723e-02
5.895640388524960723e-02
5.895640388524960723e-02
5.918229049017393467e-02
5.918229049017393467e-02
5.918229049017393467e-02
5.940817709509826211e-02
5.940817709509826211e-02
5.940817709509826211e-02
5.940817709509826211e-02
5.940817709509826211e-02
5.963406370002258955e-02
5.963406370002258955e-02
5.963406370002258955e-02
5.963406370002258955e-02
5.985995030494691699e-02
5.985995030494691699e-02
5.985995030494691699e-02
5.985995030494691699e-02
5.985995030494691699e-02
5.985995030494691699e-02
5.985995030494691699e-02
5.985995030494691699e-02
6.008583690987124443e-02
6.008583690987124443e-02
6.008583690987124443e-02
6.008583690987124443e-02
6.031172351479557187e-02
6.031172351479557187e-02
6.031172351479557187e-02
6.053761011971989930e-02
6.053761011971989930e-02
6.076349672464422674e-02
6.076349672464422674e-02
6.076349672464422674e-02
6.076349672464422674e-02
6.098938332956855418e-02
6.098938332956855418e-02
6.121526993449288162e-02
6.121526993449288162e-02
6.121526993449288162e-02
6.121526993449288162e-02
6.121526993449288162e-02
6.144115653941721600e-02
6.144115653941721600e-02
6.144115653941721600e-02
6.166704314434154344e-02
6.166704314434154344e-02
6.189292974926587088e-02
6.211881635419019831e-02
6.211881635419019831e-02
6.211881635419019831e-02
6.234470295911452575e-02
6.234470295911452575e-02
6.257058956403885319e-02
6.257058956403885319e-02
6.257058956403885319e-02
6.257058956403885319e-02
6.257058956403885319e-02
6.257058956403885319e-02
6.257058956403885319e-02
6.279647616896318063e-02
6.279647616896318063e-02
6.302236277388750807e-02
6.302236277388750807e-02
6.302236277388750807e-02
6.302236277388750807e-02
6.324824937881183551e-02
6.324824937881183551e-02
6.347413598373616295e-02
6.392590919358481782e-02
6.392590919358481782e-02
6.392590919358481782e-02
6.392590919358481782e-02
6.392590919358481782e-02
6.392590919358481782e-02
6.392590919358481782e-02
6.392590919358481782e-02
6.392590919358481782e-02
6.392590919358481782e-02
6.415179579850914526e-02
6.415179579850914526e-02
6.460356900835780014e-02
6.460356900835780014e-02
6.482945561328212758e-02
6.482945561328212758e-02
6.482945561328212758e-02
6.482945561328212758e-02
6.482945561328212758e-02
6.482945561328212758e-02
6.505534221820645502e-02
6.528122882313078246e-02
6.528122882313078246e-02
6.528122882313078246e-02
6.528122882313078246e-02
6.550711542805510990e-02
6.550711542805510990e-02
6.573300203297945121e-02
6.573300203297945121e-02
6.595888863790377865e-02
6.618477524282810609e-02
6.618477524282810609e-02
6.641066184775243353e-02
6.641066184775243353e-02
6.641066184775243353e-02
6.663654845267676097e-02
6.663654845267676097e-02
6.663654845267676097e-02
6.663654845267676097e-02
6.663654845267676097e-02
6.686243505760108841e-02
6.686243505760108841e-02
6.686243505760108841e-02
6.686243505760108841e-02
6.708832166252541584e-02
6.708832166252541584e-02
6.731420826744974328e-02
6.731420826744974328e-02
6.754009487237407072e-02
6.754009487237407072e-02
6.754009487237407072e-02
6.754009487237407072e-02
6.776598147729839816e-02
6.799186808222272560e-02
6.799186808222272560e-02
6.799186808222272560e-02
6.821775468714705304e-02
6.844364129207138048e-02
6.844364129207138048e-02
6.866952789699570792e-02
6.866952789699570792e-02
6.866952789699570792e-02
6.866952789699570792e-02
6.866952789699570792e-02
6.889541450192003536e-02
6.889541450192003536e-02
6.912130110684436279e-02
6.912130110684436279e-02
6.934718771176869023e-02
6.934718771176869023e-02
6.957307431669301767e-02
6.979896092161734511e-02
6.979896092161734511e-02
6.979896092161734511e-02
6.979896092161734511e-02
6.979896092161734511e-02
6.979896092161734511e-02
6.979896092161734511e-02
7.002484752654167255e-02
7.002484752654167255e-02
7.025073413146599999e-02
7.025073413146599999e-02
7.025073413146599999e-02
7.047662073639032743e-02
7.047662073639032743e-02
7.047662073639032743e-02
7.047662073639032743e-02
7.047662073639032743e-02
7.047662073639032743e-02
7.070250734131465487e-02
7.070250734131465487e-02
7.070250734131465487e-02
7.070250734131465487e-02
7.070250734131465487e-02
7.092839394623898230e-02
7.092839394623898230e-02
7.092839394623898230e-02
7.092839394623898230e-02
7.092839394623898230e-02
7.092839394623898230e-02
7.115428055116330974e-02
7.138016715608763718e-02
7.160605376101197850e-02
7.183194036593630594e-02
7.183194036593630594e-02
7.183194036593630594e-02
7.183194036593630594e-02
7.205782697086063338e-02
7.205782697086063338e-02
7.228371357578496081e-02
7.228371357578496081e-02
7.296137339055794313e-02
7.296137339055794313e-02
7.318725999548227057e-02
7.318725999548227057e-02
7.318725999548227057e-02
7.318725999548227057e-02
7.341314660040659801e-02
7.341314660040659801e-02
7.386491981025525289e-02
7.409080641517958032e-02
7.431669302010390776e-02
7.431669302010390776e-02
7.454257962502823520e-02
7.454257962502823520e-02
7.476846622995256264e-02
7.476846622995256264e-02
7.499435283487689008e-02
7.522023943980121752e-02
7.567201264964987240e-02
7.567201264964987240e-02
7.612378585949852727e-02
7.612378585949852727e-02
7.634967246442285471e-02
7.634967246442285471e-02
7.634967246442285471e-02
7.657555906934718215e-02
7.657555906934718215e-02
7.680144567427150959e-02
7.680144567427150959e-02
7.680144567427150959e-02
7.680144567427150959e-02
7.702733227919583703e-02
7.702733227919583703e-02
7.702733227919583703e-02
7.702733227919583703e-02
7.725321888412017834e-02
7.770499209396883322e-02
7.793087869889316066e-02
7.793087869889316066e-02
7.815676530381748810e-02
7.815676530381748810e-02
7.838265190874181554e-02
7.838265190874181554e-02
7.860853851366614298e-02
7.860853851366614298e-02
7.883442511859047042e-02
7.883442511859047042e-02
7.883442511859047042e-02
7.883442511859047042e-02
7.906031172351479785e-02
7.906031172351479785e-02
7.906031172351479785e-02
7.906031172351479785e-02
7.928619832843912529e-02
7.928619832843912529e-02
7.928619832843912529e-02
7.928619832843912529e-02
7.951208493336345273e-02
7.951208493336345273e-02
7.973797153828778017e-02
7.973797153828778017e-02
7.996385814321210761e-02
8.018974474813643505e-02
8.018974474813643505e-02
8.041563135306076249e-02
8.041563135306076249e-02
8.064151795798508993e-02
8.064151795798508993e-02
8.086740456290941736e-02
8.086740456290941736e-02
8.109329116783374480e-02
8.109329116783374480e-02
8.131917777275807224e-02
8.131917777275807224e-02
8.154506437768239968e-02
8.154506437768239968e-02
8.199683758753105456e-02
8.199683758753105456e-02
8.199683758753105456e-02
8.199683758753105456e-02
8.199683758753105456e-02
8.222272419245538200e-02
8.222272419245538200e-02
8.222272419245538200e-02
8.222272419245538200e-02
8.222272419245538200e-02
8.244861079737970944e-02
8.267449740230403687e-02
8.267449740230403687e-02
8.312627061215270563e-02
8.312627061215270563e-02
8.312627061215270563e-02
8.312627061215270563e-02
8.312627061215270563e-02
8.312627061215270563e-02
8.312627061215270563e-02
8.312627061215270563e-02
8.335215721707703307e-02
8.335215721707703307e-02
8.357804382200136051e-02
8.357804382200136051e-02
8.380393042692568795e-02
8.380393042692568795e-02
8.402981703185001539e-02
8.402981703185001539e-02
8.425570363677434282e-02
8.425570363677434282e-02
8.448159024169867026e-02
8.448159024169867026e-02
8.493336345154732514e-02
8.493336345154732514e-02
8.493336345154732514e-02
8.493336345154732514e-02
8.493336345154732514e-02
8.493336345154732514e-02
8.493336345154732514e-02
8.493336345154732514e-02
8.515925005647165258e-02
8.515925005647165258e-02
8.538513666139598002e-02
8.538513666139598002e-02
8.561102326632030746e-02
8.561102326632030746e-02
8.583690987124463490e-02
8.583690987124463490e-02
8.583690987124463490e-02
8.606279647616896233e-02
8.606279647616896233e-02
8.606279647616896233e-02
8.606279647616896233e-02
8.628868308109328977e-02
8.628868308109328977e-02
8.651456968601761721e-02
8.651456968601761721e-02
8.674045629094194465e-02
8.674045629094194465e-02
8.696634289586627209e-02
8.696634289586627209e-02
8.741811610571492697e-02
8.741811610571492697e-02
8.764400271063925441e-02
8.764400271063925441e-02
8.786988931556358184e-02
8.786988931556358184e-02
8.809577592048790928e-02
8.809577592048790928e-02
8.832166252541223672e-02
8.832166252541223672e-02
8.899932234018523292e-02
8.899932234018523292e-02
8.899932234018523292e-02
8.922520894510956035e-02
8.922520894510956035e-02
8.922520894510956035e-02
8.922520894510956035e-02
8.922520894510956035e-02
8.922520894510956035e-02
8.922520894510956035e-02
8.945109555003388779e-02
8.945109555003388779e-02
8.967698215495821523e-02
8.967698215495821523e-02
8.967698215495821523e-02
8.990286875988254267e-02
8.990286875988254267e-02
8.990286875988254267e-02
8.990286875988254267e-02
9.012875536480687011e-02
9.012875536480687011e-02
9.080641517957985243e-02
9.080641517957985243e-02
9.125818838942850730e-02
9.125818838942850730e-02
9.148407499435283474e-02
9.148407499435283474e-02
9.148407499435283474e-02
9.148407499435283474e-02
9.193584820420148962e-02
9.193584820420148962e-02
9.193584820420148962e-02
9.193584820420148962e-02
9.216173480912581706e-02
9.216173480912581706e-02
9.238762141405014450e-02
9.261350801897447194e-02
9.261350801897447194e-02
9.283939462389879937e-02
9.283939462389879937e-02
9.306528122882312681e-02
9.306528122882312681e-02
9.329116783374745425e-02
9.329116783374745425e-02
9.374294104359610913e-02
9.374294104359610913e-02
9.396882764852043657e-02
9.396882764852043657e-02
9.419471425344476401e-02
9.419471425344476401e-02
9.442060085836910532e-02
9.442060085836910532e-02
9.464648746329343276e-02
9.464648746329343276e-02
9.487237406821776020e-02
9.487237406821776020e-02
9.509826067314208764e-02
9.509826067314208764e-02
9.532414727806641508e-02
9.555003388299074252e-02
9.555003388299074252e-02
9.555003388299074252e-02
9.555003388299074252e-02
9.600180709283939740e-02
9.600180709283939740e-02
9.622769369776372483e-02
9.622769369776372483e-02
9.645358030268805227e-02
9.645358030268805227e-02
9.667946690761237971e-02
9.667946690761237971e-02
9.713124011746103459e-02
9.713124011746103459e-02
9.735712672238536203e-02
9.735712672238536203e-02
9.758301332730968947e-02
9.758301332730968947e-02
9.803478653715834434e-02
9.803478653715834434e-02
9.826067314208267178e-02
9.826067314208267178e-02
9.826067314208267178e-02
9.826067314208267178e-02
9.848655974700699922e-02
9.848655974700699922e-02
9.871244635193132666e-02
9.893833295685565410e-02
9.893833295685565410e-02
9.961599277162863642e-02
9.961599277162863642e-02
9.961599277162863642e-02
9.961599277162863642e-02
1.000677659814773052e-01
1.000677659814773052e-01
1.002936525864016326e-01
1.002936525864016326e-01
1.005195391913259600e-01
1.005195391913259600e-01
1.007454257962502875e-01
1.007454257962502875e-01
1.009713124011746149e-01
1.009713124011746149e-01
1.011971990060989424e-01
1.011971990060989424e-01
1.014230856110232698e-01
1.014230856110232698e-01
1.016489722159475972e-01
1.016489722159475972e-01
1.018748588208719247e-01
1.018748588208719247e-01
1.018748588208719247e-01
1.021007454257962521e-01
1.021007454257962521e-01
1.021007454257962521e-01
1.021007454257962521e-01
1.025525186356449070e-01
1.025525186356449070e-01
1.027784052405692344e-01
1.027784052405692344e-01
1.030042918454935619e-01
1.030042918454935619e-01
1.032301784504178893e-01
1.032301784504178893e-01
1.032301784504178893e-01
1.032301784504178893e-01
1.034560650553422168e-01
1.034560650553422168e-01
1.036819516602665442e-01
1.036819516602665442e-01
1.039078382651908716e-01
1.039078382651908716e-01
1.039078382651908716e-01
1.039078382651908716e-01
1.041337248701151991e-01
1.041337248701151991e-01
1.045854980799638539e-01
1.045854980799638539e-01
1.048113846848881814e-01
1.048113846848881814e-01
1.050372712898125088e-01
1.052631578947368363e-01
1.052631578947368363e-01
1.052631578947368363e-01
1.054890444996611637e-01
1.054890444996611637e-01
1.059408177095098325e-01
1.059408177095098325e-01
1.063925909193584873e-01
1.063925909193584873e-01
1.068443641292071422e-01
1.068443641292071422e-01
1.070702507341314696e-01
1.070702507341314696e-01
1.072961373390557971e-01
1.072961373390557971e-01
1.075220239439801245e-01
1.075220239439801245e-01
1.077479105489044520e-01
1.077479105489044520e-01
1.079737971538287794e-01
1.079737971538287794e-01
1.081996837587531068e-01
1.081996837587531068e-01
1.081996837587531068e-01
1.081996837587531068e-01
1.086514569686017617e-01
1.086514569686017617e-01
1.088773435735260892e-01
1.088773435735260892e-01
1.091032301784504166e-01
1.091032301784504166e-01
1.095550033882990715e-01
1.095550033882990715e-01
1.097808899932233989e-01
1.097808899932233989e-01
1.100067765981477264e-01
1.100067765981477264e-01
1.102326632030720538e-01
1.102326632030720538e-01
1.104585498079963812e-01
1.104585498079963812e-01
1.106844364129207087e-01
1.106844364129207087e-01
1.109103230178450361e-01
1.109103230178450361e-01
1.111362096227693635e-01
1.111362096227693635e-01
1.113620962276936910e-01
1.113620962276936910e-01
1.115879828326180323e-01
1.115879828326180323e-01
1.115879828326180323e-01
1.120397560424666872e-01
1.120397560424666872e-01
1.122656426473910146e-01
1.122656426473910146e-01
1.124915292523153421e-01
1.124915292523153421e-01
1.124915292523153421e-01
1.124915292523153421e-01
1.131691890670883244e-01
1.131691890670883244e-01
1.133950756720126518e-01
1.133950756720126518e-01
1.136209622769369793e-01
1.136209622769369793e-01
1.138468488818613067e-01
1.138468488818613067e-01
1.140727354867856341e-01
1.140727354867856341e-01
1.142986220917099616e-01
1.142986220917099616e-01
1.145245086966342890e-01
1.149762819064829439e-01
1.149762819064829439e-01
1.161057149311045811e-01
1.161057149311045811e-01
1.163316015360289085e-01
1.163316015360289085e-01
1.170092613508018908e-01
1.170092613508018908e-01
1.174610345606505596e-01
1.174610345606505596e-01
1.176869211655748870e-01
1.176869211655748870e-01
1.179128077704992145e-01
1.179128077704992145e-01
1.183645809803478693e-01
1.183645809803478693e-01
1.185904675852721968e-01
1.185904675852721968e-01
1.192681274000451791e-01
1.192681274000451791e-01
1.197199006098938340e-01
1.197199006098938340e-01
1.199457872148181614e-01
1.199457872148181614e-01
1.201716738197424889e-01
1.201716738197424889e-01
1.206234470295911437e-01
1.206234470295911437e-01
1.208493336345154712e-01
1.208493336345154712e-01
1.210752202394397986e-01
1.210752202394397986e-01
1.215269934492884535e-01
1.215269934492884535e-01
1.217528800542127809e-01
1.217528800542127809e-01
1.219787666591371084e-01
1.219787666591371084e-01
1.219787666591371084e-01
1.219787666591371084e-01
1.222046532640614358e-01
1.222046532640614358e-01
1.224305398689857632e-01
1.224305398689857632e-01
1.226564264739100907e-01
1.226564264739100907e-01
1.228823130788344320e-01
1.228823130788344320e-01
1.231081996837587594e-01
1.231081996837587594e-01
1.233340862886830869e-01
1.233340862886830869e-01
1.235599728936074143e-01
1.235599728936074143e-01
1.237858594985317418e-01
1.237858594985317418e-01
1.240117461034560692e-01
1.240117461034560692e-01
1.242376327083803966e-01
1.242376327083803966e-01
1.246894059182290515e-01
1.246894059182290515e-01
1.251411791280777064e-01
1.251411791280777064e-01
1.253670657330020199e-01
1.253670657330020199e-01
1.255929523379263613e-01
1.255929523379263613e-01
1.258188389428507026e-01
1.258188389428507026e-01
1.260447255477750161e-01
1.260447255477750161e-01
1.264964987576236710e-01
1.264964987576236710e-01
1.267223853625480123e-01
1.269482719674723259e-01
1.269482719674723259e-01
1.274000451773209808e-01
1.274000451773209808e-01
1.276259317822453221e-01
1.276259317822453221e-01
1.278518183871696356e-01
1.278518183871696356e-01
1.280777049920939770e-01
1.280777049920939770e-01
1.285294782019426318e-01
1.285294782019426318e-01
1.287553648068669454e-01
1.287553648068669454e-01
1.292071380167156003e-01
1.292071380167156003e-01
1.292071380167156003e-01
1.296589112265642552e-01
1.296589112265642552e-01
1.298847978314885965e-01
1.298847978314885965e-01
1.298847978314885965e-01
1.298847978314885965e-01
1.301106844364129100e-01
1.301106844364129100e-01
1.301106844364129100e-01
1.301106844364129100e-01
1.305624576462615649e-01
1.305624576462615649e-01
1.310142308561102198e-01
1.310142308561102198e-01
1.314660040659589024e-01
1.314660040659589024e-01
1.319177772758075573e-01
1.319177772758075573e-01
1.319177772758075573e-01
1.321436638807318709e-01
1.321436638807318709e-01
1.325954370905805257e-01
1.325954370905805257e-01
1.328213236955048671e-01
1.328213236955048671e-01
1.330472103004291806e-01
1.330472103004291806e-01
1.332730969053535219e-01
1.332730969053535219e-01
1.334989835102778355e-01
1.334989835102778355e-01
1.337248701152021768e-01
1.337248701152021768e-01
1.339507567201264904e-01
1.339507567201264904e-01
1.341766433250508317e-01
1.341766433250508317e-01
1.346284165348994866e-01
1.346284165348994866e-01
1.348543031398238001e-01
1.348543031398238001e-01
1.350801897447481414e-01
1.350801897447481414e-01
1.353060763496724550e-01
1.353060763496724550e-01
1.355319629545967963e-01
1.355319629545967963e-01
1.357578495595211099e-01
1.357578495595211099e-01
1.359837361644454512e-01
1.359837361644454512e-01
1.364355093742941061e-01
1.364355093742941061e-01
1.368872825841427610e-01
1.368872825841427610e-01
1.371131691890670745e-01
1.371131691890670745e-01
1.373390557939914158e-01
1.373390557939914158e-01
1.377908290038400707e-01
1.377908290038400707e-01
1.380167156087644120e-01
1.380167156087644120e-01
1.382426022136887256e-01
1.382426022136887256e-01
1.382426022136887256e-01
1.382426022136887256e-01
1.384684888186130669e-01
1.384684888186130669e-01
1.389202620284617218e-01
1.389202620284617218e-01
1.395979218432346902e-01
1.395979218432346902e-01
1.398238084481590315e-01
1.398238084481590315e-01
1.400496950530833451e-01
1.400496950530833451e-01
1.402755816580076864e-01
1.402755816580076864e-01
1.405014682629320000e-01
1.405014682629320000e-01
1.411791280777049962e-01
1.411791280777049962e-01
1.414050146826293097e-01
1.414050146826293097e-01
1.416309012875536510e-01
1.416309012875536510e-01
1.418567878924779646e-01
1.418567878924779646e-01
1.420826744974023059e-01
1.420826744974023059e-01
1.423085611023266195e-01
1.423085611023266195e-01
1.425344477072509608e-01
1.425344477072509608e-01
1.427603343121752744e-01
1.427603343121752744e-01
1.429862209170996157e-01
1.429862209170996157e-01
1.432121075220239570e-01
1.432121075220239570e-01
1.434379941269482706e-01
1.434379941269482706e-01
1.436638807318726119e-01
1.436638807318726119e-01
1.438897673367969254e-01
1.438897673367969254e-01
1.445674271515699216e-01
1.445674271515699216e-01
1.447933137564942352e-01
1.452450869663428901e-01
1.452450869663428901e-01
1.456968601761915449e-01
1.456968601761915449e-01
1.459227467811158863e-01
1.459227467811158863e-01
1.461486333860401998e-01
1.461486333860401998e-01
1.466004065958888547e-01
1.466004065958888547e-01
1.468262932008131960e-01
1.468262932008131960e-01
1.477298396205105058e-01
1.477298396205105058e-01
1.479557262254348193e-01
1.479557262254348193e-01
1.481816128303591606e-01
1.481816128303591606e-01
1.484074994352834742e-01
1.484074994352834742e-01
1.486333860402078155e-01
1.486333860402078155e-01
1.486333860402078155e-01
1.486333860402078155e-01
1.486333860402078155e-01
1.488592726451321568e-01
1.488592726451321568e-01
1.490851592500564704e-01
1.490851592500564704e-01
1.493110458549808117e-01
1.493110458549808117e-01
1.495369324599051253e-01
1.495369324599051253e-01
1.497628190648294666e-01
1.497628190648294666e-01
1.499887056697537802e-01
1.499887056697537802e-01
1.502145922746781215e-01
1.502145922746781215e-01
1.506663654845267764e-01
1.506663654845267764e-01
1.511181386943754312e-01
1.511181386943754312e-01
1.515699119042240861e-01
1.515699119042240861e-01
1.517957985091483997e-01
1.517957985091483997e-01
1.520216851140727410e-01
1.520216851140727410e-01
1.522475717189970545e-01
1.522475717189970545e-01
1.524734583239213959e-01
1.524734583239213959e-01
1.529252315337700507e-01
1.529252315337700507e-01
1.531511181386943643e-01
1.531511181386943643e-01
1.538287779534673605e-01
1.538287779534673605e-01
1.540546645583916741e-01
1.540546645583916741e-01
1.542805511633160154e-01
1.545064377682403567e-01
1.545064377682403567e-01
1.549582109780890116e-01
1.549582109780890116e-01
1.551840975830133251e-01
1.551840975830133251e-01
1.556358707928619800e-01
1.556358707928619800e-01
1.556358707928619800e-01
1.556358707928619800e-01
1.556358707928619800e-01
1.556358707928619800e-01
1.558617573977863213e-01
1.558617573977863213e-01
1.560876440027106349e-01
1.560876440027106349e-01
1.565394172125592898e-01
1.565394172125592898e-01
1.567653038174836311e-01
1.567653038174836311e-01
1.572170770273322860e-01
1.572170770273322860e-01
1.574429636322565995e-01
1.574429636322565995e-01
1.576688502371809408e-01
1.576688502371809408e-01
1.581206234470295957e-01
1.581206234470295957e-01
1.581206234470295957e-01
1.581206234470295957e-01
1.583465100519539093e-01
1.583465100519539093e-01
1.585723966568782506e-01
1.585723966568782506e-01
1.587982832618025641e-01
1.587982832618025641e-01
1.590241698667269055e-01
1.590241698667269055e-01
1.594759430765755603e-01
1.594759430765755603e-01
1.599277162864242152e-01
1.599277162864242152e-01
1.601536028913485565e-01
1.601536028913485565e-01
1.603794894962728701e-01
1.603794894962728701e-01
1.606053761011972114e-01
1.606053761011972114e-01
1.608312627061215250e-01
1.608312627061215250e-01
1.610571493110458663e-01
1.610571493110458663e-01
1.612830359159701799e-01
1.612830359159701799e-01
1.617348091258188347e-01
1.617348091258188347e-01
1.619606957307431760e-01
1.619606957307431760e-01
1.621865823356674896e-01
1.621865823356674896e-01
1.624124689405918309e-01
1.624124689405918309e-01
1.626383555455161445e-01
1.626383555455161445e-01
1.628642421504404858e-01
1.628642421504404858e-01
1.630901287553647994e-01
1.630901287553647994e-01
1.633160153602891407e-01
1.633160153602891407e-01
1.644454483849107640e-01
1.644454483849107640e-01
1.646713349898351053e-01
1.646713349898351053e-01
1.648972215947594189e-01
1.648972215947594189e-01
1.653489948046080737e-01
1.653489948046080737e-01
1.655748814095324151e-01
1.655748814095324151e-01
1.658007680144567564e-01
1.658007680144567564e-01
1.660266546193810699e-01
1.660266546193810699e-01
1.662525412243054113e-01
1.662525412243054113e-01
1.664784278292297248e-01
1.664784278292297248e-01
1.669302010390783797e-01
1.669302010390783797e-01
1.673819742489270346e-01
1.673819742489270346e-01
1.676078608538513759e-01
1.676078608538513759e-01
1.678337474587756895e-01
1.678337474587756895e-01
1.680596340637000308e-01
1.680596340637000308e-01
1.682855206686243443e-01
1.682855206686243443e-01
1.687372938784729992e-01
1.687372938784729992e-01
1.689631804833973405e-01
1.689631804833973405e-01
1.691890670883216541e-01
1.691890670883216541e-01
1.694149536932459954e-01
1.694149536932459954e-01
1.696408402981703090e-01
1.696408402981703090e-01
1.698667269030946503e-01
1.698667269030946503e-01
1.703185001129433052e-01
1.703185001129433052e-01
1.705443867178676187e-01
1.705443867178676187e-01
1.709961599277162736e-01
1.709961599277162736e-01
1.709961599277162736e-01
1.709961599277162736e-01
1.712220465326406149e-01
1.712220465326406149e-01
1.714479331375649562e-01
1.714479331375649562e-01
1.716738197424892698e-01
1.716738197424892698e-01
1.728032527671109209e-01
1.728032527671109209e-01
1.730291393720352344e-01
1.730291393720352344e-01
1.734809125818838893e-01
1.734809125818838893e-01
1.734809125818838893e-01
1.737067991868082306e-01
1.737067991868082306e-01
1.739326857917325442e-01
1.739326857917325442e-01
1.741585723966568855e-01
1.741585723966568855e-01
1.746103456065055404e-01
1.746103456065055404e-01
1.750621188163541952e-01
1.750621188163541952e-01
1.752880054212785088e-01
1.752880054212785088e-01
1.755138920262028501e-01
1.755138920262028501e-01
1.757397786311271637e-01
1.757397786311271637e-01
1.761915518409758186e-01
1.761915518409758186e-01
1.764174384459001599e-01
1.764174384459001599e-01
1.768692116557488148e-01
1.768692116557488148e-01
1.770950982606731283e-01
1.773209848655974696e-01
1.773209848655974696e-01
1.775468714705218110e-01
1.775468714705218110e-01
1.782245312852947794e-01
1.782245312852947794e-01
1.784504178902191207e-01
1.784504178902191207e-01
1.786763044951434343e-01
1.786763044951434343e-01
1.793539643099164305e-01
1.793539643099164305e-01
1.798057375197650853e-01
1.798057375197650853e-01
1.802575107296137402e-01
1.802575107296137402e-01
1.804833973345380538e-01
1.804833973345380538e-01
1.807092839394623951e-01
1.807092839394623951e-01
1.809351705443867087e-01
1.809351705443867087e-01
1.813869437542353635e-01
1.813869437542353635e-01
1.818387169640840184e-01
1.818387169640840184e-01
1.820646035690083597e-01
1.820646035690083597e-01
1.822904901739326733e-01
1.822904901739326733e-01
1.827422633837813282e-01
1.827422633837813282e-01
1.834199231985543244e-01
1.834199231985543244e-01
1.840975830133273206e-01
1.840975830133273206e-01
1.843234696182516341e-01
1.843234696182516341e-01
1.847752428281002890e-01
1.847752428281002890e-01
1.852270160379489439e-01
1.852270160379489439e-01
1.854529026428732852e-01
1.854529026428732852e-01
1.863564490625705949e-01
1.863564490625705949e-01
1.865823356674949085e-01
1.865823356674949085e-01
1.868082222724192498e-01
1.868082222724192498e-01
1.870341088773435634e-01
1.870341088773435634e-01
1.872599954822679047e-01
1.872599954822679047e-01
1.874858820871922183e-01
1.874858820871922183e-01
1.874858820871922183e-01
1.874858820871922183e-01
1.877117686921165596e-01
1.877117686921165596e-01
1.879376552970408731e-01
1.879376552970408731e-01
1.881635419019652145e-01
1.881635419019652145e-01
1.883894285068895280e-01
1.883894285068895280e-01
1.888412017167382106e-01
1.888412017167382106e-01
1.892929749265868655e-01
1.892929749265868655e-01
1.895188615315111791e-01
1.895188615315111791e-01
1.899706347413598340e-01
1.899706347413598340e-01
1.901965213462841753e-01
1.901965213462841753e-01
1.913259543709057986e-01
1.913259543709057986e-01
1.915518409758301399e-01
1.915518409758301399e-01
1.917777275807544535e-01
1.917777275807544535e-01
1.920036141856787948e-01
1.920036141856787948e-01
1.924553873955274497e-01
1.924553873955274497e-01
1.926812740004517632e-01
1.926812740004517632e-01
1.929071606053761045e-01
1.929071606053761045e-01
1.931330472103004181e-01
1.931330472103004181e-01
1.933589338152247594e-01
1.933589338152247594e-01
1.935848204201490730e-01
1.935848204201490730e-01
1.940365936299977279e-01
1.940365936299977279e-01
1.942624802349220692e-01
1.942624802349220692e-01
1.947142534447707241e-01
1.947142534447707241e-01
1.949401400496950654e-01
1.949401400496950654e-01
1.951660266546193789e-01
1.951660266546193789e-01
1.953919132595437202e-01
1.953919132595437202e-01
1.956177998644680338e-01
1.956177998644680338e-01
1.960695730743166887e-01
1.960695730743166887e-01
1.967472328890896849e-01
1.967472328890896849e-01
1.969731194940139984e-01
1.969731194940139984e-01
1.974248927038626533e-01
1.974248927038626533e-01
1.976507793087869946e-01
1.976507793087869946e-01
1.978766659137113082e-01
1.978766659137113082e-01
1.981025525186356495e-01
1.981025525186356495e-01
1.985543257284843044e-01
1.985543257284843044e-01
1.987802123334086180e-01
1.987802123334086180e-01
1.990060989383329593e-01
1.990060989383329593e-01
2.001355319629546103e-01
2.001355319629546103e-01
2.003614185678789239e-01
2.003614185678789239e-01
2.005873051728032652e-01
2.005873051728032652e-01
2.008131917777275788e-01
2.008131917777275788e-01
2.010390783826519201e-01
2.010390783826519201e-01
2.012649649875762337e-01
2.012649649875762337e-01
2.014908515925005750e-01
2.014908515925005750e-01
2.019426248023492299e-01
2.019426248023492299e-01
2.021685114072735434e-01
2.021685114072735434e-01
2.023943980121978847e-01
2.023943980121978847e-01
2.026202846171221983e-01
2.026202846171221983e-01
2.028461712220465396e-01
2.028461712220465396e-01
2.030720578269708532e-01
2.030720578269708532e-01
2.032979444318951945e-01
2.032979444318951945e-01
2.035238310368195080e-01
2.035238310368195080e-01
2.039756042466681629e-01
2.039756042466681629e-01
2.046532640614411591e-01
2.046532640614411591e-01
2.051050372712898140e-01
2.051050372712898140e-01
2.053309238762141276e-01
2.053309238762141276e-01
2.055568104811384689e-01
2.055568104811384689e-01
2.057826970860628102e-01
2.057826970860628102e-01
2.060085836909871237e-01
2.060085836909871237e-01
2.062344702959114651e-01
2.062344702959114651e-01
2.064603569008357786e-01
2.064603569008357786e-01
2.066862435057601199e-01
2.066862435057601199e-01
2.069121301106844335e-01
2.069121301106844335e-01
2.071380167156087748e-01
2.071380167156087748e-01
2.080415631353060846e-01
2.080415631353060846e-01
2.082674497402303981e-01
2.082674497402303981e-01
2.084933363451547395e-01
2.084933363451547395e-01
2.089451095550033943e-01
2.089451095550033943e-01
2.091709961599277079e-01
2.091709961599277079e-01
2.093968827648520492e-01
2.096227693697763628e-01
2.096227693697763628e-01
2.098486559747007041e-01
2.098486559747007041e-01
2.100745425796250176e-01
2.100745425796250176e-01
2.103004291845493590e-01
2.103004291845493590e-01
2.109780889993223274e-01
2.109780889993223274e-01
2.112039756042466687e-01
2.112039756042466687e-01
2.114298622091710100e-01
2.114298622091710100e-01
2.116557488140953236e-01
2.116557488140953236e-01
2.118816354190196649e-01
2.118816354190196649e-01
2.121075220239439785e-01
2.121075220239439785e-01
2.125592952337926334e-01
2.125592952337926334e-01
2.127851818387169747e-01
2.127851818387169747e-01
2.132369550485656295e-01
2.132369550485656295e-01
2.136887282584142844e-01
2.136887282584142844e-01
2.141405014682629393e-01
2.141405014682629393e-01
2.143663880731872529e-01
2.143663880731872529e-01
2.145922746781115942e-01
2.145922746781115942e-01
2.148181612830359077e-01
2.148181612830359077e-01
2.150440478879602491e-01
2.150440478879602491e-01
2.152699344928845626e-01
2.152699344928845626e-01
2.157217077027332175e-01
2.157217077027332175e-01
2.159475943076575588e-01
2.159475943076575588e-01
2.161734809125818724e-01
2.161734809125818724e-01
2.166252541224305272e-01
2.166252541224305272e-01
2.166252541224305272e-01
2.166252541224305272e-01
2.168511407273548686e-01
2.168511407273548686e-01
2.173029139372035234e-01
2.173029139372035234e-01
2.175288005421278648e-01
2.175288005421278648e-01
2.177546871470521783e-01
2.177546871470521783e-01
2.184323469618251745e-01
2.184323469618251745e-01
2.188841201716738294e-01
2.188841201716738294e-01
2.191100067765981430e-01
2.191100067765981430e-01
2.193358933815224843e-01
2.193358933815224843e-01
2.195617799864467978e-01
2.195617799864467978e-01
2.197876665913711391e-01
2.197876665913711391e-01
2.202394398012197940e-01
2.202394398012197940e-01
2.206912130110684489e-01
2.206912130110684489e-01
2.209170996159927625e-01
2.209170996159927625e-01
2.213688728258414173e-01
2.213688728258414173e-01
2.220465326406144135e-01
2.220465326406144135e-01
2.224983058504630684e-01
2.224983058504630684e-01
2.227241924553873820e-01
2.227241924553873820e-01
2.229500790603117233e-01
2.229500790603117233e-01
2.231759656652360646e-01
2.231759656652360646e-01
2.234018522701603782e-01
2.234018522701603782e-01
2.236277388750847195e-01
2.236277388750847195e-01
2.245312852947820292e-01
2.245312852947820292e-01
2.247571718997063428e-01
2.247571718997063428e-01
2.249830585046306841e-01
2.249830585046306841e-01
2.252089451095549977e-01
2.252089451095549977e-01
2.254348317144793390e-01
2.254348317144793390e-01
2.256607183194036526e-01
2.256607183194036526e-01
2.258866049243279939e-01
2.258866049243279939e-01
2.261124915292523074e-01
2.261124915292523074e-01
2.263383781341766487e-01
2.263383781341766487e-01
2.265642647391009623e-01
2.265642647391009623e-01
2.267901513440253036e-01
2.267901513440253036e-01
2.270160379489496172e-01
2.270160379489496172e-01
2.272419245538739585e-01
2.272419245538739585e-01
2.279195843686469269e-01
2.279195843686469269e-01
2.281454709735712683e-01
2.281454709735712683e-01
2.283713575784955818e-01
2.283713575784955818e-01
2.285972441834199231e-01
2.285972441834199231e-01
2.288231307883442645e-01
2.288231307883442645e-01
2.295007906031172329e-01
2.295007906031172329e-01
2.297266772080415742e-01
2.297266772080415742e-01
2.299525638129658878e-01
2.299525638129658878e-01
2.301784504178902291e-01
2.301784504178902291e-01
2.304043370228145426e-01
2.304043370228145426e-01
2.306302236277388840e-01
2.306302236277388840e-01
2.310819968375875388e-01
2.310819968375875388e-01
2.315337700474361937e-01
2.315337700474361937e-01
2.317596566523605073e-01
2.317596566523605073e-01
2.319855432572848486e-01
2.319855432572848486e-01
2.322114298622091622e-01
2.322114298622091622e-01
2.324373164671335035e-01
2.324373164671335035e-01
2.326632030720578170e-01
2.326632030720578170e-01
2.328890896769821584e-01
2.328890896769821584e-01
2.340185227016037817e-01
2.340185227016037817e-01
2.342444093065281230e-01
2.342444093065281230e-01
2.344702959114524643e-01
2.344702959114524643e-01
2.346961825163767779e-01
2.346961825163767779e-01
2.351479557262254327e-01
2.353738423311497741e-01
2.353738423311497741e-01
2.355997289360740876e-01
2.355997289360740876e-01
2.360515021459227425e-01
2.360515021459227425e-01
2.362773887508470838e-01
2.362773887508470838e-01
2.365032753557713974e-01
2.365032753557713974e-01
2.367291619606957387e-01
2.367291619606957387e-01
2.369550485656200522e-01
2.369550485656200522e-01
2.371809351705443936e-01
2.371809351705443936e-01
2.374068217754687071e-01
2.374068217754687071e-01
2.378585949853173620e-01
2.378585949853173620e-01
2.380844815902417033e-01
2.380844815902417033e-01
2.387621414050146718e-01
2.387621414050146718e-01
2.394398012197876680e-01
2.394398012197876680e-01
2.396656878247119815e-01
2.396656878247119815e-01
2.407951208493336326e-01
2.407951208493336326e-01
2.410210074542579739e-01
2.410210074542579739e-01
2.419245538739552837e-01
2.419245538739552837e-01
2.421504404788795972e-01
2.421504404788795972e-01
2.426022136887282521e-01
2.426022136887282521e-01
2.430539868985769070e-01
2.430539868985769070e-01
2.437316467133499032e-01
2.437316467133499032e-01
2.441834199231985580e-01
2.441834199231985580e-01
2.446351931330472129e-01
2.446351931330472129e-01
2.448610797379715265e-01
2.448610797379715265e-01
2.453128529478201814e-01
2.453128529478201814e-01
2.455387395527445227e-01
2.455387395527445227e-01
2.457646261576688640e-01
2.457646261576688640e-01
2.464422859724418324e-01
2.464422859724418324e-01
2.468940591822904873e-01
2.468940591822904873e-01
2.480234922069121384e-01
2.480234922069121384e-01
2.484752654167607933e-01
2.484752654167607933e-01
2.489270386266094481e-01
2.489270386266094481e-01
2.491529252315337617e-01
2.491529252315337617e-01
2.493788118364581030e-01
2.493788118364581030e-01
2.500564716512310715e-01
2.500564716512310715e-01
2.502823582561554128e-01
2.502823582561554128e-01
2.505082448610797541e-01
2.505082448610797541e-01
2.514117912807770638e-01
2.514117912807770638e-01
2.532188841201716833e-01
2.532188841201716833e-01
2.538965439349446518e-01
2.538965439349446518e-01
2.541224305398689931e-01
2.541224305398689931e-01
2.543483171447933344e-01
2.543483171447933344e-01
2.545742037497176202e-01
2.545742037497176202e-01
2.548000903546419615e-01
2.548000903546419615e-01
2.550259769595663029e-01
2.550259769595663029e-01
2.559295233792636126e-01
2.559295233792636126e-01
2.563812965891122397e-01
2.563812965891122397e-01
2.568330697989609224e-01
2.568330697989609224e-01
2.579625028235825734e-01
2.579625028235825734e-01
2.581883894285069148e-01
2.584142760334312006e-01
2.584142760334312006e-01
2.586401626383555419e-01
2.586401626383555419e-01
2.595437090580528516e-01
2.595437090580528516e-01
2.597695956629771930e-01
2.597695956629771930e-01
2.602213688728258201e-01
2.602213688728258201e-01
2.604472554777501614e-01
2.604472554777501614e-01
2.608990286875988440e-01
2.608990286875988440e-01
2.611249152925231298e-01
2.611249152925231298e-01
2.613508018974474711e-01
2.613508018974474711e-01
2.615766885023718125e-01
2.615766885023718125e-01
2.618025751072961538e-01
2.618025751072961538e-01
2.622543483171447809e-01
2.622543483171447809e-01
2.624802349220691222e-01
2.624802349220691222e-01
2.629320081319178048e-01
2.629320081319178048e-01
2.642873277614637417e-01
2.642873277614637417e-01
2.645132143663880830e-01
2.645132143663880830e-01
2.647391009713124244e-01
2.647391009713124244e-01
2.649649875762367102e-01
2.649649875762367102e-01
2.651908741811610515e-01
2.651908741811610515e-01
2.654167607860853928e-01
2.654167607860853928e-01
2.658685339959340199e-01
2.658685339959340199e-01
2.660944206008583612e-01
2.660944206008583612e-01
2.663203072057827026e-01
2.663203072057827026e-01
2.665461938107070439e-01
2.665461938107070439e-01
2.667720804156313297e-01
2.667720804156313297e-01
2.672238536254800123e-01
2.672238536254800123e-01
2.674497402304043536e-01
2.674497402304043536e-01
2.676756268353286394e-01
2.676756268353286394e-01
2.679015134402529807e-01
2.679015134402529807e-01
2.681274000451773221e-01
2.681274000451773221e-01
2.685791732550260047e-01
2.685791732550260047e-01
2.688050598599502905e-01
2.688050598599502905e-01
2.690309464648746318e-01
2.690309464648746318e-01
2.697086062796476003e-01
2.697086062796476003e-01
2.699344928845719416e-01
2.699344928845719416e-01
2.701603794894962829e-01
2.701603794894962829e-01
2.703862660944206242e-01
2.703862660944206242e-01
2.706121526993449100e-01
2.706121526993449100e-01
2.712898125141179340e-01
2.712898125141179340e-01
2.715156991190422198e-01
2.715156991190422198e-01
2.717415857239665611e-01
2.717415857239665611e-01
2.719674723288909024e-01
2.719674723288909024e-01
2.721933589338152437e-01
2.721933589338152437e-01
2.724192455387395295e-01
2.724192455387395295e-01
2.730969053535125535e-01
2.730969053535125535e-01
2.733227919584368393e-01
2.733227919584368393e-01
2.737745651682855219e-01
2.737745651682855219e-01
2.744522249830584903e-01
2.744522249830584903e-01
2.746781115879828317e-01
2.746781115879828317e-01
2.751298847978315143e-01
2.751298847978315143e-01
2.755816580076801414e-01
2.755816580076801414e-01
2.760334312175288241e-01
2.760334312175288241e-01
2.762593178224531099e-01
2.762593178224531099e-01
2.764852044273774512e-01
2.764852044273774512e-01
2.767110910323017925e-01
2.767110910323017925e-01
2.769369776372261338e-01
2.769369776372261338e-01
2.771628642421504196e-01
2.771628642421504196e-01
2.780664106618477294e-01
2.780664106618477294e-01
2.785181838716964120e-01
2.785181838716964120e-01
2.787440704766207533e-01
2.787440704766207533e-01
2.796476168963180631e-01
2.796476168963180631e-01
2.798735035012423489e-01
2.798735035012423489e-01
2.800993901061666902e-01
2.800993901061666902e-01
2.805511633160153728e-01
2.805511633160153728e-01
2.807770499209397141e-01
2.807770499209397141e-01
2.810029365258640000e-01
2.810029365258640000e-01
2.812288231307883413e-01
2.812288231307883413e-01
2.819064829455613097e-01
2.819064829455613097e-01
2.821323695504856510e-01
2.821323695504856510e-01
2.830359159701829608e-01
2.830359159701829608e-01
2.832618025751073021e-01
2.832618025751073021e-01
2.837135757849559292e-01
2.837135757849559292e-01
2.843912355997289532e-01
2.843912355997289532e-01
2.848430088095775803e-01
2.848430088095775803e-01
2.850688954145019216e-01
2.850688954145019216e-01
2.855206686243505487e-01
2.855206686243505487e-01
2.857465552292748900e-01
2.857465552292748900e-01
2.859724418341992314e-01
2.859724418341992314e-01
2.861983284391235727e-01
2.861983284391235727e-01
2.864242150440479140e-01
2.864242150440479140e-01
2.868759882538965411e-01
2.868759882538965411e-01
2.880054212785181922e-01
2.880054212785181922e-01
2.884571944883668193e-01
2.884571944883668193e-01
2.891348543031398433e-01
2.891348543031398433e-01
2.893607409080641291e-01
2.893607409080641291e-01
2.895866275129884704e-01
2.895866275129884704e-01
2.900384007228371530e-01
2.900384007228371530e-01
2.907160605376101215e-01
2.907160605376101215e-01
2.909419471425344628e-01
2.909419471425344628e-01
2.918454935622317725e-01
2.918454935622317725e-01
2.920713801671561138e-01
2.920713801671561138e-01
2.922972667720803996e-01
2.922972667720803996e-01
2.932008131917777094e-01
2.932008131917777094e-01
2.936525864016263920e-01
2.936525864016263920e-01
2.941043596114750192e-01
2.941043596114750192e-01
2.943302462163993605e-01
2.943302462163993605e-01
2.945561328213237018e-01
2.945561328213237018e-01
2.950079060311723289e-01
2.950079060311723289e-01
2.954596792410210115e-01
2.954596792410210115e-01
2.956855658459453529e-01
2.956855658459453529e-01
2.963632256607183213e-01
2.963632256607183213e-01
2.965891122656426626e-01
2.965891122656426626e-01
2.970408854754912897e-01
2.970408854754912897e-01
2.974926586853399724e-01
2.974926586853399724e-01
2.977185452902643137e-01
2.977185452902643137e-01
3.006550711542805288e-01
3.006550711542805288e-01
3.008809577592048701e-01
3.008809577592048701e-01
3.011068443641292114e-01
3.011068443641292114e-01
3.017845041789021798e-01
3.017845041789021798e-01
3.022362773887508625e-01
3.040433702281454820e-01
3.040433702281454820e-01
3.049469166478427917e-01
3.049469166478427917e-01
3.051728032527671330e-01
3.051728032527671330e-01
3.065281228823130699e-01
3.065281228823130699e-01
3.081093291167833481e-01
3.081093291167833481e-01
3.087869889315563721e-01
3.087869889315563721e-01
3.090128755364807134e-01
3.090128755364807134e-01
3.092387621414049992e-01
3.092387621414049992e-01
3.103681951660266503e-01
3.103681951660266503e-01
3.105940817709509916e-01
3.105940817709509916e-01
3.108199683758753329e-01
3.108199683758753329e-01
3.110458549807996187e-01
3.110458549807996187e-01
3.112717415857239600e-01
3.112717415857239600e-01
3.121752880054212698e-01
3.121752880054212698e-01
3.128529478201942382e-01
3.128529478201942382e-01
3.130788344251185795e-01
3.130788344251185795e-01
3.133047210300429208e-01
3.133047210300429208e-01
3.135306076349672622e-01
3.135306076349672622e-01
3.139823808448158893e-01
3.139823808448158893e-01
3.142082674497402306e-01
3.142082674497402306e-01
3.144341540546645719e-01
3.144341540546645719e-01
3.146600406595889132e-01
3.146600406595889132e-01
3.148859272645131990e-01
3.148859272645131990e-01
3.151118138694375403e-01
3.151118138694375403e-01
3.153377004743618817e-01
3.153377004743618817e-01
3.160153602891348501e-01
3.160153602891348501e-01
3.162412468940591914e-01
3.162412468940591914e-01
3.169189067088321599e-01
3.169189067088321599e-01
3.171447933137565012e-01
3.171447933137565012e-01
3.180483397334538109e-01
3.180483397334538109e-01
3.182742263383781522e-01
3.182742263383781522e-01
3.187259995482267794e-01
3.187259995482267794e-01
3.200813191777727718e-01
3.200813191777727718e-01
3.209848655974700815e-01
3.209848655974700815e-01
3.214366388073187086e-01
3.214366388073187086e-01
3.216625254122430499e-01
3.216625254122430499e-01
3.218884120171673913e-01
3.218884120171673913e-01
3.225660718319403597e-01
3.225660718319403597e-01
3.234696182516376695e-01
3.234696182516376695e-01
3.236955048565620108e-01
3.236955048565620108e-01
3.239213914614863521e-01
3.239213914614863521e-01
3.241472780664106379e-01
3.241472780664106379e-01
3.245990512762593205e-01
3.245990512762593205e-01
3.248249378811836618e-01
3.248249378811836618e-01
3.255025976959566303e-01
3.255025976959566303e-01
3.266320307205782814e-01
3.266320307205782814e-01
3.291167833747458693e-01
3.291167833747458693e-01
3.293426699796702106e-01
3.293426699796702106e-01
3.295685565845945519e-01
3.295685565845945519e-01
3.304721030042918617e-01
3.304721030042918617e-01
3.306979896092161475e-01
3.306979896092161475e-01
3.309238762141404888e-01
3.309238762141404888e-01
3.313756494239891714e-01
3.313756494239891714e-01
3.318274226338377986e-01
3.318274226338377986e-01
3.327309690535351083e-01
3.327309690535351083e-01
3.340862886830811007e-01
3.340862886830811007e-01
3.347639484978540692e-01
3.347639484978540692e-01
3.349898351027784105e-01
3.349898351027784105e-01
3.354416083126270376e-01
3.354416083126270376e-01
3.361192681274000615e-01
3.361192681274000615e-01
3.365710413372486887e-01
3.365710413372486887e-01
3.367969279421730300e-01
3.367969279421730300e-01
3.372487011520217126e-01
3.372487011520217126e-01
3.379263609667946811e-01
3.379263609667946811e-01
3.383781341766433082e-01
3.383781341766433082e-01
3.386040207815676495e-01
3.386040207815676495e-01
3.388299073864919908e-01
3.388299073864919908e-01
3.390557939914163321e-01
3.390557939914163321e-01
3.395075672012649592e-01
3.395075672012649592e-01
3.397334538061893006e-01
3.397334538061893006e-01
3.399593404111136419e-01
3.399593404111136419e-01
3.401852270160379277e-01
3.401852270160379277e-01
3.406370002258866103e-01
3.406370002258866103e-01
3.410887734357352374e-01
3.410887734357352374e-01
3.413146600406595788e-01
3.413146600406595788e-01
3.415405466455839201e-01
3.415405466455839201e-01
3.424440930652812298e-01
3.424440930652812298e-01
3.426699796702055711e-01
3.426699796702055711e-01
3.428958662751299125e-01
3.428958662751299125e-01
3.431217528800541983e-01
3.431217528800541983e-01
3.435735260899028809e-01
3.435735260899028809e-01
3.442511859046758493e-01
3.442511859046758493e-01
3.447029591145245320e-01
3.447029591145245320e-01
3.462841653489948102e-01
3.462841653489948102e-01
3.469618251637677786e-01
3.469618251637677786e-01
3.474135983736164612e-01
3.474135983736164612e-01
3.478653715834650884e-01
3.478653715834650884e-01
3.483171447933137710e-01
3.483171447933137710e-01
3.485430313982380568e-01
3.485430313982380568e-01
3.487689180031623981e-01
3.487689180031623981e-01
3.492206912130110807e-01
3.492206912130110807e-01
3.494465778179354221e-01
3.494465778179354221e-01
3.496724644228597079e-01
3.496724644228597079e-01
3.505760108425570176e-01
3.505760108425570176e-01
3.514795572622543274e-01
3.514795572622543274e-01
3.519313304721030100e-01
3.519313304721030100e-01
3.523831036819516371e-01
3.523831036819516371e-01
3.526089902868759784e-01
3.526089902868759784e-01
3.530607634967246611e-01
3.530607634967246611e-01
3.532866501016489469e-01
3.532866501016489469e-01
3.539643099164219708e-01
3.539643099164219708e-01
3.541901965213462566e-01
3.541901965213462566e-01
3.546419697311949393e-01
3.546419697311949393e-01
3.548678563361192806e-01
3.548678563361192806e-01
3.550937429410436219e-01
3.550937429410436219e-01
3.555455161508922490e-01
3.555455161508922490e-01
3.573526089902868685e-01
3.573526089902868685e-01
3.578043822001355512e-01
3.578043822001355512e-01
3.598373616444544565e-01
3.598373616444544565e-01
3.600632482493787978e-01
3.600632482493787978e-01
3.602891348543031391e-01
3.602891348543031391e-01
3.605150214592274804e-01
3.605150214592274804e-01
3.607409080641518218e-01
3.607409080641518218e-01
3.618703410887734173e-01
3.618703410887734173e-01
3.620962276936977586e-01
3.620962276936977586e-01
3.625480009035464413e-01
3.625480009035464413e-01
3.627738875084707271e-01
3.627738875084707271e-01
3.634515473232437510e-01
3.634515473232437510e-01
3.641292071380167195e-01
3.641292071380167195e-01
3.643550937429410608e-01
3.643550937429410608e-01
3.652586401626383705e-01
3.652586401626383705e-01
3.657104133724869977e-01
3.657104133724869977e-01
3.661621865823356803e-01
3.661621865823356803e-01
3.663880731872600216e-01
3.663880731872600216e-01
3.666139597921843074e-01
3.666139597921843074e-01
3.670657330020329900e-01
3.670657330020329900e-01
3.677433928168059585e-01
3.677433928168059585e-01
3.679692794217302998e-01
3.679692794217302998e-01
3.681951660266546411e-01
3.681951660266546411e-01
3.690987124463519509e-01
3.690987124463519509e-01
3.693245990512762367e-01
3.693245990512762367e-01
3.695504856562005780e-01
3.695504856562005780e-01
3.702281454709735464e-01
3.702281454709735464e-01
3.704540320758978877e-01
3.704540320758978877e-01
3.709058052857465704e-01
3.709058052857465704e-01
3.711316918906708562e-01
3.711316918906708562e-01
3.724870115202168486e-01
3.724870115202168486e-01
3.729387847300655312e-01
3.729387847300655312e-01
3.733905579399141583e-01
3.733905579399141583e-01
3.736164445448384996e-01
3.736164445448384996e-01
3.740682177546871268e-01
3.740682177546871268e-01
3.745199909645358094e-01
3.745199909645358094e-01
3.747458775694601507e-01
3.747458775694601507e-01
3.756494239891574605e-01
3.756494239891574605e-01
3.763270838039304289e-01
3.763270838039304289e-01
3.767788570137790560e-01
3.767788570137790560e-01
3.770047436187033973e-01
3.770047436187033973e-01
3.772306302236277387e-01
3.772306302236277387e-01
3.781341766433250484e-01
3.781341766433250484e-01
3.790377230630223582e-01
3.790377230630223582e-01
3.792636096679466995e-01
3.792636096679466995e-01
3.794894962728710408e-01
3.794894962728710408e-01
3.797153828777953266e-01
3.797153828777953266e-01
3.801671560876440092e-01
3.801671560876440092e-01
3.808448159024169777e-01
3.808448159024169777e-01
3.810707025073413190e-01
3.810707025073413190e-01
3.819742489270386288e-01
3.819742489270386288e-01
3.831036819516602798e-01
3.831036819516602798e-01
3.833295685565846211e-01
3.833295685565846211e-01
3.837813417664332483e-01
3.837813417664332483e-01
3.840072283713575896e-01
3.840072283713575896e-01
3.849107747910548993e-01
3.849107747910548993e-01
3.851366613959792407e-01
3.851366613959792407e-01
3.855884346058278678e-01
3.855884346058278678e-01
3.858143212107522091e-01
3.858143212107522091e-01
3.867178676304495188e-01
3.867178676304495188e-01
3.871696408402981460e-01
3.871696408402981460e-01
3.885249604698441384e-01
3.885249604698441384e-01
3.889767336796928210e-01
3.889767336796928210e-01
3.894285068895414481e-01
3.894285068895414481e-01
3.896543934944657894e-01
3.896543934944657894e-01
3.901061667043144165e-01
3.901061667043144165e-01
3.903320533092387579e-01
3.903320533092387579e-01
3.905579399141630992e-01
3.905579399141630992e-01
3.910097131240117263e-01
3.910097131240117263e-01
3.914614863338604089e-01
3.914614863338604089e-01
3.916873729387847503e-01
3.916873729387847503e-01
3.919132595437090361e-01
3.919132595437090361e-01
3.921391461486333774e-01
3.921391461486333774e-01
3.934944657781793698e-01
3.934944657781793698e-01
3.937203523831036556e-01
3.937203523831036556e-01
3.939462389880279969e-01
3.939462389880279969e-01
3.946238988028010208e-01
3.946238988028010208e-01
3.950756720126496480e-01
3.950756720126496480e-01
3.955274452224983306e-01
3.955274452224983306e-01
3.962051050372712990e-01
3.962051050372712990e-01
3.968827648520442675e-01
3.968827648520442675e-01
3.971086514569686088e-01
3.971086514569686088e-01
3.973345380618929501e-01
3.973345380618929501e-01
3.975604246668172359e-01
3.975604246668172359e-01
3.977863112717415772e-01
3.977863112717415772e-01
3.980121978766659185e-01
3.980121978766659185e-01
3.982380844815902599e-01
3.982380844815902599e-01
3.986898576914388870e-01
3.986898576914388870e-01
3.989157442963632283e-01
3.989157442963632283e-01
3.991416309012875696e-01
3.991416309012875696e-01
3.993675175062118554e-01
3.993675175062118554e-01
4.000451773209848794e-01
4.000451773209848794e-01
4.007228371357578478e-01
4.007228371357578478e-01
4.020781567653038402e-01
4.020781567653038402e-01
4.025299299751524673e-01
4.025299299751524673e-01
4.029817031850011499e-01
4.029817031850011499e-01
4.054664558391687379e-01
4.054664558391687379e-01
4.059182290490174205e-01
4.059182290490174205e-01
4.061441156539417063e-01
4.061441156539417063e-01
4.063700022588660477e-01
4.063700022588660477e-01
4.068217754687147303e-01
4.068217754687147303e-01
4.072735486785633574e-01
4.072735486785633574e-01
4.081770950982606672e-01
4.081770950982606672e-01
4.084029817031850085e-01
4.084029817031850085e-01
4.088547549130336356e-01
4.088547549130336356e-01
4.097583013327309454e-01
4.097583013327309454e-01
4.099841879376552867e-01
4.099841879376552867e-01
4.111136209622769377e-01
4.111136209622769377e-01
4.115653941721256204e-01
4.115653941721256204e-01
4.124689405918229301e-01
4.124689405918229301e-01
4.129207138016715573e-01
4.129207138016715573e-01
4.131466004065958986e-01
4.131466004065958986e-01
4.140501468262932083e-01
4.140501468262932083e-01
4.142760334312175496e-01
4.142760334312175496e-01
4.149536932459905181e-01
4.149536932459905181e-01
4.154054664558391452e-01
4.154054664558391452e-01
4.156313530607634865e-01
4.156313530607634865e-01
4.165348994804607963e-01
4.165348994804607963e-01
4.185678789247797571e-01
4.185678789247797571e-01
4.190196521346284397e-01
4.190196521346284397e-01
4.194714253444770669e-01
4.194714253444770669e-01
4.196973119494014082e-01
4.196973119494014082e-01
4.199231985543257495e-01
4.199231985543257495e-01
4.208267449740230592e-01
4.208267449740230592e-01
4.215044047887960277e-01
4.215044047887960277e-01
4.230856110232663059e-01
4.230856110232663059e-01
4.233114976281906472e-01
4.233114976281906472e-01
4.239891574429636156e-01
4.239891574429636156e-01
4.244409306528122983e-01
4.244409306528122983e-01
4.246668172577366396e-01
4.246668172577366396e-01
4.257962502823582351e-01
4.257962502823582351e-01
4.264739100971312591e-01
4.264739100971312591e-01
4.269256833069798862e-01
4.269256833069798862e-01
4.271515699119042275e-01
4.271515699119042275e-01
4.282810029365258786e-01
4.282810029365258786e-01
4.289586627512988470e-01
4.289586627512988470e-01
4.298622091709961568e-01
4.298622091709961568e-01
4.300880957759204981e-01
4.300880957759204981e-01
4.305398689857691252e-01
4.305398689857691252e-01
4.307657555906934665e-01
4.307657555906934665e-01
4.309916421956178079e-01
4.309916421956178079e-01
4.314434154054664350e-01
4.314434154054664350e-01
4.332505082448610545e-01
4.332505082448610545e-01
4.334763948497853958e-01
4.334763948497853958e-01
4.346058278744070469e-01
4.346058278744070469e-01
4.350576010842557295e-01
4.350576010842557295e-01
4.352834876891800153e-01
4.352834876891800153e-01
4.364129207138016664e-01
4.364129207138016664e-01
4.368646939236503490e-01
4.368646939236503490e-01
4.370905805285746348e-01
4.370905805285746348e-01
4.375423537384233175e-01
4.375423537384233175e-01
4.379941269482719446e-01
4.379941269482719446e-01
4.393494465778179370e-01
4.393494465778179370e-01
4.402529929975152467e-01
4.402529929975152467e-01
4.409306528122882152e-01
4.409306528122882152e-01
4.420600858369098662e-01
4.420600858369098662e-01
4.422859724418342076e-01
4.422859724418342076e-01
4.427377456516828347e-01
4.427377456516828347e-01
4.431895188615315173e-01
4.431895188615315173e-01
4.447707250960017955e-01
4.447707250960017955e-01
4.452224983058504781e-01
4.452224983058504781e-01
4.461260447255477879e-01
4.461260447255477879e-01
4.463519313304721292e-01
4.463519313304721292e-01
4.468037045403207563e-01
4.468037045403207563e-01
4.470295911452450976e-01
4.470295911452450976e-01
4.483849107747910345e-01
4.483849107747910345e-01
4.488366839846397172e-01
4.488366839846397172e-01
4.522249830585046149e-01
4.522249830585046149e-01
4.526767562683532975e-01
4.526767562683532975e-01
4.542579625028235757e-01
4.542579625028235757e-01
4.547097357126722583e-01
4.547097357126722583e-01
4.567427151569911636e-01
4.567427151569911636e-01
4.574203749717641876e-01
4.574203749717641876e-01
4.576462615766885289e-01
4.576462615766885289e-01
4.583239213914614973e-01
4.583239213914614973e-01
4.585498079963858387e-01
4.585498079963858387e-01
4.587756946013101245e-01
4.587756946013101245e-01
4.610345606505534266e-01
4.610345606505534266e-01
4.626157668850237048e-01
4.626157668850237048e-01
4.626157668850237048e-01
4.628416534899480461e-01
4.628416534899480461e-01
4.637451999096453559e-01
4.637451999096453559e-01
4.641969731194940385e-01
4.641969731194940385e-01
4.646487463293426656e-01
4.646487463293426656e-01
4.651005195391913483e-01
4.651005195391913483e-01
4.655522927490399754e-01
4.655522927490399754e-01
4.657781793539643167e-01
4.657781793539643167e-01
4.662299525638129438e-01
4.662299525638129438e-01
4.684888186130562460e-01
4.684888186130562460e-01
4.687147052179805873e-01
4.687147052179805873e-01
4.689405918229049286e-01
4.689405918229049286e-01
4.696182516376778970e-01
4.696182516376778970e-01
4.698441382426022384e-01
4.698441382426022384e-01
4.707476846622995481e-01
4.707476846622995481e-01
4.709735712672238339e-01
4.709735712672238339e-01
4.711994578721481752e-01
4.711994578721481752e-01
4.714253444770725165e-01
4.714253444770725165e-01
4.716512310819968579e-01
4.716512310819968579e-01
4.718771176869211437e-01
4.718771176869211437e-01
4.734583239213914774e-01
4.734583239213914774e-01
4.736842105263157632e-01
4.736842105263157632e-01
4.745877569460131284e-01
4.745877569460131284e-01
4.748136435509374143e-01
4.748136435509374143e-01
4.750395301558617556e-01
4.750395301558617556e-01
4.754913033657104382e-01
4.754913033657104382e-01
4.759430765755590653e-01
4.759430765755590653e-01
4.763948497854077480e-01
4.763948497854077480e-01
4.766207363903320338e-01
4.766207363903320338e-01
4.768466229952563751e-01
4.768466229952563751e-01
4.772983962051050577e-01
4.772983962051050577e-01
4.782019426248023675e-01
4.782019426248023675e-01
4.784278292297266533e-01
4.784278292297266533e-01
4.788796024395753359e-01
4.788796024395753359e-01
4.793313756494239630e-01
4.793313756494239630e-01
4.836232211429862260e-01
4.836232211429862260e-01
4.849785407725321629e-01
4.849785407725321629e-01
4.854303139823808455e-01
4.854303139823808455e-01
4.858820871922295281e-01
4.858820871922295281e-01
4.863338604020781553e-01
4.863338604020781553e-01
4.874632934266998063e-01
4.874632934266998063e-01
4.888186130562457432e-01
4.888186130562457432e-01
4.892703862660944258e-01
4.892703862660944258e-01
4.897221594759430530e-01
4.897221594759430530e-01
4.899480460808673943e-01
4.899480460808673943e-01
4.913033657104133867e-01
4.913033657104133867e-01
4.933363451547323475e-01
4.933363451547323475e-01
4.942398915744296573e-01
4.942398915744296573e-01
4.955952112039755941e-01
4.955952112039755941e-01
4.958210978088999354e-01
4.958210978088999354e-01
4.962728710187485626e-01
4.962728710187485626e-01
4.964987576236729039e-01
4.964987576236729039e-01
4.967246442285972452e-01
4.967246442285972452e-01
4.969505308335215865e-01
4.969505308335215865e-01
4.985317370679918647e-01
4.985317370679918647e-01
4.989835102778405473e-01
4.989835102778405473e-01
4.992093968827648331e-01
4.992093968827648331e-01
4.994352834876891745e-01
4.994352834876891745e-01
5.003388299073865397e-01
5.003388299073865397e-01
5.010164897221595082e-01
5.010164897221595082e-01
5.012423763270837940e-01
5.012423763270837940e-01
5.025976959566297309e-01
5.025976959566297309e-01
5.037271289812513819e-01
5.037271289812513819e-01
5.041789021911000646e-01
5.041789021911000646e-01
5.044047887960243504e-01
5.044047887960243504e-01
5.048565620058730330e-01
5.048565620058730330e-01
5.050824486107974298e-01
5.050824486107974298e-01
5.071154280551163351e-01
5.071154280551163351e-01
5.082448610797379862e-01
5.082448610797379862e-01
5.109555003388298600e-01
5.109555003388298600e-01
5.134402529929975589e-01
5.134402529929975589e-01
5.163767788570138295e-01
5.163767788570138295e-01
5.195391913259543859e-01
5.195391913259543859e-01
5.197650779308786717e-01
5.197650779308786717e-01
5.202168511407273543e-01
5.202168511407273543e-01
5.206686243505760370e-01
5.206686243505760370e-01
5.211203975604247196e-01
5.211203975604247196e-01
5.213462841653490054e-01
5.213462841653490054e-01
5.224757171899706565e-01
5.224757171899706565e-01
5.231533770047436249e-01
5.231533770047436249e-01
5.233792636096679107e-01
5.233792636096679107e-01
5.236051502145923076e-01
5.236051502145923076e-01
5.254122430539869271e-01
5.254122430539869271e-01
5.258640162638356097e-01
5.258640162638356097e-01
5.283487689180031976e-01
5.283487689180031976e-01
5.297040885475491345e-01
5.297040885475491345e-01
5.310594081770950714e-01
5.310594081770950714e-01
5.344477072509600246e-01
5.344477072509600246e-01
5.358030268805059615e-01
5.358030268805059615e-01
5.373842331149762952e-01
5.373842331149762952e-01
5.391913259543709147e-01
5.391913259543709147e-01
5.398689857691438831e-01
5.398689857691438831e-01
5.400948723740681690e-01
5.400948723740681690e-01
5.425796250282358679e-01
5.425796250282358679e-01
5.464196973119493927e-01
5.464196973119493927e-01
5.466455839168736786e-01
5.466455839168736786e-01
5.543257284843008392e-01
5.543257284843008392e-01
5.559069347187711729e-01
5.559069347187711729e-01
5.588434605827874435e-01
5.588434605827874435e-01
5.592952337926361261e-01
5.592952337926361261e-01
5.608764400271063488e-01
5.608764400271063488e-01
5.617799864468037141e-01
5.617799864468037141e-01
5.620058730517279999e-01
5.620058730517279999e-01
5.622317596566523967e-01
5.622317596566523967e-01
5.642647391009713020e-01
5.642647391009713020e-01
5.714931104585497801e-01
5.714931104585497801e-01
5.717189970634741769e-01
5.717189970634741769e-01
5.730743166930201138e-01
5.730743166930201138e-01
5.733002032979443996e-01
5.733002032979443996e-01
5.753331827422634159e-01
5.753331827422634159e-01
5.755590693471877017e-01
5.755590693471877017e-01
5.805285746555228776e-01
5.805285746555228776e-01
5.807544612604472745e-01
5.807544612604472745e-01
5.809803478653715603e-01
5.809803478653715603e-01
5.816580076801445287e-01
5.816580076801445287e-01
5.857239665687824504e-01
5.857239665687824504e-01
5.866275129884798156e-01
5.866275129884798156e-01
5.929523379263609284e-01
5.929523379263609284e-01
5.995030494691664380e-01
5.995030494691664380e-01
6.078608538513665671e-01
6.078608538513665671e-01
6.117009261350802030e-01
6.117009261350802030e-01
6.121526993449288856e-01
6.126044725547774572e-01
6.135080189744748225e-01
6.139597921843235051e-01
6.168963180483397757e-01
6.173480912581883473e-01
6.180257510729614268e-01
6.189292974926586810e-01
6.200587305172803321e-01
6.205105037271290147e-01
6.261576688502371590e-01
6.266094420600858417e-01
6.270612152699345243e-01
6.277388750847074927e-01
6.284165348994804612e-01
6.288683081093291438e-01
6.295459679241021123e-01
6.297718545290263981e-01
6.302236277388750807e-01
6.311271741585724460e-01
6.318048339733454144e-01
6.322566071831939860e-01
6.333860402078156371e-01
6.342895866275130023e-01
6.345154732324372882e-01
6.349672464422859708e-01
6.351931330472102566e-01
6.365484526767563045e-01
6.372261124915292729e-01
6.376778857013779556e-01
6.379037723063022414e-01
6.388073187259994956e-01
6.415179579850914804e-01
6.430991642195618141e-01
6.435509374294103857e-01
6.440027106392590683e-01
6.482945561328212758e-01
6.487463293426699584e-01
6.503275355771402921e-01
1.000000000000000000e+00
