0.000000000000000000e+00
7.402250841164868811e-02
1.105696716556445053e-01
1.295974010906137674e-01
1.435201299454693102e-01
1.592992226476389328e-01
1.709014966933518898e-01
1.804153614108365278e-01
1.873767258382643131e-01
1.930618401206636581e-01
1.995591135862629095e-01
2.060563870518621610e-01
2.119735468151757729e-01
2.163824109525467054e-01
2.211393433112890106e-01
2.249680937463742758e-01
2.289128669219167023e-01
2.333217310592876070e-01
2.414433228912866991e-01
2.448079823645434583e-01
2.484046873187144566e-01
2.517693467919712158e-01
2.537417333797424290e-01
2.564102564102563875e-01
2.594268476621418018e-01
2.629075298758556944e-01
2.654600301659125194e-01
2.687086668987121452e-01
2.702169625246548246e-01
2.721893491124260378e-01
2.749738948833971297e-01
2.771783269520826098e-01
2.790346907993966896e-01
2.806590091657965025e-01
2.830954867153961940e-01
2.847198050817960069e-01
2.876203735932242878e-01
2.897087829214525789e-01
2.920292377305951925e-01
2.950458289824805513e-01
2.969021928297946311e-01
2.984104884557373105e-01
3.004988977839656572e-01
3.024712843717368704e-01
3.046757164404222951e-01
3.060679893259078965e-01
3.080403759136790542e-01
3.098967397609931340e-01
3.115210581273929469e-01
3.132613992342498932e-01
3.148857176006497061e-01
3.165100359670495189e-01
3.180183315929922538e-01
3.201067409212205450e-01
3.213829910662489575e-01
3.226592412112774255e-01
3.231233321731059038e-01
3.249796960204199836e-01
3.259078779440770512e-01
3.269520826081911968e-01
3.281123100127624759e-01
3.293885601577909439e-01
3.311289012646478902e-01
3.317090149669335020e-01
3.328692423715048365e-01
3.342615152569903825e-01
3.351896971806473946e-01
3.366979928065900740e-01
3.372781065088757413e-01
3.385543566539041538e-01
3.394825385775612214e-01
3.404107205012182336e-01
3.414549251653323791e-01
3.426151525699037137e-01
3.442394709363035266e-01
3.453996983408748056e-01
3.467919712263603516e-01
3.479521986309316861e-01
3.494604942568743655e-01
3.501566306996171107e-01
3.516649263255597901e-01
3.522450400278454574e-01
3.535212901728738699e-01
3.551456085392736828e-01
3.558417449820164835e-01
3.564218586843021508e-01
3.572340178675020295e-01
3.586262907529875754e-01
3.590903817148161092e-01
3.595544726766446431e-01
3.608307228216730556e-01
3.617589047453300677e-01
3.621069729667014681e-01
3.626870866689871353e-01
3.638473140735584144e-01
3.647754959972154265e-01
3.657036779208724941e-01
3.665158371040723728e-01
3.677920872491008408e-01
3.683722009513864526e-01
3.693003828750435202e-01
3.701125420582433989e-01
3.710407239819004666e-01
3.716208376841860783e-01
3.722009513864717456e-01
3.733611787910430246e-01
3.738252697528715585e-01
3.747534516765286261e-01
3.754495881192713713e-01
3.764937927833855169e-01
3.774219747070425846e-01
3.788142475925281305e-01
3.792783385543566643e-01
3.798584522566422761e-01
3.803225432184708099e-01
3.817148161039563559e-01
3.819468615848706228e-01
3.835711799512704356e-01
3.840352709130989695e-01
3.844993618749275033e-01
3.848474300962988481e-01
3.869358394245271948e-01
3.879800440886413959e-01
3.885601577909270077e-01
3.892562942336698084e-01
3.896043624550412088e-01
3.900684534168696871e-01
3.904165216382410875e-01
3.908806126000696213e-01
3.915767490428123665e-01
3.916927717832695000e-01
3.920408400046409003e-01
3.929690219282979680e-01
3.934331128901264463e-01
3.942452720733263805e-01
3.949414085160691257e-01
3.954054994778976595e-01
3.957535676992690599e-01
3.962176586610975937e-01
3.965657268824689385e-01
3.969137951038403389e-01
3.979579997679545400e-01
3.981900452488687514e-01
3.988861816916115521e-01
3.993502726534400860e-01
4.002784545770970981e-01
4.016707274625826440e-01
4.022508411648683113e-01
4.027149321266968451e-01
4.028309548671539786e-01
4.042232277526395245e-01
4.049193641953822698e-01
4.054994778976679370e-01
4.059635688594964709e-01
4.061956143404107378e-01
4.071237962640677499e-01
4.072398190045248834e-01
4.075878872258962837e-01
4.078199327068105506e-01
4.086320918900104293e-01
4.090961828518389631e-01
4.096762965541246304e-01
4.097923192945817639e-01
4.103724329968673756e-01
4.110685694396101764e-01
4.133890242487527344e-01
4.143172061724098021e-01
4.146652743937812025e-01
4.152453880960668142e-01
4.154774335769810811e-01
4.158255017983524815e-01
4.162895927601810153e-01
4.168697064624666271e-01
4.175658429052094278e-01
4.184940248288664399e-01
4.188420930502378403e-01
4.193061840120663741e-01
4.197702749738949080e-01
4.200023204548091194e-01
4.201183431952662528e-01
4.208144796380090535e-01
4.209305023784661870e-01
4.213945933402947208e-01
4.216266388212089322e-01
4.220907297830374660e-01
4.226708434853231333e-01
4.229028889662374002e-01
4.231349344471516671e-01
4.238310708898944124e-01
4.240631163708086793e-01
4.247592528135514800e-01
4.251073210349228249e-01
4.253393665158370918e-01
4.256874347372084921e-01
4.260355029585798925e-01
4.262675484394941594e-01
4.271957303631511715e-01
4.275437985845225719e-01
4.278918668058939723e-01
4.283559577677224506e-01
4.287040259890938509e-01
4.288200487295509844e-01
4.302123216150365304e-01
4.305603898364079307e-01
4.317206172409792098e-01
4.319526627218934767e-01
4.325327764241791439e-01
4.326487991646362774e-01
4.333449356073790226e-01
4.339250493096646899e-01
4.341570947905789568e-01
4.342731175310360903e-01
4.345051630119503572e-01
4.348532312333217575e-01
4.350852767142359689e-01
4.353173221951502359e-01
4.356653904165216362e-01
4.363615268592644370e-01
4.365935723401786483e-01
4.371736860424643156e-01
4.375217542638357160e-01
4.375217542638357160e-01
4.378698224852071164e-01
4.384499361874927281e-01
4.386819816684069950e-01
4.390300498897783954e-01
4.392620953706926623e-01
4.397261863325211961e-01
4.400742545538925410e-01
4.403063000348068079e-01
4.412344819584638755e-01
4.415825501798352204e-01
4.419306184012066208e-01
4.421626638821208877e-01
4.425107321034922880e-01
4.429748230653208219e-01
4.435549367676064336e-01
4.442510732103492344e-01
4.448311869126349016e-01
4.451792551340062465e-01
4.457593688362919138e-01
4.462234597981204476e-01
4.465715280194918479e-01
4.470356189813203263e-01
4.472676644622345932e-01
4.477317554240631270e-01
4.483118691263487388e-01
4.485439146072630057e-01
4.488919828286344060e-01
4.491240283095486729e-01
4.500522102332056851e-01
4.502842557141199520e-01
4.507483466759484858e-01
4.508643694164056193e-01
4.509803921568627527e-01
4.513284603782341531e-01
4.514444831186912865e-01
4.517925513400626314e-01
4.520245968209768983e-01
4.523726650423482987e-01
4.526047105232625656e-01
4.530688014850910994e-01
4.533008469660053108e-01
4.536489151873767112e-01
4.541130061492052450e-01
4.542290288896623784e-01
4.559693699965193248e-01
4.560853927369764582e-01
4.565494836988049920e-01
4.566655064392620700e-01
4.570135746606334703e-01
4.571295974010906038e-01
4.575936883629191376e-01
4.579417565842905380e-01
4.584058475461190163e-01
4.585218702865761498e-01
4.587539157674904167e-01
4.601461886529759626e-01
4.607263023552616299e-01
4.609583478361758968e-01
4.610743705766330303e-01
4.613064160575472972e-01
4.617705070193757755e-01
4.624666434621185762e-01
4.628147116834899766e-01
4.629307344239471100e-01
4.630467571644042435e-01
4.631627799048613769e-01
4.636268708666898553e-01
4.639749390880612556e-01
4.642069845689755225e-01
4.646710755308040564e-01
4.650191437521754012e-01
4.655992574544610685e-01
4.658313029353753354e-01
4.661793711567467358e-01
4.666434621185752141e-01
4.667594848590323475e-01
4.669915303399466144e-01
4.673395985613180148e-01
4.675716440422322817e-01
4.679197122636036821e-01
4.680357350040608155e-01
4.681517577445179490e-01
4.683838032254321604e-01
4.690799396681749611e-01
4.697760761109177619e-01
4.702401670727462402e-01
4.707042580345747740e-01
4.710523262559461743e-01
4.714003944773175747e-01
4.718644854391460530e-01
4.722125536605174534e-01
4.726766446223459872e-01
4.727926673628031207e-01
4.731407355841745210e-01
4.733727810650887324e-01
4.733727810650887324e-01
4.738368720269172663e-01
4.739528947673743997e-01
4.741849402482886666e-01
4.741849402482886666e-01
4.745330084696600670e-01
4.746490312101172004e-01
4.746490312101172004e-01
4.746490312101172004e-01
4.751131221719456788e-01
4.758092586146884795e-01
4.759252813551456129e-01
4.765053950574312802e-01
4.769694860192597585e-01
4.774335769810882923e-01
4.778976679429168262e-01
4.782457361642882265e-01
4.787098271261167048e-01
4.789418726070309718e-01
4.794059635688595056e-01
4.801021000116022508e-01
4.804501682329736512e-01
4.804501682329736512e-01
4.805661909734307846e-01
4.809142591948021850e-01
4.810302819352593184e-01
4.812623274161735853e-01
4.814943728970878523e-01
4.818424411184591971e-01
4.820744865993734640e-01
4.821905093398305975e-01
4.826546003016591313e-01
4.827706230421162648e-01
4.832347140039447986e-01
4.835827822253161434e-01
4.840468731871446773e-01
4.841628959276018107e-01
4.843949414085160776e-01
4.845109641489732111e-01
4.847430096298874780e-01
4.852071005917159563e-01
4.854391460726302232e-01
4.857872142940016236e-01
4.860192597749158905e-01
4.867153962176586357e-01
4.870634644390300361e-01
4.872955099199443030e-01
4.876435781413157033e-01
4.879916463626871037e-01
4.881076691031442372e-01
4.883397145840584486e-01
4.885717600649727155e-01
4.888038055458869824e-01
4.892678965077155162e-01
4.894999419886297831e-01
4.897319874695440500e-01
4.898480102100011835e-01
4.901960784313725283e-01
4.904281239122867952e-01
4.905441466527439287e-01
4.910082376145724625e-01
4.913563058359438629e-01
4.915883513168581298e-01
4.919364195382294747e-01
4.921684650191437416e-01
4.926325559809722754e-01
4.929806242023436758e-01
4.930966469428008092e-01
4.937927833855435544e-01
4.941408516069149548e-01
4.943728970878292217e-01
4.944889198282863552e-01
4.949530107901148890e-01
4.950690335305719669e-01
4.953010790114862338e-01
4.954171017519433673e-01
4.955331244924005007e-01
4.959972154542290346e-01
4.962292609351433015e-01
4.963452836756004349e-01
4.968093746374289132e-01
4.971574428588003136e-01
4.973894883397145805e-01
4.980856247824573813e-01
4.982016475229145147e-01
4.987817612252001265e-01
4.991298294465715268e-01
4.993618749274857938e-01
4.999419886297714610e-01
5.001740341106857279e-01
5.001740341106857279e-01
5.009861932938856066e-01
5.014502842557141404e-01
5.014502842557141404e-01
5.016823297366284073e-01
5.019143752175426743e-01
5.021464206984569412e-01
5.023784661793712081e-01
5.030746026221138978e-01
5.031906253625710868e-01
5.038867618053138875e-01
5.043508527671423103e-01
5.046989209885137662e-01
5.046989209885137662e-01
5.050469892098851110e-01
5.055110801717136448e-01
5.056271029121708338e-01
5.060911938739992566e-01
5.063232393549135235e-01
5.065552848358277904e-01
5.067873303167420573e-01
5.074834667594848581e-01
5.075994894999419360e-01
5.085276714235990037e-01
5.087597169045132706e-01
5.087597169045132706e-01
5.088757396449704595e-01
5.093398306067988823e-01
5.093398306067988823e-01
5.095718760877131492e-01
5.099199443090846051e-01
5.103840352709131389e-01
5.105000580113702169e-01
5.106160807518274058e-01
5.107321034922844838e-01
5.109641489731987507e-01
5.109641489731987507e-01
5.110801717136558286e-01
5.115442626754843625e-01
5.116602854159415514e-01
5.120083536373128963e-01
5.121243763777700853e-01
5.123564218586843522e-01
5.125884673395985081e-01
5.130525583014270419e-01
5.132846037823413088e-01
5.136326720037127647e-01
5.138647174846270316e-01
5.139807402250841095e-01
5.144448311869126433e-01
5.145608539273697213e-01
5.147928994082839882e-01
5.152569903701125220e-01
5.156050585914839779e-01
5.157210813319410558e-01
5.159531268128553227e-01
5.166492632555981235e-01
5.167652859960552014e-01
5.172293769578837352e-01
5.175774451792550801e-01
5.179255134006265360e-01
5.180415361410836139e-01
5.180415361410836139e-01
5.182735816219978808e-01
5.183896043624550698e-01
5.186216498433693367e-01
5.187376725838264147e-01
5.189697180647406816e-01
5.190857408051978705e-01
5.195498317670262933e-01
5.196658545074834823e-01
5.201299454693120161e-01
5.207100591715976279e-01
5.211741501334261617e-01
5.214061956143404286e-01
5.215222183547975066e-01
5.218702865761689624e-01
5.223343775379974963e-01
5.223343775379974963e-01
5.225664230189116521e-01
5.226824457593688411e-01
5.231465367211973749e-01
5.234946049425687198e-01
5.237266504234829867e-01
5.239586959043972536e-01
5.243067641257685985e-01
5.244227868662257874e-01
5.246548323471400543e-01
5.250029005685113992e-01
5.254669915303399330e-01
5.256990370112541999e-01
5.267432416753683455e-01
5.267432416753683455e-01
5.268592644158255345e-01
5.270913098967398014e-01
5.272073326371968793e-01
5.276714235990254132e-01
5.277874463394824911e-01
5.279034690799396801e-01
5.291797192249680926e-01
5.294117647058823595e-01
5.295277874463394374e-01
5.304559693699965051e-01
5.309200603318250389e-01
5.312681285531963837e-01
5.313841512936535727e-01
5.316161967745678396e-01
5.317322195150249176e-01
5.319642649959391845e-01
5.320802877363963734e-01
5.320802877363963734e-01
5.324283559577677183e-01
5.325443786982249073e-01
5.328924469195962521e-01
5.328924469195962521e-01
5.333565378814247859e-01
5.335885833623390528e-01
5.338206288432533198e-01
5.340526743241675867e-01
5.341686970646246646e-01
5.344007425455389315e-01
5.348648335073674653e-01
5.350968789882817322e-01
5.355609699501102661e-01
5.356769926905673440e-01
5.359090381714816109e-01
5.360250609119386889e-01
5.362571063928529558e-01
5.368372200951386786e-01
5.370692655760529455e-01
5.373013110569672124e-01
5.374173337974242903e-01
5.381134702401670911e-01
5.383455157210813580e-01
5.384615384615384359e-01
5.386935839424527028e-01
5.391576749042812366e-01
5.393897203851955036e-01
5.398538113470240374e-01
5.399698340874811153e-01
5.400858568279383043e-01
5.405499477897668381e-01
5.408980160111381830e-01
5.411300614920524499e-01
5.412460842325095278e-01
5.412460842325095278e-01
5.413621069729667168e-01
5.415941524538809837e-01
5.415941524538809837e-01
5.419422206752523286e-01
5.421742661561665955e-01
5.425223343775380513e-01
5.425223343775380513e-01
5.427543798584522072e-01
5.432184708202807411e-01
5.434505163011950080e-01
5.437985845225664638e-01
5.442626754843948866e-01
5.443786982248520756e-01
5.443786982248520756e-01
5.448427891866806094e-01
5.451908574080519543e-01
5.453068801485091432e-01
5.455389256294234102e-01
5.455389256294234102e-01
5.460030165912518330e-01
5.460030165912518330e-01
5.464671075530803668e-01
5.464671075530803668e-01
5.465831302935375557e-01
5.468151757744518227e-01
5.469311985149089006e-01
5.469311985149089006e-01
5.471632439958231675e-01
5.472792667362803565e-01
5.475113122171946234e-01
5.477433576981087793e-01
5.479754031790230462e-01
5.480914259194802352e-01
5.480914259194802352e-01
5.486715396217658469e-01
5.490196078431373028e-01
5.492516533240514587e-01
5.493676760645086476e-01
5.495997215454229146e-01
5.509919944309084050e-01
5.515721081331941278e-01
5.522682445759369285e-01
5.525002900568511954e-01
5.527323355377653513e-01
5.528483582782225403e-01
5.530804037591368072e-01
5.535444947209653410e-01
5.537765402018796079e-01
5.538925629423366859e-01
5.538925629423366859e-01
5.542406311637081417e-01
5.544726766446222976e-01
5.545886993850794866e-01
5.545886993850794866e-01
5.548207448659937535e-01
5.554008585682793653e-01
5.556329040491936322e-01
5.557489267896508212e-01
5.559809722705649770e-01
5.563290404919364329e-01
5.566771087133077778e-01
5.569091541942220447e-01
5.570251769346792337e-01
5.572572224155935006e-01
5.576052906369648454e-01
5.579533588583361903e-01
5.580693815987933792e-01
5.583014270797076462e-01
5.587655180415361800e-01
5.588815407819932579e-01
5.591135862629075248e-01
5.595776772247360586e-01
5.596936999651931366e-01
5.600417681865645925e-01
5.600417681865645925e-01
5.602738136674788594e-01
5.607379046293073932e-01
5.607379046293073932e-01
5.610859728506787381e-01
5.612019955911358160e-01
5.614340410720500829e-01
5.615500638125072719e-01
5.617821092934215388e-01
5.621301775147928836e-01
5.623622229957071506e-01
5.625942684766214175e-01
5.629423366979927623e-01
5.631743821789070292e-01
5.634064276598212961e-01
5.636384731407355630e-01
5.638705186216498300e-01
5.639865413621070189e-01
5.639865413621070189e-01
5.645666550643926307e-01
5.646826778048497086e-01
5.646826778048497086e-01
5.649147232857639755e-01
5.657268824689639652e-01
5.657268824689639652e-01
5.658429052094210432e-01
5.658429052094210432e-01
5.659589279498781211e-01
5.659589279498781211e-01
5.661909734307923880e-01
5.664230189117066550e-01
5.667710871330781108e-01
5.672351780949066447e-01
5.674672235758209116e-01
5.679313145376493344e-01
5.681633600185636013e-01
5.683954054994778682e-01
5.685114282399350571e-01
5.687434737208493241e-01
5.687434737208493241e-01
5.690915419422206689e-01
5.690915419422206689e-01
5.692075646826778579e-01
5.693235874231349358e-01
5.693235874231349358e-01
5.695556329040492027e-01
5.696716556445062807e-01
5.699037011254205476e-01
5.705998375681633483e-01
5.708318830490776152e-01
5.709479057895348042e-01
5.709479057895348042e-01
5.711799512704489601e-01
5.714119967513632270e-01
5.715280194918204160e-01
5.717600649727346829e-01
5.718760877131917608e-01
5.722241559345632167e-01
5.722241559345632167e-01
5.723401786750202946e-01
5.724562014154774836e-01
5.724562014154774836e-01
5.728042696368488285e-01
5.730363151177630954e-01
5.735004060795916292e-01
5.737324515605058961e-01
5.740805197818772410e-01
5.741965425223344299e-01
5.746606334841628527e-01
5.748926789650771196e-01
5.751247244459913865e-01
5.751247244459913865e-01
5.752407471864485755e-01
5.754727926673628424e-01
5.754727926673628424e-01
5.758208608887341873e-01
5.758208608887341873e-01
5.759368836291913762e-01
5.762849518505627211e-01
5.762849518505627211e-01
5.764009745910197990e-01
5.767490428123912549e-01
5.769810882933055218e-01
5.772131337742197887e-01
5.774451792551340557e-01
5.777932474765054005e-01
5.782573384383339343e-01
5.783733611787910123e-01
5.784893839192482012e-01
5.784893839192482012e-01
5.786054066597052792e-01
5.793015431024480799e-01
5.795335885833623468e-01
5.797656340642766137e-01
5.799976795451908806e-01
5.806938159879336814e-01
5.809258614688479483e-01
5.810418842093050262e-01
5.812739296902192931e-01
5.815059751711335601e-01
5.822021116138763608e-01
5.824341570947906277e-01
5.825501798352477056e-01
5.827822253161619726e-01
5.830142707970762395e-01
5.832463162779905064e-01
5.835943844993618512e-01
5.835943844993618512e-01
5.845225664230189189e-01
5.845225664230189189e-01
5.845225664230189189e-01
5.847546119039331858e-01
5.849866573848474527e-01
5.849866573848474527e-01
5.857988165680473314e-01
5.860308620489615983e-01
5.862629075298758652e-01
5.863789302703329431e-01
5.866109757512472100e-01
5.868430212321614770e-01
5.871910894535329328e-01
5.871910894535329328e-01
5.873071121939900108e-01
5.876551804153613556e-01
5.878872258962756225e-01
5.881192713771898894e-01
5.881192713771898894e-01
5.882352941176470784e-01
5.882352941176470784e-01
5.885833623390184233e-01
5.888154078199326902e-01
5.891634760413041461e-01
5.893955215222183019e-01
5.893955215222183019e-01
5.896275670031325689e-01
5.896275670031325689e-01
5.902076807054182916e-01
5.904397261863325586e-01
5.909038171481610924e-01
5.909038171481610924e-01
5.913679081099895152e-01
5.913679081099895152e-01
5.926441582550180387e-01
5.928762037359321946e-01
5.932242719573036505e-01
5.932242719573036505e-01
5.939204084000464512e-01
5.939204084000464512e-01
5.943844993618748740e-01
5.946165448427891409e-01
5.947325675832463299e-01
5.948485903237034078e-01
5.954287040259891306e-01
5.956607495069033975e-01
5.958927949878176644e-01
5.961248404687318203e-01
5.967049541710175431e-01
5.967049541710175431e-01
5.970530223923888880e-01
5.971690451328460769e-01
5.971690451328460769e-01
5.974010906137603438e-01
5.976331360946746107e-01
5.976331360946746107e-01
5.977491588351316887e-01
5.979812043160459556e-01
5.983292725374173004e-01
5.983292725374173004e-01
5.985613180183315674e-01
5.987933634992458343e-01
5.991414317206172901e-01
5.991414317206172901e-01
5.992574544610743681e-01
5.992574544610743681e-01
5.994894999419886350e-01
6.001856363847314357e-01
6.004176818656457026e-01
6.005337046061027806e-01
6.008817728274742365e-01
6.012298410488455813e-01
6.012298410488455813e-01
6.014618865297598482e-01
6.015779092702169262e-01
6.019259774915883821e-01
6.020420002320454600e-01
6.021580229725026490e-01
6.021580229725026490e-01
6.023900684534169159e-01
6.026221139343311828e-01
6.035502958579881394e-01
6.035502958579881394e-01
6.037823413389024063e-01
6.040143868198166732e-01
6.042464323007309401e-01
6.044784777816452070e-01
6.048265460030165519e-01
6.050585914839308188e-01
6.054066597053022747e-01
6.054066597053022747e-01
6.056387051862165416e-01
6.057547279266736195e-01
6.058707506671308085e-01
6.066829098503306872e-01
6.070309780717020320e-01
6.073790462930734879e-01
6.073790462930734879e-01
6.077271145144448328e-01
6.077271145144448328e-01
6.080751827358161776e-01
6.080751827358161776e-01
6.086552964381019004e-01
6.087713191785589784e-01
6.091193873999304342e-01
6.091193873999304342e-01
6.092354101403875122e-01
6.094674556213017791e-01
6.096995011022160460e-01
6.098155238426731239e-01
6.100475693235873909e-01
6.102796148045016578e-01
6.106276830258731136e-01
6.106276830258731136e-01
6.109757512472444585e-01
6.112077967281587254e-01
6.114398422090729923e-01
6.116718876899872592e-01
6.119039331709015261e-01
6.119039331709015261e-01
6.130641605754727497e-01
6.130641605754727497e-01
6.135282515373012835e-01
6.137602970182155504e-01
6.145724562014154291e-01
6.148045016823296960e-01
6.149205244227868850e-01
6.149205244227868850e-01
6.150365471632439629e-01
6.150365471632439629e-01
6.155006381250724967e-01
6.159647290869010305e-01
6.161967745678152975e-01
6.165448427891866423e-01
6.171249564914723651e-01
6.173570019723866320e-01
6.175890474533008989e-01
6.175890474533008989e-01
6.177050701937579769e-01
6.177050701937579769e-01
6.178210929342150548e-01
6.178210929342150548e-01
6.180531384151293217e-01
6.184012066365007776e-01
6.185172293769578555e-01
6.185172293769578555e-01
6.199095022624434570e-01
6.203735932242719908e-01
6.207216614456433357e-01
6.208376841861005246e-01
6.208376841861005246e-01
6.209537069265576026e-01
6.209537069265576026e-01
6.216498433693004033e-01
6.216498433693004033e-01
6.218818888502146702e-01
6.221139343311289371e-01
6.225780252929574710e-01
6.225780252929574710e-01
6.230421162547858938e-01
6.230421162547858938e-01
6.237382526975286945e-01
6.239702981784429614e-01
6.243183663998144173e-01
6.243183663998144173e-01
6.244343891402714952e-01
6.245504118807285732e-01
6.245504118807285732e-01
6.247824573616428401e-01
6.248984801021000290e-01
6.253625710639285629e-01
6.253625710639285629e-01
6.255946165448428298e-01
6.261747302471284415e-01
6.268708666898712423e-01
6.272189349112425871e-01
6.272189349112425871e-01
6.280310940944424658e-01
6.282631395753567327e-01
6.282631395753567327e-01
6.284951850562709996e-01
6.297714352012994121e-01
6.298874579417566011e-01
6.306996171249564798e-01
6.306996171249564798e-01
6.309316626058707467e-01
6.309316626058707467e-01
6.312797308272420915e-01
6.312797308272420915e-01
6.315117763081563584e-01
6.322079127508991592e-01
6.322079127508991592e-01
6.329040491936419599e-01
6.329040491936419599e-01
6.334841628959275717e-01
6.334841628959275717e-01
6.341802993386703724e-01
6.344123448195846393e-01
6.345283675600417173e-01
6.345283675600417173e-01
6.346443903004989062e-01
6.348764357814131731e-01
6.353405267432417070e-01
6.355725722241559739e-01
6.362687086668986636e-01
6.362687086668986636e-01
6.365007541478129305e-01
6.365007541478129305e-01
6.367327996287271974e-01
6.373129133310129202e-01
6.377770042928413430e-01
6.377770042928413430e-01
6.381250725142127989e-01
6.381250725142127989e-01
6.383571179951270658e-01
6.385891634760413327e-01
6.385891634760413327e-01
6.387051862164984106e-01
6.389372316974126775e-01
6.389372316974126775e-01
6.390532544378698665e-01
6.390532544378698665e-01
6.391692771783269444e-01
6.394013226592412114e-01
6.396333681401554783e-01
6.399814363615268231e-01
6.400974591019840121e-01
6.404455273233553569e-01
6.407935955447268128e-01
6.413737092470124246e-01
6.413737092470124246e-01
6.414897319874695025e-01
6.414897319874695025e-01
6.421858684302123033e-01
6.423018911706694922e-01
6.425339366515837591e-01
6.425339366515837591e-01
6.428820048729551040e-01
6.429980276134121819e-01
6.433460958347836378e-01
6.434621185752407158e-01
6.436941640561549827e-01
6.443903004988977834e-01
6.443903004988977834e-01
6.456665506439261959e-01
6.456665506439261959e-01
6.457825733843833849e-01
6.460146188652976518e-01
6.462466643462118077e-01
6.462466643462118077e-01
6.463626870866689966e-01
6.465947325675832635e-01
6.470588235294117974e-01
6.470588235294117974e-01
6.472908690103260643e-01
6.474068917507831422e-01
6.476389372316974091e-01
6.476389372316974091e-01
6.477549599721544871e-01
6.479870054530687540e-01
6.479870054530687540e-01
6.481030281935259429e-01
6.483350736744402099e-01
6.486831418958115547e-01
6.489151873767258216e-01
6.491472328576400885e-01
6.492632555980972775e-01
6.493792783385543554e-01
6.496113238194686224e-01
6.499593920408399672e-01
6.499593920408399672e-01
6.500754147812971562e-01
6.501914375217542341e-01
6.501914375217542341e-01
6.504234830026685010e-01
6.507715512240399569e-01
6.510035967049542238e-01
6.511196194454113018e-01
6.511196194454113018e-01
6.511196194454113018e-01
6.512356421858683797e-01
6.513516649263255687e-01
6.514676876667826466e-01
6.515837104072398356e-01
6.518157558881541025e-01
6.523958695904397143e-01
6.523958695904397143e-01
6.528599605522682481e-01
6.528599605522682481e-01
6.530920060331825150e-01
6.530920060331825150e-01
6.535560969950110488e-01
6.535560969950110488e-01
6.537881424759253157e-01
6.537881424759253157e-01
6.542522334377538495e-01
6.542522334377538495e-01
6.550643926209537282e-01
6.554124608423250731e-01
6.557605290636965290e-01
6.559925745446107959e-01
6.562246200255249517e-01
6.562246200255249517e-01
6.563406427659821407e-01
6.565726882468964076e-01
6.569207564682677525e-01
6.569207564682677525e-01
6.571528019491820194e-01
6.571528019491820194e-01
6.575008701705534753e-01
6.576168929110105532e-01
6.577329156514677422e-01
6.577329156514677422e-01
6.594732567583245775e-01
6.594732567583245775e-01
6.599373477201531113e-01
6.601693932010673782e-01
6.606334841628959120e-01
6.606334841628959120e-01
6.626058707506671253e-01
6.626058707506671253e-01
6.627218934911243142e-01
6.627218934911243142e-01
6.628379162315813922e-01
6.628379162315813922e-01
6.633020071934099260e-01
6.633020071934099260e-01
6.634180299338670039e-01
6.634180299338670039e-01
6.636500754147812708e-01
6.637660981552384598e-01
6.637660981552384598e-01
6.638821208956955378e-01
6.638821208956955378e-01
6.641141663766098047e-01
6.643462118575240716e-01
6.646942800788954164e-01
6.649263255598096833e-01
6.650423483002668723e-01
6.652743937811811392e-01
6.655064392620954061e-01
6.655064392620954061e-01
6.656224620025524841e-01
6.656224620025524841e-01
6.657384847430096730e-01
6.657384847430096730e-01
6.662025757048380958e-01
6.662025757048380958e-01
6.668987121475808966e-01
6.668987121475808966e-01
6.671307576284951635e-01
6.672467803689523524e-01
6.673628031094094304e-01
6.687550759948950319e-01
6.687550759948950319e-01
6.689871214758092988e-01
6.692191669567235657e-01
6.694512124376377216e-01
6.694512124376377216e-01
6.695672351780949105e-01
6.703793943612947892e-01
6.703793943612947892e-01
6.703793943612947892e-01
6.724678036895231914e-01
6.724678036895231914e-01
6.733959856131801480e-01
6.735120083536373370e-01
6.736280310940944149e-01
6.738600765750086818e-01
6.739760993154658708e-01
6.742081447963801377e-01
6.744401902772944046e-01
6.745562130177514826e-01
6.747882584986657495e-01
6.747882584986657495e-01
6.753683722009513613e-01
6.753683722009513613e-01
6.765285996055226958e-01
6.765285996055226958e-01
6.768766678268940407e-01
6.768766678268940407e-01
6.771087133078083076e-01
6.771087133078083076e-01
6.776888270100940304e-01
6.779208724910081862e-01
6.786170089337509870e-01
6.787330316742081759e-01
6.788490544146652539e-01
6.789650771551224429e-01
6.793131453764937877e-01
6.793131453764937877e-01
6.794291681169509767e-01
6.798932590787793995e-01
6.798932590787793995e-01
6.802413273001508554e-01
6.802413273001508554e-01
6.803573500406079333e-01
6.805893955215222002e-01
6.807054182619793892e-01
6.807054182619793892e-01
6.811695092238078120e-01
6.811695092238078120e-01
6.814015547047220789e-01
6.815175774451792678e-01
6.815175774451792678e-01
6.816336001856363458e-01
6.816336001856363458e-01
6.820976911474648796e-01
6.823297366283791465e-01
6.829098503306647583e-01
6.831418958115790252e-01
6.836059867734075590e-01
6.836059867734075590e-01
6.839540549947790149e-01
6.839540549947790149e-01
6.841861004756932818e-01
6.844181459566075487e-01
6.846501914375217046e-01
6.848822369184359715e-01
6.852303051398074274e-01
6.853463278802645053e-01
6.861584870634643840e-01
6.861584870634643840e-01
6.863905325443786509e-01
6.863905325443786509e-01
6.865065552848358399e-01
6.872026917275786406e-01
6.872026917275786406e-01
6.873187144680357186e-01
6.874347372084929075e-01
6.876667826894071744e-01
6.880148509107785193e-01
6.880148509107785193e-01
6.884789418726070531e-01
6.887109873535213200e-01
6.890590555748926649e-01
6.890590555748926649e-01
6.891750783153498539e-01
6.892911010558069318e-01
6.896391692771782767e-01
6.896391692771782767e-01
6.898712147580925436e-01
6.899872374985497325e-01
6.899872374985497325e-01
6.903353057199210774e-01
6.905673512008353443e-01
6.909154194222068002e-01
6.909154194222068002e-01
6.912634876435781450e-01
6.912634876435781450e-01
6.914955331244924119e-01
6.919596240863209458e-01
6.919596240863209458e-01
6.921916695672352127e-01
6.921916695672352127e-01
6.923076923076922906e-01
6.923076923076922906e-01
6.924237150481494796e-01
6.924237150481494796e-01
6.926557605290637465e-01
6.928878060099779024e-01
6.928878060099779024e-01
6.942800788954635038e-01
6.942800788954635038e-01
6.945121243763777708e-01
6.945121243763777708e-01
6.950922380786633825e-01
6.950922380786633825e-01
6.953242835595776494e-01
6.955563290404919163e-01
6.956723517809491053e-01
6.956723517809491053e-01
6.959043972618633722e-01
6.959043972618633722e-01
6.960204200023204502e-01
6.961364427427776391e-01
6.986889430328344641e-01
6.986889430328344641e-01
6.990370112542058090e-01
6.991530339946629979e-01
6.998491704374056877e-01
7.003132613992342215e-01
7.004292841396914104e-01
7.005453068801484884e-01
7.006613296206056773e-01
7.008933751015199443e-01
7.011254205824342112e-01
7.011254205824342112e-01
7.012414433228912891e-01
7.014734888038055560e-01
7.014734888038055560e-01
7.017055342847198229e-01
7.017055342847198229e-01
7.018215570251769009e-01
7.018215570251769009e-01
7.026337162083768906e-01
7.026337162083768906e-01
7.027497389488339685e-01
7.027497389488339685e-01
7.030978071702053134e-01
7.030978071702053134e-01
7.039099663534053031e-01
7.039099663534053031e-01
7.043740573152338369e-01
7.043740573152338369e-01
7.047221255366051818e-01
7.047221255366051818e-01
7.051862164984337156e-01
7.051862164984337156e-01
7.056503074602622494e-01
7.056503074602622494e-01
7.064624666434621281e-01
7.064624666434621281e-01
7.086668987121476082e-01
7.087829214526046862e-01
7.109873535212901663e-01
7.112193990022044332e-01
7.112193990022044332e-01
7.113354217426615111e-01
7.113354217426615111e-01
7.119155354449472339e-01
7.119155354449472339e-01
7.122636036663185788e-01
7.122636036663185788e-01
7.123796264067757678e-01
7.123796264067757678e-01
7.128437173686043016e-01
7.128437173686043016e-01
7.137718992922612582e-01
7.137718992922612582e-01
7.138879220327184472e-01
7.138879220327184472e-01
7.143520129945469810e-01
7.143520129945469810e-01
7.148161039563754038e-01
7.148161039563754038e-01
7.150481494372896707e-01
7.152801949182039376e-01
7.159763313609467383e-01
7.159763313609467383e-01
7.160923541014039273e-01
7.160923541014039273e-01
7.165564450632323501e-01
7.165564450632323501e-01
7.171365587655180729e-01
7.171365587655180729e-01
7.173686042464323398e-01
7.185288316510035633e-01
7.185288316510035633e-01
7.187608771319178302e-01
7.187608771319178302e-01
7.199211045364891648e-01
7.200371272769462427e-01
7.205012182387747766e-01
7.205012182387747766e-01
7.207332637196890435e-01
7.208492864601462324e-01
7.208492864601462324e-01
7.234017867502030574e-01
7.234017867502030574e-01
7.238658777120315913e-01
7.238658777120315913e-01
7.247940596356885479e-01
7.249100823761457368e-01
7.249100823761457368e-01
7.251421278570600037e-01
7.251421278570600037e-01
7.253741733379742707e-01
7.253741733379742707e-01
7.259542870402598824e-01
7.259542870402598824e-01
7.260703097807170714e-01
7.260703097807170714e-01
7.265344007425454942e-01
7.265344007425454942e-01
7.276946281471168287e-01
7.276946281471168287e-01
7.280426963684881736e-01
7.280426963684881736e-01
7.282747418494024405e-01
7.283907645898596295e-01
7.283907645898596295e-01
7.285067873303167074e-01
7.286228100707738964e-01
7.286228100707738964e-01
7.287388328112309743e-01
7.289708782921452412e-01
7.289708782921452412e-01
7.290869010326024302e-01
7.290869010326024302e-01
7.302471284371736537e-01
7.303631511776308427e-01
7.327996287272305898e-01
7.327996287272305898e-01
7.339598561318018133e-01
7.339598561318018133e-01
7.347720153150016920e-01
7.348880380554588809e-01
7.348880380554588809e-01
7.353521290172874147e-01
7.353521290172874147e-01
7.358162199791159486e-01
7.360482654600302155e-01
7.360482654600302155e-01
7.365123564218586383e-01
7.365123564218586383e-01
7.372084928646014390e-01
7.374405383455157059e-01
7.377886065668871618e-01
7.377886065668871618e-01
7.411532660401438655e-01
7.411532660401438655e-01
7.413853115210581324e-01
7.413853115210581324e-01
7.417333797424294772e-01
7.417333797424294772e-01
7.420814479638009331e-01
7.420814479638009331e-01
7.423134934447152000e-01
7.423134934447152000e-01
7.431256526279150787e-01
7.431256526279150787e-01
7.438217890706578794e-01
7.438217890706578794e-01
7.444019027729434912e-01
7.446339482538577581e-01
7.447499709943148360e-01
7.447499709943148360e-01
7.448659937347720250e-01
7.448659937347720250e-01
7.456781529179719037e-01
7.456781529179719037e-01
7.460262211393433596e-01
7.460262211393433596e-01
7.463742893607147044e-01
7.463742893607147044e-01
7.464903121011717824e-01
7.464903121011717824e-01
7.466063348416289713e-01
7.468383803225432382e-01
7.475345167652860390e-01
7.475345167652860390e-01
7.477665622462003059e-01
7.477665622462003059e-01
7.484626986889429956e-01
7.484626986889429956e-01
7.489267896507715294e-01
7.489267896507715294e-01
7.497389488339714081e-01
7.497389488339714081e-01
7.499709943148856750e-01
7.499709943148856750e-01
7.502030397957999419e-01
7.502030397957999419e-01
7.505511080171713978e-01
7.505511080171713978e-01
7.507831534980856647e-01
7.510151989789999316e-01
7.510151989789999316e-01
7.512472444599141985e-01
7.517113354217426213e-01
7.518273581621998103e-01
7.520594036431140772e-01
7.520594036431140772e-01
7.524074718644854221e-01
7.524074718644854221e-01
7.528715628263139559e-01
7.528715628263139559e-01
7.531036083072282228e-01
7.531036083072282228e-01
7.533356537881424897e-01
7.533356537881424897e-01
7.542638357117995573e-01
7.542638357117995573e-01
7.544958811927138242e-01
7.544958811927138242e-01
7.549599721545422470e-01
7.549599721545422470e-01
7.562362222995707706e-01
7.563522450400278485e-01
7.563522450400278485e-01
7.565842905209421154e-01
7.565842905209421154e-01
7.568163360018563823e-01
7.568163360018563823e-01
7.572804269636849162e-01
7.572804269636849162e-01
7.589047453300846735e-01
7.589047453300846735e-01
7.596008817728274742e-01
7.596008817728274742e-01
7.598329272537417411e-01
7.598329272537417411e-01
7.599489499941988191e-01
7.599489499941988191e-01
7.600649727346560081e-01
7.600649727346560081e-01
7.601809954751130860e-01
7.601809954751130860e-01
7.602970182155702750e-01
7.602970182155702750e-01
7.604130409560273529e-01
7.604130409560273529e-01
7.609931546583130757e-01
7.609931546583130757e-01
7.614572456201414985e-01
7.614572456201414985e-01
7.616892911010557654e-01
7.616892911010557654e-01
7.618053138415129544e-01
7.618053138415129544e-01
7.619213365819700323e-01
7.619213365819700323e-01
7.621533820628842992e-01
7.621533820628842992e-01
7.622694048033414882e-01
7.622694048033414882e-01
7.626174730247128331e-01
7.626174730247128331e-01
7.628495185056271000e-01
7.628495185056271000e-01
7.629655412460841779e-01
7.629655412460841779e-01
7.645898596124840463e-01
7.645898596124840463e-01
7.647058823529411242e-01
7.647058823529411242e-01
7.650539505743125801e-01
7.650539505743125801e-01
7.651699733147696580e-01
7.651699733147696580e-01
7.654020187956839250e-01
7.654020187956839250e-01
7.655180415361411139e-01
7.655180415361411139e-01
7.656340642765981919e-01
7.656340642765981919e-01
7.659821324979696477e-01
7.659821324979696477e-01
7.671423599025408713e-01
7.671423599025408713e-01
7.673744053834551382e-01
7.673744053834551382e-01
7.676064508643694051e-01
7.676064508643694051e-01
7.677224736048265941e-01
7.677224736048265941e-01
7.679545190857407500e-01
7.679545190857407500e-01
7.687666782689407396e-01
7.687666782689407396e-01
7.696948601925976963e-01
7.696948601925976963e-01
7.701589511544262301e-01
7.701589511544262301e-01
7.705070193757976860e-01
7.705070193757976860e-01
7.706230421162547639e-01
7.706230421162547639e-01
7.708550875971690308e-01
7.708550875971690308e-01
7.712031558185404867e-01
7.712031558185404867e-01
7.717832695208260985e-01
7.717832695208260985e-01
7.718992922612831764e-01
7.718992922612831764e-01
7.722473604826546323e-01
7.722473604826546323e-01
7.727114514444831661e-01
7.727114514444831661e-01
7.729434969253974330e-01
7.729434969253974330e-01
7.730595196658545110e-01
7.730595196658545110e-01
7.730595196658545110e-01
7.730595196658545110e-01
7.741037243299686565e-01
7.741037243299686565e-01
7.744517925513401124e-01
7.744517925513401124e-01
7.746838380322542683e-01
7.746838380322542683e-01
7.749158835131685352e-01
7.751479289940828021e-01
7.756120199559113360e-01
7.756120199559113360e-01
7.760761109177398698e-01
7.760761109177398698e-01
7.766562246200254815e-01
7.766562246200254815e-01
7.768882701009397485e-01
7.768882701009397485e-01
7.770042928413969374e-01
7.770042928413969374e-01
7.771203155818540154e-01
7.771203155818540154e-01
7.774683838032254712e-01
7.774683838032254712e-01
7.778164520245968161e-01
7.778164520245968161e-01
7.779324747650540051e-01
7.779324747650540051e-01
7.790927021696252286e-01
7.790927021696252286e-01
7.794407703909966845e-01
7.794407703909966845e-01
7.796728158719108404e-01
7.796728158719108404e-01
7.801369068337393742e-01
7.801369068337393742e-01
7.804849750551108301e-01
7.804849750551108301e-01
7.807170205360250970e-01
7.807170205360250970e-01
7.808330432764821749e-01
7.808330432764821749e-01
7.815291797192249756e-01
7.815291797192249756e-01
7.818772479405963205e-01
7.818772479405963205e-01
7.819932706810535095e-01
7.819932706810535095e-01
7.823413389024248543e-01
7.823413389024248543e-01
7.828054298642533881e-01
7.829214526047105771e-01
7.829214526047105771e-01
7.831534980856247330e-01
7.831534980856247330e-01
7.833855435665389999e-01
7.833855435665389999e-01
7.837336117879104558e-01
7.839656572688247227e-01
7.843137254901960675e-01
7.843137254901960675e-01
7.852419074138531352e-01
7.852419074138531352e-01
7.855899756352244800e-01
7.855899756352244800e-01
7.858220211161387470e-01
7.858220211161387470e-01
7.860540665970530139e-01
7.860540665970530139e-01
7.867502030397958146e-01
7.868662257802528925e-01
7.870982712611671595e-01
7.870982712611671595e-01
7.874463394825386153e-01
7.874463394825386153e-01
7.877944077039099602e-01
7.877944077039099602e-01
7.880264531848242271e-01
7.880264531848242271e-01
7.882584986657384940e-01
7.882584986657384940e-01
7.884905441466527609e-01
7.888386123680241058e-01
7.888386123680241058e-01
7.889546351084812947e-01
7.889546351084812947e-01
7.891866805893955616e-01
7.891866805893955616e-01
7.894187260703098286e-01
7.894187260703098286e-01
7.897667942916811734e-01
7.897667942916811734e-01
7.899988397725954403e-01
7.899988397725954403e-01
7.902308852535097072e-01
7.902308852535097072e-01
7.906949762153382411e-01
7.906949762153382411e-01
7.908109989557953190e-01
7.908109989557953190e-01
7.910430444367095859e-01
7.910430444367095859e-01
7.911590671771667749e-01
7.911590671771667749e-01
7.912750899176238528e-01
7.912750899176238528e-01
7.913911126580809308e-01
7.913911126580809308e-01
7.917391808794523866e-01
7.917391808794523866e-01
7.919712263603666536e-01
7.920872491008237315e-01
7.920872491008237315e-01
7.925513400626522653e-01
7.925513400626522653e-01
7.930154310244807991e-01
7.930154310244807991e-01
7.933634992458521440e-01
7.933634992458521440e-01
7.941756584290521337e-01
7.941756584290521337e-01
7.944077039099664006e-01
7.944077039099664006e-01
7.947557721313377455e-01
7.947557721313377455e-01
7.948717948717948234e-01
7.948717948717948234e-01
7.951038403527090903e-01
7.951038403527090903e-01
7.957999767954518910e-01
7.957999767954518910e-01
7.961480450168233469e-01
7.961480450168233469e-01
7.969602042000232256e-01
7.969602042000232256e-01
7.975403179023088374e-01
7.975403179023088374e-01
7.977723633832231043e-01
7.977723633832231043e-01
7.990486135282515168e-01
7.990486135282515168e-01
7.991646362687087057e-01
7.991646362687087057e-01
8.002088409328228513e-01
8.002088409328228513e-01
8.006729318946513851e-01
8.006729318946513851e-01
8.007889546351084631e-01
8.007889546351084631e-01
8.009049773755656521e-01
8.009049773755656521e-01
8.010210001160227300e-01
8.010210001160227300e-01
8.011370228564799190e-01
8.011370228564799190e-01
8.012530455969369969e-01
8.012530455969369969e-01
8.013690683373940749e-01
8.013690683373940749e-01
8.018331592992226087e-01
8.018331592992226087e-01
8.022972502610511425e-01
8.022972502610511425e-01
8.025292957419654094e-01
8.025292957419654094e-01
8.032254321847082101e-01
8.032254321847082101e-01
8.042696368488223557e-01
8.042696368488223557e-01
8.046177050701938116e-01
8.046177050701938116e-01
8.047337278106508895e-01
8.047337278106508895e-01
8.050817960320222344e-01
8.050817960320222344e-01
8.056619097343079572e-01
8.056619097343079572e-01
8.064740689175078359e-01
8.064740689175078359e-01
8.065900916579649138e-01
8.065900916579649138e-01
8.068221371388791807e-01
8.068221371388791807e-01
8.070541826197934476e-01
8.070541826197934476e-01
8.074022508411649035e-01
8.074022508411649035e-01
8.079823645434505153e-01
8.079823645434505153e-01
8.080983872839075932e-01
8.080983872839075932e-01
8.082144100243647822e-01
8.082144100243647822e-01
8.083304327648218601e-01
8.083304327648218601e-01
8.085624782457361270e-01
8.085624782457361270e-01
8.087945237266503939e-01
8.087945237266503939e-01
8.091425919480218498e-01
8.091425919480218498e-01
8.093746374289361167e-01
8.093746374289361167e-01
8.094906601693931947e-01
8.094906601693931947e-01
8.096066829098503836e-01
8.096066829098503836e-01
8.097227056503074616e-01
8.097227056503074616e-01
8.103028193525930734e-01
8.103028193525930734e-01
8.104188420930502623e-01
8.104188420930502623e-01
8.105348648335073403e-01
8.105348648335073403e-01
8.107669103144216072e-01
8.107669103144216072e-01
8.114630467571644079e-01
8.114630467571644079e-01
8.116950922380786748e-01
8.116950922380786748e-01
8.118111149785357528e-01
8.118111149785357528e-01
8.119271377189929417e-01
8.119271377189929417e-01
8.123912286808214755e-01
8.123912286808214755e-01
8.125072514212785535e-01
8.125072514212785535e-01
8.128553196426500094e-01
8.128553196426500094e-01
8.133194106044784322e-01
8.133194106044784322e-01
8.136674788258498880e-01
8.136674788258498880e-01
8.137835015663069660e-01
8.137835015663069660e-01
8.138995243067641550e-01
8.138995243067641550e-01
8.142475925281354998e-01
8.144796380090497667e-01
8.148277062304211116e-01
8.148277062304211116e-01
8.154078199327068344e-01
8.154078199327068344e-01
8.155238426731639123e-01
8.155238426731639123e-01
8.159879336349924461e-01
8.159879336349924461e-01
8.164520245968209800e-01
8.164520245968209800e-01
8.168000928181923248e-01
8.168000928181923248e-01
8.171481610395637807e-01
8.171481610395637807e-01
8.181923657036779263e-01
8.181923657036779263e-01
8.184244111845921932e-01
8.184244111845921932e-01
8.188885021464207270e-01
8.188885021464207270e-01
8.194686158487063388e-01
8.194686158487063388e-01
8.195846385891635277e-01
8.195846385891635277e-01
8.197006613296206057e-01
8.197006613296206057e-01
8.199327068105348726e-01
8.199327068105348726e-01
8.202807750319062174e-01
8.202807750319062174e-01
8.207448659937347513e-01
8.207448659937347513e-01
8.209769114746490182e-01
8.209769114746490182e-01
8.210929342151062071e-01
8.210929342151062071e-01
8.214410024364775520e-01
8.214410024364775520e-01
8.216730479173918189e-01
8.216730479173918189e-01
8.217890706578488969e-01
8.217890706578488969e-01
8.223691843601346196e-01
8.226012298410488865e-01
8.227172525815059645e-01
8.227172525815059645e-01
8.229492980624202314e-01
8.229492980624202314e-01
8.235294117647058432e-01
8.235294117647058432e-01
8.243415709479058329e-01
8.243415709479058329e-01
8.249216846501914446e-01
8.249216846501914446e-01
8.251537301311057115e-01
8.251537301311057115e-01
8.252697528715627895e-01
8.252697528715627895e-01
8.253857756120199785e-01
8.253857756120199785e-01
8.255017983524770564e-01
8.255017983524770564e-01
8.258498665738485123e-01
8.258498665738485123e-01
8.259658893143055902e-01
8.259658893143055902e-01
8.260819120547627792e-01
8.260819120547627792e-01
8.264299802761341240e-01
8.264299802761341240e-01
8.265460030165912020e-01
8.265460030165912020e-01
8.267780484975054689e-01
8.267780484975054689e-01
8.270100939784197358e-01
8.270100939784197358e-01
8.271261167188769248e-01
8.271261167188769248e-01
8.279382759020768034e-01
8.279382759020768034e-01
8.284023668639053373e-01
8.284023668639053373e-01
8.285183896043624152e-01
8.285183896043624152e-01
8.287504350852766821e-01
8.287504350852766821e-01
8.288664578257338711e-01
8.288664578257338711e-01
8.294465715280194829e-01
8.294465715280194829e-01
8.297946397493908277e-01
8.297946397493908277e-01
8.300266852303050946e-01
8.300266852303050946e-01
8.301427079707622836e-01
8.301427079707622836e-01
8.307228216730478954e-01
8.307228216730478954e-01
8.308388444135050843e-01
8.310708898944193512e-01
8.310708898944193512e-01
8.311869126348764292e-01
8.311869126348764292e-01
8.313029353753336181e-01
8.313029353753336181e-01
8.318830490776192299e-01
8.318830490776192299e-01
8.325791855203620306e-01
8.325791855203620306e-01
8.329272537417333755e-01
8.329272537417333755e-01
8.337394129249332542e-01
8.337394129249332542e-01
8.343195266272189770e-01
8.343195266272189770e-01
8.344355493676760549e-01
8.344355493676760549e-01
8.345515721081332439e-01
8.345515721081332439e-01
8.346675948485903218e-01
8.346675948485903218e-01
8.353637312913331225e-01
8.353637312913331225e-01
8.354797540317902005e-01
8.354797540317902005e-01
8.357117995127044674e-01
8.357117995127044674e-01
8.360598677340759233e-01
8.360598677340759233e-01
8.362919132149901902e-01
8.362919132149901902e-01
8.365239586959043461e-01
8.365239586959043461e-01
8.372200951386471468e-01
8.372200951386471468e-01
8.373361178791043358e-01
8.373361178791043358e-01
8.375681633600186027e-01
8.375681633600186027e-01
8.380322543218471365e-01
8.380322543218471365e-01
8.381482770623042144e-01
8.381482770623042144e-01
8.382642998027612924e-01
8.382642998027612924e-01
8.383803225432184814e-01
8.383803225432184814e-01
8.386123680241327483e-01
8.386123680241327483e-01
8.387283907645898262e-01
8.387283907645898262e-01
8.388444135050470152e-01
8.388444135050470152e-01
8.389604362455040931e-01
8.389604362455040931e-01
8.397725954287039718e-01
8.397725954287039718e-01
8.402366863905325056e-01
8.402366863905325056e-01
8.405847546119039615e-01
8.405847546119039615e-01
8.412808910546467622e-01
8.412808910546467622e-01
8.418610047569323740e-01
8.418610047569323740e-01
8.424411184592179858e-01
8.424411184592179858e-01
8.430212321615037085e-01
8.430212321615037085e-01
8.431372549019607865e-01
8.431372549019607865e-01
8.433693003828750534e-01
8.433693003828750534e-01
8.434853231233321313e-01
8.434853231233321313e-01
8.437173686042463983e-01
8.437173686042463983e-01
8.448775960088177328e-01
8.448775960088177328e-01
8.449936187492748108e-01
8.449936187492748108e-01
8.452256642301890777e-01
8.452256642301890777e-01
8.454577097111033446e-01
8.454577097111033446e-01
8.456897551920176115e-01
8.456897551920176115e-01
8.458057779324748005e-01
8.458057779324748005e-01
8.459218006729318784e-01
8.459218006729318784e-01
8.462698688943033343e-01
8.462698688943033343e-01
8.473140735584174799e-01
8.473140735584174799e-01
8.474300962988745578e-01
8.474300962988745578e-01
8.480102100011602806e-01
8.480102100011602806e-01
8.481262327416173585e-01
8.481262327416173585e-01
8.485903237034458924e-01
8.485903237034458924e-01
8.490544146652744262e-01
8.490544146652744262e-01
8.492864601461886931e-01
8.492864601461886931e-01
8.495185056271029600e-01
8.495185056271029600e-01
8.504466875507599166e-01
8.504466875507599166e-01
8.507947557721313725e-01
8.507947557721313725e-01
8.512588467339599063e-01
8.512588467339599063e-01
8.517229376957883291e-01
8.517229376957883291e-01
8.520710059171597850e-01
8.520710059171597850e-01
8.523030513980740519e-01
8.523030513980740519e-01
8.526511196194453968e-01
8.526511196194453968e-01
8.533472560621881975e-01
8.533472560621881975e-01
8.542754379858452651e-01
8.542754379858452651e-01
8.543914607263023431e-01
8.543914607263023431e-01
8.549715744285879548e-01
8.549715744285879548e-01
8.553196426499594107e-01
8.553196426499594107e-01
8.555516881308736776e-01
8.555516881308736776e-01
8.556677108713307556e-01
8.556677108713307556e-01
8.558997563522450225e-01
8.558997563522450225e-01
8.560157790927022115e-01
8.560157790927022115e-01
8.562478245736164784e-01
8.562478245736164784e-01
8.567119155354449012e-01
8.567119155354449012e-01
8.568279382759020901e-01
8.568279382759020901e-01
8.569439610163591681e-01
8.569439610163591681e-01
8.574080519781877019e-01
8.574080519781877019e-01
8.576400974591019688e-01
8.576400974591019688e-01
8.577561201995591578e-01
8.577561201995591578e-01
8.583362339018447695e-01
8.583362339018447695e-01
8.589163476041303813e-01
8.589163476041303813e-01
8.600765750087017159e-01
8.600765750087017159e-01
8.604246432300730607e-01
8.604246432300730607e-01
8.607727114514445166e-01
8.607727114514445166e-01
8.612368024132730504e-01
8.612368024132730504e-01
8.613528251537301283e-01
8.613528251537301283e-01
8.614688478941872063e-01
8.614688478941872063e-01
8.617008933751014732e-01
8.617008933751014732e-01
8.621649843369300070e-01
8.621649843369300070e-01
8.626290752987585408e-01
8.626290752987585408e-01
8.627450980392157298e-01
8.627450980392157298e-01
8.628611207796728078e-01
8.628611207796728078e-01
8.643694164056154872e-01
8.643694164056154872e-01
8.644854391460726761e-01
8.644854391460726761e-01
8.647174846269869430e-01
8.647174846269869430e-01
8.650655528483582879e-01
8.650655528483582879e-01
8.652975983292725548e-01
8.652975983292725548e-01
8.657616892911010886e-01
8.657616892911010886e-01
8.658777120315581666e-01
8.658777120315581666e-01
8.659937347720153555e-01
8.659937347720153555e-01
8.665738484743009673e-01
8.665738484743009673e-01
8.672699849170437680e-01
8.672699849170437680e-01
8.676180531384151129e-01
8.676180531384151129e-01
8.680821441002436467e-01
8.680821441002436467e-01
8.685462350620721805e-01
8.685462350620721805e-01
8.687782805429864474e-01
8.687782805429864474e-01
8.688943032834435254e-01
8.688943032834435254e-01
8.695904397261863261e-01
8.695904397261863261e-01
8.697064624666435151e-01
8.697064624666435151e-01
8.698224852071005930e-01
8.698224852071005930e-01
8.699385079475576710e-01
8.699385079475576710e-01
8.701705534284719379e-01
8.701705534284719379e-01
8.704025989093862048e-01
8.704025989093862048e-01
8.706346443903004717e-01
8.706346443903004717e-01
8.707506671307576607e-01
8.707506671307576607e-01
8.708666898712147386e-01
8.708666898712147386e-01
8.709827126116719276e-01
8.709827126116719276e-01
8.710987353521290055e-01
8.710987353521290055e-01
8.713307808330432724e-01
8.713307808330432724e-01
8.714468035735004614e-01
8.714468035735004614e-01
8.719108945353288842e-01
8.719108945353288842e-01
8.722589627567003401e-01
8.723749854971574180e-01
8.726070309780716849e-01
8.726070309780716849e-01
8.728390764589859518e-01
8.728390764589859518e-01
8.734191901612715636e-01
8.734191901612715636e-01
8.746954403063000871e-01
8.746954403063000871e-01
8.748114630467571651e-01
8.748114630467571651e-01
8.750435085276714320e-01
8.750435085276714320e-01
8.753915767490427768e-01
8.753915767490427768e-01
8.758556677108713107e-01
8.758556677108713107e-01
8.762037359322427665e-01
8.762037359322427665e-01
8.765518041536141114e-01
8.765518041536141114e-01
8.767838496345283783e-01
8.767838496345283783e-01
8.768998723749854562e-01
8.768998723749854562e-01
8.771319178558997232e-01
8.771319178558997232e-01
8.773639633368139901e-01
8.773639633368139901e-01
8.775960088177282570e-01
8.775960088177282570e-01
8.777120315581854459e-01
8.777120315581854459e-01
8.778280542986425239e-01
8.778280542986425239e-01
8.784081680009281357e-01
8.784081680009281357e-01
8.788722589627566695e-01
8.788722589627566695e-01
8.789882817032138584e-01
8.789882817032138584e-01
8.792203271841281254e-01
8.792203271841281254e-01
8.794523726650423923e-01
8.794523726650423923e-01
8.795683954054994702e-01
8.795683954054994702e-01
8.799164636268708151e-01
8.799164636268708151e-01
8.800324863673280040e-01
8.800324863673280040e-01
8.802645318482422709e-01
8.802645318482422709e-01
8.804965773291565378e-01
8.804965773291565378e-01
8.808446455505278827e-01
8.808446455505278827e-01
8.811927137718993386e-01
8.811927137718993386e-01
8.820048729550992173e-01
8.820048729550992173e-01
8.822369184360134842e-01
8.822369184360134842e-01
8.823529411764705621e-01
8.823529411764705621e-01
8.828170321382990959e-01
8.828170321382990959e-01
8.830490776192133628e-01
8.830490776192133628e-01
8.831651003596704408e-01
8.831651003596704408e-01
8.838612368024132415e-01
8.838612368024132415e-01
8.840932822833275084e-01
8.840932822833275084e-01
8.842093050237846974e-01
8.842093050237846974e-01
8.845573732451560423e-01
8.845573732451560423e-01
8.847894187260703092e-01
8.847894187260703092e-01
8.851374869474416540e-01
8.851374869474416540e-01
8.852535096878988430e-01
8.852535096878988430e-01
8.854855551688131099e-01
8.854855551688131099e-01
8.861816916115559106e-01
8.861816916115559106e-01
8.862977143520129886e-01
8.862977143520129886e-01
8.866457825733843334e-01
8.866457825733843334e-01
8.867618053138415224e-01
8.867618053138415224e-01
8.871098735352128672e-01
8.871098735352128672e-01
8.873419190161271342e-01
8.873419190161271342e-01
8.874579417565843231e-01
8.874579417565843231e-01
8.879220327184128569e-01
8.879220327184128569e-01
8.881540781993270128e-01
8.881540781993270128e-01
8.882701009397842018e-01
8.882701009397842018e-01
8.885021464206984687e-01
8.885021464206984687e-01
8.887341919016127356e-01
8.887341919016127356e-01
8.888502146420698136e-01
8.888502146420698136e-01
8.901264647870982261e-01
8.901264647870982261e-01
8.902424875275554150e-01
8.902424875275554150e-01
8.904745330084696819e-01
8.904745330084696819e-01
8.905905557489267599e-01
8.905905557489267599e-01
8.907065784893839488e-01
8.907065784893839488e-01
8.910546467107552937e-01
8.910546467107552937e-01
8.923308968557837062e-01
8.923308968557837062e-01
8.924469195962408952e-01
8.924469195962408952e-01
8.926789650771551621e-01
8.926789650771551621e-01
8.929110105580694290e-01
8.929110105580694290e-01
8.939552152221835746e-01
8.939552152221835746e-01
8.943032834435549194e-01
8.943032834435549194e-01
8.946513516649263753e-01
8.946513516649263753e-01
8.951154426267547981e-01
8.951154426267547981e-01
8.967397609931546665e-01
8.967397609931546665e-01
8.972038519549832003e-01
8.972038519549832003e-01
8.973198746954402782e-01
8.973198746954402782e-01
8.975519201763545452e-01
8.975519201763545452e-01
8.978999883977260010e-01
8.978999883977260010e-01
8.981320338786402679e-01
8.981320338786402679e-01
8.982480566190973459e-01
8.982480566190973459e-01
8.985961248404686907e-01
8.985961248404686907e-01
8.987121475809258797e-01
8.987121475809258797e-01
8.988281703213829577e-01
8.988281703213829577e-01
8.991762385427544135e-01
8.991762385427544135e-01
8.997563522450400253e-01
8.997563522450400253e-01
8.999883977259542922e-01
8.999883977259542922e-01
9.004524886877828260e-01
9.004524886877828260e-01
9.008005569091541709e-01
9.008005569091541709e-01
9.013806706114398937e-01
9.013806706114398937e-01
9.014966933518969716e-01
9.014966933518969716e-01
9.019607843137255054e-01
9.019607843137255054e-01
9.020768070541825834e-01
9.020768070541825834e-01
9.021928297946397723e-01
9.021928297946397723e-01
9.025408980160111172e-01
9.025408980160111172e-01
9.026569207564683062e-01
9.026569207564683062e-01
9.028889662373825731e-01
9.028889662373825731e-01
9.030049889778396510e-01
9.030049889778396510e-01
9.031210117182968400e-01
9.031210117182968400e-01
9.033530571992109959e-01
9.033530571992109959e-01
9.034690799396681848e-01
9.034690799396681848e-01
9.035851026801252628e-01
9.035851026801252628e-01
9.040491936419537966e-01
9.040491936419537966e-01
9.043972618633252525e-01
9.043972618633252525e-01
9.045132846037823304e-01
9.045132846037823304e-01
9.046293073442395194e-01
9.046293073442395194e-01
9.053254437869822091e-01
9.053254437869822091e-01
9.056735120083536650e-01
9.056735120083536650e-01
9.057895347488107429e-01
9.057895347488107429e-01
9.059055574892679319e-01
9.059055574892679319e-01
9.063696484510964657e-01
9.063696484510964657e-01
9.069497621533820775e-01
9.069497621533820775e-01
9.070657848938391554e-01
9.070657848938391554e-01
9.072978303747534223e-01
9.072978303747534223e-01
9.075298758556676892e-01
9.075298758556676892e-01
9.079939668174962231e-01
9.079939668174962231e-01
9.082260122984104900e-01
9.082260122984104900e-01
9.083420350388675679e-01
9.083420350388675679e-01
9.085740805197818348e-01
9.099663534052674363e-01
9.099663534052674363e-01
9.107785125884673150e-01
9.107785125884673150e-01
9.114746490312101157e-01
9.114746490312101157e-01
9.117066945121243826e-01
9.117066945121243826e-01
9.118227172525814606e-01
9.118227172525814606e-01
9.121707854739529164e-01
9.121707854739529164e-01
9.128669219166957172e-01
9.128669219166957172e-01
9.132149901380670620e-01
9.132149901380670620e-01
9.134470356189813289e-01
9.134470356189813289e-01
9.135630583594384069e-01
9.135630583594384069e-01
9.136790810998955958e-01
9.136790810998955958e-01
9.137951038403526738e-01
9.137951038403526738e-01
9.140271493212669407e-01
9.140271493212669407e-01
9.141431720617241297e-01
9.141431720617241297e-01
9.142591948021812076e-01
9.142591948021812076e-01
9.144912402830954745e-01
9.144912402830954745e-01
9.151873767258382752e-01
9.151873767258382752e-01
9.154194222067525422e-01
9.154194222067525422e-01
9.155354449472096201e-01
9.155354449472096201e-01
9.157674904281238870e-01
9.157674904281238870e-01
9.158835131685810760e-01
9.158835131685810760e-01
9.161155586494953429e-01
9.161155586494953429e-01
9.165796496113237657e-01
9.165796496113237657e-01
9.166956723517809547e-01
9.166956723517809547e-01
9.168116950922380326e-01
9.168116950922380326e-01
9.175078315349808333e-01
9.175078315349808333e-01
9.176238542754380223e-01
9.176238542754380223e-01
9.185520361990949789e-01
9.185520361990949789e-01
9.186680589395521679e-01
9.186680589395521679e-01
9.187840816800092458e-01
9.187840816800092458e-01
9.197122636036663135e-01
9.197122636036663135e-01
9.198282863441235024e-01
9.198282863441235024e-01
9.199443090845805804e-01
9.199443090845805804e-01
9.206404455273233811e-01
9.206404455273233811e-01
9.212205592296089929e-01
9.212205592296089929e-01
9.214526047105232598e-01
9.214526047105232598e-01
9.215686274509803377e-01
9.215686274509803377e-01
9.216846501914375267e-01
9.216846501914375267e-01
9.218006729318946046e-01
9.218006729318946046e-01
9.220327184128088716e-01
9.220327184128088716e-01
9.227288548555516723e-01
9.227288548555516723e-01
9.237730595196658179e-01
9.237730595196658179e-01
9.238890822601230068e-01
9.238890822601230068e-01
9.244691959624086186e-01
9.244691959624086186e-01
9.245852187028658076e-01
9.245852187028658076e-01
9.248172641837800745e-01
9.248172641837800745e-01
9.250493096646942304e-01
9.250493096646942304e-01
9.252813551456084973e-01
9.252813551456084973e-01
9.257454461074370311e-01
9.257454461074370311e-01
9.262095370692655649e-01
9.262095370692655649e-01
9.264415825501798318e-01
9.264415825501798318e-01
9.267896507715511767e-01
9.267896507715511767e-01
9.269056735120083657e-01
9.269056735120083657e-01
9.270216962524654436e-01
9.270216962524654436e-01
9.271377189929226326e-01
9.271377189929226326e-01
9.273697644738368995e-01
9.273697644738368995e-01
9.277178326952082443e-01
9.277178326952082443e-01
9.278338554356654333e-01
9.278338554356654333e-01
9.279498781761225112e-01
9.279498781761225112e-01
9.280659009165797002e-01
9.280659009165797002e-01
9.285299918784081230e-01
9.285299918784081230e-01
9.286460146188653120e-01
9.286460146188653120e-01
9.288780600997795789e-01
9.288780600997795789e-01
9.289940828402366568e-01
9.289940828402366568e-01
9.291101055806938458e-01
9.291101055806938458e-01
9.294581738020651906e-01
9.294581738020651906e-01
9.295741965425223796e-01
9.295741965425223796e-01
9.296902192829794576e-01
9.296902192829794576e-01
9.298062420234366465e-01
9.298062420234366465e-01
9.299222647638937245e-01
9.299222647638937245e-01
9.301543102448079914e-01
9.301543102448079914e-01
9.302703329852650693e-01
9.302703329852650693e-01
9.306184012066365252e-01
9.306184012066365252e-01
9.307344239470936031e-01
9.307344239470936031e-01
9.308504466875507921e-01
9.308504466875507921e-01
9.310824921684650590e-01
9.310824921684650590e-01
9.314305603898364039e-01
9.314305603898364039e-01
9.315465831302935928e-01
9.315465831302935928e-01
9.320106740921220156e-01
9.320106740921220156e-01
9.321266968325792046e-01
9.321266968325792046e-01
9.322427195730362826e-01
9.322427195730362826e-01
9.325907877944077384e-01
9.325907877944077384e-01
9.330548787562362723e-01
9.330548787562362723e-01
9.331709014966933502e-01
9.331709014966933502e-01
9.336349924585218840e-01
9.336349924585218840e-01
9.339830606798932289e-01
9.339830606798932289e-01
9.340990834203504178e-01
9.340990834203504178e-01
9.343311289012646847e-01
9.343311289012646847e-01
9.347952198630932186e-01
9.347952198630932186e-01
9.349112426035502965e-01
9.349112426035502965e-01
9.350272653440073745e-01
9.350272653440073745e-01
9.352593108249216414e-01
9.352593108249216414e-01
9.353753335653788303e-01
9.353753335653788303e-01
9.356073790462930972e-01
9.356073790462930972e-01
9.358394245272073642e-01
9.358394245272073642e-01
9.365355609699501649e-01
9.365355609699501649e-01
9.366515837104072428e-01
9.366515837104072428e-01
9.368836291913215097e-01
9.368836291913215097e-01
9.369996519317785877e-01
9.369996519317785877e-01
9.371156746722357767e-01
9.371156746722357767e-01
9.373477201531500436e-01
9.373477201531500436e-01
9.374637428936071215e-01
9.374637428936071215e-01
9.376957883745213884e-01
9.376957883745213884e-01
9.378118111149785774e-01
9.378118111149785774e-01
9.379278338554356553e-01
9.379278338554356553e-01
9.381598793363499222e-01
9.381598793363499222e-01
9.383919248172641892e-01
9.383919248172641892e-01
9.385079475577212671e-01
9.385079475577212671e-01
9.386239702981784561e-01
9.386239702981784561e-01
9.387399930386355340e-01
9.387399930386355340e-01
9.388560157790927230e-01
9.388560157790927230e-01
9.389720385195498009e-01
9.389720385195498009e-01
9.390880612600069899e-01
9.390880612600069899e-01
9.392040840004640678e-01
9.392040840004640678e-01
9.393201067409212568e-01
9.393201067409212568e-01
9.394361294813783347e-01
9.394361294813783347e-01
9.395521522218355237e-01
9.395521522218355237e-01
9.396681749622926016e-01
9.396681749622926016e-01
9.397841977027497906e-01
9.397841977027497906e-01
9.399002204432068686e-01
9.399002204432068686e-01
9.400162431836639465e-01
9.400162431836639465e-01
9.402482886645782134e-01
9.402482886645782134e-01
9.404803341454924803e-01
9.404803341454924803e-01
9.405963568859496693e-01
9.405963568859496693e-01
9.410604478477782031e-01
9.410604478477782031e-01
9.412924933286924700e-01
9.412924933286924700e-01
9.414085160691495480e-01
9.414085160691495480e-01
9.415245388096067369e-01
9.415245388096067369e-01
9.416405615500638149e-01
9.416405615500638149e-01
9.417565842905208928e-01
9.417565842905208928e-01
9.418726070309780818e-01
9.418726070309780818e-01
9.421046525118923487e-01
9.421046525118923487e-01
9.422206752523494266e-01
9.422206752523494266e-01
9.423366979928066156e-01
9.423366979928066156e-01
9.426847662141779605e-01
9.426847662141779605e-01
9.431488571760064943e-01
9.431488571760064943e-01
9.432648799164635722e-01
9.432648799164635722e-01
9.433809026569207612e-01
9.433809026569207612e-01
9.436129481378350281e-01
9.436129481378350281e-01
9.439610163592063730e-01
9.439610163592063730e-01
9.440770390996635619e-01
9.440770390996635619e-01
9.443090845805778288e-01
9.443090845805778288e-01
9.444251073210349068e-01
9.444251073210349068e-01
9.445411300614920957e-01
9.445411300614920957e-01
9.446571528019491737e-01
9.446571528019491737e-01
9.448891982828634406e-01
9.448891982828634406e-01
9.450052210233205185e-01
9.450052210233205185e-01
9.451212437637777075e-01
9.451212437637777075e-01
9.453532892446919744e-01
9.453532892446919744e-01
9.454693119851490524e-01
9.454693119851490524e-01
9.457013574660633193e-01
9.457013574660633193e-01
9.458173802065205082e-01
9.458173802065205082e-01
9.459334029469775862e-01
9.459334029469775862e-01
9.462814711683490421e-01
9.462814711683490421e-01
9.463974939088061200e-01
9.463974939088061200e-01
9.465135166492633090e-01
9.465135166492633090e-01
9.466295393897203869e-01
9.466295393897203869e-01
9.468615848706346538e-01
9.468615848706346538e-01
9.469776076110917318e-01
9.469776076110917318e-01
9.470936303515489207e-01
9.470936303515489207e-01
9.473256758324631877e-01
9.473256758324631877e-01
9.474416985729202656e-01
9.474416985729202656e-01
9.475577213133774546e-01
9.475577213133774546e-01
9.476737440538345325e-01
9.476737440538345325e-01
9.477897667942917215e-01
9.477897667942917215e-01
9.480218122752059884e-01
9.480218122752059884e-01
9.481378350156630663e-01
9.481378350156630663e-01
9.483698804965773332e-01
9.483698804965773332e-01
9.486019259774916002e-01
9.486019259774916002e-01
9.488339714584058671e-01
9.488339714584058671e-01
9.489499941988629450e-01
9.489499941988629450e-01
9.490660169393201340e-01
9.490660169393201340e-01
9.492980624202344009e-01
9.492980624202344009e-01
9.496461306416057457e-01
9.496461306416057457e-01
9.499941988629770906e-01
9.499941988629770906e-01
9.506903353057198913e-01
9.506903353057198913e-01
9.508063580461770803e-01
9.508063580461770803e-01
9.509223807866341582e-01
9.509223807866341582e-01
9.511544262675484251e-01
9.511544262675484251e-01
9.513864717484626921e-01
9.513864717484626921e-01
9.515024944889198810e-01
9.515024944889198810e-01
9.520826081912054928e-01
9.520826081912054928e-01
9.521986309316625707e-01
9.521986309316625707e-01
9.523146536721197597e-01
9.523146536721197597e-01
9.524306764125768376e-01
9.524306764125768376e-01
9.525466991530340266e-01
9.525466991530340266e-01
9.527787446339482935e-01
9.527787446339482935e-01
9.530107901148625604e-01
9.530107901148625604e-01
9.531268128553196384e-01
9.531268128553196384e-01
9.532428355957768273e-01
9.532428355957768273e-01
9.533588583362339053e-01
9.533588583362339053e-01
9.535909038171481722e-01
9.535909038171481722e-01
9.537069265576052501e-01
9.537069265576052501e-01
9.539389720385195170e-01
9.539389720385195170e-01
9.540549947789767060e-01
9.540549947789767060e-01
9.545190857408052398e-01
9.545190857408052398e-01
9.546351084812623178e-01
9.546351084812623178e-01
9.547511312217195067e-01
9.547511312217195067e-01
9.548671539621765847e-01
9.548671539621765847e-01
9.552152221835479295e-01
9.552152221835479295e-01
9.553312449240051185e-01
9.553312449240051185e-01
9.555632904049193854e-01
9.555632904049193854e-01
9.559113586262907303e-01
9.559113586262907303e-01
9.560273813667479192e-01
9.560273813667479192e-01
9.562594268476621862e-01
9.562594268476621862e-01
9.563754495881192641e-01
9.563754495881192641e-01
9.564914723285764531e-01
9.564914723285764531e-01
9.566074950690335310e-01
9.566074950690335310e-01
9.567235178094906090e-01
9.567235178094906090e-01
9.570715860308620648e-01
9.570715860308620648e-01
9.571876087713191428e-01
9.571876087713191428e-01
9.575356769926905987e-01
9.575356769926905987e-01
9.576516997331476766e-01
9.576516997331476766e-01
9.578837452140619435e-01
9.578837452140619435e-01
9.579997679545191325e-01
9.579997679545191325e-01
9.581157906949762104e-01
9.581157906949762104e-01
9.584638589163475553e-01
9.584638589163475553e-01
9.585798816568047442e-01
9.585798816568047442e-01
9.586959043972618222e-01
9.586959043972618222e-01
9.588119271377190111e-01
9.588119271377190111e-01
9.592760180995475450e-01
9.592760180995475450e-01
9.596240863209188898e-01
9.596240863209188898e-01
9.599721545422902347e-01
9.599721545422902347e-01
9.603202227636616906e-01
9.603202227636616906e-01
9.605522682445759575e-01
9.605522682445759575e-01
9.606682909850330354e-01
9.606682909850330354e-01
9.612484046873187582e-01
9.612484046873187582e-01
9.613644274277758361e-01
9.613644274277758361e-01
9.615964729086901031e-01
9.615964729086901031e-01
9.617124956491471810e-01
9.617124956491471810e-01
9.618285183896043700e-01
9.618285183896043700e-01
9.620605638705186369e-01
9.620605638705186369e-01
9.624086320918899817e-01
9.624086320918899817e-01
9.625246548323471707e-01
9.625246548323471707e-01
9.626406775728042486e-01
9.626406775728042486e-01
9.627567003132614376e-01
9.627567003132614376e-01
9.628727230537185156e-01
9.628727230537185156e-01
9.629887457941757045e-01
9.629887457941757045e-01
9.633368140155470494e-01
9.633368140155470494e-01
9.634528367560041273e-01
9.634528367560041273e-01
9.635688594964613163e-01
9.635688594964613163e-01
9.636848822369183942e-01
9.636848822369183942e-01
9.638009049773755832e-01
9.638009049773755832e-01
9.639169277178326611e-01
9.639169277178326611e-01
9.641489731987469280e-01
9.641489731987469280e-01
9.644970414201183839e-01
9.644970414201183839e-01
9.648451096414897288e-01
9.648451096414897288e-01
9.649611323819468067e-01
9.649611323819468067e-01
9.653092006033182626e-01
9.653092006033182626e-01
9.655412460842325295e-01
9.655412460842325295e-01
9.661213597865181413e-01
9.661213597865181413e-01
9.663534052674324082e-01
9.663534052674324082e-01
9.664694280078895972e-01
9.664694280078895972e-01
9.667014734888037530e-01
9.667014734888037530e-01
9.668174962292609420e-01
9.668174962292609420e-01
9.670495417101752089e-01
9.670495417101752089e-01
9.671655644506322869e-01
9.671655644506322869e-01
9.672815871910894758e-01
9.672815871910894758e-01
9.675136326720037427e-01
9.675136326720037427e-01
9.677456781529180097e-01
9.677456781529180097e-01
9.682097691147465435e-01
9.682097691147465435e-01
9.684418145956606994e-01
9.684418145956606994e-01
9.685578373361178883e-01
9.685578373361178883e-01
9.686738600765749663e-01
9.686738600765749663e-01
9.690219282979464221e-01
9.690219282979464221e-01
9.692539737788606891e-01
9.692539737788606891e-01
9.693699965193177670e-01
9.693699965193177670e-01
9.696020420002320339e-01
9.696020420002320339e-01
9.697180647406892229e-01
9.697180647406892229e-01
9.698340874811463008e-01
9.698340874811463008e-01
9.699501102216033788e-01
9.699501102216033788e-01
9.700661329620605677e-01
9.700661329620605677e-01
9.701821557025176457e-01
9.701821557025176457e-01
9.702981784429748346e-01
9.702981784429748346e-01
9.704142011834319126e-01
9.704142011834319126e-01
9.705302239238891016e-01
9.705302239238891016e-01
9.706462466643461795e-01
9.706462466643461795e-01
9.707622694048033685e-01
9.707622694048033685e-01
9.709943148857176354e-01
9.709943148857176354e-01
9.712263603666319023e-01
9.712263603666319023e-01
9.714584058475461692e-01
9.714584058475461692e-01
9.715744285880032471e-01
9.715744285880032471e-01
9.716904513284603251e-01
9.716904513284603251e-01
9.720385195498317810e-01
9.720385195498317810e-01
9.721545422902888589e-01
9.721545422902888589e-01
9.722705650307460479e-01
9.722705650307460479e-01
9.723865877712031258e-01
9.723865877712031258e-01
9.725026105116603148e-01
9.725026105116603148e-01
9.726186332521173927e-01
9.726186332521173927e-01
9.727346559925745817e-01
9.727346559925745817e-01
9.729667014734888486e-01
9.729667014734888486e-01
9.733147696948601935e-01
9.733147696948601935e-01
9.734307924353172714e-01
9.734307924353172714e-01
9.735468151757744604e-01
9.735468151757744604e-01
9.736628379162315383e-01
9.736628379162315383e-01
9.737788606566887273e-01
9.737788606566887273e-01
9.740109061376029942e-01
9.740109061376029942e-01
9.741269288780600721e-01
9.741269288780600721e-01
9.742429516185172611e-01
9.742429516185172611e-01
9.743589743589743390e-01
9.743589743589743390e-01
9.745910198398886060e-01
9.745910198398886060e-01
9.747070425803457949e-01
9.747070425803457949e-01
9.748230653208028729e-01
9.748230653208028729e-01
9.749390880612600618e-01
9.749390880612600618e-01
9.750551108017171398e-01
9.750551108017171398e-01
9.751711335421742177e-01
9.751711335421742177e-01
9.752871562826314067e-01
9.752871562826314067e-01
9.755192017635456736e-01
9.755192017635456736e-01
9.756352245040027515e-01
9.756352245040027515e-01
9.758672699849170185e-01
9.758672699849170185e-01
9.759832927253742074e-01
9.759832927253742074e-01
9.760993154658312854e-01
9.760993154658312854e-01
9.762153382062884743e-01
9.762153382062884743e-01
9.763313609467455523e-01
9.763313609467455523e-01
9.764473836872027412e-01
9.764473836872027412e-01
9.765634064276598192e-01
9.765634064276598192e-01
9.766794291681168971e-01
9.766794291681168971e-01
9.767954519085740861e-01
9.767954519085740861e-01
9.769114746490311640e-01
9.769114746490311640e-01
9.770274973894883530e-01
9.770274973894883530e-01
9.771435201299454310e-01
9.771435201299454310e-01
9.772595428704026199e-01
9.772595428704026199e-01
9.774915883513168868e-01
9.774915883513168868e-01
9.776076110917739648e-01
9.776076110917739648e-01
9.778396565726882317e-01
9.778396565726882317e-01
9.779556793131454207e-01
9.779556793131454207e-01
9.780717020536024986e-01
9.780717020536024986e-01
9.781877247940596876e-01
9.781877247940596876e-01
9.784197702749738434e-01
9.784197702749738434e-01
9.785357930154310324e-01
9.788838612368023773e-01
9.789998839772595662e-01
9.789998839772595662e-01
9.792319294581738331e-01
9.792319294581738331e-01
9.793479521986309111e-01
9.793479521986309111e-01
9.794639749390881001e-01
9.794639749390881001e-01
9.795799976795451780e-01
9.795799976795451780e-01
9.796960204200023670e-01
9.796960204200023670e-01
9.798120431604594449e-01
9.798120431604594449e-01
9.802761341222879787e-01
9.802761341222879787e-01
9.805081796032022456e-01
9.805081796032022456e-01
9.806242023436593236e-01
9.806242023436593236e-01
9.808562478245735905e-01
9.808562478245735905e-01
9.809722705650307795e-01
9.809722705650307795e-01
9.810882933054878574e-01
9.810882933054878574e-01
9.812043160459450464e-01
9.812043160459450464e-01
9.814363615268593133e-01
9.814363615268593133e-01
9.816684070077734692e-01
9.816684070077734692e-01
9.819004524886877361e-01
9.819004524886877361e-01
9.820164752291449251e-01
9.820164752291449251e-01
9.821324979696020030e-01
9.821324979696020030e-01
9.822485207100591920e-01
9.822485207100591920e-01
9.825965889314305368e-01
9.825965889314305368e-01
9.827126116718877258e-01
9.827126116718877258e-01
9.828286344123448037e-01
9.828286344123448037e-01
9.829446571528019927e-01
9.829446571528019927e-01
9.831767026337162596e-01
9.831767026337162596e-01
9.832927253741733375e-01
9.832927253741733375e-01
9.834087481146304155e-01
9.834087481146304155e-01
9.835247708550876045e-01
9.835247708550876045e-01
9.837568163360018714e-01
9.837568163360018714e-01
9.838728390764589493e-01
9.838728390764589493e-01
9.841048845573732162e-01
9.841048845573732162e-01
9.843369300382874831e-01
9.843369300382874831e-01
9.844529527787446721e-01
9.844529527787446721e-01
9.845689755192017500e-01
9.845689755192017500e-01
9.846849982596589390e-01
9.846849982596589390e-01
9.848010210001160170e-01
9.848010210001160170e-01
9.850330664810302839e-01
9.850330664810302839e-01
9.851490892214873618e-01
9.851490892214873618e-01
9.852651119619445508e-01
9.852651119619445508e-01
9.853811347024016287e-01
9.853811347024016287e-01
9.854971574428588177e-01
9.854971574428588177e-01
9.856131801833158956e-01
9.856131801833158956e-01
9.857292029237730846e-01
9.857292029237730846e-01
9.859612484046873515e-01
9.859612484046873515e-01
9.864253393665158853e-01
9.864253393665158853e-01
9.867734075878872302e-01
9.867734075878872302e-01
9.871214758092585750e-01
9.871214758092585750e-01
9.872374985497157640e-01
9.872374985497157640e-01
9.873535212901728420e-01
9.873535212901728420e-01
9.874695440306300309e-01
9.874695440306300309e-01
9.875855667710871089e-01
9.875855667710871089e-01
9.877015895115442978e-01
9.877015895115442978e-01
9.879336349924585647e-01
9.879336349924585647e-01
9.880496577329156427e-01
9.880496577329156427e-01
9.881656804733728316e-01
9.881656804733728316e-01
9.882817032138299096e-01
9.882817032138299096e-01
9.883977259542869875e-01
9.883977259542869875e-01
9.885137486947441765e-01
9.885137486947441765e-01
9.886297714352012544e-01
9.886297714352012544e-01
9.887457941756584434e-01
9.887457941756584434e-01
9.889778396565727103e-01
9.889778396565727103e-01
9.892098851374869772e-01
9.892098851374869772e-01
9.894419306184012441e-01
9.894419306184012441e-01
9.895579533588583221e-01
9.895579533588583221e-01
9.896739760993155111e-01
9.896739760993155111e-01
9.897899988397725890e-01
9.897899988397725890e-01
9.899060215802297780e-01
9.899060215802297780e-01
9.901380670611439339e-01
9.901380670611439339e-01
9.902540898016011228e-01
9.902540898016011228e-01
9.904861352825153897e-01
9.904861352825153897e-01
9.906021580229724677e-01
9.906021580229724677e-01
9.907181807634296566e-01
9.907181807634296566e-01
9.909502262443439236e-01
9.909502262443439236e-01
9.912982944657152684e-01
9.912982944657152684e-01
9.915303399466295353e-01
9.915303399466295353e-01
9.916463626870867243e-01
9.916463626870867243e-01
9.917623854275438022e-01
9.917623854275438022e-01
9.918784081680008802e-01
9.918784081680008802e-01
9.919944309084580691e-01
9.919944309084580691e-01
9.921104536489151471e-01
9.921104536489151471e-01
9.923424991298294140e-01
9.923424991298294140e-01
9.925745446107436809e-01
9.925745446107436809e-01
9.928065900916579478e-01
9.928065900916579478e-01
9.929226128321151368e-01
9.929226128321151368e-01
9.930386355725722147e-01
9.930386355725722147e-01
9.931546583130294037e-01
9.931546583130294037e-01
9.932706810534864816e-01
9.932706810534864816e-01
9.935027265344007485e-01
9.935027265344007485e-01
9.936187492748578265e-01
9.936187492748578265e-01
9.938507947557720934e-01
9.938507947557720934e-01
9.939668174962292824e-01
9.939668174962292824e-01
9.940828402366863603e-01
9.940828402366863603e-01
9.941988629771435493e-01
9.941988629771435493e-01
9.943148857176006272e-01
9.943148857176006272e-01
9.944309084580578162e-01
9.944309084580578162e-01
9.945469311985148941e-01
9.945469311985148941e-01
9.946629539389720831e-01
9.946629539389720831e-01
9.951270449008005059e-01
9.951270449008005059e-01
9.952430676412576949e-01
9.952430676412576949e-01
9.953590903817147728e-01
9.953590903817147728e-01
9.954751131221719618e-01
9.954751131221719618e-01
9.955911358626290397e-01
9.955911358626290397e-01
9.957071586030862287e-01
9.957071586030862287e-01
9.958231813435433066e-01
9.958231813435433066e-01
9.959392040840004956e-01
9.959392040840004956e-01
9.960552268244575735e-01
9.960552268244575735e-01
9.961712495649147625e-01
9.961712495649147625e-01
9.962872723053718405e-01
9.962872723053718405e-01
9.964032950458290294e-01
9.964032950458290294e-01
9.965193177862861074e-01
9.965193177862861074e-01
9.966353405267432963e-01
9.966353405267432963e-01
9.967513632672003743e-01
9.967513632672003743e-01
9.968673860076574522e-01
9.968673860076574522e-01
9.969834087481146412e-01
9.969834087481146412e-01
9.970994314885717191e-01
9.970994314885717191e-01
9.972154542290289081e-01
9.972154542290289081e-01
9.973314769694859860e-01
9.973314769694859860e-01
9.974474997099431750e-01
9.974474997099431750e-01
9.976795451908574419e-01
9.976795451908574419e-01
9.977955679313145199e-01
9.977955679313145199e-01
9.979115906717717088e-01
9.979115906717717088e-01
9.980276134122287868e-01
9.980276134122287868e-01
9.981436361526859757e-01
9.981436361526859757e-01
9.982596588931430537e-01
9.982596588931430537e-01
9.983756816336001316e-01
9.983756816336001316e-01
9.984917043740573206e-01
9.984917043740573206e-01
9.986077271145143985e-01
9.986077271145143985e-01
9.987237498549715875e-01
9.987237498549715875e-01
9.988397725954286654e-01
9.988397725954286654e-01
9.989557953358858544e-01
9.989557953358858544e-01
9.990718180763429324e-01
9.990718180763429324e-01
9.991878408168001213e-01
9.991878408168001213e-01
9.993038635572571993e-01
9.993038635572571993e-01
9.994198862977143882e-01
9.994198862977143882e-01
9.995359090381714662e-01
9.995359090381714662e-01
9.996519317786286551e-01
9.996519317786286551e-01
9.997679545190857331e-01
9.997679545190857331e-01
9.998839772595429221e-01
9.998839772595429221e-01
1.000000000000000000e+00
1.000000000000000000e+00
