0.000000000000000000e+00
2.010390783826519062e-02
2.981703185001129477e-02
3.569008357804381859e-02
3.998192907160605380e-02
4.449966117009261646e-02
4.946916647842782705e-02
5.217980573751976325e-02
5.489044499661169946e-02
5.714931104585498078e-02
5.918229049017393467e-02
6.098938332956855418e-02
6.189292974926587088e-02
6.279647616896318063e-02
6.347413598373616295e-02
6.550711542805510990e-02
6.754009487237407072e-02
6.866952789699570792e-02
7.092839394623898230e-02
7.205782697086063338e-02
7.318725999548227057e-02
7.476846622995256264e-02
7.680144567427150959e-02
7.838265190874181554e-02
7.883442511859047042e-02
7.996385814321210761e-02
8.109329116783374480e-02
8.177095098260672712e-02
8.267449740230403687e-02
8.335215721707703307e-02
8.493336345154732514e-02
8.538513666139598002e-02
8.674045629094194465e-02
8.809577592048790928e-02
8.877343573526090548e-02
9.012875536480687011e-02
9.103230178450417986e-02
9.148407499435283474e-02
9.216173480912581706e-02
9.238762141405014450e-02
9.329116783374745425e-02
9.442060085836910532e-02
9.464648746329343276e-02
9.509826067314208764e-02
9.532414727806641508e-02
9.622769369776372483e-02
9.645358030268805227e-02
9.667946690761237971e-02
9.735712672238536203e-02
9.848655974700699922e-02
9.916421956177998154e-02
1.002936525864016326e-01
1.005195391913259600e-01
1.016489722159475972e-01
1.018748588208719247e-01
1.021007454257962521e-01
1.027784052405692344e-01
1.041337248701151991e-01
1.045854980799638539e-01
1.054890444996611637e-01
1.066184775242828148e-01
1.068443641292071422e-01
1.072961373390557971e-01
1.072961373390557971e-01
1.079737971538287794e-01
1.084255703636774343e-01
1.088773435735260892e-01
1.093291167833747440e-01
1.095550033882990715e-01
1.100067765981477264e-01
1.106844364129207087e-01
1.113620962276936910e-01
1.120397560424666872e-01
1.122656426473910146e-01
1.124915292523153421e-01
1.129433024621639969e-01
1.138468488818613067e-01
1.138468488818613067e-01
1.145245086966342890e-01
1.145245086966342890e-01
1.149762819064829439e-01
1.161057149311045811e-01
1.165574881409532360e-01
1.170092613508018908e-01
1.172351479557262321e-01
1.172351479557262321e-01
1.174610345606505596e-01
1.185904675852721968e-01
1.188163541901965242e-01
1.197199006098938340e-01
1.199457872148181614e-01
1.201716738197424889e-01
1.203975604246668163e-01
1.210752202394397986e-01
1.213011068443641260e-01
1.219787666591371084e-01
1.226564264739100907e-01
1.226564264739100907e-01
1.235599728936074143e-01
1.235599728936074143e-01
1.237858594985317418e-01
1.240117461034560692e-01
1.242376327083803966e-01
1.246894059182290515e-01
1.249152925231533789e-01
1.253670657330020199e-01
1.255929523379263613e-01
1.255929523379263613e-01
1.260447255477750161e-01
1.260447255477750161e-01
1.262706121526993575e-01
1.267223853625480123e-01
1.271741585723966672e-01
1.271741585723966672e-01
1.274000451773209808e-01
1.276259317822453221e-01
1.278518183871696356e-01
1.278518183871696356e-01
1.278518183871696356e-01
1.280777049920939770e-01
1.287553648068669454e-01
1.287553648068669454e-01
1.292071380167156003e-01
1.292071380167156003e-01
1.294330246216399416e-01
1.296589112265642552e-01
1.296589112265642552e-01
1.301106844364129100e-01
1.301106844364129100e-01
1.303365710413372514e-01
1.303365710413372514e-01
1.305624576462615649e-01
1.307883442511859062e-01
1.310142308561102198e-01
1.316918906708832160e-01
1.319177772758075573e-01
1.319177772758075573e-01
1.321436638807318709e-01
1.323695504856562122e-01
1.325954370905805257e-01
1.325954370905805257e-01
1.328213236955048671e-01
1.328213236955048671e-01
1.328213236955048671e-01
1.332730969053535219e-01
1.334989835102778355e-01
1.334989835102778355e-01
1.341766433250508317e-01
1.346284165348994866e-01
1.346284165348994866e-01
1.353060763496724550e-01
1.353060763496724550e-01
1.357578495595211099e-01
1.359837361644454512e-01
1.359837361644454512e-01
1.359837361644454512e-01
1.359837361644454512e-01
1.364355093742941061e-01
1.366613959792184196e-01
1.371131691890670745e-01
1.371131691890670745e-01
1.371131691890670745e-01
1.371131691890670745e-01
1.375649423989157571e-01
1.380167156087644120e-01
1.382426022136887256e-01
1.384684888186130669e-01
1.386943754235373805e-01
1.386943754235373805e-01
1.389202620284617218e-01
1.391461486333860353e-01
1.395979218432346902e-01
1.395979218432346902e-01
1.398238084481590315e-01
1.402755816580076864e-01
1.405014682629320000e-01
1.407273548678563413e-01
1.407273548678563413e-01
1.409532414727806549e-01
1.411791280777049962e-01
1.411791280777049962e-01
1.411791280777049962e-01
1.411791280777049962e-01
1.414050146826293097e-01
1.414050146826293097e-01
1.416309012875536510e-01
1.416309012875536510e-01
1.416309012875536510e-01
1.416309012875536510e-01
1.416309012875536510e-01
1.416309012875536510e-01
1.416309012875536510e-01
1.416309012875536510e-01
1.416309012875536510e-01
1.416309012875536510e-01
1.418567878924779646e-01
1.418567878924779646e-01
1.420826744974023059e-01
1.420826744974023059e-01
1.420826744974023059e-01
1.420826744974023059e-01
1.420826744974023059e-01
1.423085611023266195e-01
1.423085611023266195e-01
1.423085611023266195e-01
1.423085611023266195e-01
1.427603343121752744e-01
1.432121075220239570e-01
1.432121075220239570e-01
1.432121075220239570e-01
1.432121075220239570e-01
1.432121075220239570e-01
1.432121075220239570e-01
1.434379941269482706e-01
1.436638807318726119e-01
1.436638807318726119e-01
1.436638807318726119e-01
1.438897673367969254e-01
1.441156539417212668e-01
1.441156539417212668e-01
1.443415405466455803e-01
1.443415405466455803e-01
1.443415405466455803e-01
1.447933137564942352e-01
1.447933137564942352e-01
1.447933137564942352e-01
1.454709735712672314e-01
1.454709735712672314e-01
1.454709735712672314e-01
1.456968601761915449e-01
1.456968601761915449e-01
1.459227467811158863e-01
1.459227467811158863e-01
1.461486333860401998e-01
1.461486333860401998e-01
1.461486333860401998e-01
1.461486333860401998e-01
1.466004065958888547e-01
1.466004065958888547e-01
1.466004065958888547e-01
1.466004065958888547e-01
1.475039530155861645e-01
1.475039530155861645e-01
1.479557262254348193e-01
1.481816128303591606e-01
1.481816128303591606e-01
1.481816128303591606e-01
1.484074994352834742e-01
1.484074994352834742e-01
1.484074994352834742e-01
1.484074994352834742e-01
1.488592726451321568e-01
1.495369324599051253e-01
1.497628190648294666e-01
1.502145922746781215e-01
1.504404788796024350e-01
1.506663654845267764e-01
1.506663654845267764e-01
1.508922520894510899e-01
1.513440252992997448e-01
1.513440252992997448e-01
1.515699119042240861e-01
1.515699119042240861e-01
1.515699119042240861e-01
1.515699119042240861e-01
1.520216851140727410e-01
1.522475717189970545e-01
1.522475717189970545e-01
1.524734583239213959e-01
1.526993449288457094e-01
1.529252315337700507e-01
1.531511181386943643e-01
1.536028913485430192e-01
1.540546645583916741e-01
1.542805511633160154e-01
1.542805511633160154e-01
1.542805511633160154e-01
1.545064377682403567e-01
1.545064377682403567e-01
1.545064377682403567e-01
1.547323243731646703e-01
1.547323243731646703e-01
1.549582109780890116e-01
1.551840975830133251e-01
1.554099841879376664e-01
1.554099841879376664e-01
1.554099841879376664e-01
1.556358707928619800e-01
1.558617573977863213e-01
1.558617573977863213e-01
1.563135306076349762e-01
1.567653038174836311e-01
1.567653038174836311e-01
1.572170770273322860e-01
1.572170770273322860e-01
1.574429636322565995e-01
1.578947368421052544e-01
1.578947368421052544e-01
1.583465100519539093e-01
1.583465100519539093e-01
1.583465100519539093e-01
1.583465100519539093e-01
1.585723966568782506e-01
1.585723966568782506e-01
1.585723966568782506e-01
1.585723966568782506e-01
1.585723966568782506e-01
1.585723966568782506e-01
1.585723966568782506e-01
1.585723966568782506e-01
1.592500564716512190e-01
1.592500564716512190e-01
1.594759430765755603e-01
1.594759430765755603e-01
1.599277162864242152e-01
1.606053761011972114e-01
1.606053761011972114e-01
1.608312627061215250e-01
1.608312627061215250e-01
1.608312627061215250e-01
1.610571493110458663e-01
1.612830359159701799e-01
1.612830359159701799e-01
1.612830359159701799e-01
1.612830359159701799e-01
1.615089225208945212e-01
1.617348091258188347e-01
1.619606957307431760e-01
1.624124689405918309e-01
1.626383555455161445e-01
1.626383555455161445e-01
1.633160153602891407e-01
1.633160153602891407e-01
1.633160153602891407e-01
1.633160153602891407e-01
1.639936751750621091e-01
1.639936751750621091e-01
1.642195617799864504e-01
1.644454483849107640e-01
1.644454483849107640e-01
1.646713349898351053e-01
1.646713349898351053e-01
1.648972215947594189e-01
1.655748814095324151e-01
1.662525412243054113e-01
1.669302010390783797e-01
1.671560876440027210e-01
1.671560876440027210e-01
1.673819742489270346e-01
1.673819742489270346e-01
1.676078608538513759e-01
1.676078608538513759e-01
1.676078608538513759e-01
1.678337474587756895e-01
1.682855206686243443e-01
1.682855206686243443e-01
1.685114072735486856e-01
1.685114072735486856e-01
1.687372938784729992e-01
1.689631804833973405e-01
1.691890670883216541e-01
1.691890670883216541e-01
1.691890670883216541e-01
1.691890670883216541e-01
1.694149536932459954e-01
1.694149536932459954e-01
1.694149536932459954e-01
1.696408402981703090e-01
1.700926135080189638e-01
1.703185001129433052e-01
1.705443867178676187e-01
1.712220465326406149e-01
1.712220465326406149e-01
1.714479331375649562e-01
1.716738197424892698e-01
1.716738197424892698e-01
1.716738197424892698e-01
1.721255929523379247e-01
1.721255929523379247e-01
1.721255929523379247e-01
1.721255929523379247e-01
1.721255929523379247e-01
1.723514795572622660e-01
1.723514795572622660e-01
1.723514795572622660e-01
1.725773661621865795e-01
1.725773661621865795e-01
1.728032527671109209e-01
1.730291393720352344e-01
1.730291393720352344e-01
1.732550259769595757e-01
1.737067991868082306e-01
1.739326857917325442e-01
1.739326857917325442e-01
1.739326857917325442e-01
1.743844590015811991e-01
1.748362322114298539e-01
1.752880054212785088e-01
1.752880054212785088e-01
1.755138920262028501e-01
1.755138920262028501e-01
1.757397786311271637e-01
1.757397786311271637e-01
1.761915518409758186e-01
1.764174384459001599e-01
1.766433250508244734e-01
1.766433250508244734e-01
1.766433250508244734e-01
1.766433250508244734e-01
1.768692116557488148e-01
1.768692116557488148e-01
1.770950982606731283e-01
1.770950982606731283e-01
1.773209848655974696e-01
1.773209848655974696e-01
1.773209848655974696e-01
1.773209848655974696e-01
1.775468714705218110e-01
1.779986446803704658e-01
1.782245312852947794e-01
1.782245312852947794e-01
1.782245312852947794e-01
1.782245312852947794e-01
1.784504178902191207e-01
1.784504178902191207e-01
1.784504178902191207e-01
1.784504178902191207e-01
1.784504178902191207e-01
1.786763044951434343e-01
1.786763044951434343e-01
1.789021911000677756e-01
1.791280777049920891e-01
1.791280777049920891e-01
1.795798509148407440e-01
1.795798509148407440e-01
1.795798509148407440e-01
1.795798509148407440e-01
1.798057375197650853e-01
1.798057375197650853e-01
1.802575107296137402e-01
1.802575107296137402e-01
1.802575107296137402e-01
1.807092839394623951e-01
1.809351705443867087e-01
1.811610571493110500e-01
1.813869437542353635e-01
1.813869437542353635e-01
1.816128303591597049e-01
1.816128303591597049e-01
1.818387169640840184e-01
1.822904901739326733e-01
1.822904901739326733e-01
1.822904901739326733e-01
1.825163767788570146e-01
1.829681499887056695e-01
1.834199231985543244e-01
1.834199231985543244e-01
1.834199231985543244e-01
1.836458098034786657e-01
1.836458098034786657e-01
1.840975830133273206e-01
1.843234696182516341e-01
1.843234696182516341e-01
1.843234696182516341e-01
1.845493562231759754e-01
1.847752428281002890e-01
1.847752428281002890e-01
1.852270160379489439e-01
1.852270160379489439e-01
1.854529026428732852e-01
1.856787892477975987e-01
1.856787892477975987e-01
1.856787892477975987e-01
1.856787892477975987e-01
1.856787892477975987e-01
1.861305624576462536e-01
1.863564490625705949e-01
1.863564490625705949e-01
1.865823356674949085e-01
1.865823356674949085e-01
1.865823356674949085e-01
1.868082222724192498e-01
1.868082222724192498e-01
1.868082222724192498e-01
1.868082222724192498e-01
1.868082222724192498e-01
1.870341088773435634e-01
1.874858820871922183e-01
1.877117686921165596e-01
1.877117686921165596e-01
1.879376552970408731e-01
1.879376552970408731e-01
1.881635419019652145e-01
1.881635419019652145e-01
1.881635419019652145e-01
1.881635419019652145e-01
1.881635419019652145e-01
1.883894285068895280e-01
1.883894285068895280e-01
1.883894285068895280e-01
1.886153151118138693e-01
1.886153151118138693e-01
1.886153151118138693e-01
1.886153151118138693e-01
1.888412017167382106e-01
1.888412017167382106e-01
1.890670883216625242e-01
1.890670883216625242e-01
1.892929749265868655e-01
1.897447481364355204e-01
1.897447481364355204e-01
1.899706347413598340e-01
1.901965213462841753e-01
1.901965213462841753e-01
1.904224079512084888e-01
1.904224079512084888e-01
1.908741811610571437e-01
1.908741811610571437e-01
1.908741811610571437e-01
1.908741811610571437e-01
1.908741811610571437e-01
1.908741811610571437e-01
1.908741811610571437e-01
1.908741811610571437e-01
1.913259543709057986e-01
1.913259543709057986e-01
1.913259543709057986e-01
1.915518409758301399e-01
1.915518409758301399e-01
1.915518409758301399e-01
1.917777275807544535e-01
1.917777275807544535e-01
1.920036141856787948e-01
1.920036141856787948e-01
1.920036141856787948e-01
1.926812740004517632e-01
1.926812740004517632e-01
1.926812740004517632e-01
1.929071606053761045e-01
1.929071606053761045e-01
1.931330472103004181e-01
1.933589338152247594e-01
1.933589338152247594e-01
1.935848204201490730e-01
1.935848204201490730e-01
1.938107070250734143e-01
1.938107070250734143e-01
1.938107070250734143e-01
1.938107070250734143e-01
1.940365936299977279e-01
1.942624802349220692e-01
1.944883668398464105e-01
1.944883668398464105e-01
1.944883668398464105e-01
1.947142534447707241e-01
1.947142534447707241e-01
1.949401400496950654e-01
1.949401400496950654e-01
1.951660266546193789e-01
1.953919132595437202e-01
1.953919132595437202e-01
1.956177998644680338e-01
1.956177998644680338e-01
1.958436864693923751e-01
1.962954596792410300e-01
1.962954596792410300e-01
1.965213462841653436e-01
1.965213462841653436e-01
1.967472328890896849e-01
1.967472328890896849e-01
1.971990060989383398e-01
1.974248927038626533e-01
1.978766659137113082e-01
1.978766659137113082e-01
1.978766659137113082e-01
1.983284391235599631e-01
1.985543257284843044e-01
1.985543257284843044e-01
1.990060989383329593e-01
1.990060989383329593e-01
1.992319855432572728e-01
1.992319855432572728e-01
1.994578721481816141e-01
1.994578721481816141e-01
1.996837587531059277e-01
2.001355319629546103e-01
2.003614185678789239e-01
2.003614185678789239e-01
2.005873051728032652e-01
2.005873051728032652e-01
2.008131917777275788e-01
2.010390783826519201e-01
2.010390783826519201e-01
2.010390783826519201e-01
2.012649649875762337e-01
2.012649649875762337e-01
2.017167381974248885e-01
2.017167381974248885e-01
2.019426248023492299e-01
2.019426248023492299e-01
2.019426248023492299e-01
2.019426248023492299e-01
2.021685114072735434e-01
2.021685114072735434e-01
2.021685114072735434e-01
2.021685114072735434e-01
2.023943980121978847e-01
2.023943980121978847e-01
2.028461712220465396e-01
2.030720578269708532e-01
2.030720578269708532e-01
2.030720578269708532e-01
2.030720578269708532e-01
2.032979444318951945e-01
2.032979444318951945e-01
2.035238310368195080e-01
2.039756042466681629e-01
2.039756042466681629e-01
2.044273774565168178e-01
2.048791506663654727e-01
2.048791506663654727e-01
2.048791506663654727e-01
2.048791506663654727e-01
2.051050372712898140e-01
2.051050372712898140e-01
2.055568104811384689e-01
2.060085836909871237e-01
2.060085836909871237e-01
2.060085836909871237e-01
2.060085836909871237e-01
2.060085836909871237e-01
2.060085836909871237e-01
2.062344702959114651e-01
2.062344702959114651e-01
2.062344702959114651e-01
2.062344702959114651e-01
2.064603569008357786e-01
2.066862435057601199e-01
2.066862435057601199e-01
2.069121301106844335e-01
2.069121301106844335e-01
2.071380167156087748e-01
2.071380167156087748e-01
2.073639033205330884e-01
2.073639033205330884e-01
2.073639033205330884e-01
2.073639033205330884e-01
2.075897899254574297e-01
2.078156765303817433e-01
2.080415631353060846e-01
2.080415631353060846e-01
2.082674497402303981e-01
2.082674497402303981e-01
2.082674497402303981e-01
2.084933363451547395e-01
2.084933363451547395e-01
2.087192229500790530e-01
2.087192229500790530e-01
2.087192229500790530e-01
2.087192229500790530e-01
2.087192229500790530e-01
2.089451095550033943e-01
2.089451095550033943e-01
2.089451095550033943e-01
2.091709961599277079e-01
2.091709961599277079e-01
2.093968827648520492e-01
2.093968827648520492e-01
2.100745425796250176e-01
2.100745425796250176e-01
2.103004291845493590e-01
2.103004291845493590e-01
2.105263157894736725e-01
2.105263157894736725e-01
2.109780889993223274e-01
2.109780889993223274e-01
2.112039756042466687e-01
2.112039756042466687e-01
2.114298622091710100e-01
2.114298622091710100e-01
2.114298622091710100e-01
2.114298622091710100e-01
2.114298622091710100e-01
2.114298622091710100e-01
2.114298622091710100e-01
2.114298622091710100e-01
2.114298622091710100e-01
2.118816354190196649e-01
2.118816354190196649e-01
2.121075220239439785e-01
2.121075220239439785e-01
2.121075220239439785e-01
2.121075220239439785e-01
2.125592952337926334e-01
2.125592952337926334e-01
2.127851818387169747e-01
2.127851818387169747e-01
2.130110684436412882e-01
2.130110684436412882e-01
2.134628416534899431e-01
2.136887282584142844e-01
2.136887282584142844e-01
2.136887282584142844e-01
2.136887282584142844e-01
2.139146148633385980e-01
2.139146148633385980e-01
2.139146148633385980e-01
2.143663880731872529e-01
2.143663880731872529e-01
2.143663880731872529e-01
2.145922746781115942e-01
2.145922746781115942e-01
2.148181612830359077e-01
2.148181612830359077e-01
2.152699344928845626e-01
2.152699344928845626e-01
2.159475943076575588e-01
2.163993675175062137e-01
2.163993675175062137e-01
2.170770273322791821e-01
2.170770273322791821e-01
2.175288005421278648e-01
2.177546871470521783e-01
2.177546871470521783e-01
2.179805737519765196e-01
2.179805737519765196e-01
2.179805737519765196e-01
2.179805737519765196e-01
2.184323469618251745e-01
2.184323469618251745e-01
2.186582335667494881e-01
2.193358933815224843e-01
2.193358933815224843e-01
2.193358933815224843e-01
2.193358933815224843e-01
2.193358933815224843e-01
2.195617799864467978e-01
2.195617799864467978e-01
2.197876665913711391e-01
2.197876665913711391e-01
2.200135531962954527e-01
2.200135531962954527e-01
2.202394398012197940e-01
2.202394398012197940e-01
2.211429862209171038e-01
2.211429862209171038e-01
2.211429862209171038e-01
2.211429862209171038e-01
2.213688728258414173e-01
2.213688728258414173e-01
2.215947594307657587e-01
2.218206460356900722e-01
2.218206460356900722e-01
2.222724192455387271e-01
2.222724192455387271e-01
2.227241924553873820e-01
2.227241924553873820e-01
2.229500790603117233e-01
2.229500790603117233e-01
2.231759656652360646e-01
2.231759656652360646e-01
2.234018522701603782e-01
2.234018522701603782e-01
2.236277388750847195e-01
2.236277388750847195e-01
2.238536254800090330e-01
2.238536254800090330e-01
2.240795120849333744e-01
2.240795120849333744e-01
2.243053986898576879e-01
2.245312852947820292e-01
2.245312852947820292e-01
2.249830585046306841e-01
2.249830585046306841e-01
2.252089451095549977e-01
2.252089451095549977e-01
2.254348317144793390e-01
2.254348317144793390e-01
2.256607183194036526e-01
2.256607183194036526e-01
2.261124915292523074e-01
2.261124915292523074e-01
2.265642647391009623e-01
2.265642647391009623e-01
2.265642647391009623e-01
2.265642647391009623e-01
2.267901513440253036e-01
2.267901513440253036e-01
2.267901513440253036e-01
2.267901513440253036e-01
2.270160379489496172e-01
2.270160379489496172e-01
2.274678111587982721e-01
2.274678111587982721e-01
2.274678111587982721e-01
2.274678111587982721e-01
2.274678111587982721e-01
2.274678111587982721e-01
2.276936977637226134e-01
2.279195843686469269e-01
2.279195843686469269e-01
2.281454709735712683e-01
2.281454709735712683e-01
2.283713575784955818e-01
2.285972441834199231e-01
2.285972441834199231e-01
2.288231307883442645e-01
2.288231307883442645e-01
2.290490173932685780e-01
2.290490173932685780e-01
2.290490173932685780e-01
2.290490173932685780e-01
2.292749039981929193e-01
2.292749039981929193e-01
2.295007906031172329e-01
2.295007906031172329e-01
2.297266772080415742e-01
2.297266772080415742e-01
2.301784504178902291e-01
2.301784504178902291e-01
2.301784504178902291e-01
2.304043370228145426e-01
2.306302236277388840e-01
2.308561102326631975e-01
2.308561102326631975e-01
2.310819968375875388e-01
2.310819968375875388e-01
2.315337700474361937e-01
2.315337700474361937e-01
2.317596566523605073e-01
2.317596566523605073e-01
2.319855432572848486e-01
2.319855432572848486e-01
2.322114298622091622e-01
2.322114298622091622e-01
2.324373164671335035e-01
2.324373164671335035e-01
2.328890896769821584e-01
2.333408628868308132e-01
2.335667494917551268e-01
2.335667494917551268e-01
2.337926360966794681e-01
2.337926360966794681e-01
2.340185227016037817e-01
2.340185227016037817e-01
2.340185227016037817e-01
2.340185227016037817e-01
2.340185227016037817e-01
2.344702959114524643e-01
2.344702959114524643e-01
2.346961825163767779e-01
2.346961825163767779e-01
2.346961825163767779e-01
2.349220691213011192e-01
2.355997289360740876e-01
2.355997289360740876e-01
2.355997289360740876e-01
2.355997289360740876e-01
2.358256155409984289e-01
2.360515021459227425e-01
2.360515021459227425e-01
2.362773887508470838e-01
2.362773887508470838e-01
2.362773887508470838e-01
2.365032753557713974e-01
2.365032753557713974e-01
2.369550485656200522e-01
2.369550485656200522e-01
2.371809351705443936e-01
2.371809351705443936e-01
2.374068217754687071e-01
2.374068217754687071e-01
2.376327083803930484e-01
2.376327083803930484e-01
2.376327083803930484e-01
2.380844815902417033e-01
2.380844815902417033e-01
2.383103681951660169e-01
2.385362548000903582e-01
2.385362548000903582e-01
2.389880280099390131e-01
2.389880280099390131e-01
2.389880280099390131e-01
2.389880280099390131e-01
2.394398012197876680e-01
2.394398012197876680e-01
2.396656878247119815e-01
2.396656878247119815e-01
2.398915744296363228e-01
2.398915744296363228e-01
2.401174610345606641e-01
2.403433476394849777e-01
2.403433476394849777e-01
2.405692342444093190e-01
2.405692342444093190e-01
2.405692342444093190e-01
2.407951208493336326e-01
2.407951208493336326e-01
2.419245538739552837e-01
2.419245538739552837e-01
2.421504404788795972e-01
2.421504404788795972e-01
2.421504404788795972e-01
2.421504404788795972e-01
2.423763270838039385e-01
2.423763270838039385e-01
2.426022136887282521e-01
2.426022136887282521e-01
2.432798735035012483e-01
2.432798735035012483e-01
2.435057601084255618e-01
2.435057601084255618e-01
2.437316467133499032e-01
2.437316467133499032e-01
2.439575333182742167e-01
2.441834199231985580e-01
2.441834199231985580e-01
2.444093065281228716e-01
2.446351931330472129e-01
2.453128529478201814e-01
2.453128529478201814e-01
2.455387395527445227e-01
2.455387395527445227e-01
2.457646261576688640e-01
2.457646261576688640e-01
2.462163993675175189e-01
2.462163993675175189e-01
2.466681725773661737e-01
2.466681725773661737e-01
2.468940591822904873e-01
2.468940591822904873e-01
2.471199457872148286e-01
2.471199457872148286e-01
2.473458323921391422e-01
2.473458323921391422e-01
2.475717189970634835e-01
2.475717189970634835e-01
2.477976056019877971e-01
2.477976056019877971e-01
2.480234922069121384e-01
2.480234922069121384e-01
2.482493788118364519e-01
2.482493788118364519e-01
2.487011520216851068e-01
2.489270386266094481e-01
2.489270386266094481e-01
2.491529252315337617e-01
2.491529252315337617e-01
2.491529252315337617e-01
2.493788118364581030e-01
2.493788118364581030e-01
2.496046984413824166e-01
2.496046984413824166e-01
2.500564716512310715e-01
2.500564716512310715e-01
2.502823582561554128e-01
2.502823582561554128e-01
2.505082448610797541e-01
2.505082448610797541e-01
2.505082448610797541e-01
2.507341314660040399e-01
2.507341314660040399e-01
2.509600180709283812e-01
2.509600180709283812e-01
2.514117912807770638e-01
2.514117912807770638e-01
2.516376778857014052e-01
2.516376778857014052e-01
2.518635644906256910e-01
2.518635644906256910e-01
2.523153377004743736e-01
2.523153377004743736e-01
2.523153377004743736e-01
2.523153377004743736e-01
2.525412243053987149e-01
2.525412243053987149e-01
2.527671109103230007e-01
2.527671109103230007e-01
2.532188841201716833e-01
2.532188841201716833e-01
2.534447707250960247e-01
2.534447707250960247e-01
2.536706573300203105e-01
2.538965439349446518e-01
2.538965439349446518e-01
2.538965439349446518e-01
2.538965439349446518e-01
2.541224305398689931e-01
2.541224305398689931e-01
2.545742037497176202e-01
2.548000903546419615e-01
2.548000903546419615e-01
2.548000903546419615e-01
2.548000903546419615e-01
2.550259769595663029e-01
2.550259769595663029e-01
2.552518635644906442e-01
2.552518635644906442e-01
2.557036367743392713e-01
2.557036367743392713e-01
2.559295233792636126e-01
2.559295233792636126e-01
2.561554099841879539e-01
2.561554099841879539e-01
2.563812965891122397e-01
2.563812965891122397e-01
2.566071831940365811e-01
2.568330697989609224e-01
2.570589564038852637e-01
2.570589564038852637e-01
2.572848430088096050e-01
2.572848430088096050e-01
2.575107296137338908e-01
2.575107296137338908e-01
2.577366162186582321e-01
2.577366162186582321e-01
2.579625028235825734e-01
2.579625028235825734e-01
2.581883894285069148e-01
2.581883894285069148e-01
2.588660492432798832e-01
2.588660492432798832e-01
2.590919358482042245e-01
2.590919358482042245e-01
2.593178224531285103e-01
2.593178224531285103e-01
2.595437090580528516e-01
2.595437090580528516e-01
2.597695956629771930e-01
2.597695956629771930e-01
2.599954822679015343e-01
2.599954822679015343e-01
2.599954822679015343e-01
2.599954822679015343e-01
2.602213688728258201e-01
2.602213688728258201e-01
2.606731420826745027e-01
2.606731420826745027e-01
2.613508018974474711e-01
2.613508018974474711e-01
2.615766885023718125e-01
2.615766885023718125e-01
2.620284617122204396e-01
2.620284617122204396e-01
2.624802349220691222e-01
2.624802349220691222e-01
2.631578947368420907e-01
2.631578947368420907e-01
2.638355545516151146e-01
2.638355545516151146e-01
2.640614411565394004e-01
2.640614411565394004e-01
2.647391009713124244e-01
2.649649875762367102e-01
2.649649875762367102e-01
2.651908741811610515e-01
2.651908741811610515e-01
2.654167607860853928e-01
2.654167607860853928e-01
2.656426473910097341e-01
2.656426473910097341e-01
2.660944206008583612e-01
2.660944206008583612e-01
2.663203072057827026e-01
2.663203072057827026e-01
2.665461938107070439e-01
2.665461938107070439e-01
2.669979670205556710e-01
2.669979670205556710e-01
2.672238536254800123e-01
2.672238536254800123e-01
2.674497402304043536e-01
2.674497402304043536e-01
2.676756268353286394e-01
2.676756268353286394e-01
2.679015134402529807e-01
2.679015134402529807e-01
2.681274000451773221e-01
2.681274000451773221e-01
2.683532866501016634e-01
2.683532866501016634e-01
2.685791732550260047e-01
2.685791732550260047e-01
2.690309464648746318e-01
2.690309464648746318e-01
2.690309464648746318e-01
2.701603794894962829e-01
2.701603794894962829e-01
2.703862660944206242e-01
2.703862660944206242e-01
2.703862660944206242e-01
2.703862660944206242e-01
2.708380393042692513e-01
2.708380393042692513e-01
2.708380393042692513e-01
2.710639259091935926e-01
2.710639259091935926e-01
2.712898125141179340e-01
2.712898125141179340e-01
2.715156991190422198e-01
2.715156991190422198e-01
2.719674723288909024e-01
2.719674723288909024e-01
2.721933589338152437e-01
2.721933589338152437e-01
2.724192455387395295e-01
2.724192455387395295e-01
2.728710187485882122e-01
2.728710187485882122e-01
2.730969053535125535e-01
2.730969053535125535e-01
2.735486785633611806e-01
2.735486785633611806e-01
2.740004517732098632e-01
2.740004517732098632e-01
2.744522249830584903e-01
2.744522249830584903e-01
2.746781115879828317e-01
2.746781115879828317e-01
2.749039981929071730e-01
2.749039981929071730e-01
2.753557714027558001e-01
2.753557714027558001e-01
2.755816580076801414e-01
2.755816580076801414e-01
2.758075446126044827e-01
2.758075446126044827e-01
2.760334312175288241e-01
2.760334312175288241e-01
2.762593178224531099e-01
2.762593178224531099e-01
2.764852044273774512e-01
2.764852044273774512e-01
2.767110910323017925e-01
2.767110910323017925e-01
2.769369776372261338e-01
2.769369776372261338e-01
2.773887508470747609e-01
2.773887508470747609e-01
2.776146374519991022e-01
2.776146374519991022e-01
2.778405240569234436e-01
2.778405240569234436e-01
2.780664106618477294e-01
2.780664106618477294e-01
2.782922972667720707e-01
2.782922972667720707e-01
2.789699570815450391e-01
2.789699570815450391e-01
2.791958436864693804e-01
2.791958436864693804e-01
2.794217302913937218e-01
2.794217302913937218e-01
2.796476168963180631e-01
2.796476168963180631e-01
2.803252767110910315e-01
2.803252767110910315e-01
2.805511633160153728e-01
2.805511633160153728e-01
2.807770499209397141e-01
2.807770499209397141e-01
2.810029365258640000e-01
2.810029365258640000e-01
2.812288231307883413e-01
2.812288231307883413e-01
2.814547097357126826e-01
2.814547097357126826e-01
2.819064829455613097e-01
2.819064829455613097e-01
2.821323695504856510e-01
2.821323695504856510e-01
2.823582561554099923e-01
2.823582561554099923e-01
2.828100293652586195e-01
2.828100293652586195e-01
2.830359159701829608e-01
2.830359159701829608e-01
2.830359159701829608e-01
2.830359159701829608e-01
2.832618025751073021e-01
2.832618025751073021e-01
2.834876891800316434e-01
2.834876891800316434e-01
2.841653489948046118e-01
2.841653489948046118e-01
2.843912355997289532e-01
2.843912355997289532e-01
2.846171222046532390e-01
2.846171222046532390e-01
2.857465552292748900e-01
2.857465552292748900e-01
2.864242150440479140e-01
2.864242150440479140e-01
2.866501016489721998e-01
2.866501016489721998e-01
2.868759882538965411e-01
2.868759882538965411e-01
2.871018748588208824e-01
2.871018748588208824e-01
2.873277614637452237e-01
2.873277614637452237e-01
2.880054212785181922e-01
2.880054212785181922e-01
2.884571944883668193e-01
2.884571944883668193e-01
2.886830810932911606e-01
2.886830810932911606e-01
2.891348543031398433e-01
2.891348543031398433e-01
2.895866275129884704e-01
2.895866275129884704e-01
2.900384007228371530e-01
2.900384007228371530e-01
2.907160605376101215e-01
2.907160605376101215e-01
2.916196069573074312e-01
2.916196069573074312e-01
2.927490399819290823e-01
2.927490399819290823e-01
2.932008131917777094e-01
2.932008131917777094e-01
2.934266997967020507e-01
2.934266997967020507e-01
2.947820194262480431e-01
2.947820194262480431e-01
2.950079060311723289e-01
2.950079060311723289e-01
2.959114524508696387e-01
2.959114524508696387e-01
2.961373390557939800e-01
2.961373390557939800e-01
2.963632256607183213e-01
2.963632256607183213e-01
2.968149988705669484e-01
2.968149988705669484e-01
2.974926586853399724e-01
2.974926586853399724e-01
2.977185452902643137e-01
2.977185452902643137e-01
2.979444318951885995e-01
2.979444318951885995e-01
2.981703185001129408e-01
2.981703185001129408e-01
2.988479783148859092e-01
2.988479783148859092e-01
2.995256381296589332e-01
2.995256381296589332e-01
2.997515247345832190e-01
2.997515247345832190e-01
2.999774113395075603e-01
2.999774113395075603e-01
3.002032979444319016e-01
3.002032979444319016e-01
3.004291845493562430e-01
3.004291845493562430e-01
3.006550711542805288e-01
3.006550711542805288e-01
3.008809577592048701e-01
3.008809577592048701e-01
3.011068443641292114e-01
3.011068443641292114e-01
3.015586175739778385e-01
3.015586175739778385e-01
3.017845041789021798e-01
3.017845041789021798e-01
3.020103907838265211e-01
3.020103907838265211e-01
3.024621639936751483e-01
3.024621639936751483e-01
3.035915970182967993e-01
3.035915970182967993e-01
3.040433702281454820e-01
3.040433702281454820e-01
3.042692568330698233e-01
3.042692568330698233e-01
3.044951434379941091e-01
3.044951434379941091e-01
3.047210300429184504e-01
3.047210300429184504e-01
3.049469166478427917e-01
3.049469166478427917e-01
3.060763496724644428e-01
3.060763496724644428e-01
3.063022362773887286e-01
3.063022362773887286e-01
3.065281228823130699e-01
3.065281228823130699e-01
3.067540094872374112e-01
3.067540094872374112e-01
3.069798960921617526e-01
3.069798960921617526e-01
3.072057826970860384e-01
3.072057826970860384e-01
3.074316693020103797e-01
3.074316693020103797e-01
3.085611023266320307e-01
3.085611023266320307e-01
3.087869889315563721e-01
3.087869889315563721e-01
3.090128755364807134e-01
3.090128755364807134e-01
3.092387621414049992e-01
3.092387621414049992e-01
3.094646487463293405e-01
3.094646487463293405e-01
3.096905353512536818e-01
3.096905353512536818e-01
3.099164219561780231e-01
3.099164219561780231e-01
3.101423085611023089e-01
3.101423085611023089e-01
3.103681951660266503e-01
3.103681951660266503e-01
3.112717415857239600e-01
3.112717415857239600e-01
3.119494014004969284e-01
3.119494014004969284e-01
3.121752880054212698e-01
3.121752880054212698e-01
3.124011746103456111e-01
3.124011746103456111e-01
3.126270612152699524e-01
3.126270612152699524e-01
3.128529478201942382e-01
3.128529478201942382e-01
3.133047210300429208e-01
3.133047210300429208e-01
3.135306076349672622e-01
3.135306076349672622e-01
3.142082674497402306e-01
3.142082674497402306e-01
3.146600406595889132e-01
3.146600406595889132e-01
3.148859272645131990e-01
3.148859272645131990e-01
3.153377004743618817e-01
3.153377004743618817e-01
3.155635870792862230e-01
3.155635870792862230e-01
3.166930201039078185e-01
3.166930201039078185e-01
3.173706799186808425e-01
3.173706799186808425e-01
3.182742263383781522e-01
3.182742263383781522e-01
3.187259995482267794e-01
3.187259995482267794e-01
3.189518861531511207e-01
3.189518861531511207e-01
3.191777727580754620e-01
3.191777727580754620e-01
3.200813191777727718e-01
3.200813191777727718e-01
3.203072057826971131e-01
3.203072057826971131e-01
3.209848655974700815e-01
3.209848655974700815e-01
3.212107522023944228e-01
3.212107522023944228e-01
3.214366388073187086e-01
3.214366388073187086e-01
3.221142986220917326e-01
3.221142986220917326e-01
3.227919584368647010e-01
3.227919584368647010e-01
3.230178450417890423e-01
3.230178450417890423e-01
3.232437316467133281e-01
3.232437316467133281e-01
3.232437316467133281e-01
3.232437316467133281e-01
3.239213914614863521e-01
3.239213914614863521e-01
3.243731646713349792e-01
3.243731646713349792e-01
3.245990512762593205e-01
3.245990512762593205e-01
3.248249378811836618e-01
3.248249378811836618e-01
3.252767110910322890e-01
3.252767110910322890e-01
3.257284843008809716e-01
3.257284843008809716e-01
3.259543709058053129e-01
3.259543709058053129e-01
3.261802575107295987e-01
3.261802575107295987e-01
3.264061441156539400e-01
3.264061441156539400e-01
3.266320307205782814e-01
3.266320307205782814e-01
3.270838039304269085e-01
3.270838039304269085e-01
3.279873503501242182e-01
3.279873503501242182e-01
3.282132369550485596e-01
3.282132369550485596e-01
3.284391235599729009e-01
3.284391235599729009e-01
3.286650101648972422e-01
3.286650101648972422e-01
3.288908967698215280e-01
3.288908967698215280e-01
3.295685565845945519e-01
3.295685565845945519e-01
3.297944431895188377e-01
3.297944431895188377e-01
3.302462163993675204e-01
3.302462163993675204e-01
3.306979896092161475e-01
3.306979896092161475e-01
3.309238762141404888e-01
3.309238762141404888e-01
3.316015360289135128e-01
3.316015360289135128e-01
3.325050824486108225e-01
3.325050824486108225e-01
3.343121752880054420e-01
3.343121752880054420e-01
3.345380618929297278e-01
3.345380618929297278e-01
3.352157217077027518e-01
3.352157217077027518e-01
3.354416083126270376e-01
3.354416083126270376e-01
3.358933815224757202e-01
3.358933815224757202e-01
3.361192681274000615e-01
3.361192681274000615e-01
3.365710413372486887e-01
3.365710413372486887e-01
3.367969279421730300e-01
3.367969279421730300e-01
3.372487011520217126e-01
3.372487011520217126e-01
3.377004743618703397e-01
3.377004743618703397e-01
3.381522475717190224e-01
3.381522475717190224e-01
3.383781341766433082e-01
3.383781341766433082e-01
3.386040207815676495e-01
3.386040207815676495e-01
3.388299073864919908e-01
3.388299073864919908e-01
3.388299073864919908e-01
3.390557939914163321e-01
3.390557939914163321e-01
3.395075672012649592e-01
3.395075672012649592e-01
3.397334538061893006e-01
3.397334538061893006e-01
3.408628868308109516e-01
3.408628868308109516e-01
3.410887734357352374e-01
3.410887734357352374e-01
3.413146600406595788e-01
3.413146600406595788e-01
3.415405466455839201e-01
3.415405466455839201e-01
3.426699796702055711e-01
3.426699796702055711e-01
3.428958662751299125e-01
3.428958662751299125e-01
3.433476394849785396e-01
3.433476394849785396e-01
3.433476394849785396e-01
3.435735260899028809e-01
3.435735260899028809e-01
3.437994126948272222e-01
3.437994126948272222e-01
3.444770725096001907e-01
3.444770725096001907e-01
3.447029591145245320e-01
3.447029591145245320e-01
3.449288457194488178e-01
3.449288457194488178e-01
3.456065055342218417e-01
3.456065055342218417e-01
3.460582787440704688e-01
3.460582787440704688e-01
3.462841653489948102e-01
3.462841653489948102e-01
3.465100519539191515e-01
3.465100519539191515e-01
3.467359385588434373e-01
3.467359385588434373e-01
3.471877117686921199e-01
3.471877117686921199e-01
3.474135983736164612e-01
3.474135983736164612e-01
3.476394849785407470e-01
3.476394849785407470e-01
3.478653715834650884e-01
3.478653715834650884e-01
3.480912581883894297e-01
3.480912581883894297e-01
3.489948046080867394e-01
3.489948046080867394e-01
3.492206912130110807e-01
3.492206912130110807e-01
3.496724644228597079e-01
3.496724644228597079e-01
3.501242376327083905e-01
3.501242376327083905e-01
3.505760108425570176e-01
3.505760108425570176e-01
3.508018974474813589e-01
3.508018974474813589e-01
3.510277840524057003e-01
3.510277840524057003e-01
3.521572170770273513e-01
3.521572170770273513e-01
3.528348768918003198e-01
3.528348768918003198e-01
3.532866501016489469e-01
3.532866501016489469e-01
3.539643099164219708e-01
3.539643099164219708e-01
3.544160831262705980e-01
3.544160831262705980e-01
3.546419697311949393e-01
3.546419697311949393e-01
3.548678563361192806e-01
3.548678563361192806e-01
3.553196295459679077e-01
3.553196295459679077e-01
3.559972893607409317e-01
3.559972893607409317e-01
3.569008357804382414e-01
3.569008357804382414e-01
3.571267223853625272e-01
3.571267223853625272e-01
3.582561554099841783e-01
3.582561554099841783e-01
3.591597018296814881e-01
3.591597018296814881e-01
3.600632482493787978e-01
3.600632482493787978e-01
3.605150214592274804e-01
3.605150214592274804e-01
3.611926812740004489e-01
3.611926812740004489e-01
3.614185678789247902e-01
3.614185678789247902e-01
3.620962276936977586e-01
3.620962276936977586e-01
3.623221142986220999e-01
3.623221142986220999e-01
3.625480009035464413e-01
3.625480009035464413e-01
3.632256607183194097e-01
3.632256607183194097e-01
3.636774339281680368e-01
3.636774339281680368e-01
3.645809803478653466e-01
3.645809803478653466e-01
3.652586401626383705e-01
3.652586401626383705e-01
3.654845267675626563e-01
3.654845267675626563e-01
3.663880731872600216e-01
3.663880731872600216e-01
3.666139597921843074e-01
3.666139597921843074e-01
3.670657330020329900e-01
3.670657330020329900e-01
3.677433928168059585e-01
3.677433928168059585e-01
3.677433928168059585e-01
3.677433928168059585e-01
3.679692794217302998e-01
3.679692794217302998e-01
3.681951660266546411e-01
3.681951660266546411e-01
3.684210526315789269e-01
3.684210526315789269e-01
3.695504856562005780e-01
3.695504856562005780e-01
3.700022588660492606e-01
3.700022588660492606e-01
3.713575784955951975e-01
3.713575784955951975e-01
3.729387847300655312e-01
3.729387847300655312e-01
3.736164445448384996e-01
3.736164445448384996e-01
3.738423311497628410e-01
3.738423311497628410e-01
3.740682177546871268e-01
3.740682177546871268e-01
3.742941043596114681e-01
3.742941043596114681e-01
3.747458775694601507e-01
3.747458775694601507e-01
3.758753105940817463e-01
3.758753105940817463e-01
3.761011971990060876e-01
3.761011971990060876e-01
3.774565168285520800e-01
3.774565168285520800e-01
3.781341766433250484e-01
3.781341766433250484e-01
3.788118364580980169e-01
3.788118364580980169e-01
3.790377230630223582e-01
3.790377230630223582e-01
3.797153828777953266e-01
3.797153828777953266e-01
3.801671560876440092e-01
3.801671560876440092e-01
3.803930426925683506e-01
3.803930426925683506e-01
3.806189292974926364e-01
3.806189292974926364e-01
3.808448159024169777e-01
3.808448159024169777e-01
3.810707025073413190e-01
3.810707025073413190e-01
3.812965891122656603e-01
3.812965891122656603e-01
3.819742489270386288e-01
3.819742489270386288e-01
3.840072283713575896e-01
3.840072283713575896e-01
3.842331149762819309e-01
3.842331149762819309e-01
3.846848881861305580e-01
3.846848881861305580e-01
3.855884346058278678e-01
3.855884346058278678e-01
3.858143212107522091e-01
3.858143212107522091e-01
3.860402078156765504e-01
3.860402078156765504e-01
3.862660944206008362e-01
3.862660944206008362e-01
3.864919810255251775e-01
3.864919810255251775e-01
3.867178676304495188e-01
3.867178676304495188e-01
3.869437542353738602e-01
3.869437542353738602e-01
3.871696408402981460e-01
3.871696408402981460e-01
3.873955274452224873e-01
3.873955274452224873e-01
3.880731872599954557e-01
3.880731872599954557e-01
3.880731872599954557e-01
3.880731872599954557e-01
3.889767336796928210e-01
3.889767336796928210e-01
3.892026202846171068e-01
3.892026202846171068e-01
3.894285068895414481e-01
3.894285068895414481e-01
3.898802800993901307e-01
3.898802800993901307e-01
3.903320533092387579e-01
3.903320533092387579e-01
3.905579399141630992e-01
3.905579399141630992e-01
3.907838265190874405e-01
3.907838265190874405e-01
3.910097131240117263e-01
3.910097131240117263e-01
3.912355997289360676e-01
3.912355997289360676e-01
3.914614863338604089e-01
3.914614863338604089e-01
3.921391461486333774e-01
3.921391461486333774e-01
3.925909193584820600e-01
3.925909193584820600e-01
3.930426925683306871e-01
3.930426925683306871e-01
3.937203523831036556e-01
3.937203523831036556e-01
3.946238988028010208e-01
3.946238988028010208e-01
3.948497854077253066e-01
3.948497854077253066e-01
3.957533318274226164e-01
3.957533318274226164e-01
3.971086514569686088e-01
3.971086514569686088e-01
3.975604246668172359e-01
3.975604246668172359e-01
3.980121978766659185e-01
3.980121978766659185e-01
3.982380844815902599e-01
3.982380844815902599e-01
3.984639710865145457e-01
3.984639710865145457e-01
3.989157442963632283e-01
3.989157442963632283e-01
3.995934041111361967e-01
3.995934041111361967e-01
4.009487237406821891e-01
4.009487237406821891e-01
4.023040433702281260e-01
4.023040433702281260e-01
4.032075897899254358e-01
4.032075897899254358e-01
4.038852496046984597e-01
4.038852496046984597e-01
4.041111362096227455e-01
4.041111362096227455e-01
4.043370228145470868e-01
4.043370228145470868e-01
4.047887960243957695e-01
4.047887960243957695e-01
4.050146826293200553e-01
4.050146826293200553e-01
4.052405692342443966e-01
4.052405692342443966e-01
4.061441156539417063e-01
4.061441156539417063e-01
4.074994352834876987e-01
4.074994352834876987e-01
4.093065281228823182e-01
4.093065281228823182e-01
4.097583013327309454e-01
4.097583013327309454e-01
4.099841879376552867e-01
4.111136209622769377e-01
4.111136209622769377e-01
4.113395075672012791e-01
4.113395075672012791e-01
4.117912807770499062e-01
4.117912807770499062e-01
4.120171673819742475e-01
4.120171673819742475e-01
4.122430539868985888e-01
4.122430539868985888e-01
4.126948271967472159e-01
4.126948271967472159e-01
4.133724870115202399e-01
4.133724870115202399e-01
4.138242602213688670e-01
4.138242602213688670e-01
4.145019200361418354e-01
4.145019200361418354e-01
4.149536932459905181e-01
4.149536932459905181e-01
4.154054664558391452e-01
4.154054664558391452e-01
4.172125592952338202e-01
4.172125592952338202e-01
4.185678789247797571e-01
4.185678789247797571e-01
4.194714253444770669e-01
4.194714253444770669e-01
4.199231985543257495e-01
4.199231985543257495e-01
4.203749717641743766e-01
4.203749717641743766e-01
4.221820646035689961e-01
4.221820646035689961e-01
4.224079512084933374e-01
4.224079512084933374e-01
4.226338378134176788e-01
4.226338378134176788e-01
4.246668172577366396e-01
4.246668172577366396e-01
4.251185904675852667e-01
4.251185904675852667e-01
4.262480234922069178e-01
4.262480234922069178e-01
4.266997967020555449e-01
4.266997967020555449e-01
4.269256833069798862e-01
4.269256833069798862e-01
4.273774565168285688e-01
4.273774565168285688e-01
4.282810029365258786e-01
4.282810029365258786e-01
4.289586627512988470e-01
4.289586627512988470e-01
4.294104359611475297e-01
4.294104359611475297e-01
4.296363225660718155e-01
4.296363225660718155e-01
4.300880957759204981e-01
4.300880957759204981e-01
4.314434154054664350e-01
4.314434154054664350e-01
4.318951886153151176e-01
4.318951886153151176e-01
4.327987350350124274e-01
4.327987350350124274e-01
4.330246216399367687e-01
4.330246216399367687e-01
4.332505082448610545e-01
4.332505082448610545e-01
4.348317144793313882e-01
4.348317144793313882e-01
4.350576010842557295e-01
4.350576010842557295e-01
4.357352608990286980e-01
4.357352608990286980e-01
4.379941269482719446e-01
4.379941269482719446e-01
4.384459001581206272e-01
4.384459001581206272e-01
4.388976733679692543e-01
4.388976733679692543e-01
4.395753331827422783e-01
4.395753331827422783e-01
4.400271063925909054e-01
4.400271063925909054e-01
4.404788796024395880e-01
4.404788796024395880e-01
4.407047662073639294e-01
4.407047662073639294e-01
4.413824260221368978e-01
4.413824260221368978e-01
4.422859724418342076e-01
4.422859724418342076e-01
4.425118590467585489e-01
4.425118590467585489e-01
4.429636322566071760e-01
4.429636322566071760e-01
4.431895188615315173e-01
4.431895188615315173e-01
4.440930652812288271e-01
4.440930652812288271e-01
4.465778179353964150e-01
4.465778179353964150e-01
4.468037045403207563e-01
4.468037045403207563e-01
4.474813643550937248e-01
4.474813643550937248e-01
4.486107973797153758e-01
4.486107973797153758e-01
4.492884571944883443e-01
4.492884571944883443e-01
4.495143437994126856e-01
4.495143437994126856e-01
4.499661170092613682e-01
4.499661170092613682e-01
4.506437768240343367e-01
4.506437768240343367e-01
4.508696634289586780e-01
4.508696634289586780e-01
4.533544160831262659e-01
4.533544160831262659e-01
4.549356223175965441e-01
4.549356223175965441e-01
4.560650553422181952e-01
4.560650553422181952e-01
4.565168285520668778e-01
4.565168285520668778e-01
4.569686017619155050e-01
4.569686017619155050e-01
4.574203749717641876e-01
4.574203749717641876e-01
4.576462615766885289e-01
4.576462615766885289e-01
4.585498079963858387e-01
4.585498079963858387e-01
4.601310142308561169e-01
4.601310142308561169e-01
4.603569008357804582e-01
4.603569008357804582e-01
4.608086740456290853e-01
4.608086740456290853e-01
4.623898802800993635e-01
4.623898802800993635e-01
4.630675400948723874e-01
4.630675400948723874e-01
4.641969731194940385e-01
4.641969731194940385e-01
4.644228597244183243e-01
4.644228597244183243e-01
4.651005195391913483e-01
4.651005195391913483e-01
4.660040659588886580e-01
4.660040659588886580e-01
4.675852721933589362e-01
4.675852721933589362e-01
4.687147052179805873e-01
4.687147052179805873e-01
4.689405918229049286e-01
4.689405918229049286e-01
4.700700248475265242e-01
4.700700248475265242e-01
4.705217980573752068e-01
4.705217980573752068e-01
4.709735712672238339e-01
4.709735712672238339e-01
4.716512310819968579e-01
4.716512310819968579e-01
4.725547775016941676e-01
4.725547775016941676e-01
4.734583239213914774e-01
4.734583239213914774e-01
4.743618703410887871e-01
4.743618703410887871e-01
4.752654167607860969e-01
4.752654167607860969e-01
4.761689631804834066e-01
4.761689631804834066e-01
4.763948497854077480e-01
4.763948497854077480e-01
4.777501694149536848e-01
4.777501694149536848e-01
4.782019426248023675e-01
4.782019426248023675e-01
4.786537158346509946e-01
4.786537158346509946e-01
4.791054890444996772e-01
4.791054890444996772e-01
4.793313756494239630e-01
4.793313756494239630e-01
4.800090354641969870e-01
4.800090354641969870e-01
4.806866952789699554e-01
4.806866952789699554e-01
4.818161283035916065e-01
4.818161283035916065e-01
4.829455613282132576e-01
4.829455613282132576e-01
4.833973345380618847e-01
4.833973345380618847e-01
4.838491077479105673e-01
4.838491077479105673e-01
4.847526541676078771e-01
4.847526541676078771e-01
4.852044273774565042e-01
4.852044273774565042e-01
4.858820871922295281e-01
4.858820871922295281e-01
4.870115202168511237e-01
4.870115202168511237e-01
4.874632934266998063e-01
4.874632934266998063e-01
4.876891800316241476e-01
4.876891800316241476e-01
4.890444996611700845e-01
4.890444996611700845e-01
4.892703862660944258e-01
4.892703862660944258e-01
4.894962728710187672e-01
4.894962728710187672e-01
4.901739326857917356e-01
4.901739326857917356e-01
4.906257058956403627e-01
4.906257058956403627e-01
4.919810255251863551e-01
4.919810255251863551e-01
4.926586853399593235e-01
4.926586853399593235e-01
4.942398915744296573e-01
4.942398915744296573e-01
4.944657781793539431e-01
4.944657781793539431e-01
4.953693245990512528e-01
4.953693245990512528e-01
4.960469844138242768e-01
4.960469844138242768e-01
4.962728710187485626e-01
4.962728710187485626e-01
4.971764174384459278e-01
4.971764174384459278e-01
4.974023040433702136e-01
4.974023040433702136e-01
4.978540772532188963e-01
4.978540772532188963e-01
4.985317370679918647e-01
4.985317370679918647e-01
4.987576236729162060e-01
4.987576236729162060e-01
4.996611700926135158e-01
4.996611700926135158e-01
5.003388299073865397e-01
5.003388299073865397e-01
5.005647165123108255e-01
5.005647165123108255e-01
5.028235825615541277e-01
5.028235825615541277e-01
5.030494691664784135e-01
5.030494691664784135e-01
5.035012423763270961e-01
5.035012423763270961e-01
5.039530155861757788e-01
5.039530155861757788e-01
5.044047887960243504e-01
5.044047887960243504e-01
5.055342218206460014e-01
5.055342218206460014e-01
5.062118816354189699e-01
5.062118816354189699e-01
5.064377682403433667e-01
5.064377682403433667e-01
5.068895414501920493e-01
5.068895414501920493e-01
5.086966342895866688e-01
5.086966342895866688e-01
5.105037271289812884e-01
5.105037271289812884e-01
5.107296137339055742e-01
5.107296137339055742e-01
5.136661395979218447e-01
5.136661395979218447e-01
5.147955726225434958e-01
5.147955726225434958e-01
5.150214592274677816e-01
5.150214592274677816e-01
5.166026654619381153e-01
5.166026654619381153e-01
5.172803252767110838e-01
5.172803252767110838e-01
5.175062118816353696e-01
5.175062118816353696e-01
5.193133047210299891e-01
5.193133047210299891e-01
5.204427377456516401e-01
5.204427377456516401e-01
5.206686243505760370e-01
5.206686243505760370e-01
5.208945109555003228e-01
5.208945109555003228e-01
5.213462841653490054e-01
5.213462841653490054e-01
5.224757171899706565e-01
5.224757171899706565e-01
5.227016037948949423e-01
5.227016037948949423e-01
5.233792636096679107e-01
5.233792636096679107e-01
5.245086966342895618e-01
5.245086966342895618e-01
5.256381296589112129e-01
5.256381296589112129e-01
5.267675626835328639e-01
5.267675626835328639e-01
5.276711091032302292e-01
5.276711091032302292e-01
5.281228823130788008e-01
5.281228823130788008e-01
5.290264287327761661e-01
5.290264287327761661e-01
5.308335215721707856e-01
5.308335215721707856e-01
5.326406144115654051e-01
5.326406144115654051e-01
5.335441608312626594e-01
5.335441608312626594e-01
5.344477072509600246e-01
5.344477072509600246e-01
5.358030268805059615e-01
5.358030268805059615e-01
5.382877795346735494e-01
5.382877795346735494e-01
5.396430991642195973e-01
5.396430991642195973e-01
5.409984187937655342e-01
5.409984187937655342e-01
5.421278518183871853e-01
5.421278518183871853e-01
5.441608312627060906e-01
5.441608312627060906e-01
5.455161508922521385e-01
5.455161508922521385e-01
5.466455839168736786e-01
5.466455839168736786e-01
5.468714705217980754e-01
5.468714705217980754e-01
5.489044499661169807e-01
5.489044499661169807e-01
5.498079963858143460e-01
5.498079963858143460e-01
5.509374294104359970e-01
5.509374294104359970e-01
5.516150892252089655e-01
5.516150892252089655e-01
5.565845945335441414e-01
5.565845945335441414e-01
5.570363677433928240e-01
5.570363677433928240e-01
5.595211203975604120e-01
5.595211203975604120e-01
5.624576462615766825e-01
5.624576462615766825e-01
5.638129658911226194e-01
5.638129658911226194e-01
5.658459453354416357e-01
5.658459453354416357e-01
5.683306979896092237e-01
5.683306979896092237e-01
5.710413372487010975e-01
5.710413372487010975e-01
5.751072961373390191e-01
5.755590693471877017e-01
5.762367291619606702e-01
5.762367291619606702e-01
5.764626157668850670e-01
5.764626157668850670e-01
5.789473684210526550e-01
5.793991416309013376e-01
5.812062344702959571e-01
5.812062344702959571e-01
5.825615540998418940e-01
5.830133273096905766e-01
5.843686469392365135e-01
5.848204201490851961e-01
5.857239665687824504e-01
5.864016263835554188e-01
5.879828326180257525e-01
5.884346058278744351e-01
5.893381522475716894e-01
5.904675852721933405e-01
5.913711316918907057e-01
5.925005647165123568e-01
5.936299977411338968e-01
5.938558843460582937e-01
5.947594307657555479e-01
5.954370905805286274e-01
5.958888637903771990e-01
5.974700700248475327e-01
5.983736164445447869e-01
5.985995030494691838e-01
6.008583690987124859e-01
1.000000000000000000e+00
