0.000000000000000000e+00
3.246316277990486387e-01
3.923889082260123007e-01
4.249912982944656914e-01
4.461074370576633141e-01
4.632788026453184549e-01
4.769694860192597585e-01
4.904281239122867952e-01
5.009861932938856066e-01
5.069033530571992463e-01
5.147928994082839882e-01
5.219863093166260404e-01
5.279034690799396801e-01
5.341686970646246646e-01
5.395057431256525815e-01
5.437985845225664638e-01
5.485555168813087690e-01
5.530804037591368072e-01
5.566771087133077778e-01
5.606218818888502042e-01
5.637544958811927520e-01
5.681633600185636013e-01
5.711799512704489601e-01
5.733843833391344402e-01
5.764009745910197990e-01
5.797656340642766137e-01
5.830142707970762395e-01
5.854507483466759865e-01
5.878872258962756225e-01
5.907877944077039034e-01
5.938043856595892622e-01
5.963568859496460872e-01
5.998375681633599799e-01
6.021580229725026490e-01
6.033182503770738725e-01
6.052906369648450857e-01
6.078431372549019107e-01
6.098155238426731239e-01
6.117879104304443372e-01
6.134122287968442055e-01
6.151525699037011519e-01
6.159647290869010305e-01
6.184012066365007776e-01
6.190973430792435783e-01
6.206056387051862577e-01
6.216498433693004033e-01
6.235062072166144276e-01
6.252465483234713739e-01
6.267548439494140533e-01
6.276830258730711209e-01
6.290752987585567224e-01
6.309316626058707467e-01
6.320918900104420812e-01
6.327880264531847709e-01
6.339482538577561055e-01
6.358046177050702408e-01
6.375449588119271871e-01
6.387051862164984106e-01
6.395173453996982893e-01
6.406775728042696239e-01
6.413737092470124246e-01
6.428820048729551040e-01
6.436941640561549827e-01
6.448543914607263172e-01
6.463626870866689966e-01
6.477549599721544871e-01
6.482190509339830209e-01
6.493792783385543554e-01
6.499593920408399672e-01
6.512356421858683797e-01
6.521638241095254473e-01
6.535560969950110488e-01
6.539041652163823937e-01
6.547163243995822723e-01
6.556445063232393400e-01
6.566887109873534856e-01
6.572688246896392084e-01
6.583130293537533539e-01
6.590091657964961547e-01
6.598213249796960334e-01
6.601693932010673782e-01
6.613296206056387128e-01
6.634180299338670039e-01
6.639981436361527267e-01
6.648103028193526054e-01
6.663185984452952848e-01
6.674788258498666194e-01
6.680589395521522311e-01
6.688710987353521098e-01
6.699153033994662554e-01
6.711915535444946679e-01
6.723517809490660024e-01
6.730479173918088032e-01
6.739760993154658708e-01
6.746722357582085605e-01
6.752523494604942833e-01
6.760645086436941620e-01
6.769926905673512296e-01
6.771087133078083076e-01
6.775728042696368414e-01
6.779208724910081862e-01
6.788490544146652539e-01
6.796612135978651326e-01
6.805893955215222002e-01
6.818656456665506127e-01
6.825617821092934134e-01
6.836059867734075590e-01
6.840700777352360928e-01
6.847662141779788936e-01
6.849982596588931605e-01
6.854623506207216943e-01
6.859264415825502281e-01
6.865065552848358399e-01
6.868546235062071847e-01
6.873187144680357186e-01
6.882468963916927862e-01
6.884789418726070531e-01
6.888270100939783980e-01
6.894071237962641208e-01
6.897551920176354656e-01
6.906833739412925333e-01
6.912634876435781450e-01
6.924237150481494796e-01
6.932358742313493583e-01
6.935839424527207031e-01
6.942800788954635038e-01
6.946281471168348487e-01
6.952082608191205715e-01
6.961364427427776391e-01
6.963684882236917950e-01
6.968325791855203288e-01
6.974126928878060516e-01
6.977607611091773965e-01
6.981088293305487413e-01
6.986889430328344641e-01
6.990370112542058090e-01
6.998491704374056877e-01
7.003132613992342215e-01
7.005453068801484884e-01
7.008933751015199443e-01
7.017055342847198229e-01
7.021696252465483568e-01
7.025176934679197016e-01
7.032138299106625023e-01
7.037939436129481141e-01
7.043740573152338369e-01
7.047221255366051818e-01
7.056503074602622494e-01
7.062304211625478612e-01
7.069265576052906619e-01
7.073906485671191957e-01
7.077387167884905406e-01
7.085508759716904192e-01
7.090149669335189531e-01
7.092470124144332200e-01
7.097111033762617538e-01
7.099431488571760207e-01
7.104072398190045545e-01
7.107553080403758994e-01
7.114514444831187001e-01
7.123796264067757678e-01
7.128437173686043016e-01
7.133078083304327244e-01
7.135398538113469913e-01
7.138879220327184472e-01
7.144680357350040589e-01
7.149321266968325927e-01
7.153962176586611266e-01
7.157442858800324714e-01
7.162083768418610052e-01
7.163243995823180832e-01
7.169045132846038060e-01
7.171365587655180729e-01
7.177166724678036847e-01
7.178326952082608736e-01
7.179487179487179516e-01
7.181807634296322185e-01
7.186448543914607523e-01
7.189929226128320972e-01
7.196890590555748979e-01
7.201531500174034317e-01
7.208492864601462324e-01
7.209653092006033104e-01
7.211973546815175773e-01
7.213133774219746552e-01
7.215454229028889221e-01
7.220095138647174560e-01
7.225896275670031788e-01
7.228216730479174457e-01
7.232857640097458685e-01
7.236338322311173243e-01
7.238658777120315913e-01
7.246780368952314699e-01
7.247940596356885479e-01
7.250261051166028148e-01
7.252581505975170817e-01
7.254901960784313486e-01
7.259542870402598824e-01
7.263023552616312273e-01
7.267664462234597611e-01
7.276946281471168287e-01
7.278106508875740177e-01
7.280426963684881736e-01
7.285067873303167074e-01
7.288548555516881633e-01
7.297830374753451199e-01
7.300150829562593868e-01
7.301311056967165758e-01
7.305951966585451096e-01
7.308272421394593765e-01
7.310592876203736434e-01
7.311753103608307214e-01
7.314073558417449883e-01
7.319874695440306001e-01
7.326836059867734008e-01
7.327996287272305898e-01
7.331476969486019346e-01
7.336117879104304684e-01
7.340758788722590023e-01
7.341919016127160802e-01
7.346559925745446140e-01
7.351200835363731478e-01
7.353521290172874147e-01
7.355841744982016817e-01
7.358162199791159486e-01
7.359322427195730265e-01
7.361642882004872934e-01
7.363963336814015603e-01
7.365123564218586383e-01
7.372084928646014390e-01
7.375565610859728949e-01
7.382526975287155846e-01
7.384847430096298515e-01
7.387167884905441184e-01
7.389488339714583853e-01
7.392969021928298412e-01
7.394129249332869191e-01
7.395289476737441081e-01
7.396449704142011861e-01
7.399930386355725309e-01
7.405731523378582537e-01
7.409212205592295986e-01
7.410372432996867875e-01
7.413853115210581324e-01
7.415013342615152103e-01
7.419654252233437441e-01
7.425455389256294669e-01
7.425455389256294669e-01
7.426615616660865449e-01
7.428936071470008118e-01
7.431256526279150787e-01
7.433576981088293456e-01
7.435897435897436125e-01
7.440538345515721463e-01
7.450980392156862919e-01
7.454461074370576368e-01
7.455621301775148257e-01
7.455621301775148257e-01
7.460262211393433596e-01
7.461422438798004375e-01
7.462582666202575155e-01
7.464903121011717824e-01
7.469544030630003162e-01
7.477665622462003059e-01
7.479986077271144618e-01
7.482306532080287287e-01
7.484626986889429956e-01
7.485787214294001846e-01
7.489267896507715294e-01
7.496229260935143301e-01
7.497389488339714081e-01
7.502030397957999419e-01
7.503190625362571309e-01
7.505511080171713978e-01
7.506671307576284757e-01
7.506671307576284757e-01
7.506671307576284757e-01
7.511312217194570096e-01
7.514792899408283544e-01
7.515953126812855434e-01
7.521754263835711551e-01
7.522914491240283441e-01
7.529875855667710338e-01
7.531036083072282228e-01
7.540317902308852904e-01
7.540317902308852904e-01
7.541478129713423684e-01
7.541478129713423684e-01
7.544958811927138242e-01
7.549599721545422470e-01
7.551920176354565140e-01
7.554240631163707809e-01
7.555400858568279698e-01
7.555400858568279698e-01
7.556561085972850478e-01
7.558881540781993147e-01
7.560041768186565037e-01
7.561201995591135816e-01
7.565842905209421154e-01
7.570483814827706492e-01
7.575124724445991831e-01
7.575124724445991831e-01
7.576284951850562610e-01
7.577445179255134500e-01
7.578605406659705279e-01
7.580925861468847948e-01
7.582086088873418728e-01
7.583246316277990617e-01
7.585566771087133286e-01
7.586726998491704066e-01
7.591367908109989404e-01
7.592528135514561294e-01
7.594848590323703963e-01
7.596008817728274742e-01
7.601809954751130860e-01
7.604130409560273529e-01
7.605290636964845419e-01
7.608771319178558867e-01
7.609931546583130757e-01
7.611091773987701536e-01
7.613412228796844206e-01
7.613412228796844206e-01
7.618053138415129544e-01
7.620373593224272213e-01
7.622694048033414882e-01
7.622694048033414882e-01
7.625014502842557551e-01
7.628495185056271000e-01
7.631975867269984448e-01
7.634296322079127117e-01
7.634296322079127117e-01
7.637777004292841676e-01
7.638937231697412455e-01
7.643578141315697794e-01
7.643578141315697794e-01
7.647058823529411242e-01
7.648219050933983132e-01
7.651699733147696580e-01
7.652859960552268470e-01
7.656340642765981919e-01
7.656340642765981919e-01
7.658661097575124588e-01
7.662141779788839147e-01
7.663302007193409926e-01
7.664462234597980705e-01
7.667942916811695264e-01
7.669103144216266044e-01
7.670263371620837933e-01
7.674904281239123272e-01
7.679545190857407500e-01
7.680705418261979389e-01
7.686506555284835507e-01
7.687666782689407396e-01
7.687666782689407396e-01
7.688827010093978176e-01
7.689987237498550066e-01
7.691147464903120845e-01
7.694628147116835404e-01
7.699269056735119632e-01
7.700429284139691521e-01
7.702749738948834191e-01
7.702749738948834191e-01
7.705070193757976860e-01
7.709711103376262198e-01
7.709711103376262198e-01
7.710871330780832977e-01
7.712031558185404867e-01
7.712031558185404867e-01
7.713191785589975646e-01
7.715512240399118316e-01
7.715512240399118316e-01
7.721313377421974433e-01
7.723633832231117102e-01
7.723633832231117102e-01
7.724794059635688992e-01
7.725954287040259771e-01
7.729434969253974330e-01
7.729434969253974330e-01
7.730595196658545110e-01
7.732915651467687779e-01
7.734075878872258558e-01
7.738716788490543896e-01
7.738716788490543896e-01
7.741037243299686565e-01
7.742197470704258455e-01
7.742197470704258455e-01
7.743357698108829235e-01
7.743357698108829235e-01
7.746838380322542683e-01
7.746838380322542683e-01
7.747998607727114573e-01
7.751479289940828021e-01
7.752639517345399911e-01
7.754959972154542580e-01
7.756120199559113360e-01
7.756120199559113360e-01
7.757280426963685249e-01
7.759600881772827918e-01
7.761921336581970587e-01
7.763081563986541367e-01
7.763081563986541367e-01
7.764241791391112146e-01
7.767722473604826705e-01
7.768882701009397485e-01
7.771203155818540154e-01
7.774683838032254712e-01
7.774683838032254712e-01
7.778164520245968161e-01
7.779324747650540051e-01
7.779324747650540051e-01
7.782805429864253499e-01
7.785125884673396168e-01
7.786286112077966948e-01
7.788606566887109617e-01
7.790927021696252286e-01
7.790927021696252286e-01
7.790927021696252286e-01
7.790927021696252286e-01
7.794407703909966845e-01
7.795567931314537624e-01
7.796728158719108404e-01
7.797888386123680293e-01
7.800208840932822962e-01
7.807170205360250970e-01
7.807170205360250970e-01
7.808330432764821749e-01
7.808330432764821749e-01
7.809490660169393639e-01
7.811811114978536308e-01
7.816452024596820536e-01
7.816452024596820536e-01
7.818772479405963205e-01
7.825733843833391212e-01
7.829214526047105771e-01
7.832695208260819220e-01
7.837336117879104558e-01
7.837336117879104558e-01
7.838496345283675337e-01
7.841977027497389896e-01
7.845457709711103345e-01
7.850098619329388683e-01
7.851258846733959462e-01
7.853579301543102131e-01
7.857059983756816690e-01
7.858220211161387470e-01
7.860540665970530139e-01
7.860540665970530139e-01
7.861700893375102028e-01
7.864021348184243587e-01
7.865181575588815477e-01
7.866341802993386256e-01
7.868662257802528925e-01
7.868662257802528925e-01
7.869822485207100815e-01
7.870982712611671595e-01
7.873303167420814264e-01
7.874463394825386153e-01
7.876783849634528822e-01
7.877944077039099602e-01
7.881424759252813050e-01
7.886065668871098389e-01
7.888386123680241058e-01
7.888386123680241058e-01
7.889546351084812947e-01
7.893027033298526396e-01
7.894187260703098286e-01
7.895347488107669065e-01
7.895347488107669065e-01
7.895347488107669065e-01
7.897667942916811734e-01
7.899988397725954403e-01
7.901148625130525183e-01
7.901148625130525183e-01
7.902308852535097072e-01
7.906949762153382411e-01
7.909270216962525080e-01
7.911590671771667749e-01
7.916231581389951977e-01
7.918552036199094646e-01
7.918552036199094646e-01
7.922032718412809205e-01
7.924353173221951874e-01
7.925513400626522653e-01
7.926673628031094543e-01
7.927833855435665322e-01
7.927833855435665322e-01
7.930154310244807991e-01
7.932474765053950660e-01
7.935955447267664109e-01
7.937115674672235999e-01
7.938275902076806778e-01
7.941756584290521337e-01
7.944077039099664006e-01
7.947557721313377455e-01
7.949878176122520124e-01
7.953358858336233572e-01
7.954519085740805462e-01
7.957999767954518910e-01
7.959159995359090800e-01
7.959159995359090800e-01
7.961480450168233469e-01
7.964961132381946918e-01
7.964961132381946918e-01
7.966121359786517697e-01
7.966121359786517697e-01
7.968441814595660366e-01
7.968441814595660366e-01
7.970762269404803035e-01
7.971922496809374925e-01
7.973082724213945705e-01
7.974242951618517594e-01
7.976563406427660263e-01
7.977723633832231043e-01
7.980044088641373712e-01
7.982364543450516381e-01
7.984684998259659050e-01
7.985845225664229829e-01
7.988165680473372499e-01
7.989325907877944388e-01
7.991646362687087057e-01
7.992806590091657837e-01
7.992806590091657837e-01
7.993966817496229726e-01
7.996287272305372396e-01
8.002088409328228513e-01
8.003248636732799293e-01
8.005569091541941962e-01
8.007889546351084631e-01
8.011370228564799190e-01
8.012530455969369969e-01
8.014850910778512638e-01
8.017171365587655307e-01
8.020652047801368756e-01
8.021812275205940646e-01
8.021812275205940646e-01
8.022972502610511425e-01
8.024132730015083315e-01
8.025292957419654094e-01
8.025292957419654094e-01
8.026453184824225984e-01
8.026453184824225984e-01
8.028773639633368653e-01
8.028773639633368653e-01
8.029933867037939432e-01
8.032254321847082101e-01
8.034574776656224770e-01
8.035735004060795550e-01
8.036895231465367440e-01
8.036895231465367440e-01
8.040375913679080888e-01
8.040375913679080888e-01
8.042696368488223557e-01
8.043856595892795447e-01
8.043856595892795447e-01
8.045016823297366226e-01
8.047337278106508895e-01
8.049657732915651565e-01
8.050817960320222344e-01
8.058939552152222241e-01
8.061260006961364910e-01
8.063580461770506469e-01
8.064740689175078359e-01
8.064740689175078359e-01
8.068221371388791807e-01
8.070541826197934476e-01
8.070541826197934476e-01
8.072862281007077145e-01
8.075182735816219814e-01
8.075182735816219814e-01
8.076342963220791704e-01
8.078663418029934373e-01
8.078663418029934373e-01
8.080983872839075932e-01
8.080983872839075932e-01
8.082144100243647822e-01
8.082144100243647822e-01
8.086785009861933160e-01
8.087945237266503939e-01
8.089105464671075829e-01
8.091425919480218498e-01
8.092586146884789278e-01
8.092586146884789278e-01
8.093746374289361167e-01
8.093746374289361167e-01
8.094906601693931947e-01
8.096066829098503836e-01
8.098387283907645395e-01
8.099547511312217285e-01
8.101867966121359954e-01
8.103028193525930734e-01
8.107669103144216072e-01
8.109989557953358741e-01
8.113470240167073300e-01
8.113470240167073300e-01
8.115790694976214859e-01
8.118111149785357528e-01
8.120431604594500197e-01
8.121591831999072086e-01
8.122752059403642866e-01
8.122752059403642866e-01
8.123912286808214755e-01
8.126232741617357425e-01
8.132033878640213542e-01
8.135514560853926991e-01
8.135514560853926991e-01
8.136674788258498880e-01
8.138995243067641550e-01
8.142475925281354998e-01
8.143636152685926888e-01
8.145956607495069557e-01
8.148277062304211116e-01
8.149437289708783005e-01
8.149437289708783005e-01
8.152917971922496454e-01
8.152917971922496454e-01
8.154078199327068344e-01
8.154078199327068344e-01
8.155238426731639123e-01
8.155238426731639123e-01
8.161039563754496351e-01
8.161039563754496351e-01
8.163360018563639020e-01
8.163360018563639020e-01
8.164520245968209800e-01
8.164520245968209800e-01
8.169161155586495138e-01
8.171481610395637807e-01
8.173802065204780476e-01
8.173802065204780476e-01
8.177282747418493924e-01
8.178442974823065814e-01
8.183083884441350042e-01
8.183083884441350042e-01
8.184244111845921932e-01
8.187724794059635380e-01
8.190045248868778049e-01
8.191205476273349939e-01
8.195846385891635277e-01
8.197006613296206057e-01
8.197006613296206057e-01
8.199327068105348726e-01
8.201647522914491395e-01
8.202807750319062174e-01
8.202807750319062174e-01
8.202807750319062174e-01
8.205128205128204844e-01
8.205128205128204844e-01
8.206288432532776733e-01
8.207448659937347513e-01
8.207448659937347513e-01
8.208608887341919402e-01
8.208608887341919402e-01
8.210929342151062071e-01
8.212089569555632851e-01
8.214410024364775520e-01
8.216730479173918189e-01
8.219050933983060858e-01
8.219050933983060858e-01
8.221371388792203527e-01
8.224852071005916976e-01
8.224852071005916976e-01
8.227172525815059645e-01
8.228332753219631535e-01
8.228332753219631535e-01
8.228332753219631535e-01
8.230653208028773093e-01
8.236454345051630321e-01
8.238774799860772990e-01
8.241095254669915660e-01
8.241095254669915660e-01
8.242255482074486439e-01
8.250377073906485226e-01
8.250377073906485226e-01
8.252697528715627895e-01
8.252697528715627895e-01
8.253857756120199785e-01
8.253857756120199785e-01
8.255017983524770564e-01
8.255017983524770564e-01
8.257338438333913233e-01
8.257338438333913233e-01
8.259658893143055902e-01
8.263139575356770461e-01
8.263139575356770461e-01
8.264299802761341240e-01
8.266620257570483910e-01
8.268940712379626579e-01
8.271261167188769248e-01
8.273581621997911917e-01
8.274741849402482696e-01
8.274741849402482696e-01
8.274741849402482696e-01
8.274741849402482696e-01
8.278222531616197255e-01
8.278222531616197255e-01
8.279382759020768034e-01
8.280542986425338814e-01
8.285183896043624152e-01
8.286344123448196042e-01
8.286344123448196042e-01
8.286344123448196042e-01
8.288664578257338711e-01
8.292145260471052159e-01
8.295625942684766718e-01
8.297946397493908277e-01
8.300266852303050946e-01
8.300266852303050946e-01
8.301427079707622836e-01
8.303747534516765505e-01
8.310708898944193512e-01
8.311869126348764292e-01
8.315349808562477740e-01
8.317670263371620409e-01
8.319990718180763078e-01
8.319990718180763078e-01
8.325791855203620306e-01
8.325791855203620306e-01
8.326952082608191086e-01
8.326952082608191086e-01
8.328112310012762975e-01
8.329272537417333755e-01
8.329272537417333755e-01
8.330432764821905645e-01
8.330432764821905645e-01
8.333913447035619093e-01
8.336233901844761762e-01
8.338554356653904431e-01
8.340874811463047100e-01
8.340874811463047100e-01
8.343195266272189770e-01
8.344355493676760549e-01
8.344355493676760549e-01
8.347836175890473998e-01
8.348996403295045887e-01
8.348996403295045887e-01
8.350156630699616667e-01
8.353637312913331225e-01
8.353637312913331225e-01
8.354797540317902005e-01
8.354797540317902005e-01
8.357117995127044674e-01
8.359438449936187343e-01
8.359438449936187343e-01
8.362919132149901902e-01
8.369880496577328799e-01
8.374521406195614137e-01
8.375681633600186027e-01
8.375681633600186027e-01
8.378002088409328696e-01
8.378002088409328696e-01
8.381482770623042144e-01
8.381482770623042144e-01
8.383803225432184814e-01
8.383803225432184814e-01
8.386123680241327483e-01
8.386123680241327483e-01
8.387283907645898262e-01
8.387283907645898262e-01
8.388444135050470152e-01
8.389604362455040931e-01
8.391924817264183600e-01
8.393085044668755490e-01
8.393085044668755490e-01
8.394245272073326269e-01
8.395405499477898159e-01
8.395405499477898159e-01
8.396565726882468939e-01
8.400046409096182387e-01
8.400046409096182387e-01
8.410488455737324953e-01
8.410488455737324953e-01
8.413969137951038402e-01
8.413969137951038402e-01
8.415129365355609181e-01
8.415129365355609181e-01
8.417449820164751850e-01
8.418610047569323740e-01
8.418610047569323740e-01
8.419770274973894519e-01
8.422090729783037188e-01
8.424411184592179858e-01
8.424411184592179858e-01
8.426731639401322527e-01
8.426731639401322527e-01
8.430212321615037085e-01
8.431372549019607865e-01
8.431372549019607865e-01
8.433693003828750534e-01
8.434853231233321313e-01
8.434853231233321313e-01
8.436013458637893203e-01
8.437173686042463983e-01
8.437173686042463983e-01
8.438333913447035872e-01
8.438333913447035872e-01
8.439494140851606652e-01
8.439494140851606652e-01
8.440654368256178541e-01
8.445295277874463880e-01
8.446455505279034659e-01
8.446455505279034659e-01
8.449936187492748108e-01
8.449936187492748108e-01
8.451096414897319997e-01
8.451096414897319997e-01
8.456897551920176115e-01
8.456897551920176115e-01
8.459218006729318784e-01
8.459218006729318784e-01
8.460378234133890674e-01
8.460378234133890674e-01
8.463858916347604122e-01
8.463858916347604122e-01
8.466179371156746791e-01
8.466179371156746791e-01
8.475461190393317468e-01
8.476621417797888247e-01
8.476621417797888247e-01
8.481262327416173585e-01
8.481262327416173585e-01
8.487063464439029703e-01
8.487063464439029703e-01
8.495185056271029600e-01
8.497505511080171159e-01
8.502146420698456497e-01
8.502146420698456497e-01
8.504466875507599166e-01
8.505627102912171056e-01
8.507947557721313725e-01
8.509107785125884504e-01
8.510268012530456394e-01
8.510268012530456394e-01
8.519549831767025960e-01
8.519549831767025960e-01
8.521870286576168629e-01
8.521870286576168629e-01
8.523030513980740519e-01
8.523030513980740519e-01
8.534632788026452754e-01
8.534632788026452754e-01
8.536953242835595423e-01
8.536953242835595423e-01
8.538113470240167313e-01
8.538113470240167313e-01
8.540433925049309982e-01
8.540433925049309982e-01
8.543914607263023431e-01
8.546235062072166100e-01
8.547395289476737990e-01
8.547395289476737990e-01
8.550875971690451438e-01
8.550875971690451438e-01
8.554356653904164887e-01
8.554356653904164887e-01
8.555516881308736776e-01
8.555516881308736776e-01
8.557837336117879445e-01
8.557837336117879445e-01
8.560157790927022115e-01
8.560157790927022115e-01
8.563638473140735563e-01
8.564798700545306342e-01
8.567119155354449012e-01
8.567119155354449012e-01
8.569439610163591681e-01
8.571760064972734350e-01
8.571760064972734350e-01
8.574080519781877019e-01
8.575240747186448909e-01
8.575240747186448909e-01
8.579881656804734247e-01
8.583362339018447695e-01
8.583362339018447695e-01
8.588003248636733034e-01
8.590323703445875703e-01
8.590323703445875703e-01
8.593804385659589151e-01
8.594964613064161041e-01
8.597285067873303710e-01
8.598445295277874489e-01
8.600765750087017159e-01
8.600765750087017159e-01
8.601925977491587938e-01
8.604246432300730607e-01
8.604246432300730607e-01
8.606566887109873276e-01
8.608887341919015945e-01
8.611207796728158614e-01
8.611207796728158614e-01
8.615848706346443953e-01
8.615848706346443953e-01
8.619329388560157401e-01
8.619329388560157401e-01
8.625130525583014629e-01
8.625130525583014629e-01
8.626290752987585408e-01
8.626290752987585408e-01
8.627450980392157298e-01
8.627450980392157298e-01
8.628611207796728078e-01
8.628611207796728078e-01
8.632091890010441526e-01
8.632091890010441526e-01
8.635572572224156085e-01
8.635572572224156085e-01
8.636732799628726864e-01
8.636732799628726864e-01
8.637893027033298754e-01
8.637893027033298754e-01
8.643694164056154872e-01
8.643694164056154872e-01
8.644854391460726761e-01
8.644854391460726761e-01
8.646014618865297541e-01
8.646014618865297541e-01
8.647174846269869430e-01
8.647174846269869430e-01
8.648335073674440210e-01
8.650655528483582879e-01
8.651815755888153658e-01
8.654136210697296328e-01
8.662257802529296224e-01
8.662257802529296224e-01
8.663418029933867004e-01
8.663418029933867004e-01
8.664578257338437783e-01
8.664578257338437783e-01
8.665738484743009673e-01
8.665738484743009673e-01
8.666898712147580452e-01
8.669219166956723122e-01
8.669219166956723122e-01
8.673860076575008460e-01
8.675020303979580349e-01
8.678500986193293798e-01
8.679661213597865688e-01
8.679661213597865688e-01
8.684302123216149916e-01
8.684302123216149916e-01
8.687782805429864474e-01
8.687782805429864474e-01
8.690103260239007144e-01
8.690103260239007144e-01
8.691263487643577923e-01
8.692423715048149813e-01
8.694744169857292482e-01
8.694744169857292482e-01
8.697064624666435151e-01
8.697064624666435151e-01
8.699385079475576710e-01
8.699385079475576710e-01
8.700545306880148599e-01
8.700545306880148599e-01
8.701705534284719379e-01
8.702865761689291269e-01
8.705186216498433938e-01
8.706346443903004717e-01
8.706346443903004717e-01
8.707506671307576607e-01
8.707506671307576607e-01
8.708666898712147386e-01
8.709827126116719276e-01
8.709827126116719276e-01
8.714468035735004614e-01
8.714468035735004614e-01
8.717948717948718063e-01
8.719108945353288842e-01
8.720269172757860732e-01
8.720269172757860732e-01
8.723749854971574180e-01
8.723749854971574180e-01
8.727230537185288739e-01
8.727230537185288739e-01
8.730711219399002188e-01
8.730711219399002188e-01
8.733031674208144857e-01
8.733031674208144857e-01
8.734191901612715636e-01
8.734191901612715636e-01
8.735352129017287526e-01
8.735352129017287526e-01
8.742313493444715533e-01
8.742313493444715533e-01
8.750435085276714320e-01
8.752755540085856989e-01
8.752755540085856989e-01
8.757396449704142327e-01
8.757396449704142327e-01
8.758556677108713107e-01
8.758556677108713107e-01
8.759716904513284996e-01
8.760877131917855776e-01
8.762037359322427665e-01
8.762037359322427665e-01
8.763197586726998445e-01
8.763197586726998445e-01
8.766678268940711893e-01
8.766678268940711893e-01
8.767838496345283783e-01
8.767838496345283783e-01
8.768998723749854562e-01
8.768998723749854562e-01
8.770158951154426452e-01
8.771319178558997232e-01
8.772479405963569121e-01
8.772479405963569121e-01
8.775960088177282570e-01
8.775960088177282570e-01
8.780600997795567908e-01
8.780600997795567908e-01
8.781761225200138687e-01
8.781761225200138687e-01
8.782921452604710577e-01
8.785241907413853246e-01
8.785241907413853246e-01
8.786402134818424026e-01
8.786402134818424026e-01
8.787562362222995915e-01
8.787562362222995915e-01
8.788722589627566695e-01
8.788722589627566695e-01
8.789882817032138584e-01
8.789882817032138584e-01
8.791043044436709364e-01
8.791043044436709364e-01
8.792203271841281254e-01
8.792203271841281254e-01
8.794523726650423923e-01
8.794523726650423923e-01
8.796844181459566592e-01
8.796844181459566592e-01
8.798004408864137371e-01
8.798004408864137371e-01
8.806126000696136158e-01
8.806126000696136158e-01
8.807286228100708048e-01
8.807286228100708048e-01
8.807286228100708048e-01
8.810766910314421496e-01
8.810766910314421496e-01
8.813087365123564165e-01
8.813087365123564165e-01
8.814247592528136055e-01
8.814247592528136055e-01
8.815407819932706834e-01
8.815407819932706834e-01
8.817728274741849503e-01
8.817728274741849503e-01
8.818888502146420283e-01
8.818888502146420283e-01
8.820048729550992173e-01
8.820048729550992173e-01
8.824689639169277511e-01
8.825849866573848290e-01
8.827010093978420180e-01
8.827010093978420180e-01
8.830490776192133628e-01
8.832811231001276298e-01
8.833971458405847077e-01
8.833971458405847077e-01
8.836291913214989746e-01
8.836291913214989746e-01
8.837452140619561636e-01
8.837452140619561636e-01
8.838612368024132415e-01
8.838612368024132415e-01
8.845573732451560423e-01
8.845573732451560423e-01
8.846733959856132312e-01
8.847894187260703092e-01
8.849054414665273871e-01
8.849054414665273871e-01
8.856015779092701878e-01
8.856015779092701878e-01
8.861816916115559106e-01
8.861816916115559106e-01
8.862977143520129886e-01
8.862977143520129886e-01
8.864137370924701775e-01
8.864137370924701775e-01
8.867618053138415224e-01
8.867618053138415224e-01
8.869938507947557893e-01
8.869938507947557893e-01
8.871098735352128672e-01
8.871098735352128672e-01
8.879220327184128569e-01
8.879220327184128569e-01
8.880380554588699349e-01
8.880380554588699349e-01
8.881540781993270128e-01
8.881540781993270128e-01
8.883861236802412797e-01
8.885021464206984687e-01
8.885021464206984687e-01
8.889662373825270025e-01
8.889662373825270025e-01
8.893143056038983474e-01
8.893143056038983474e-01
8.894303283443555364e-01
8.894303283443555364e-01
8.897783965657268812e-01
8.897783965657268812e-01
8.898944193061839592e-01
8.898944193061839592e-01
8.902424875275554150e-01
8.902424875275554150e-01
8.904745330084696819e-01
8.904745330084696819e-01
8.907065784893839488e-01
8.908226012298410268e-01
8.908226012298410268e-01
8.910546467107552937e-01
8.910546467107552937e-01
8.918668058939551724e-01
8.918668058939551724e-01
8.923308968557837062e-01
8.923308968557837062e-01
8.926789650771551621e-01
8.927949878176122400e-01
8.930270332985265069e-01
8.930270332985265069e-01
8.931430560389836959e-01
8.931430560389836959e-01
8.932590787794407738e-01
8.932590787794407738e-01
8.933751015198978518e-01
8.933751015198978518e-01
8.938391924817263856e-01
8.938391924817263856e-01
8.941872607030978415e-01
8.941872607030978415e-01
8.948833971458405312e-01
8.948833971458405312e-01
8.954635108481262540e-01
8.954635108481262540e-01
8.955795335885833319e-01
8.955795335885833319e-01
8.958115790694975988e-01
8.958115790694975988e-01
8.959276018099547878e-01
8.959276018099547878e-01
8.962756700313261327e-01
8.962756700313261327e-01
8.966237382526974775e-01
8.966237382526974775e-01
8.980160111381830790e-01
8.980160111381830790e-01
8.981320338786402679e-01
8.981320338786402679e-01
8.985961248404686907e-01
8.985961248404686907e-01
8.987121475809258797e-01
8.988281703213829577e-01
8.989441930618401466e-01
8.989441930618401466e-01
8.995243067641257584e-01
8.995243067641257584e-01
8.999883977259542922e-01
8.999883977259542922e-01
9.001044204664113701e-01
9.001044204664113701e-01
9.008005569091541709e-01
9.008005569091541709e-01
9.010326023900684378e-01
9.010326023900684378e-01
9.011486251305256268e-01
9.011486251305256268e-01
9.014966933518969716e-01
9.014966933518969716e-01
9.019607843137255054e-01
9.019607843137255054e-01
9.020768070541825834e-01
9.020768070541825834e-01
9.024248752755540393e-01
9.024248752755540393e-01
9.026569207564683062e-01
9.026569207564683062e-01
9.027729434969253841e-01
9.030049889778396510e-01
9.030049889778396510e-01
9.032370344587539179e-01
9.032370344587539179e-01
9.033530571992109959e-01
9.033530571992109959e-01
9.034690799396681848e-01
9.034690799396681848e-01
9.040491936419537966e-01
9.040491936419537966e-01
9.042812391228680635e-01
9.043972618633252525e-01
9.045132846037823304e-01
9.045132846037823304e-01
9.045132846037823304e-01
9.046293073442395194e-01
9.046293073442395194e-01
9.049773755656108642e-01
9.049773755656108642e-01
9.050933983060679422e-01
9.053254437869822091e-01
9.061376029701821988e-01
9.061376029701821988e-01
9.063696484510964657e-01
9.063696484510964657e-01
9.070657848938391554e-01
9.070657848938391554e-01
9.074138531152106113e-01
9.074138531152106113e-01
9.076458985961248782e-01
9.076458985961248782e-01
9.077619213365819562e-01
9.077619213365819562e-01
9.079939668174962231e-01
9.079939668174962231e-01
9.082260122984104900e-01
9.082260122984104900e-01
9.084580577793247569e-01
9.084580577793247569e-01
9.086901032602390238e-01
9.086901032602390238e-01
9.095022624434389025e-01
9.095022624434389025e-01
9.096182851838960914e-01
9.096182851838960914e-01
9.098503306648102473e-01
9.098503306648102473e-01
9.101983988861817032e-01
9.101983988861817032e-01
9.103144216266387811e-01
9.103144216266387811e-01
9.105464671075530481e-01
9.105464671075530481e-01
9.107785125884673150e-01
9.110105580693815819e-01
9.110105580693815819e-01
9.112426035502958488e-01
9.112426035502958488e-01
9.117066945121243826e-01
9.117066945121243826e-01
9.120547627334957275e-01
9.120547627334957275e-01
9.122868082144099944e-01
9.122868082144099944e-01
9.124028309548671833e-01
9.124028309548671833e-01
9.125188536953242613e-01
9.125188536953242613e-01
9.126348764357814503e-01
9.126348764357814503e-01
9.134470356189813289e-01
9.134470356189813289e-01
9.136790810998955958e-01
9.136790810998955958e-01
9.137951038403526738e-01
9.137951038403526738e-01
9.139111265808098628e-01
9.139111265808098628e-01
9.140271493212669407e-01
9.140271493212669407e-01
9.141431720617241297e-01
9.141431720617241297e-01
9.142591948021812076e-01
9.142591948021812076e-01
9.144912402830954745e-01
9.144912402830954745e-01
9.146072630235526635e-01
9.146072630235526635e-01
9.147232857640097414e-01
9.147232857640097414e-01
9.148393085044669304e-01
9.148393085044669304e-01
9.150713539853810863e-01
9.150713539853810863e-01
9.151873767258382752e-01
9.151873767258382752e-01
9.154194222067525422e-01
9.154194222067525422e-01
9.158835131685810760e-01
9.158835131685810760e-01
9.163476041304096098e-01
9.163476041304096098e-01
9.168116950922380326e-01
9.168116950922380326e-01
9.173918087945237554e-01
9.173918087945237554e-01
9.175078315349808333e-01
9.175078315349808333e-01
9.177398770158951002e-01
9.177398770158951002e-01
9.178558997563522892e-01
9.178558997563522892e-01
9.182039679777236341e-01
9.182039679777236341e-01
9.190161271609235127e-01
9.190161271609235127e-01
9.191321499013807017e-01
9.191321499013807017e-01
9.192481726418377797e-01
9.192481726418377797e-01
9.194802181227520466e-01
9.194802181227520466e-01
9.198282863441235024e-01
9.198282863441235024e-01
9.201763545654948473e-01
9.201763545654948473e-01
9.202923773059519252e-01
9.202923773059519252e-01
9.206404455273233811e-01
9.206404455273233811e-01
9.207564682677804591e-01
9.207564682677804591e-01
9.208724910082376480e-01
9.208724910082376480e-01
9.209885137486947260e-01
9.209885137486947260e-01
9.211045364891519149e-01
9.211045364891519149e-01
9.212205592296089929e-01
9.212205592296089929e-01
9.215686274509803377e-01
9.215686274509803377e-01
9.218006729318946046e-01
9.218006729318946046e-01
9.220327184128088716e-01
9.220327184128088716e-01
9.235410140387515510e-01
9.235410140387515510e-01
9.236570367792087399e-01
9.236570367792087399e-01
9.242371504814943517e-01
9.242371504814943517e-01
9.245852187028658076e-01
9.245852187028658076e-01
9.247012414433228855e-01
9.247012414433228855e-01
9.250493096646942304e-01
9.250493096646942304e-01
9.260935143288084870e-01
9.260935143288084870e-01
9.264415825501798318e-01
9.264415825501798318e-01
9.265576052906369098e-01
9.265576052906369098e-01
9.266736280310940987e-01
9.266736280310940987e-01
9.267896507715511767e-01
9.267896507715511767e-01
9.269056735120083657e-01
9.269056735120083657e-01
9.272537417333797105e-01
9.272537417333797105e-01
9.274857872142939774e-01
9.274857872142939774e-01
9.274857872142939774e-01
9.276018099547511664e-01
9.276018099547511664e-01
9.284139691379510451e-01
9.284139691379510451e-01
9.286460146188653120e-01
9.286460146188653120e-01
9.287620373593223899e-01
9.287620373593223899e-01
9.289940828402366568e-01
9.289940828402366568e-01
9.294581738020651906e-01
9.294581738020651906e-01
9.296902192829794576e-01
9.296902192829794576e-01
9.298062420234366465e-01
9.298062420234366465e-01
9.299222647638937245e-01
9.299222647638937245e-01
9.300382875043508024e-01
9.300382875043508024e-01
9.305023784661793362e-01
9.305023784661793362e-01
9.306184012066365252e-01
9.306184012066365252e-01
9.307344239470936031e-01
9.307344239470936031e-01
9.308504466875507921e-01
9.308504466875507921e-01
9.309664694280078701e-01
9.309664694280078701e-01
9.315465831302935928e-01
9.315465831302935928e-01
9.317786286112077487e-01
9.317786286112077487e-01
9.318946513516649377e-01
9.318946513516649377e-01
9.321266968325792046e-01
9.321266968325792046e-01
9.325907877944077384e-01
9.325907877944077384e-01
9.327068105348648164e-01
9.327068105348648164e-01
9.328228332753220053e-01
9.328228332753220053e-01
9.330548787562362723e-01
9.330548787562362723e-01
9.331709014966933502e-01
9.331709014966933502e-01
9.332869242371504281e-01
9.332869242371504281e-01
9.335189697180646951e-01
9.335189697180646951e-01
9.336349924585218840e-01
9.336349924585218840e-01
9.338670379394361509e-01
9.338670379394361509e-01
9.342151061608074958e-01
9.342151061608074958e-01
9.346791971226360296e-01
9.346791971226360296e-01
9.351432880844645634e-01
9.353753335653788303e-01
9.353753335653788303e-01
9.354913563058359083e-01
9.354913563058359083e-01
9.357234017867501752e-01
9.357234017867501752e-01
9.360714700081216311e-01
9.360714700081216311e-01
9.361874927485787090e-01
9.361874927485787090e-01
9.363035154890358980e-01
9.363035154890358980e-01
9.364195382294929759e-01
9.364195382294929759e-01
9.367676064508643208e-01
9.367676064508643208e-01
9.369996519317785877e-01
9.369996519317785877e-01
9.371156746722357767e-01
9.371156746722357767e-01
9.373477201531500436e-01
9.373477201531500436e-01
9.375797656340643105e-01
9.375797656340643105e-01
9.378118111149785774e-01
9.378118111149785774e-01
9.380438565958928443e-01
9.380438565958928443e-01
9.381598793363499222e-01
9.381598793363499222e-01
9.382759020768070002e-01
9.382759020768070002e-01
9.385079475577212671e-01
9.385079475577212671e-01
9.386239702981784561e-01
9.386239702981784561e-01
9.388560157790927230e-01
9.388560157790927230e-01
9.389720385195498009e-01
9.389720385195498009e-01
9.392040840004640678e-01
9.392040840004640678e-01
9.393201067409212568e-01
9.393201067409212568e-01
9.394361294813783347e-01
9.394361294813783347e-01
9.395521522218355237e-01
9.395521522218355237e-01
9.397841977027497906e-01
9.397841977027497906e-01
9.399002204432068686e-01
9.399002204432068686e-01
9.402482886645782134e-01
9.402482886645782134e-01
9.403643114050354024e-01
9.403643114050354024e-01
9.404803341454924803e-01
9.404803341454924803e-01
9.405963568859496693e-01
9.405963568859496693e-01
9.407123796264067472e-01
9.407123796264067472e-01
9.408284023668639362e-01
9.408284023668639362e-01
9.409444251073210141e-01
9.409444251073210141e-01
9.410604478477782031e-01
9.410604478477782031e-01
9.411764705882352811e-01
9.411764705882352811e-01
9.412924933286924700e-01
9.412924933286924700e-01
9.416405615500638149e-01
9.416405615500638149e-01
9.422206752523494266e-01
9.422206752523494266e-01
9.423366979928066156e-01
9.423366979928066156e-01
9.424527207332636936e-01
9.424527207332636936e-01
9.425687434737208825e-01
9.425687434737208825e-01
9.426847662141779605e-01
9.426847662141779605e-01
9.429168116950922274e-01
9.429168116950922274e-01
9.430328344355494163e-01
9.430328344355494163e-01
9.431488571760064943e-01
9.431488571760064943e-01
9.434969253973778391e-01
9.436129481378350281e-01
9.438449936187492950e-01
9.438449936187492950e-01
9.444251073210349068e-01
9.444251073210349068e-01
9.447731755424063627e-01
9.447731755424063627e-01
9.450052210233205185e-01
9.450052210233205185e-01
9.452372665042347855e-01
9.452372665042347855e-01
9.455853347256062413e-01
9.455853347256062413e-01
9.460494256874347752e-01
9.460494256874347752e-01
9.461654484278918531e-01
9.461654484278918531e-01
9.462814711683490421e-01
9.462814711683490421e-01
9.466295393897203869e-01
9.466295393897203869e-01
9.468615848706346538e-01
9.468615848706346538e-01
9.470936303515489207e-01
9.470936303515489207e-01
9.472096530920059987e-01
9.472096530920059987e-01
9.482538577561201443e-01
9.482538577561201443e-01
9.483698804965773332e-01
9.483698804965773332e-01
9.484859032370344112e-01
9.484859032370344112e-01
9.486019259774916002e-01
9.486019259774916002e-01
9.487179487179486781e-01
9.487179487179486781e-01
9.488339714584058671e-01
9.488339714584058671e-01
9.490660169393201340e-01
9.490660169393201340e-01
9.491820396797772119e-01
9.491820396797772119e-01
9.492980624202344009e-01
9.492980624202344009e-01
9.494140851606914788e-01
9.494140851606914788e-01
9.497621533820629347e-01
9.497621533820629347e-01
9.499941988629770906e-01
9.499941988629770906e-01
9.501102216034342796e-01
9.501102216034342796e-01
9.502262443438913575e-01
9.502262443438913575e-01
9.511544262675484251e-01
9.511544262675484251e-01
9.512704490080056141e-01
9.512704490080056141e-01
9.513864717484626921e-01
9.513864717484626921e-01
9.516185172293769590e-01
9.516185172293769590e-01
9.517345399698340369e-01
9.517345399698340369e-01
9.523146536721197597e-01
9.523146536721197597e-01
9.524306764125768376e-01
9.524306764125768376e-01
9.526627218934911046e-01
9.526627218934911046e-01
9.527787446339482935e-01
9.527787446339482935e-01
9.528947673744053715e-01
9.528947673744053715e-01
9.530107901148625604e-01
9.530107901148625604e-01
9.531268128553196384e-01
9.531268128553196384e-01
9.535909038171481722e-01
9.535909038171481722e-01
9.537069265576052501e-01
9.537069265576052501e-01
9.538229492980624391e-01
9.538229492980624391e-01
9.539389720385195170e-01
9.539389720385195170e-01
9.542870402598909729e-01
9.542870402598909729e-01
9.544030630003480509e-01
9.544030630003480509e-01
9.545190857408052398e-01
9.545190857408052398e-01
9.546351084812623178e-01
9.546351084812623178e-01
9.547511312217195067e-01
9.547511312217195067e-01
9.548671539621765847e-01
9.548671539621765847e-01
9.549831767026336626e-01
9.549831767026336626e-01
9.553312449240051185e-01
9.553312449240051185e-01
9.554472676644621965e-01
9.554472676644621965e-01
9.555632904049193854e-01
9.555632904049193854e-01
9.562594268476621862e-01
9.562594268476621862e-01
9.564914723285764531e-01
9.564914723285764531e-01
9.566074950690335310e-01
9.566074950690335310e-01
9.569555632904048759e-01
9.569555632904048759e-01
9.570715860308620648e-01
9.570715860308620648e-01
9.573036315117763317e-01
9.573036315117763317e-01
9.574196542522334097e-01
9.574196542522334097e-01
9.576516997331476766e-01
9.576516997331476766e-01
9.577677224736048656e-01
9.577677224736048656e-01
9.578837452140619435e-01
9.578837452140619435e-01
9.579997679545191325e-01
9.579997679545191325e-01
9.582318134354333994e-01
9.582318134354333994e-01
9.583478361758904773e-01
9.583478361758904773e-01
9.584638589163475553e-01
9.584638589163475553e-01
9.588119271377190111e-01
9.588119271377190111e-01
9.591599953590903560e-01
9.591599953590903560e-01
9.592760180995475450e-01
9.592760180995475450e-01
9.595080635804618119e-01
9.595080635804618119e-01
9.597401090613760788e-01
9.597401090613760788e-01
9.599721545422902347e-01
9.599721545422902347e-01
9.602042000232045016e-01
9.602042000232045016e-01
9.603202227636616906e-01
9.603202227636616906e-01
9.604362455041187685e-01
9.604362455041187685e-01
9.605522682445759575e-01
9.605522682445759575e-01
9.606682909850330354e-01
9.606682909850330354e-01
9.607843137254902244e-01
9.607843137254902244e-01
9.609003364659473023e-01
9.609003364659473023e-01
9.610163592064044913e-01
9.610163592064044913e-01
9.612484046873187582e-01
9.612484046873187582e-01
9.613644274277758361e-01
9.613644274277758361e-01
9.614804501682330251e-01
9.614804501682330251e-01
9.615964729086901031e-01
9.615964729086901031e-01
9.617124956491471810e-01
9.617124956491471810e-01
9.619445411300614479e-01
9.619445411300614479e-01
9.620605638705186369e-01
9.620605638705186369e-01
9.625246548323471707e-01
9.625246548323471707e-01
9.628727230537185156e-01
9.628727230537185156e-01
9.629887457941757045e-01
9.629887457941757045e-01
9.631047685346327825e-01
9.631047685346327825e-01
9.632207912750899714e-01
9.632207912750899714e-01
9.633368140155470494e-01
9.633368140155470494e-01
9.635688594964613163e-01
9.635688594964613163e-01
9.636848822369183942e-01
9.636848822369183942e-01
9.641489731987469280e-01
9.641489731987469280e-01
9.644970414201183839e-01
9.644970414201183839e-01
9.646130641605754619e-01
9.646130641605754619e-01
9.647290869010326508e-01
9.647290869010326508e-01
9.648451096414897288e-01
9.648451096414897288e-01
9.651931778628610736e-01
9.651931778628610736e-01
9.654252233437753405e-01
9.654252233437753405e-01
9.655412460842325295e-01
9.655412460842325295e-01
9.657732915651467964e-01
9.657732915651467964e-01
9.660053370460610633e-01
9.660053370460610633e-01
9.661213597865181413e-01
9.661213597865181413e-01
9.662373825269753302e-01
9.662373825269753302e-01
9.664694280078895972e-01
9.664694280078895972e-01
9.665854507483466751e-01
9.665854507483466751e-01
9.667014734888037530e-01
9.667014734888037530e-01
9.668174962292609420e-01
9.668174962292609420e-01
9.672815871910894758e-01
9.672815871910894758e-01
9.676296554124608207e-01
9.676296554124608207e-01
9.677456781529180097e-01
9.677456781529180097e-01
9.680937463742893545e-01
9.680937463742893545e-01
9.682097691147465435e-01
9.682097691147465435e-01
9.684418145956606994e-01
9.684418145956606994e-01
9.685578373361178883e-01
9.685578373361178883e-01
9.699501102216033788e-01
9.699501102216033788e-01
9.702981784429748346e-01
9.702981784429748346e-01
9.705302239238891016e-01
9.705302239238891016e-01
9.706462466643461795e-01
9.706462466643461795e-01
9.707622694048033685e-01
9.707622694048033685e-01
9.708782921452604464e-01
9.708782921452604464e-01
9.709943148857176354e-01
9.709943148857176354e-01
9.712263603666319023e-01
9.712263603666319023e-01
9.713423831070889802e-01
9.713423831070889802e-01
9.714584058475461692e-01
9.714584058475461692e-01
9.715744285880032471e-01
9.715744285880032471e-01
9.716904513284603251e-01
9.716904513284603251e-01
9.718064740689175141e-01
9.718064740689175141e-01
9.719224968093745920e-01
9.719224968093745920e-01
9.720385195498317810e-01
9.720385195498317810e-01
9.721545422902888589e-01
9.721545422902888589e-01
9.722705650307460479e-01
9.722705650307460479e-01
9.723865877712031258e-01
9.723865877712031258e-01
9.729667014734888486e-01
9.729667014734888486e-01
9.730827242139459266e-01
9.730827242139459266e-01
9.731987469544031155e-01
9.731987469544031155e-01
9.733147696948601935e-01
9.733147696948601935e-01
9.734307924353172714e-01
9.734307924353172714e-01
9.736628379162315383e-01
9.736628379162315383e-01
9.737788606566887273e-01
9.737788606566887273e-01
9.738948833971458052e-01
9.738948833971458052e-01
9.740109061376029942e-01
9.740109061376029942e-01
9.741269288780600721e-01
9.741269288780600721e-01
9.742429516185172611e-01
9.742429516185172611e-01
9.743589743589743390e-01
9.743589743589743390e-01
9.745910198398886060e-01
9.745910198398886060e-01
9.747070425803457949e-01
9.747070425803457949e-01
9.749390880612600618e-01
9.749390880612600618e-01
9.750551108017171398e-01
9.750551108017171398e-01
9.751711335421742177e-01
9.751711335421742177e-01
9.752871562826314067e-01
9.752871562826314067e-01
9.754031790230884846e-01
9.754031790230884846e-01
9.755192017635456736e-01
9.755192017635456736e-01
9.756352245040027515e-01
9.756352245040027515e-01
9.757512472444599405e-01
9.757512472444599405e-01
9.758672699849170185e-01
9.758672699849170185e-01
9.759832927253742074e-01
9.759832927253742074e-01
9.763313609467455523e-01
9.763313609467455523e-01
9.764473836872027412e-01
9.764473836872027412e-01
9.765634064276598192e-01
9.765634064276598192e-01
9.766794291681168971e-01
9.766794291681168971e-01
9.767954519085740861e-01
9.767954519085740861e-01
9.770274973894883530e-01
9.770274973894883530e-01
9.771435201299454310e-01
9.771435201299454310e-01
9.772595428704026199e-01
9.772595428704026199e-01
9.773755656108596979e-01
9.773755656108596979e-01
9.776076110917739648e-01
9.776076110917739648e-01
9.777236338322311537e-01
9.777236338322311537e-01
9.778396565726882317e-01
9.778396565726882317e-01
9.779556793131454207e-01
9.779556793131454207e-01
9.781877247940596876e-01
9.781877247940596876e-01
9.785357930154310324e-01
9.785357930154310324e-01
9.786518157558881104e-01
9.786518157558881104e-01
9.787678384963452993e-01
9.787678384963452993e-01
9.788838612368023773e-01
9.788838612368023773e-01
9.789998839772595662e-01
9.789998839772595662e-01
9.792319294581738331e-01
9.792319294581738331e-01
9.793479521986309111e-01
9.793479521986309111e-01
9.794639749390881001e-01
9.794639749390881001e-01
9.795799976795451780e-01
9.795799976795451780e-01
9.798120431604594449e-01
9.798120431604594449e-01
9.799280659009166339e-01
9.799280659009166339e-01
9.801601113818307898e-01
9.801601113818307898e-01
9.802761341222879787e-01
9.802761341222879787e-01
9.805081796032022456e-01
9.805081796032022456e-01
9.808562478245735905e-01
9.808562478245735905e-01
9.809722705650307795e-01
9.809722705650307795e-01
9.810882933054878574e-01
9.810882933054878574e-01
9.812043160459450464e-01
9.812043160459450464e-01
9.816684070077734692e-01
9.816684070077734692e-01
9.817844297482306581e-01
9.817844297482306581e-01
9.819004524886877361e-01
9.819004524886877361e-01
9.820164752291449251e-01
9.820164752291449251e-01
9.821324979696020030e-01
9.821324979696020030e-01
9.822485207100591920e-01
9.822485207100591920e-01
9.824805661909734589e-01
9.824805661909734589e-01
9.828286344123448037e-01
9.828286344123448037e-01
9.829446571528019927e-01
9.829446571528019927e-01
9.830606798932590706e-01
9.830606798932590706e-01
9.832927253741733375e-01
9.832927253741733375e-01
9.834087481146304155e-01
9.834087481146304155e-01
9.835247708550876045e-01
9.835247708550876045e-01
9.836407935955446824e-01
9.836407935955446824e-01
9.837568163360018714e-01
9.837568163360018714e-01
9.838728390764589493e-01
9.838728390764589493e-01
9.839888618169161383e-01
9.839888618169161383e-01
9.842209072978304052e-01
9.842209072978304052e-01
9.843369300382874831e-01
9.843369300382874831e-01
9.844529527787446721e-01
9.844529527787446721e-01
9.845689755192017500e-01
9.845689755192017500e-01
9.846849982596589390e-01
9.846849982596589390e-01
9.848010210001160170e-01
9.848010210001160170e-01
9.850330664810302839e-01
9.850330664810302839e-01
9.853811347024016287e-01
9.853811347024016287e-01
9.854971574428588177e-01
9.854971574428588177e-01
9.856131801833158956e-01
9.856131801833158956e-01
9.857292029237730846e-01
9.857292029237730846e-01
9.858452256642301625e-01
9.858452256642301625e-01
9.860772711451444295e-01
9.860772711451444295e-01
9.861932938856016184e-01
9.861932938856016184e-01
9.863093166260586964e-01
9.863093166260586964e-01
9.865413621069729633e-01
9.865413621069729633e-01
9.866573848474300412e-01
9.866573848474300412e-01
9.867734075878872302e-01
9.867734075878872302e-01
9.868894303283443081e-01
9.868894303283443081e-01
9.872374985497157640e-01
9.872374985497157640e-01
9.873535212901728420e-01
9.873535212901728420e-01
9.875855667710871089e-01
9.875855667710871089e-01
9.877015895115442978e-01
9.877015895115442978e-01
9.878176122520013758e-01
9.878176122520013758e-01
9.879336349924585647e-01
9.879336349924585647e-01
9.882817032138299096e-01
9.882817032138299096e-01
9.885137486947441765e-01
9.885137486947441765e-01
9.886297714352012544e-01
9.886297714352012544e-01
9.887457941756584434e-01
9.887457941756584434e-01
9.888618169161155214e-01
9.888618169161155214e-01
9.889778396565727103e-01
9.889778396565727103e-01
9.890938623970297883e-01
9.890938623970297883e-01
9.892098851374869772e-01
9.892098851374869772e-01
9.893259078779440552e-01
9.893259078779440552e-01
9.894419306184012441e-01
9.894419306184012441e-01
9.895579533588583221e-01
9.895579533588583221e-01
9.896739760993155111e-01
9.896739760993155111e-01
9.897899988397725890e-01
9.897899988397725890e-01
9.900220443206868559e-01
9.900220443206868559e-01
9.901380670611439339e-01
9.901380670611439339e-01
9.902540898016011228e-01
9.902540898016011228e-01
9.906021580229724677e-01
9.906021580229724677e-01
9.907181807634296566e-01
9.907181807634296566e-01
9.909502262443439236e-01
9.909502262443439236e-01
9.910662489848010015e-01
9.910662489848010015e-01
9.911822717252581905e-01
9.911822717252581905e-01
9.912982944657152684e-01
9.912982944657152684e-01
9.914143172061724574e-01
9.914143172061724574e-01
9.915303399466295353e-01
9.915303399466295353e-01
9.916463626870867243e-01
9.916463626870867243e-01
9.917623854275438022e-01
9.917623854275438022e-01
9.918784081680008802e-01
9.918784081680008802e-01
9.919944309084580691e-01
9.919944309084580691e-01
9.921104536489151471e-01
9.921104536489151471e-01
9.922264763893723361e-01
9.922264763893723361e-01
9.923424991298294140e-01
9.923424991298294140e-01
9.924585218702866030e-01
9.924585218702866030e-01
9.926905673512008699e-01
9.926905673512008699e-01
9.929226128321151368e-01
9.929226128321151368e-01
9.930386355725722147e-01
9.930386355725722147e-01
9.931546583130294037e-01
9.931546583130294037e-01
9.932706810534864816e-01
9.932706810534864816e-01
9.933867037939435596e-01
9.933867037939435596e-01
9.935027265344007485e-01
9.935027265344007485e-01
9.936187492748578265e-01
9.936187492748578265e-01
9.937347720153150155e-01
9.937347720153150155e-01
9.938507947557720934e-01
9.938507947557720934e-01
9.939668174962292824e-01
9.939668174962292824e-01
9.940828402366863603e-01
9.940828402366863603e-01
9.941988629771435493e-01
9.941988629771435493e-01
9.946629539389720831e-01
9.946629539389720831e-01
9.947789766794291610e-01
9.947789766794291610e-01
9.948949994198863500e-01
9.948949994198863500e-01
9.950110221603434280e-01
9.950110221603434280e-01
9.951270449008005059e-01
9.951270449008005059e-01
9.952430676412576949e-01
9.952430676412576949e-01
9.953590903817147728e-01
9.953590903817147728e-01
9.954751131221719618e-01
9.954751131221719618e-01
9.955911358626290397e-01
9.955911358626290397e-01
9.957071586030862287e-01
9.957071586030862287e-01
9.958231813435433066e-01
9.958231813435433066e-01
9.959392040840004956e-01
9.959392040840004956e-01
9.960552268244575735e-01
9.960552268244575735e-01
9.961712495649147625e-01
9.961712495649147625e-01
9.962872723053718405e-01
9.962872723053718405e-01
9.964032950458290294e-01
9.964032950458290294e-01
9.965193177862861074e-01
9.965193177862861074e-01
9.966353405267432963e-01
9.966353405267432963e-01
9.967513632672003743e-01
9.967513632672003743e-01
9.968673860076574522e-01
9.968673860076574522e-01
9.969834087481146412e-01
9.969834087481146412e-01
9.970994314885717191e-01
9.970994314885717191e-01
9.972154542290289081e-01
9.972154542290289081e-01
9.973314769694859860e-01
9.973314769694859860e-01
9.974474997099431750e-01
9.974474997099431750e-01
9.976795451908574419e-01
9.976795451908574419e-01
9.977955679313145199e-01
9.977955679313145199e-01
9.979115906717717088e-01
9.979115906717717088e-01
9.980276134122287868e-01
9.980276134122287868e-01
9.981436361526859757e-01
9.981436361526859757e-01
9.982596588931430537e-01
9.982596588931430537e-01
9.983756816336001316e-01
9.983756816336001316e-01
9.984917043740573206e-01
9.984917043740573206e-01
9.987237498549715875e-01
9.987237498549715875e-01
9.988397725954286654e-01
9.988397725954286654e-01
9.989557953358858544e-01
9.989557953358858544e-01
9.990718180763429324e-01
9.990718180763429324e-01
9.991878408168001213e-01
9.991878408168001213e-01
9.993038635572571993e-01
9.993038635572571993e-01
9.994198862977143882e-01
9.994198862977143882e-01
9.995359090381714662e-01
9.995359090381714662e-01
9.996519317786286551e-01
9.996519317786286551e-01
9.998839772595429221e-01
9.998839772595429221e-01
1.000000000000000000e+00
