0.000000000000000000e+00
0.000000000000000000e+00
0.000000000000000000e+00
0.000000000000000000e+00
0.000000000000000000e+00
0.000000000000000000e+00
0.000000000000000000e+00
0.000000000000000000e+00
0.000000000000000000e+00
0.000000000000000000e+00
0.000000000000000000e+00
0.000000000000000000e+00
0.000000000000000000e+00
0.000000000000000000e+00
0.000000000000000000e+00
0.000000000000000000e+00
0.000000000000000000e+00
0.000000000000000000e+00
0.000000000000000000e+00
0.000000000000000000e+00
0.000000000000000000e+00
0.000000000000000000e+00
0.000000000000000000e+00
0.000000000000000000e+00
0.000000000000000000e+00
0.000000000000000000e+00
0.000000000000000000e+00
0.000000000000000000e+00
0.000000000000000000e+00
0.000000000000000000e+00
0.000000000000000000e+00
0.000000000000000000e+00
0.000000000000000000e+00
0.000000000000000000e+00
0.000000000000000000e+00
0.000000000000000000e+00
0.000000000000000000e+00
0.000000000000000000e+00
0.000000000000000000e+00
0.000000000000000000e+00
0.000000000000000000e+00
0.000000000000000000e+00
0.000000000000000000e+00
0.000000000000000000e+00
0.000000000000000000e+00
0.000000000000000000e+00
0.000000000000000000e+00
0.000000000000000000e+00
0.000000000000000000e+00
0.000000000000000000e+00
0.000000000000000000e+00
0.000000000000000000e+00
0.000000000000000000e+00
0.000000000000000000e+00
0.000000000000000000e+00
0.000000000000000000e+00
0.000000000000000000e+00
0.000000000000000000e+00
0.000000000000000000e+00
0.000000000000000000e+00
0.000000000000000000e+00
0.000000000000000000e+00
0.000000000000000000e+00
0.000000000000000000e+00
0.000000000000000000e+00
0.000000000000000000e+00
0.000000000000000000e+00
0.000000000000000000e+00
0.000000000000000000e+00
0.000000000000000000e+00
0.000000000000000000e+00
0.000000000000000000e+00
0.000000000000000000e+00
0.000000000000000000e+00
0.000000000000000000e+00
0.000000000000000000e+00
0.000000000000000000e+00
0.000000000000000000e+00
0.000000000000000000e+00
0.000000000000000000e+00
0.000000000000000000e+00
0.000000000000000000e+00
0.000000000000000000e+00
0.000000000000000000e+00
0.000000000000000000e+00
0.000000000000000000e+00
0.000000000000000000e+00
0.000000000000000000e+00
0.000000000000000000e+00
0.000000000000000000e+00
0.000000000000000000e+00
0.000000000000000000e+00
0.000000000000000000e+00
0.000000000000000000e+00
0.000000000000000000e+00
0.000000000000000000e+00
0.000000000000000000e+00
0.000000000000000000e+00
0.000000000000000000e+00
0.000000000000000000e+00
0.000000000000000000e+00
0.000000000000000000e+00
0.000000000000000000e+00
0.000000000000000000e+00
0.000000000000000000e+00
0.000000000000000000e+00
0.000000000000000000e+00
0.000000000000000000e+00
0.000000000000000000e+00
0.000000000000000000e+00
0.000000000000000000e+00
0.000000000000000000e+00
0.000000000000000000e+00
0.000000000000000000e+00
0.000000000000000000e+00
0.000000000000000000e+00
0.000000000000000000e+00
0.000000000000000000e+00
0.000000000000000000e+00
0.000000000000000000e+00
0.000000000000000000e+00
0.000000000000000000e+00
0.000000000000000000e+00
0.000000000000000000e+00
0.000000000000000000e+00
0.000000000000000000e+00
0.000000000000000000e+00
0.000000000000000000e+00
0.000000000000000000e+00
0.000000000000000000e+00
0.000000000000000000e+00
2.250225022502250129e-04
2.250225022502250129e-04
2.250225022502250129e-04
2.250225022502250129e-04
2.250225022502250129e-04
2.250225022502250129e-04
2.250225022502250129e-04
2.250225022502250129e-04
2.250225022502250129e-04
2.250225022502250129e-04
2.250225022502250129e-04
2.250225022502250129e-04
2.250225022502250129e-04
2.250225022502250129e-04
2.250225022502250129e-04
2.250225022502250129e-04
2.250225022502250129e-04
2.250225022502250129e-04
2.250225022502250129e-04
2.250225022502250129e-04
2.250225022502250129e-04
2.250225022502250129e-04
2.250225022502250129e-04
4.500450045004500258e-04
4.500450045004500258e-04
4.500450045004500258e-04
4.500450045004500258e-04
4.500450045004500258e-04
4.500450045004500258e-04
4.500450045004500258e-04
4.500450045004500258e-04
4.500450045004500258e-04
4.500450045004500258e-04
4.500450045004500258e-04
4.500450045004500258e-04
4.500450045004500258e-04
4.500450045004500258e-04
4.500450045004500258e-04
4.500450045004500258e-04
4.500450045004500258e-04
4.500450045004500258e-04
4.500450045004500258e-04
6.750675067506750658e-04
6.750675067506750658e-04
6.750675067506750658e-04
6.750675067506750658e-04
6.750675067506750658e-04
6.750675067506750658e-04
6.750675067506750658e-04
6.750675067506750658e-04
6.750675067506750658e-04
6.750675067506750658e-04
6.750675067506750658e-04
6.750675067506750658e-04
6.750675067506750658e-04
6.750675067506750658e-04
6.750675067506750658e-04
6.750675067506750658e-04
6.750675067506750658e-04
6.750675067506750658e-04
6.750675067506750658e-04
6.750675067506750658e-04
6.750675067506750658e-04
6.750675067506750658e-04
6.750675067506750658e-04
6.750675067506750658e-04
6.750675067506750658e-04
6.750675067506750658e-04
6.750675067506750658e-04
6.750675067506750658e-04
6.750675067506750658e-04
6.750675067506750658e-04
6.750675067506750658e-04
6.750675067506750658e-04
6.750675067506750658e-04
6.750675067506750658e-04
6.750675067506750658e-04
6.750675067506750658e-04
6.750675067506750658e-04
6.750675067506750658e-04
6.750675067506750658e-04
9.000900090009000517e-04
9.000900090009000517e-04
9.000900090009000517e-04
9.000900090009000517e-04
9.000900090009000517e-04
9.000900090009000517e-04
9.000900090009000517e-04
9.000900090009000517e-04
9.000900090009000517e-04
9.000900090009000517e-04
9.000900090009000517e-04
9.000900090009000517e-04
9.000900090009000517e-04
9.000900090009000517e-04
9.000900090009000517e-04
9.000900090009000517e-04
9.000900090009000517e-04
9.000900090009000517e-04
9.000900090009000517e-04
9.000900090009000517e-04
9.000900090009000517e-04
9.000900090009000517e-04
9.000900090009000517e-04
9.000900090009000517e-04
9.000900090009000517e-04
9.000900090009000517e-04
9.000900090009000517e-04
9.000900090009000517e-04
9.000900090009000517e-04
9.000900090009000517e-04
9.000900090009000517e-04
9.000900090009000517e-04
9.000900090009000517e-04
9.000900090009000517e-04
9.000900090009000517e-04
9.000900090009000517e-04
9.000900090009000517e-04
9.000900090009000517e-04
9.000900090009000517e-04
9.000900090009000517e-04
9.000900090009000517e-04
9.000900090009000517e-04
9.000900090009000517e-04
9.000900090009000517e-04
9.000900090009000517e-04
1.125112511251125146e-03
1.125112511251125146e-03
1.125112511251125146e-03
1.125112511251125146e-03
1.125112511251125146e-03
1.125112511251125146e-03
1.125112511251125146e-03
1.125112511251125146e-03
1.125112511251125146e-03
1.125112511251125146e-03
1.125112511251125146e-03
1.125112511251125146e-03
1.125112511251125146e-03
1.125112511251125146e-03
1.125112511251125146e-03
1.125112511251125146e-03
1.125112511251125146e-03
1.125112511251125146e-03
1.125112511251125146e-03
1.125112511251125146e-03
1.125112511251125146e-03
1.125112511251125146e-03
1.125112511251125146e-03
1.125112511251125146e-03
1.125112511251125146e-03
1.125112511251125146e-03
1.125112511251125146e-03
1.125112511251125146e-03
1.125112511251125146e-03
1.125112511251125146e-03
1.125112511251125146e-03
1.125112511251125146e-03
1.125112511251125146e-03
1.125112511251125146e-03
1.350135013501350132e-03
1.350135013501350132e-03
1.350135013501350132e-03
1.350135013501350132e-03
1.350135013501350132e-03
1.350135013501350132e-03
1.350135013501350132e-03
1.350135013501350132e-03
1.350135013501350132e-03
1.350135013501350132e-03
1.350135013501350132e-03
1.350135013501350132e-03
1.350135013501350132e-03
1.350135013501350132e-03
1.350135013501350132e-03
1.350135013501350132e-03
1.350135013501350132e-03
1.350135013501350132e-03
1.350135013501350132e-03
1.350135013501350132e-03
1.350135013501350132e-03
1.350135013501350132e-03
1.350135013501350132e-03
1.350135013501350132e-03
1.350135013501350132e-03
1.350135013501350132e-03
1.350135013501350132e-03
1.350135013501350132e-03
1.350135013501350132e-03
1.350135013501350132e-03
1.350135013501350132e-03
1.350135013501350132e-03
1.350135013501350132e-03
1.350135013501350132e-03
1.350135013501350132e-03
1.350135013501350132e-03
1.350135013501350132e-03
1.350135013501350132e-03
1.350135013501350132e-03
1.350135013501350132e-03
1.350135013501350132e-03
1.350135013501350132e-03
1.575157515751575118e-03
1.575157515751575118e-03
1.575157515751575118e-03
1.575157515751575118e-03
1.575157515751575118e-03
1.575157515751575118e-03
1.575157515751575118e-03
1.575157515751575118e-03
1.800180018001800103e-03
1.800180018001800103e-03
1.800180018001800103e-03
1.800180018001800103e-03
1.800180018001800103e-03
1.800180018001800103e-03
1.800180018001800103e-03
1.800180018001800103e-03
1.800180018001800103e-03
1.800180018001800103e-03
1.800180018001800103e-03
1.800180018001800103e-03
1.800180018001800103e-03
1.800180018001800103e-03
1.800180018001800103e-03
1.800180018001800103e-03
1.800180018001800103e-03
1.800180018001800103e-03
1.800180018001800103e-03
2.025202520252025306e-03
2.025202520252025306e-03
2.025202520252025306e-03
2.025202520252025306e-03
2.025202520252025306e-03
2.025202520252025306e-03
2.025202520252025306e-03
2.025202520252025306e-03
2.025202520252025306e-03
2.025202520252025306e-03
2.025202520252025306e-03
2.025202520252025306e-03
2.025202520252025306e-03
2.025202520252025306e-03
2.025202520252025306e-03
2.025202520252025306e-03
2.025202520252025306e-03
2.025202520252025306e-03
2.025202520252025306e-03
2.025202520252025306e-03
2.025202520252025306e-03
2.025202520252025306e-03
2.025202520252025306e-03
2.025202520252025306e-03
2.025202520252025306e-03
2.025202520252025306e-03
2.025202520252025306e-03
2.025202520252025306e-03
2.025202520252025306e-03
2.250225022502250292e-03
2.250225022502250292e-03
2.250225022502250292e-03
2.250225022502250292e-03
2.250225022502250292e-03
2.250225022502250292e-03
2.250225022502250292e-03
2.250225022502250292e-03
2.250225022502250292e-03
2.250225022502250292e-03
2.250225022502250292e-03
2.250225022502250292e-03
2.250225022502250292e-03
2.250225022502250292e-03
2.250225022502250292e-03
2.250225022502250292e-03
2.250225022502250292e-03
2.250225022502250292e-03
2.250225022502250292e-03
2.250225022502250292e-03
2.250225022502250292e-03
2.250225022502250292e-03
2.250225022502250292e-03
2.250225022502250292e-03
2.250225022502250292e-03
2.250225022502250292e-03
2.250225022502250292e-03
2.250225022502250292e-03
2.250225022502250292e-03
2.250225022502250292e-03
2.250225022502250292e-03
2.250225022502250292e-03
2.250225022502250292e-03
2.250225022502250292e-03
2.250225022502250292e-03
2.250225022502250292e-03
2.250225022502250292e-03
2.250225022502250292e-03
2.250225022502250292e-03
2.250225022502250292e-03
2.250225022502250292e-03
2.250225022502250292e-03
2.250225022502250292e-03
2.250225022502250292e-03
2.250225022502250292e-03
2.250225022502250292e-03
2.250225022502250292e-03
2.250225022502250292e-03
2.250225022502250292e-03
2.250225022502250292e-03
2.250225022502250292e-03
2.250225022502250292e-03
2.250225022502250292e-03
2.250225022502250292e-03
2.250225022502250292e-03
2.250225022502250292e-03
2.475247524752475278e-03
2.475247524752475278e-03
2.475247524752475278e-03
2.475247524752475278e-03
2.475247524752475278e-03
2.475247524752475278e-03
2.475247524752475278e-03
2.475247524752475278e-03
2.475247524752475278e-03
2.475247524752475278e-03
2.475247524752475278e-03
2.475247524752475278e-03
2.475247524752475278e-03
2.475247524752475278e-03
2.475247524752475278e-03
2.475247524752475278e-03
2.475247524752475278e-03
2.475247524752475278e-03
2.475247524752475278e-03
2.475247524752475278e-03
2.475247524752475278e-03
2.475247524752475278e-03
2.475247524752475278e-03
2.475247524752475278e-03
2.475247524752475278e-03
2.475247524752475278e-03
2.475247524752475278e-03
2.475247524752475278e-03
2.475247524752475278e-03
2.475247524752475278e-03
2.475247524752475278e-03
2.475247524752475278e-03
2.475247524752475278e-03
2.475247524752475278e-03
2.475247524752475278e-03
2.475247524752475278e-03
2.475247524752475278e-03
2.475247524752475278e-03
2.475247524752475278e-03
2.475247524752475278e-03
2.475247524752475278e-03
2.475247524752475278e-03
2.475247524752475278e-03
2.475247524752475278e-03
2.475247524752475278e-03
2.475247524752475278e-03
2.475247524752475278e-03
2.475247524752475278e-03
2.475247524752475278e-03
2.475247524752475278e-03
2.475247524752475278e-03
2.475247524752475278e-03
2.475247524752475278e-03
2.475247524752475278e-03
2.475247524752475278e-03
2.475247524752475278e-03
2.475247524752475278e-03
2.475247524752475278e-03
2.475247524752475278e-03
2.475247524752475278e-03
2.475247524752475278e-03
2.475247524752475278e-03
2.475247524752475278e-03
2.475247524752475278e-03
2.475247524752475278e-03
2.475247524752475278e-03
2.475247524752475278e-03
2.475247524752475278e-03
2.475247524752475278e-03
2.475247524752475278e-03
2.475247524752475278e-03
2.475247524752475278e-03
2.475247524752475278e-03
2.475247524752475278e-03
2.475247524752475278e-03
2.475247524752475278e-03
2.475247524752475278e-03
2.475247524752475278e-03
2.475247524752475278e-03
2.475247524752475278e-03
2.475247524752475278e-03
2.475247524752475278e-03
2.475247524752475278e-03
2.475247524752475278e-03
2.475247524752475278e-03
2.475247524752475278e-03
2.700270027002700263e-03
2.700270027002700263e-03
2.700270027002700263e-03
2.700270027002700263e-03
2.925292529252925249e-03
2.925292529252925249e-03
2.925292529252925249e-03
2.925292529252925249e-03
2.925292529252925249e-03
2.925292529252925249e-03
2.925292529252925249e-03
2.925292529252925249e-03
2.925292529252925249e-03
2.925292529252925249e-03
2.925292529252925249e-03
2.925292529252925249e-03
2.925292529252925249e-03
2.925292529252925249e-03
2.925292529252925249e-03
2.925292529252925249e-03
2.925292529252925249e-03
2.925292529252925249e-03
2.925292529252925249e-03
2.925292529252925249e-03
2.925292529252925249e-03
2.925292529252925249e-03
2.925292529252925249e-03
2.925292529252925249e-03
2.925292529252925249e-03
2.925292529252925249e-03
2.925292529252925249e-03
2.925292529252925249e-03
2.925292529252925249e-03
3.150315031503150235e-03
3.150315031503150235e-03
3.150315031503150235e-03
3.150315031503150235e-03
3.150315031503150235e-03
3.150315031503150235e-03
3.150315031503150235e-03
3.375337533753375221e-03
3.375337533753375221e-03
3.375337533753375221e-03
3.375337533753375221e-03
3.375337533753375221e-03
3.600360036003600207e-03
3.600360036003600207e-03
3.600360036003600207e-03
3.600360036003600207e-03
3.600360036003600207e-03
3.600360036003600207e-03
3.600360036003600207e-03
3.600360036003600207e-03
3.600360036003600207e-03
3.600360036003600207e-03
3.600360036003600207e-03
3.825382538253825192e-03
3.825382538253825192e-03
3.825382538253825192e-03
3.825382538253825192e-03
3.825382538253825192e-03
3.825382538253825192e-03
3.825382538253825192e-03
3.825382538253825192e-03
3.825382538253825192e-03
3.825382538253825192e-03
3.825382538253825192e-03
3.825382538253825192e-03
3.825382538253825192e-03
3.825382538253825192e-03
3.825382538253825192e-03
3.825382538253825192e-03
3.825382538253825192e-03
3.825382538253825192e-03
3.825382538253825192e-03
3.825382538253825192e-03
3.825382538253825192e-03
3.825382538253825192e-03
3.825382538253825192e-03
3.825382538253825192e-03
4.050405040504050612e-03
4.050405040504050612e-03
4.050405040504050612e-03
4.050405040504050612e-03
4.050405040504050612e-03
4.050405040504050612e-03
4.050405040504050612e-03
4.050405040504050612e-03
4.050405040504050612e-03
4.050405040504050612e-03
4.050405040504050612e-03
4.275427542754275598e-03
4.275427542754275598e-03
4.275427542754275598e-03
4.275427542754275598e-03
4.275427542754275598e-03
4.275427542754275598e-03
4.275427542754275598e-03
4.275427542754275598e-03
4.275427542754275598e-03
4.275427542754275598e-03
4.275427542754275598e-03
4.275427542754275598e-03
4.275427542754275598e-03
4.275427542754275598e-03
4.275427542754275598e-03
4.275427542754275598e-03
4.500450045004500584e-03
4.500450045004500584e-03
4.950495049504950555e-03
4.950495049504950555e-03
4.950495049504950555e-03
4.950495049504950555e-03
4.950495049504950555e-03
4.950495049504950555e-03
4.950495049504950555e-03
4.950495049504950555e-03
5.175517551755175541e-03
5.175517551755175541e-03
5.175517551755175541e-03
5.175517551755175541e-03
5.175517551755175541e-03
5.175517551755175541e-03
5.175517551755175541e-03
5.175517551755175541e-03
5.175517551755175541e-03
5.175517551755175541e-03
5.175517551755175541e-03
5.400540054005400527e-03
5.400540054005400527e-03
5.400540054005400527e-03
5.400540054005400527e-03
5.400540054005400527e-03
5.400540054005400527e-03
5.400540054005400527e-03
5.400540054005400527e-03
5.400540054005400527e-03
5.400540054005400527e-03
5.400540054005400527e-03
5.400540054005400527e-03
5.400540054005400527e-03
5.400540054005400527e-03
5.400540054005400527e-03
5.400540054005400527e-03
5.400540054005400527e-03
5.400540054005400527e-03
5.400540054005400527e-03
5.400540054005400527e-03
5.400540054005400527e-03
5.400540054005400527e-03
5.400540054005400527e-03
5.400540054005400527e-03
5.400540054005400527e-03
5.400540054005400527e-03
5.400540054005400527e-03
5.400540054005400527e-03
5.400540054005400527e-03
5.400540054005400527e-03
5.400540054005400527e-03
5.400540054005400527e-03
5.400540054005400527e-03
5.400540054005400527e-03
5.400540054005400527e-03
5.400540054005400527e-03
5.400540054005400527e-03
5.400540054005400527e-03
5.400540054005400527e-03
5.400540054005400527e-03
5.400540054005400527e-03
5.400540054005400527e-03
5.400540054005400527e-03
5.400540054005400527e-03
5.400540054005400527e-03
5.400540054005400527e-03
5.400540054005400527e-03
5.400540054005400527e-03
5.400540054005400527e-03
5.400540054005400527e-03
5.400540054005400527e-03
5.400540054005400527e-03
5.400540054005400527e-03
5.400540054005400527e-03
5.400540054005400527e-03
5.400540054005400527e-03
5.400540054005400527e-03
5.400540054005400527e-03
5.400540054005400527e-03
5.400540054005400527e-03
5.400540054005400527e-03
5.400540054005400527e-03
5.400540054005400527e-03
5.400540054005400527e-03
5.400540054005400527e-03
5.400540054005400527e-03
5.400540054005400527e-03
5.400540054005400527e-03
5.400540054005400527e-03
5.400540054005400527e-03
5.400540054005400527e-03
5.400540054005400527e-03
5.400540054005400527e-03
5.400540054005400527e-03
5.400540054005400527e-03
5.400540054005400527e-03
5.400540054005400527e-03
5.400540054005400527e-03
5.400540054005400527e-03
5.400540054005400527e-03
5.400540054005400527e-03
5.400540054005400527e-03
5.400540054005400527e-03
5.400540054005400527e-03
5.400540054005400527e-03
5.400540054005400527e-03
5.400540054005400527e-03
5.400540054005400527e-03
5.400540054005400527e-03
5.400540054005400527e-03
5.400540054005400527e-03
5.400540054005400527e-03
5.400540054005400527e-03
5.400540054005400527e-03
5.400540054005400527e-03
5.400540054005400527e-03
5.400540054005400527e-03
5.400540054005400527e-03
5.400540054005400527e-03
5.400540054005400527e-03
5.400540054005400527e-03
5.400540054005400527e-03
5.400540054005400527e-03
5.400540054005400527e-03
5.400540054005400527e-03
5.400540054005400527e-03
5.400540054005400527e-03
5.400540054005400527e-03
5.400540054005400527e-03
5.400540054005400527e-03
5.400540054005400527e-03
5.400540054005400527e-03
5.400540054005400527e-03
5.400540054005400527e-03
5.400540054005400527e-03
5.400540054005400527e-03
5.400540054005400527e-03
5.400540054005400527e-03
5.400540054005400527e-03
5.400540054005400527e-03
5.400540054005400527e-03
5.625562556255625513e-03
5.625562556255625513e-03
5.625562556255625513e-03
5.625562556255625513e-03
5.625562556255625513e-03
5.625562556255625513e-03
5.625562556255625513e-03
5.625562556255625513e-03
5.625562556255625513e-03
5.625562556255625513e-03
5.625562556255625513e-03
5.625562556255625513e-03
5.625562556255625513e-03
5.850585058505850498e-03
5.850585058505850498e-03
5.850585058505850498e-03
5.850585058505850498e-03
5.850585058505850498e-03
5.850585058505850498e-03
5.850585058505850498e-03
5.850585058505850498e-03
5.850585058505850498e-03
6.075607560756075484e-03
6.075607560756075484e-03
6.075607560756075484e-03
6.075607560756075484e-03
6.075607560756075484e-03
6.075607560756075484e-03
6.075607560756075484e-03
6.075607560756075484e-03
6.075607560756075484e-03
6.075607560756075484e-03
6.075607560756075484e-03
6.075607560756075484e-03
6.075607560756075484e-03
6.075607560756075484e-03
6.075607560756075484e-03
6.075607560756075484e-03
6.075607560756075484e-03
6.075607560756075484e-03
6.075607560756075484e-03
6.075607560756075484e-03
6.075607560756075484e-03
6.300630063006300470e-03
6.300630063006300470e-03
6.300630063006300470e-03
6.300630063006300470e-03
6.300630063006300470e-03
6.300630063006300470e-03
6.300630063006300470e-03
6.300630063006300470e-03
6.300630063006300470e-03
6.300630063006300470e-03
6.300630063006300470e-03
6.300630063006300470e-03
6.300630063006300470e-03
6.300630063006300470e-03
6.300630063006300470e-03
6.300630063006300470e-03
6.300630063006300470e-03
6.300630063006300470e-03
6.300630063006300470e-03
6.300630063006300470e-03
6.300630063006300470e-03
6.300630063006300470e-03
6.525652565256525456e-03
6.525652565256525456e-03
6.525652565256525456e-03
6.525652565256525456e-03
6.525652565256525456e-03
6.525652565256525456e-03
6.525652565256525456e-03
6.525652565256525456e-03
6.525652565256525456e-03
6.525652565256525456e-03
6.525652565256525456e-03
6.525652565256525456e-03
6.525652565256525456e-03
6.525652565256525456e-03
6.525652565256525456e-03
6.525652565256525456e-03
6.525652565256525456e-03
6.525652565256525456e-03
6.525652565256525456e-03
6.750675067506750442e-03
6.750675067506750442e-03
6.750675067506750442e-03
6.750675067506750442e-03
6.750675067506750442e-03
6.750675067506750442e-03
6.750675067506750442e-03
6.750675067506750442e-03
6.750675067506750442e-03
6.750675067506750442e-03
6.750675067506750442e-03
6.750675067506750442e-03
6.750675067506750442e-03
6.750675067506750442e-03
6.975697569756975427e-03
6.975697569756975427e-03
6.975697569756975427e-03
6.975697569756975427e-03
6.975697569756975427e-03
6.975697569756975427e-03
6.975697569756975427e-03
6.975697569756975427e-03
6.975697569756975427e-03
6.975697569756975427e-03
6.975697569756975427e-03
7.200720072007200413e-03
7.200720072007200413e-03
7.200720072007200413e-03
7.200720072007200413e-03
7.200720072007200413e-03
7.200720072007200413e-03
7.200720072007200413e-03
7.200720072007200413e-03
7.200720072007200413e-03
7.200720072007200413e-03
7.200720072007200413e-03
7.200720072007200413e-03
7.200720072007200413e-03
7.200720072007200413e-03
7.200720072007200413e-03
7.425742574257425399e-03
7.425742574257425399e-03
7.425742574257425399e-03
7.425742574257425399e-03
7.425742574257425399e-03
7.425742574257425399e-03
7.425742574257425399e-03
7.425742574257425399e-03
7.425742574257425399e-03
7.650765076507650385e-03
7.650765076507650385e-03
7.650765076507650385e-03
7.650765076507650385e-03
7.650765076507650385e-03
7.650765076507650385e-03
7.650765076507650385e-03
7.650765076507650385e-03
7.650765076507650385e-03
7.650765076507650385e-03
7.650765076507650385e-03
7.650765076507650385e-03
7.650765076507650385e-03
7.650765076507650385e-03
7.650765076507650385e-03
7.650765076507650385e-03
7.650765076507650385e-03
7.650765076507650385e-03
7.650765076507650385e-03
7.650765076507650385e-03
7.650765076507650385e-03
7.650765076507650385e-03
7.650765076507650385e-03
7.650765076507650385e-03
7.650765076507650385e-03
7.650765076507650385e-03
7.650765076507650385e-03
7.875787578757875371e-03
7.875787578757875371e-03
7.875787578757875371e-03
7.875787578757875371e-03
7.875787578757875371e-03
7.875787578757875371e-03
7.875787578757875371e-03
7.875787578757875371e-03
7.875787578757875371e-03
7.875787578757875371e-03
7.875787578757875371e-03
7.875787578757875371e-03
7.875787578757875371e-03
7.875787578757875371e-03
7.875787578757875371e-03
7.875787578757875371e-03
7.875787578757875371e-03
7.875787578757875371e-03
7.875787578757875371e-03
7.875787578757875371e-03
7.875787578757875371e-03
7.875787578757875371e-03
7.875787578757875371e-03
7.875787578757875371e-03
7.875787578757875371e-03
7.875787578757875371e-03
7.875787578757875371e-03
7.875787578757875371e-03
7.875787578757875371e-03
7.875787578757875371e-03
7.875787578757875371e-03
7.875787578757875371e-03
7.875787578757875371e-03
7.875787578757875371e-03
8.100810081008101224e-03
8.100810081008101224e-03
8.100810081008101224e-03
8.100810081008101224e-03
8.100810081008101224e-03
8.100810081008101224e-03
8.100810081008101224e-03
8.100810081008101224e-03
8.100810081008101224e-03
8.100810081008101224e-03
8.100810081008101224e-03
8.100810081008101224e-03
8.100810081008101224e-03
8.100810081008101224e-03
8.100810081008101224e-03
8.100810081008101224e-03
8.325832583258325342e-03
8.325832583258325342e-03
8.325832583258325342e-03
8.325832583258325342e-03
8.325832583258325342e-03
8.325832583258325342e-03
8.325832583258325342e-03
8.325832583258325342e-03
8.325832583258325342e-03
8.325832583258325342e-03
8.325832583258325342e-03
8.325832583258325342e-03
8.325832583258325342e-03
8.325832583258325342e-03
8.325832583258325342e-03
8.325832583258325342e-03
8.325832583258325342e-03
8.325832583258325342e-03
8.325832583258325342e-03
8.325832583258325342e-03
8.325832583258325342e-03
8.325832583258325342e-03
8.325832583258325342e-03
8.325832583258325342e-03
8.325832583258325342e-03
8.325832583258325342e-03
8.325832583258325342e-03
8.325832583258325342e-03
8.325832583258325342e-03
8.325832583258325342e-03
8.550855085508551195e-03
8.550855085508551195e-03
8.550855085508551195e-03
8.550855085508551195e-03
8.550855085508551195e-03
8.550855085508551195e-03
8.550855085508551195e-03
8.550855085508551195e-03
8.550855085508551195e-03
8.550855085508551195e-03
8.550855085508551195e-03
8.550855085508551195e-03
8.550855085508551195e-03
8.550855085508551195e-03
8.550855085508551195e-03
8.550855085508551195e-03
8.550855085508551195e-03
8.550855085508551195e-03
8.775877587758775314e-03
8.775877587758775314e-03
9.000900090009001167e-03
9.000900090009001167e-03
9.000900090009001167e-03
9.000900090009001167e-03
9.000900090009001167e-03
9.000900090009001167e-03
9.000900090009001167e-03
9.000900090009001167e-03
9.000900090009001167e-03
9.000900090009001167e-03
9.000900090009001167e-03
9.000900090009001167e-03
9.000900090009001167e-03
9.000900090009001167e-03
9.000900090009001167e-03
9.000900090009001167e-03
9.000900090009001167e-03
9.000900090009001167e-03
9.000900090009001167e-03
9.000900090009001167e-03
9.000900090009001167e-03
9.000900090009001167e-03
9.000900090009001167e-03
9.000900090009001167e-03
9.000900090009001167e-03
9.000900090009001167e-03
9.000900090009001167e-03
9.000900090009001167e-03
9.000900090009001167e-03
9.000900090009001167e-03
9.000900090009001167e-03
9.000900090009001167e-03
9.000900090009001167e-03
9.000900090009001167e-03
9.000900090009001167e-03
9.000900090009001167e-03
9.000900090009001167e-03
9.000900090009001167e-03
9.225922592259225286e-03
9.225922592259225286e-03
9.225922592259225286e-03
9.225922592259225286e-03
9.225922592259225286e-03
9.225922592259225286e-03
9.225922592259225286e-03
9.225922592259225286e-03
9.225922592259225286e-03
9.225922592259225286e-03
9.225922592259225286e-03
9.225922592259225286e-03
9.225922592259225286e-03
9.225922592259225286e-03
9.225922592259225286e-03
9.225922592259225286e-03
9.225922592259225286e-03
9.225922592259225286e-03
9.225922592259225286e-03
9.225922592259225286e-03
9.225922592259225286e-03
9.225922592259225286e-03
9.225922592259225286e-03
9.225922592259225286e-03
9.225922592259225286e-03
9.225922592259225286e-03
9.225922592259225286e-03
9.225922592259225286e-03
9.225922592259225286e-03
9.225922592259225286e-03
9.225922592259225286e-03
9.225922592259225286e-03
9.225922592259225286e-03
9.225922592259225286e-03
9.225922592259225286e-03
9.225922592259225286e-03
9.225922592259225286e-03
9.225922592259225286e-03
9.225922592259225286e-03
9.225922592259225286e-03
9.225922592259225286e-03
9.225922592259225286e-03
9.225922592259225286e-03
9.225922592259225286e-03
9.225922592259225286e-03
9.225922592259225286e-03
9.225922592259225286e-03
9.225922592259225286e-03
9.225922592259225286e-03
9.225922592259225286e-03
9.225922592259225286e-03
9.225922592259225286e-03
9.225922592259225286e-03
9.225922592259225286e-03
9.225922592259225286e-03
9.225922592259225286e-03
9.225922592259225286e-03
9.450945094509451139e-03
9.450945094509451139e-03
9.450945094509451139e-03
9.450945094509451139e-03
9.450945094509451139e-03
9.450945094509451139e-03
9.450945094509451139e-03
9.450945094509451139e-03
9.450945094509451139e-03
9.450945094509451139e-03
9.450945094509451139e-03
9.450945094509451139e-03
9.450945094509451139e-03
9.450945094509451139e-03
9.450945094509451139e-03
9.675967596759675257e-03
9.675967596759675257e-03
9.900990099009901110e-03
9.900990099009901110e-03
9.900990099009901110e-03
9.900990099009901110e-03
9.900990099009901110e-03
9.900990099009901110e-03
9.900990099009901110e-03
9.900990099009901110e-03
9.900990099009901110e-03
1.012601260126012523e-02
1.012601260126012523e-02
1.012601260126012523e-02
1.012601260126012523e-02
1.012601260126012523e-02
1.012601260126012523e-02
1.012601260126012523e-02
1.012601260126012523e-02
1.012601260126012523e-02
1.012601260126012523e-02
1.012601260126012523e-02
1.012601260126012523e-02
1.012601260126012523e-02
1.012601260126012523e-02
1.012601260126012523e-02
1.012601260126012523e-02
1.012601260126012523e-02
1.012601260126012523e-02
1.012601260126012523e-02
1.012601260126012523e-02
1.012601260126012523e-02
1.012601260126012523e-02
1.012601260126012523e-02
1.012601260126012523e-02
1.012601260126012523e-02
1.035103510351035108e-02
1.035103510351035108e-02
1.035103510351035108e-02
1.035103510351035108e-02
1.035103510351035108e-02
1.035103510351035108e-02
1.035103510351035108e-02
1.057605760576057520e-02
1.057605760576057520e-02
1.057605760576057520e-02
1.057605760576057520e-02
1.057605760576057520e-02
1.057605760576057520e-02
1.057605760576057520e-02
1.057605760576057520e-02
1.057605760576057520e-02
1.057605760576057520e-02
1.057605760576057520e-02
1.080108010801080105e-02
1.080108010801080105e-02
1.102610261026102691e-02
1.102610261026102691e-02
1.102610261026102691e-02
1.102610261026102691e-02
1.102610261026102691e-02
1.102610261026102691e-02
1.102610261026102691e-02
1.102610261026102691e-02
1.102610261026102691e-02
1.102610261026102691e-02
1.102610261026102691e-02
1.102610261026102691e-02
1.102610261026102691e-02
1.102610261026102691e-02
1.102610261026102691e-02
1.102610261026102691e-02
1.102610261026102691e-02
1.102610261026102691e-02
1.102610261026102691e-02
1.102610261026102691e-02
1.102610261026102691e-02
1.102610261026102691e-02
1.102610261026102691e-02
1.102610261026102691e-02
1.102610261026102691e-02
1.102610261026102691e-02
1.102610261026102691e-02
1.125112511251125103e-02
1.125112511251125103e-02
1.125112511251125103e-02
1.125112511251125103e-02
1.125112511251125103e-02
1.125112511251125103e-02
1.125112511251125103e-02
1.125112511251125103e-02
1.125112511251125103e-02
1.125112511251125103e-02
1.125112511251125103e-02
1.125112511251125103e-02
1.147614761476147688e-02
1.147614761476147688e-02
1.147614761476147688e-02
1.147614761476147688e-02
1.147614761476147688e-02
1.147614761476147688e-02
1.147614761476147688e-02
1.147614761476147688e-02
1.147614761476147688e-02
1.147614761476147688e-02
1.147614761476147688e-02
1.147614761476147688e-02
1.147614761476147688e-02
1.147614761476147688e-02
1.147614761476147688e-02
1.147614761476147688e-02
1.147614761476147688e-02
1.147614761476147688e-02
1.170117011701170100e-02
1.170117011701170100e-02
1.170117011701170100e-02
1.170117011701170100e-02
1.170117011701170100e-02
1.170117011701170100e-02
1.170117011701170100e-02
1.170117011701170100e-02
1.170117011701170100e-02
1.170117011701170100e-02
1.170117011701170100e-02
1.170117011701170100e-02
1.170117011701170100e-02
1.170117011701170100e-02
1.170117011701170100e-02
1.192619261926192685e-02
1.192619261926192685e-02
1.192619261926192685e-02
1.192619261926192685e-02
1.215121512151215097e-02
1.215121512151215097e-02
1.215121512151215097e-02
1.215121512151215097e-02
1.215121512151215097e-02
1.215121512151215097e-02
1.215121512151215097e-02
1.215121512151215097e-02
1.215121512151215097e-02
1.215121512151215097e-02
1.215121512151215097e-02
1.215121512151215097e-02
1.215121512151215097e-02
1.215121512151215097e-02
1.215121512151215097e-02
1.215121512151215097e-02
1.215121512151215097e-02
1.215121512151215097e-02
1.215121512151215097e-02
1.215121512151215097e-02
1.215121512151215097e-02
1.215121512151215097e-02
1.215121512151215097e-02
1.215121512151215097e-02
1.215121512151215097e-02
1.215121512151215097e-02
1.215121512151215097e-02
1.215121512151215097e-02
1.215121512151215097e-02
1.215121512151215097e-02
1.215121512151215097e-02
1.215121512151215097e-02
1.215121512151215097e-02
1.215121512151215097e-02
1.215121512151215097e-02
1.215121512151215097e-02
1.215121512151215097e-02
1.215121512151215097e-02
1.237623762376237682e-02
1.237623762376237682e-02
1.237623762376237682e-02
1.237623762376237682e-02
1.237623762376237682e-02
1.237623762376237682e-02
1.237623762376237682e-02
1.237623762376237682e-02
1.260126012601260094e-02
1.260126012601260094e-02
1.260126012601260094e-02
1.260126012601260094e-02
1.282628262826282679e-02
1.282628262826282679e-02
1.282628262826282679e-02
1.282628262826282679e-02
1.282628262826282679e-02
1.282628262826282679e-02
1.282628262826282679e-02
1.305130513051305091e-02
1.305130513051305091e-02
1.305130513051305091e-02
1.305130513051305091e-02
1.305130513051305091e-02
1.305130513051305091e-02
1.305130513051305091e-02
1.305130513051305091e-02
1.305130513051305091e-02
1.305130513051305091e-02
1.305130513051305091e-02
1.305130513051305091e-02
1.327632763276327676e-02
1.327632763276327676e-02
1.327632763276327676e-02
1.327632763276327676e-02
1.327632763276327676e-02
1.327632763276327676e-02
1.327632763276327676e-02
1.327632763276327676e-02
1.327632763276327676e-02
1.327632763276327676e-02
1.327632763276327676e-02
1.327632763276327676e-02
1.350135013501350088e-02
1.350135013501350088e-02
1.350135013501350088e-02
1.350135013501350088e-02
1.372637263726372674e-02
1.372637263726372674e-02
1.372637263726372674e-02
1.372637263726372674e-02
1.372637263726372674e-02
1.372637263726372674e-02
1.372637263726372674e-02
1.372637263726372674e-02
1.372637263726372674e-02
1.372637263726372674e-02
1.372637263726372674e-02
1.372637263726372674e-02
1.372637263726372674e-02
1.395139513951395085e-02
1.395139513951395085e-02
1.417641764176417671e-02
1.417641764176417671e-02
1.440144014401440083e-02
1.440144014401440083e-02
1.440144014401440083e-02
1.462646264626462668e-02
1.462646264626462668e-02
1.462646264626462668e-02
1.462646264626462668e-02
1.462646264626462668e-02
1.462646264626462668e-02
1.462646264626462668e-02
1.462646264626462668e-02
1.462646264626462668e-02
1.462646264626462668e-02
1.462646264626462668e-02
1.462646264626462668e-02
1.462646264626462668e-02
1.462646264626462668e-02
1.462646264626462668e-02
1.485148514851485080e-02
1.485148514851485080e-02
1.485148514851485080e-02
1.485148514851485080e-02
1.485148514851485080e-02
1.485148514851485080e-02
1.485148514851485080e-02
1.485148514851485080e-02
1.485148514851485080e-02
1.485148514851485080e-02
1.485148514851485080e-02
1.485148514851485080e-02
1.485148514851485080e-02
1.485148514851485080e-02
1.485148514851485080e-02
1.485148514851485080e-02
1.485148514851485080e-02
1.485148514851485080e-02
1.485148514851485080e-02
1.485148514851485080e-02
1.485148514851485080e-02
1.485148514851485080e-02
1.485148514851485080e-02
1.485148514851485080e-02
1.485148514851485080e-02
1.485148514851485080e-02
1.485148514851485080e-02
1.485148514851485080e-02
1.485148514851485080e-02
1.485148514851485080e-02
1.485148514851485080e-02
1.507650765076507665e-02
1.507650765076507665e-02
1.507650765076507665e-02
1.507650765076507665e-02
1.507650765076507665e-02
1.552655265526552662e-02
1.552655265526552662e-02
1.552655265526552662e-02
1.552655265526552662e-02
1.575157515751575074e-02
1.575157515751575074e-02
1.575157515751575074e-02
1.575157515751575074e-02
1.575157515751575074e-02
1.597659765976597659e-02
1.597659765976597659e-02
1.620162016201620245e-02
1.620162016201620245e-02
1.620162016201620245e-02
1.620162016201620245e-02
1.620162016201620245e-02
1.620162016201620245e-02
1.642664266426642830e-02
1.642664266426642830e-02
1.642664266426642830e-02
1.642664266426642830e-02
1.642664266426642830e-02
1.642664266426642830e-02
1.642664266426642830e-02
1.642664266426642830e-02
1.642664266426642830e-02
1.642664266426642830e-02
1.642664266426642830e-02
1.642664266426642830e-02
1.642664266426642830e-02
1.642664266426642830e-02
1.642664266426642830e-02
1.642664266426642830e-02
1.642664266426642830e-02
1.642664266426642830e-02
1.642664266426642830e-02
1.642664266426642830e-02
1.642664266426642830e-02
1.665166516651665068e-02
1.665166516651665068e-02
1.665166516651665068e-02
1.665166516651665068e-02
1.665166516651665068e-02
1.665166516651665068e-02
1.665166516651665068e-02
1.665166516651665068e-02
1.665166516651665068e-02
1.665166516651665068e-02
1.665166516651665068e-02
1.665166516651665068e-02
1.665166516651665068e-02
1.665166516651665068e-02
1.665166516651665068e-02
1.665166516651665068e-02
1.687668766876687654e-02
1.687668766876687654e-02
1.687668766876687654e-02
1.687668766876687654e-02
1.687668766876687654e-02
1.687668766876687654e-02
1.710171017101710239e-02
1.710171017101710239e-02
1.710171017101710239e-02
1.732673267326732824e-02
1.732673267326732824e-02
1.732673267326732824e-02
1.732673267326732824e-02
1.755175517551755063e-02
1.755175517551755063e-02
1.755175517551755063e-02
1.755175517551755063e-02
1.755175517551755063e-02
1.755175517551755063e-02
1.755175517551755063e-02
1.755175517551755063e-02
1.755175517551755063e-02
1.755175517551755063e-02
1.777677767776777648e-02
1.777677767776777648e-02
1.777677767776777648e-02
1.800180018001800233e-02
1.800180018001800233e-02
1.800180018001800233e-02
1.800180018001800233e-02
1.822682268226822819e-02
1.822682268226822819e-02
1.845184518451845057e-02
1.845184518451845057e-02
1.845184518451845057e-02
1.845184518451845057e-02
1.845184518451845057e-02
1.845184518451845057e-02
1.867686768676867642e-02
1.867686768676867642e-02
1.867686768676867642e-02
1.867686768676867642e-02
1.867686768676867642e-02
1.867686768676867642e-02
1.867686768676867642e-02
1.867686768676867642e-02
1.867686768676867642e-02
1.867686768676867642e-02
1.890189018901890228e-02
1.890189018901890228e-02
1.890189018901890228e-02
1.890189018901890228e-02
1.890189018901890228e-02
1.890189018901890228e-02
1.912691269126912813e-02
1.912691269126912813e-02
1.912691269126912813e-02
1.935193519351935051e-02
1.935193519351935051e-02
1.935193519351935051e-02
1.935193519351935051e-02
1.935193519351935051e-02
1.935193519351935051e-02
1.935193519351935051e-02
1.935193519351935051e-02
1.935193519351935051e-02
1.935193519351935051e-02
1.957695769576957637e-02
1.957695769576957637e-02
1.957695769576957637e-02
1.980198019801980222e-02
1.980198019801980222e-02
1.980198019801980222e-02
1.980198019801980222e-02
1.980198019801980222e-02
1.980198019801980222e-02
2.025202520252025046e-02
2.025202520252025046e-02
2.025202520252025046e-02
2.025202520252025046e-02
2.047704770477047631e-02
2.047704770477047631e-02
2.047704770477047631e-02
2.047704770477047631e-02
2.070207020702070216e-02
2.070207020702070216e-02
2.092709270927092802e-02
2.115211521152115040e-02
2.115211521152115040e-02
2.115211521152115040e-02
2.137713771377137625e-02
2.137713771377137625e-02
2.137713771377137625e-02
2.137713771377137625e-02
2.137713771377137625e-02
2.137713771377137625e-02
2.137713771377137625e-02
2.160216021602160211e-02
2.160216021602160211e-02
2.160216021602160211e-02
2.182718271827182796e-02
2.182718271827182796e-02
2.182718271827182796e-02
2.182718271827182796e-02
2.205220522052205381e-02
2.205220522052205381e-02
2.205220522052205381e-02
2.205220522052205381e-02
2.205220522052205381e-02
2.205220522052205381e-02
2.205220522052205381e-02
2.205220522052205381e-02
2.205220522052205381e-02
2.205220522052205381e-02
2.227722772277227620e-02
2.227722772277227620e-02
2.227722772277227620e-02
2.227722772277227620e-02
2.227722772277227620e-02
2.227722772277227620e-02
2.272727272727272790e-02
2.272727272727272790e-02
2.272727272727272790e-02
2.295229522952295376e-02
2.295229522952295376e-02
2.340234023402340199e-02
2.340234023402340199e-02
2.340234023402340199e-02
2.340234023402340199e-02
2.362736273627362785e-02
2.362736273627362785e-02
2.385238523852385370e-02
2.385238523852385370e-02
2.385238523852385370e-02
2.385238523852385370e-02
2.385238523852385370e-02
2.385238523852385370e-02
2.385238523852385370e-02
2.385238523852385370e-02
2.385238523852385370e-02
2.385238523852385370e-02
2.385238523852385370e-02
2.385238523852385370e-02
2.385238523852385370e-02
2.385238523852385370e-02
2.430243024302430194e-02
2.430243024302430194e-02
2.452745274527452779e-02
2.452745274527452779e-02
2.452745274527452779e-02
2.475247524752475364e-02
2.475247524752475364e-02
2.475247524752475364e-02
2.520252025202520188e-02
2.520252025202520188e-02
2.520252025202520188e-02
2.520252025202520188e-02
2.520252025202520188e-02
2.520252025202520188e-02
2.520252025202520188e-02
2.542754275427542773e-02
2.542754275427542773e-02
2.542754275427542773e-02
2.542754275427542773e-02
2.565256525652565359e-02
2.565256525652565359e-02
2.587758775877587597e-02
2.587758775877587597e-02
2.587758775877587597e-02
2.587758775877587597e-02
2.587758775877587597e-02
2.610261026102610182e-02
2.610261026102610182e-02
2.632763276327632768e-02
2.632763276327632768e-02
2.632763276327632768e-02
2.632763276327632768e-02
2.632763276327632768e-02
2.632763276327632768e-02
2.632763276327632768e-02
2.655265526552655353e-02
2.655265526552655353e-02
2.655265526552655353e-02
2.655265526552655353e-02
2.655265526552655353e-02
2.655265526552655353e-02
2.677767776777677938e-02
2.677767776777677938e-02
2.700270027002700177e-02
2.700270027002700177e-02
2.722772277227722762e-02
2.722772277227722762e-02
2.722772277227722762e-02
2.722772277227722762e-02
2.745274527452745347e-02
2.745274527452745347e-02
2.767776777677767933e-02
2.767776777677767933e-02
2.767776777677767933e-02
2.767776777677767933e-02
2.767776777677767933e-02
2.790279027902790171e-02
2.790279027902790171e-02
2.790279027902790171e-02
2.790279027902790171e-02
2.812781278127812756e-02
2.812781278127812756e-02
2.835283528352835342e-02
2.835283528352835342e-02
2.835283528352835342e-02
2.857785778577857927e-02
2.857785778577857927e-02
2.880288028802880165e-02
2.880288028802880165e-02
2.880288028802880165e-02
2.880288028802880165e-02
2.880288028802880165e-02
2.880288028802880165e-02
2.902790279027902751e-02
2.902790279027902751e-02
2.902790279027902751e-02
2.902790279027902751e-02
2.902790279027902751e-02
2.925292529252925336e-02
2.925292529252925336e-02
2.925292529252925336e-02
2.925292529252925336e-02
2.947794779477947921e-02
2.947794779477947921e-02
2.947794779477947921e-02
2.947794779477947921e-02
2.947794779477947921e-02
2.947794779477947921e-02
2.947794779477947921e-02
2.970297029702970160e-02
2.970297029702970160e-02
2.970297029702970160e-02
2.992799279927992745e-02
2.992799279927992745e-02
3.037803780378037916e-02
3.037803780378037916e-02
3.060306030603060154e-02
3.060306030603060154e-02
3.060306030603060154e-02
3.060306030603060154e-02
3.060306030603060154e-02
3.060306030603060154e-02
3.060306030603060154e-02
3.082808280828082739e-02
3.082808280828082739e-02
3.150315031503150148e-02
3.150315031503150148e-02
3.172817281728172734e-02
3.172817281728172734e-02
3.195319531953195319e-02
3.195319531953195319e-02
3.217821782178217904e-02
3.217821782178217904e-02
3.217821782178217904e-02
3.217821782178217904e-02
3.240324032403240490e-02
3.262826282628263075e-02
3.262826282628263075e-02
3.285328532853285660e-02
3.285328532853285660e-02
3.307830783078307552e-02
3.307830783078307552e-02
3.330333033303330137e-02
3.330333033303330137e-02
3.330333033303330137e-02
3.352835283528352722e-02
3.352835283528352722e-02
3.375337533753375308e-02
3.375337533753375308e-02
3.442844284428443064e-02
3.442844284428443064e-02
3.465346534653465649e-02
3.465346534653465649e-02
3.487848784878487540e-02
3.487848784878487540e-02
3.510351035103510126e-02
3.510351035103510126e-02
3.532853285328532711e-02
3.532853285328532711e-02
3.555355535553555296e-02
3.555355535553555296e-02
3.622862286228623052e-02
3.622862286228623052e-02
3.622862286228623052e-02
3.622862286228623052e-02
3.645364536453645637e-02
3.645364536453645637e-02
3.690369036903690114e-02
3.690369036903690114e-02
3.690369036903690114e-02
3.780378037803780455e-02
3.780378037803780455e-02
3.802880288028803041e-02
3.802880288028803041e-02
3.825382538253825626e-02
3.825382538253825626e-02
3.825382538253825626e-02
3.825382538253825626e-02
3.847884788478848211e-02
3.847884788478848211e-02
3.870387038703870103e-02
3.870387038703870103e-02
3.870387038703870103e-02
3.870387038703870103e-02
3.870387038703870103e-02
3.870387038703870103e-02
3.892889288928892688e-02
3.892889288928892688e-02
3.915391539153915273e-02
3.915391539153915273e-02
3.937893789378937859e-02
3.937893789378937859e-02
3.937893789378937859e-02
3.937893789378937859e-02
3.960396039603960444e-02
3.960396039603960444e-02
3.960396039603960444e-02
3.960396039603960444e-02
3.982898289828983029e-02
3.982898289828983029e-02
3.982898289828983029e-02
3.982898289828983029e-02
4.050405040504050092e-02
4.050405040504050092e-02
4.050405040504050092e-02
4.072907290729072677e-02
4.072907290729072677e-02
4.095409540954095262e-02
4.095409540954095262e-02
4.117911791179117847e-02
4.117911791179117847e-02
4.140414041404140433e-02
4.140414041404140433e-02
4.162916291629163018e-02
4.185418541854185603e-02
4.185418541854185603e-02
4.207920792079208189e-02
4.207920792079208189e-02
4.252925292529252665e-02
4.252925292529252665e-02
4.320432043204320421e-02
4.320432043204320421e-02
4.320432043204320421e-02
4.342934293429343007e-02
4.342934293429343007e-02
4.365436543654365592e-02
4.365436543654365592e-02
4.387938793879388177e-02
4.387938793879388177e-02
4.410441044104410763e-02
4.410441044104410763e-02
4.432943294329432654e-02
4.432943294329432654e-02
4.455445544554455239e-02
4.455445544554455239e-02
4.477947794779477825e-02
4.477947794779477825e-02
4.500450045004500410e-02
4.500450045004500410e-02
4.522952295229522995e-02
4.522952295229522995e-02
4.522952295229522995e-02
4.522952295229522995e-02
4.545454545454545581e-02
4.545454545454545581e-02
4.567956795679568166e-02
4.567956795679568166e-02
4.612961296129612643e-02
4.612961296129612643e-02
4.657965796579657813e-02
4.657965796579657813e-02
4.702970297029702984e-02
4.702970297029702984e-02
4.725472547254725569e-02
4.725472547254725569e-02
4.747974797479748155e-02
4.747974797479748155e-02
4.770477047704770740e-02
4.770477047704770740e-02
4.837983798379837802e-02
4.837983798379837802e-02
4.860486048604860387e-02
4.860486048604860387e-02
4.882988298829882973e-02
4.882988298829882973e-02
4.905490549054905558e-02
4.905490549054905558e-02
4.950495049504950729e-02
4.950495049504950729e-02
4.972997299729973314e-02
4.972997299729973314e-02
4.995499549954995205e-02
4.995499549954995205e-02
4.995499549954995205e-02
4.995499549954995205e-02
5.018001800180017791e-02
5.018001800180017791e-02
5.018001800180017791e-02
5.018001800180017791e-02
5.040504050405040376e-02
5.040504050405040376e-02
5.108010801080108132e-02
5.108010801080108132e-02
5.108010801080108132e-02
5.108010801080108132e-02
5.153015301530153303e-02
5.153015301530153303e-02
5.153015301530153303e-02
5.153015301530153303e-02
5.175517551755175194e-02
5.175517551755175194e-02
5.220522052205220365e-02
5.220522052205220365e-02
5.243024302430242950e-02
5.243024302430242950e-02
5.265526552655265535e-02
5.265526552655265535e-02
5.288028802880288121e-02
5.288028802880288121e-02
5.310531053105310706e-02
5.310531053105310706e-02
5.333033303330333291e-02
5.333033303330333291e-02
5.355535553555355877e-02
5.355535553555355877e-02
5.355535553555355877e-02
5.378037803780377768e-02
5.378037803780377768e-02
5.423042304230422939e-02
5.423042304230422939e-02
5.445544554455445524e-02
5.445544554455445524e-02
5.490549054905490695e-02
5.490549054905490695e-02
5.513051305130513280e-02
5.513051305130513280e-02
5.513051305130513280e-02
5.513051305130513280e-02
5.535553555355535865e-02
5.535553555355535865e-02
5.535553555355535865e-02
5.535553555355535865e-02
5.558055805580557757e-02
5.558055805580557757e-02
5.580558055805580342e-02
5.580558055805580342e-02
5.580558055805580342e-02
5.603060306030602927e-02
5.603060306030602927e-02
5.648064806480648098e-02
5.648064806480648098e-02
5.648064806480648098e-02
5.670567056705670683e-02
5.670567056705670683e-02
5.670567056705670683e-02
5.670567056705670683e-02
5.693069306930693269e-02
5.715571557155715854e-02
5.715571557155715854e-02
5.738073807380737745e-02
5.760576057605760331e-02
5.760576057605760331e-02
5.783078307830782916e-02
5.783078307830782916e-02
5.805580558055805501e-02
5.805580558055805501e-02
5.828082808280828087e-02
5.828082808280828087e-02
5.873087308730873257e-02
5.873087308730873257e-02
5.895589558955895843e-02
5.895589558955895843e-02
5.918091809180918428e-02
5.918091809180918428e-02
5.963096309630962905e-02
5.963096309630962905e-02
5.985598559855985490e-02
5.985598559855985490e-02
6.008100810081008075e-02
6.008100810081008075e-02
6.030603060306030661e-02
6.030603060306030661e-02
6.053105310531053246e-02
6.053105310531053246e-02
6.075607560756075831e-02
6.075607560756075831e-02
6.098109810981098416e-02
6.098109810981098416e-02
6.098109810981098416e-02
6.098109810981098416e-02
6.120612061206120308e-02
6.120612061206120308e-02
6.143114311431142893e-02
6.143114311431142893e-02
6.165616561656165479e-02
6.165616561656165479e-02
6.188118811881188064e-02
6.188118811881188064e-02
6.210621062106210649e-02
6.210621062106210649e-02
6.210621062106210649e-02
6.233123312331233234e-02
6.233123312331233234e-02
6.233123312331233234e-02
6.233123312331233234e-02
6.255625562556255126e-02
6.255625562556255126e-02
6.278127812781278405e-02
6.278127812781278405e-02
6.300630063006300297e-02
6.300630063006300297e-02
6.323132313231323576e-02
6.323132313231323576e-02
6.345634563456345467e-02
6.345634563456345467e-02
6.390639063906390638e-02
6.390639063906390638e-02
6.435643564356435808e-02
6.435643564356435808e-02
6.435643564356435808e-02
6.458145814581457700e-02
6.458145814581457700e-02
6.480648064806480979e-02
6.480648064806480979e-02
6.503150315031502871e-02
6.503150315031502871e-02
6.525652565256526150e-02
6.525652565256526150e-02
6.548154815481548041e-02
6.548154815481548041e-02
6.548154815481548041e-02
6.548154815481548041e-02
6.570657065706571320e-02
6.570657065706571320e-02
6.638163816381638382e-02
6.638163816381638382e-02
6.638163816381638382e-02
6.638163816381638382e-02
6.638163816381638382e-02
6.638163816381638382e-02
6.660666066606660274e-02
6.660666066606660274e-02
6.683168316831683553e-02
6.683168316831683553e-02
6.705670567056705444e-02
6.705670567056705444e-02
6.728172817281728724e-02
6.728172817281728724e-02
6.750675067506750615e-02
6.750675067506750615e-02
6.773177317731772507e-02
6.773177317731772507e-02
6.795679567956795786e-02
6.795679567956795786e-02
6.840684068406840956e-02
6.840684068406840956e-02
6.885688568856886127e-02
6.885688568856886127e-02
6.908190819081908018e-02
6.908190819081908018e-02
6.930693069306931298e-02
6.930693069306931298e-02
6.953195319531953189e-02
6.953195319531953189e-02
6.975697569756975081e-02
6.975697569756975081e-02
7.020702070207020251e-02
7.020702070207020251e-02
7.043204320432043530e-02
7.043204320432043530e-02
7.088208820882088701e-02
7.088208820882088701e-02
7.110711071107110592e-02
7.110711071107110592e-02
7.133213321332133872e-02
7.133213321332133872e-02
7.133213321332133872e-02
7.133213321332133872e-02
7.178217821782177654e-02
7.178217821782177654e-02
7.200720072007200934e-02
7.200720072007200934e-02
7.200720072007200934e-02
7.223222322232222825e-02
7.223222322232222825e-02
7.268226822682267996e-02
7.268226822682267996e-02
7.290729072907291275e-02
7.290729072907291275e-02
7.313231323132313166e-02
7.313231323132313166e-02
7.313231323132313166e-02
7.313231323132313166e-02
7.335733573357335058e-02
7.335733573357335058e-02
7.358235823582358337e-02
7.358235823582358337e-02
7.380738073807380228e-02
7.380738073807380228e-02
7.403240324032403508e-02
7.403240324032403508e-02
7.425742574257425399e-02
7.425742574257425399e-02
7.448244824482448678e-02
7.448244824482448678e-02
7.470747074707470570e-02
7.470747074707470570e-02
7.493249324932493849e-02
7.493249324932493849e-02
7.515751575157515740e-02
7.515751575157515740e-02
7.538253825382537632e-02
7.538253825382537632e-02
7.560756075607560911e-02
7.583258325832582802e-02
7.583258325832582802e-02
7.650765076507651252e-02
7.650765076507651252e-02
7.673267326732673144e-02
7.673267326732673144e-02
7.695769576957696423e-02
7.695769576957696423e-02
7.718271827182718314e-02
7.718271827182718314e-02
7.740774077407740206e-02
7.740774077407740206e-02
7.763276327632763485e-02
7.763276327632763485e-02
7.785778577857785376e-02
7.785778577857785376e-02
7.808280828082808656e-02
7.808280828082808656e-02
7.830783078307830547e-02
7.830783078307830547e-02
7.853285328532853826e-02
7.853285328532853826e-02
7.875787578757875718e-02
7.875787578757875718e-02
7.898289828982897609e-02
7.898289828982897609e-02
7.943294329432942780e-02
7.943294329432942780e-02
7.965796579657966059e-02
7.965796579657966059e-02
7.988298829882987950e-02
7.988298829882987950e-02
7.988298829882987950e-02
8.010801080108011230e-02
8.010801080108011230e-02
8.055805580558056400e-02
8.055805580558056400e-02
8.078307830783078292e-02
8.078307830783078292e-02
8.100810081008100183e-02
8.100810081008100183e-02
8.123312331233123462e-02
8.123312331233123462e-02
8.168316831683168633e-02
8.168316831683168633e-02
8.190819081908190524e-02
8.190819081908190524e-02
8.213321332133213803e-02
8.213321332133213803e-02
8.235823582358235695e-02
8.235823582358235695e-02
8.258325832583258974e-02
8.258325832583258974e-02
8.280828082808280866e-02
8.280828082808280866e-02
8.303330333033302757e-02
8.303330333033302757e-02
8.325832583258326036e-02
8.325832583258326036e-02
8.348334833483347928e-02
8.348334833483347928e-02
8.370837083708371207e-02
8.370837083708371207e-02
8.438343834383438269e-02
8.438343834383438269e-02
8.505850585058505331e-02
8.505850585058505331e-02
8.528352835283528610e-02
8.528352835283528610e-02
8.550855085508550502e-02
8.550855085508550502e-02
8.573357335733573781e-02
8.573357335733573781e-02
8.595859585958595672e-02
8.595859585958595672e-02
8.618361836183618951e-02
8.618361836183618951e-02
8.618361836183618951e-02
8.618361836183618951e-02
8.618361836183618951e-02
8.640864086408640843e-02
8.640864086408640843e-02
8.663366336633662734e-02
8.663366336633662734e-02
8.685868586858686013e-02
8.685868586858686013e-02
8.708370837083707905e-02
8.708370837083707905e-02
8.730873087308731184e-02
8.730873087308731184e-02
8.753375337533753076e-02
8.753375337533753076e-02
8.775877587758776355e-02
8.775877587758776355e-02
8.798379837983798246e-02
8.798379837983798246e-02
8.820882088208821525e-02
8.820882088208821525e-02
8.820882088208821525e-02
8.820882088208821525e-02
8.843384338433843417e-02
8.843384338433843417e-02
8.865886588658865308e-02
8.865886588658865308e-02
8.865886588658865308e-02
8.888388838883888587e-02
8.888388838883888587e-02
8.933393339333933758e-02
8.933393339333933758e-02
8.978397839783978929e-02
8.978397839783978929e-02
9.000900090009000820e-02
9.000900090009000820e-02
9.023402340234022712e-02
9.023402340234022712e-02
9.023402340234022712e-02
9.023402340234022712e-02
9.023402340234022712e-02
9.045904590459045991e-02
9.045904590459045991e-02
9.135913591359136332e-02
9.135913591359136332e-02
9.158415841584158223e-02
9.158415841584158223e-02
9.180918091809181503e-02
9.180918091809181503e-02
9.225922592259225286e-02
9.225922592259225286e-02
9.248424842484248565e-02
9.248424842484248565e-02
9.270927092709270456e-02
9.270927092709270456e-02
9.293429342934293735e-02
9.293429342934293735e-02
9.315931593159315627e-02
9.315931593159315627e-02
9.360936093609360797e-02
9.360936093609360797e-02
9.383438343834384077e-02
9.383438343834384077e-02
9.405940594059405968e-02
9.428442844284427860e-02
9.428442844284427860e-02
9.450945094509451139e-02
9.450945094509451139e-02
9.473447344734473030e-02
9.473447344734473030e-02
9.495949594959496309e-02
9.495949594959496309e-02
9.518451845184518201e-02
9.518451845184518201e-02
9.540954095409541480e-02
9.540954095409541480e-02
9.585958595859586651e-02
9.585958595859586651e-02
9.653465346534653713e-02
9.653465346534653713e-02
9.675967596759675604e-02
9.675967596759675604e-02
9.698469846984698883e-02
9.698469846984698883e-02
9.765976597659765945e-02
9.788478847884787837e-02
9.788478847884787837e-02
9.810981098109811116e-02
9.810981098109811116e-02
9.855985598559856287e-02
9.855985598559856287e-02
9.878487848784878178e-02
9.878487848784878178e-02
9.900990099009901457e-02
9.900990099009901457e-02
9.923492349234923349e-02
9.923492349234923349e-02
9.945994599459946628e-02
9.945994599459946628e-02
9.968496849684968519e-02
9.968496849684968519e-02
9.990999099909990411e-02
9.990999099909990411e-02
1.001350135013501369e-01
1.001350135013501369e-01
1.003600360036003558e-01
1.003600360036003558e-01
1.005850585058505886e-01
1.005850585058505886e-01
1.008100810081008075e-01
1.008100810081008075e-01
1.010351035103510403e-01
1.010351035103510403e-01
1.010351035103510403e-01
1.010351035103510403e-01
1.012601260126012592e-01
1.012601260126012592e-01
1.014851485148514920e-01
1.014851485148514920e-01
1.019351935193519298e-01
1.019351935193519298e-01
1.021602160216021626e-01
1.021602160216021626e-01
1.023852385238523816e-01
1.023852385238523816e-01
1.026102610261026143e-01
1.026102610261026143e-01
1.028352835283528333e-01
1.028352835283528333e-01
1.030603060306030661e-01
1.030603060306030661e-01
1.032853285328532850e-01
1.032853285328532850e-01
1.035103510351035039e-01
1.035103510351035039e-01
1.037353735373537367e-01
1.037353735373537367e-01
1.041854185418541884e-01
1.041854185418541884e-01
1.046354635463546401e-01
1.046354635463546401e-01
1.050855085508550918e-01
1.050855085508550918e-01
1.053105310531053107e-01
1.053105310531053107e-01
1.055355535553555296e-01
1.055355535553555296e-01
1.057605760576057624e-01
1.057605760576057624e-01
1.059855985598559813e-01
1.059855985598559813e-01
1.062106210621062141e-01
1.062106210621062141e-01
1.068856885688568847e-01
1.068856885688568847e-01
1.071107110711071175e-01
1.071107110711071175e-01
1.073357335733573364e-01
1.073357335733573364e-01
1.075607560756075554e-01
1.075607560756075554e-01
1.077857785778577882e-01
1.077857785778577882e-01
1.080108010801080071e-01
1.080108010801080071e-01
1.082358235823582399e-01
1.082358235823582399e-01
1.084608460846084588e-01
1.084608460846084588e-01
1.086858685868586916e-01
1.086858685868586916e-01
1.091359135913591294e-01
1.091359135913591294e-01
1.095859585958595811e-01
1.095859585958595811e-01
1.100360036003600328e-01
1.100360036003600328e-01
1.102610261026102656e-01
1.104860486048604845e-01
1.104860486048604845e-01
1.107110711071107173e-01
1.107110711071107173e-01
1.109360936093609362e-01
1.109360936093609362e-01
1.111611161116111551e-01
1.111611161116111551e-01
1.116111611161116068e-01
1.116111611161116068e-01
1.118361836183618396e-01
1.120612061206120585e-01
1.120612061206120585e-01
1.122862286228622913e-01
1.122862286228622913e-01
1.125112511251125103e-01
1.125112511251125103e-01
1.127362736273627430e-01
1.127362736273627430e-01
1.129612961296129620e-01
1.129612961296129620e-01
1.131863186318631809e-01
1.131863186318631809e-01
1.138613861386138654e-01
1.138613861386138654e-01
1.140864086408640843e-01
1.140864086408640843e-01
1.143114311431143171e-01
1.143114311431143171e-01
1.147614761476147549e-01
1.147614761476147549e-01
1.154365436543654394e-01
1.154365436543654394e-01
1.156615661566156583e-01
1.156615661566156583e-01
1.158865886588658911e-01
1.158865886588658911e-01
1.163366336633663428e-01
1.163366336633663428e-01
1.165616561656165617e-01
1.165616561656165617e-01
1.170117011701170134e-01
1.170117011701170134e-01
1.176867686768676841e-01
1.176867686768676841e-01
1.179117911791179169e-01
1.179117911791179169e-01
1.181368136813681358e-01
1.181368136813681358e-01
1.183618361836183686e-01
1.183618361836183686e-01
1.185868586858685875e-01
1.185868586858685875e-01
1.188118811881188064e-01
1.188118811881188064e-01
1.190369036903690392e-01
1.190369036903690392e-01
1.192619261926192581e-01
1.192619261926192581e-01
1.194869486948694909e-01
1.194869486948694909e-01
1.197119711971197098e-01
1.197119711971197098e-01
1.199369936993699426e-01
1.199369936993699426e-01
1.201620162016201615e-01
1.201620162016201615e-01
1.206120612061206132e-01
1.206120612061206132e-01
1.208370837083708321e-01
1.208370837083708321e-01
1.210621062106210649e-01
1.210621062106210649e-01
1.215121512151215166e-01
1.215121512151215166e-01
1.221872187218721872e-01
1.221872187218721872e-01
1.224122412241224062e-01
1.224122412241224062e-01
1.226372637263726390e-01
1.226372637263726390e-01
1.228622862286228579e-01
1.228622862286228579e-01
1.230873087308730907e-01
1.230873087308730907e-01
1.233123312331233096e-01
1.233123312331233096e-01
1.237623762376237613e-01
1.237623762376237613e-01
1.239873987398739941e-01
1.239873987398739941e-01
1.244374437443744319e-01
1.244374437443744319e-01
1.246624662466246647e-01
1.246624662466246647e-01
1.248874887488748836e-01
1.248874887488748836e-01
1.251125112511251025e-01
1.251125112511251025e-01
1.255625562556255681e-01
1.255625562556255681e-01
1.257875787578758009e-01
1.257875787578758009e-01
1.260126012601260059e-01
1.260126012601260059e-01
1.262376237623762387e-01
1.262376237623762387e-01
1.264626462646264715e-01
1.264626462646264715e-01
1.266876687668766766e-01
1.266876687668766766e-01
1.269126912691269093e-01
1.269126912691269093e-01
1.271377137713771421e-01
1.275877587758775800e-01
1.275877587758775800e-01
1.278127812781278128e-01
1.278127812781278128e-01
1.278127812781278128e-01
1.280378037803780455e-01
1.280378037803780455e-01
1.284878487848784834e-01
1.284878487848784834e-01
1.289378937893789490e-01
1.289378937893789490e-01
1.291629162916291540e-01
1.291629162916291540e-01
1.293879387938793868e-01
1.293879387938793868e-01
1.296129612961296196e-01
1.296129612961296196e-01
1.298379837983798246e-01
1.298379837983798246e-01
1.300630063006300574e-01
1.300630063006300574e-01
1.302880288028802902e-01
1.302880288028802902e-01
1.305130513051305230e-01
1.305130513051305230e-01
1.309630963096309608e-01
1.309630963096309608e-01
1.311881188118811936e-01
1.311881188118811936e-01
1.314131413141314264e-01
1.314131413141314264e-01
1.316381638163816314e-01
1.316381638163816314e-01
1.318631863186318642e-01
1.318631863186318642e-01
1.320882088208820970e-01
1.320882088208820970e-01
1.323132313231323021e-01
1.323132313231323021e-01
1.329882988298830004e-01
1.329882988298830004e-01
1.332133213321332055e-01
1.332133213321332055e-01
1.334383438343834383e-01
1.334383438343834383e-01
1.336633663366336711e-01
1.336633663366336711e-01
1.343384338433843417e-01
1.343384338433843417e-01
1.345634563456345745e-01
1.345634563456345745e-01
1.350135013501350123e-01
1.350135013501350123e-01
1.352385238523852451e-01
1.352385238523852451e-01
1.356885688568856829e-01
1.356885688568856829e-01
1.359135913591359157e-01
1.359135913591359157e-01
1.361386138613861485e-01
1.361386138613861485e-01
1.363636363636363535e-01
1.363636363636363535e-01
1.368136813681368191e-01
1.368136813681368191e-01
1.372637263726372570e-01
1.377137713771377225e-01
1.377137713771377225e-01
1.381638163816381604e-01
1.381638163816381604e-01
1.381638163816381604e-01
1.383888388838883932e-01
1.383888388838883932e-01
1.388388838883888310e-01
1.388388838883888310e-01
1.392889288928892966e-01
1.392889288928892966e-01
1.395139513951395016e-01
1.395139513951395016e-01
1.397389738973897344e-01
1.397389738973897344e-01
1.401890189018902000e-01
1.401890189018902000e-01
1.404140414041404050e-01
1.404140414041404050e-01
1.406390639063906378e-01
1.406390639063906378e-01
1.410891089108910756e-01
1.410891089108910756e-01
1.413141314131413084e-01
1.413141314131413084e-01
1.422142214221422118e-01
1.422142214221422118e-01
1.426642664266426774e-01
1.426642664266426774e-01
1.428892889288928825e-01
1.428892889288928825e-01
1.431143114311431153e-01
1.431143114311431153e-01
1.433393339333933481e-01
1.433393339333933481e-01
1.440144014401440187e-01
1.440144014401440187e-01
1.442394239423942515e-01
1.442394239423942515e-01
1.446894689468946893e-01
1.446894689468946893e-01
1.449144914491449221e-01
1.449144914491449221e-01
1.451395139513951271e-01
1.451395139513951271e-01
1.458145814581458255e-01
1.458145814581458255e-01
1.460396039603960305e-01
1.460396039603960305e-01
1.462646264626462633e-01
1.462646264626462633e-01
1.467146714671467012e-01
1.467146714671467012e-01
1.469396939693969339e-01
1.469396939693969339e-01
1.476147614761476046e-01
1.476147614761476046e-01
1.480648064806480702e-01
1.480648064806480702e-01
1.485148514851485080e-01
1.485148514851485080e-01
1.489648964896489736e-01
1.489648964896489736e-01
1.494149414941494114e-01
1.494149414941494114e-01
1.496399639963996442e-01
1.496399639963996442e-01
1.498649864986498770e-01
1.498649864986498770e-01
1.500900090009000820e-01
1.500900090009000820e-01
1.507650765076507526e-01
1.507650765076507526e-01
1.509900990099009854e-01
1.509900990099009854e-01
1.512151215121512182e-01
1.512151215121512182e-01
1.514401440144014510e-01
1.514401440144014510e-01
1.516651665166516560e-01
1.516651665166516560e-01
1.521152115211521216e-01
1.521152115211521216e-01
1.523402340234023267e-01
1.523402340234023267e-01
1.530153015301530250e-01
1.530153015301530250e-01
1.532403240324032301e-01
1.532403240324032301e-01
1.534653465346534629e-01
1.534653465346534629e-01
1.534653465346534629e-01
1.536903690369036957e-01
1.536903690369036957e-01
1.539153915391539285e-01
1.539153915391539285e-01
1.539153915391539285e-01
1.541404140414041335e-01
1.541404140414041335e-01
1.543654365436543663e-01
1.543654365436543663e-01
1.548154815481548041e-01
1.548154815481548041e-01
1.550405040504050369e-01
1.550405040504050369e-01
1.552655265526552697e-01
1.552655265526552697e-01
1.557155715571557075e-01
1.557155715571557075e-01
1.559405940594059403e-01
1.559405940594059403e-01
1.561656165616561731e-01
1.561656165616561731e-01
1.563906390639063781e-01
1.563906390639063781e-01
1.566156615661566109e-01
1.566156615661566109e-01
1.568406840684068437e-01
1.568406840684068437e-01
1.570657065706570765e-01
1.570657065706570765e-01
1.575157515751575144e-01
1.575157515751575144e-01
1.579657965796579522e-01
1.579657965796579522e-01
1.581908190819081850e-01
1.581908190819081850e-01
1.584158415841584178e-01
1.584158415841584178e-01
1.588658865886588556e-01
1.588658865886588556e-01
1.595409540954095540e-01
1.595409540954095540e-01
1.597659765976597590e-01
1.597659765976597590e-01
1.599909990999099918e-01
1.599909990999099918e-01
1.602160216021602246e-01
1.602160216021602246e-01
1.606660666066606624e-01
1.606660666066606624e-01
1.611161116111611280e-01
1.611161116111611280e-01
1.613411341134113330e-01
1.613411341134113330e-01
1.617911791179117986e-01
1.617911791179117986e-01
1.620162016201620037e-01
1.620162016201620037e-01
1.622412241224122365e-01
1.622412241224122365e-01
1.626912691269127020e-01
1.626912691269127020e-01
1.629162916291629071e-01
1.629162916291629071e-01
1.631413141314131399e-01
1.631413141314131399e-01
1.633663366336633727e-01
1.633663366336633727e-01
1.638163816381638105e-01
1.638163816381638105e-01
1.644914491449144811e-01
1.644914491449144811e-01
1.649414941494149467e-01
1.649414941494149467e-01
1.656165616561656173e-01
1.656165616561656173e-01
1.660666066606660551e-01
1.660666066606660551e-01
1.671917191719171913e-01
1.671917191719171913e-01
1.676417641764176292e-01
1.676417641764176292e-01
1.678667866786678620e-01
1.678667866786678620e-01
1.680918091809180948e-01
1.680918091809180948e-01
1.683168316831683275e-01
1.683168316831683275e-01
1.685418541854185326e-01
1.685418541854185326e-01
1.689918991899189982e-01
1.689918991899189982e-01
1.694419441944194360e-01
1.694419441944194360e-01
1.696669666966696688e-01
1.696669666966696688e-01
1.701170117011701066e-01
1.701170117011701066e-01
1.705670567056705722e-01
1.705670567056705722e-01
1.707920792079208050e-01
1.707920792079208050e-01
1.710171017101710100e-01
1.710171017101710100e-01
1.714671467146714756e-01
1.714671467146714756e-01
1.716921692169216807e-01
1.716921692169216807e-01
1.719171917191719134e-01
1.719171917191719134e-01
1.723672367236723790e-01
1.723672367236723790e-01
1.728172817281728169e-01
1.728172817281728169e-01
1.730423042304230496e-01
1.730423042304230496e-01
1.734923492349234875e-01
1.734923492349234875e-01
1.739423942394239531e-01
1.739423942394239531e-01
1.743924392439243909e-01
1.743924392439243909e-01
1.746174617461746237e-01
1.746174617461746237e-01
1.748424842484248287e-01
1.748424842484248287e-01
1.752925292529252943e-01
1.752925292529252943e-01
1.757425742574257321e-01
1.757425742574257321e-01
1.761926192619261977e-01
1.761926192619261977e-01
1.766426642664266355e-01
1.766426642664266355e-01
1.768676867686768683e-01
1.768676867686768683e-01
1.770927092709271011e-01
1.770927092709271011e-01
1.775427542754275390e-01
1.775427542754275390e-01
1.777677767776777717e-01
1.777677767776777717e-01
1.779927992799280045e-01
1.779927992799280045e-01
1.782178217821782096e-01
1.782178217821782096e-01
1.784428442844284424e-01
1.784428442844284424e-01
1.788928892889288802e-01
1.788928892889288802e-01
1.791179117911791130e-01
1.791179117911791130e-01
1.795679567956795786e-01
1.795679567956795786e-01
1.797929792979297836e-01
1.797929792979297836e-01
1.800180018001800164e-01
1.800180018001800164e-01
1.802430243024302492e-01
1.802430243024302492e-01
1.804680468046804542e-01
1.804680468046804542e-01
1.806930693069306870e-01
1.806930693069306870e-01
1.815931593159315904e-01
1.815931593159315904e-01
1.818181818181818232e-01
1.818181818181818232e-01
1.822682268226822611e-01
1.822682268226822611e-01
1.824932493249324938e-01
1.824932493249324938e-01
1.827182718271827266e-01
1.827182718271827266e-01
1.829432943294329317e-01
1.829432943294329317e-01
1.836183618361836301e-01
1.836183618361836301e-01
1.838433843384338351e-01
1.838433843384338351e-01
1.840684068406840679e-01
1.840684068406840679e-01
1.847434743474347385e-01
1.847434743474347385e-01
1.849684968496849713e-01
1.849684968496849713e-01
1.851935193519352041e-01
1.851935193519352041e-01
1.854185418541854091e-01
1.854185418541854091e-01
1.858685868586858747e-01
1.858685868586858747e-01
1.865436543654365453e-01
1.865436543654365453e-01
1.867686768676867781e-01
1.867686768676867781e-01
1.872187218721872159e-01
1.872187218721872159e-01
1.874437443744374487e-01
1.874437443744374487e-01
1.878937893789378866e-01
1.878937893789378866e-01
1.881188118811881194e-01
1.881188118811881194e-01
1.894689468946894606e-01
1.894689468946894606e-01
1.899189918991899262e-01
1.899189918991899262e-01
1.901440144014401312e-01
1.901440144014401312e-01
1.903690369036903640e-01
1.903690369036903640e-01
1.905940594059405968e-01
1.905940594059405968e-01
1.908190819081908296e-01
1.908190819081908296e-01
1.914941494149415002e-01
1.914941494149415002e-01
1.919441944194419380e-01
1.919441944194419380e-01
1.921692169216921708e-01
1.921692169216921708e-01
1.926192619261926087e-01
1.926192619261926087e-01
1.928442844284428415e-01
1.928442844284428415e-01
1.932943294329433070e-01
1.932943294329433070e-01
1.935193519351935121e-01
1.935193519351935121e-01
1.939693969396939777e-01
1.939693969396939777e-01
1.941944194419441827e-01
1.941944194419441827e-01
1.944194419441944155e-01
1.944194419441944155e-01
1.946444644464446483e-01
1.946444644464446483e-01
1.948694869486948811e-01
1.948694869486948811e-01
1.950945094509450861e-01
1.950945094509450861e-01
1.955445544554455517e-01
1.957695769576957567e-01
1.959945994599459895e-01
1.959945994599459895e-01
1.964446444644464551e-01
1.964446444644464551e-01
1.968946894689468929e-01
1.968946894689468929e-01
1.971197119711971257e-01
1.971197119711971257e-01
1.977947794779477964e-01
1.977947794779477964e-01
1.982448244824482342e-01
1.982448244824482342e-01
1.984698469846984670e-01
1.984698469846984670e-01
1.986948694869486998e-01
1.986948694869486998e-01
1.991449144914491376e-01
1.991449144914491376e-01
1.993699369936993704e-01
1.993699369936993704e-01
1.998199819981998082e-01
1.998199819981998082e-01
2.000450045004500410e-01
2.000450045004500410e-01
2.004950495049505066e-01
2.004950495049505066e-01
2.007200720072007116e-01
2.007200720072007116e-01
2.009450945094509444e-01
2.009450945094509444e-01
2.011701170117011772e-01
2.011701170117011772e-01
2.013951395139513822e-01
2.013951395139513822e-01
2.016201620162016150e-01
2.016201620162016150e-01
2.020702070207020806e-01
2.020702070207020806e-01
2.025202520252025185e-01
2.025202520252025185e-01
2.031953195319531891e-01
2.031953195319531891e-01
2.034203420342034219e-01
2.034203420342034219e-01
2.040954095409540925e-01
2.040954095409540925e-01
2.043204320432043253e-01
2.043204320432043253e-01
2.045454545454545581e-01
2.045454545454545581e-01
2.054455445544554337e-01
2.054455445544554337e-01
2.056705670567056665e-01
2.056705670567056665e-01
2.061206120612061321e-01
2.061206120612061321e-01
2.063456345634563371e-01
2.063456345634563371e-01
2.076957695769577061e-01
2.076957695769577061e-01
2.081458145814581440e-01
2.081458145814581440e-01
2.083708370837083768e-01
2.083708370837083768e-01
2.092709270927092802e-01
2.092709270927092802e-01
2.099459945994599508e-01
2.099459945994599508e-01
2.119711971197119627e-01
2.119711971197119627e-01
2.124212421242124282e-01
2.124212421242124282e-01
2.128712871287128661e-01
2.128712871287128661e-01
2.130963096309630989e-01
2.130963096309630989e-01
2.144464446444644401e-01
2.144464446444644401e-01
2.146714671467146729e-01
2.146714671467146729e-01
2.148964896489649057e-01
2.148964896489649057e-01
2.162466246624662469e-01
2.162466246624662469e-01
2.164716471647164797e-01
2.164716471647164797e-01
2.166966696669666848e-01
2.166966696669666848e-01
2.175967596759675882e-01
2.175967596759675882e-01
2.180468046804680537e-01
2.180468046804680537e-01
2.187218721872187244e-01
2.187218721872187244e-01
2.191719171917191622e-01
2.191719171917191622e-01
2.193969396939693950e-01
2.193969396939693950e-01
2.202970297029702984e-01
2.202970297029702984e-01
2.214221422142214346e-01
2.214221422142214346e-01
2.218721872187218724e-01
2.218721872187218724e-01
2.220972097209721052e-01
2.220972097209721052e-01
2.223222322232223103e-01
2.223222322232223103e-01
2.225472547254725431e-01
2.225472547254725431e-01
2.236723672367236793e-01
2.236723672367236793e-01
2.238973897389738843e-01
2.238973897389738843e-01
2.241224122412241171e-01
2.241224122412241171e-01
2.243474347434743499e-01
2.243474347434743499e-01
2.245724572457245827e-01
2.245724572457245827e-01
2.250225022502250205e-01
2.250225022502250205e-01
2.259225922592259239e-01
2.259225922592259239e-01
2.261476147614761567e-01
2.261476147614761567e-01
2.263726372637263617e-01
2.263726372637263617e-01
2.265976597659765945e-01
2.265976597659765945e-01
2.268226822682268273e-01
2.268226822682268273e-01
2.270477047704770601e-01
2.270477047704770601e-01
2.272727272727272652e-01
2.272727272727272652e-01
2.274977497749774979e-01
2.274977497749774979e-01
2.279477947794779358e-01
2.279477947794779358e-01
2.283978397839784014e-01
2.283978397839784014e-01
2.286228622862286342e-01
2.286228622862286342e-01
2.288478847884788392e-01
2.288478847884788392e-01
2.292979297929793048e-01
2.292979297929793048e-01
2.297479747974797426e-01
2.297479747974797426e-01
2.304230423042304132e-01
2.304230423042304132e-01
2.310981098109811116e-01
2.310981098109811116e-01
2.322232223222322200e-01
2.322232223222322200e-01
2.333483348334833563e-01
2.333483348334833563e-01
2.335733573357335613e-01
2.335733573357335613e-01
2.337983798379837941e-01
2.337983798379837941e-01
2.342484248424842597e-01
2.342484248424842597e-01
2.344734473447344647e-01
2.344734473447344647e-01
2.349234923492349303e-01
2.349234923492349303e-01
2.351485148514851353e-01
2.351485148514851353e-01
2.353735373537353681e-01
2.353735373537353681e-01
2.355985598559856009e-01
2.355985598559856009e-01
2.360486048604860387e-01
2.360486048604860387e-01
2.364986498649865043e-01
2.364986498649865043e-01
2.371737173717371749e-01
2.371737173717371749e-01
2.376237623762376128e-01
2.376237623762376128e-01
2.380738073807380784e-01
2.380738073807380784e-01
2.382988298829883111e-01
2.382988298829883111e-01
2.385238523852385162e-01
2.385238523852385162e-01
2.389738973897389818e-01
2.389738973897389818e-01
2.394239423942394196e-01
2.394239423942394196e-01
2.396489648964896524e-01
2.396489648964896524e-01
2.403240324032403230e-01
2.403240324032403230e-01
2.405490549054905558e-01
2.405490549054905558e-01
2.407740774077407608e-01
2.407740774077407608e-01
2.412241224122412264e-01
2.412241224122412264e-01
2.423492349234923626e-01
2.423492349234923626e-01
2.425742574257425677e-01
2.425742574257425677e-01
2.430243024302430332e-01
2.430243024302430332e-01
2.432493249324932383e-01
2.432493249324932383e-01
2.434743474347434711e-01
2.434743474347434711e-01
2.439243924392439367e-01
2.439243924392439367e-01
2.450495049504950451e-01
2.450495049504950451e-01
2.452745274527452779e-01
2.452745274527452779e-01
2.466246624662466191e-01
2.466246624662466191e-01
2.470747074707470847e-01
2.470747074707470847e-01
2.472997299729972898e-01
2.472997299729972898e-01
2.475247524752475226e-01
2.475247524752475226e-01
2.481998199819981932e-01
2.481998199819981932e-01
2.495499549954995622e-01
2.495499549954995622e-01
2.497749774977497672e-01
2.497749774977497672e-01
2.502250225022502050e-01
2.502250225022502050e-01
2.506750675067506706e-01
2.506750675067506706e-01
2.520252025202520119e-01
2.520252025202520119e-01
2.522502250225022724e-01
2.522502250225022724e-01
2.524752475247524774e-01
2.524752475247524774e-01
2.533753375337533531e-01
2.533753375337533531e-01
2.540504050405040237e-01
2.540504050405040237e-01
2.549504950495049549e-01
2.549504950495049549e-01
2.567506750675067617e-01
2.567506750675067617e-01
2.578757875787578979e-01
2.578757875787578979e-01
2.581008100810081030e-01
2.581008100810081030e-01
2.585508550855085685e-01
2.585508550855085685e-01
2.599009900990099098e-01
2.599009900990099098e-01
2.603510351035103754e-01
2.603510351035103754e-01
2.608010801080107854e-01
2.608010801080107854e-01
2.610261026102610460e-01
2.610261026102610460e-01
2.612511251125112510e-01
2.612511251125112510e-01
2.621512151215121267e-01
2.621512151215121267e-01
2.626012601260125923e-01
2.626012601260125923e-01
2.628262826282628528e-01
2.628262826282628528e-01
2.632763276327632629e-01
2.632763276327632629e-01
2.637263726372637285e-01
2.637263726372637285e-01
2.644014401440143991e-01
2.644014401440143991e-01
2.653015301530152747e-01
2.653015301530152747e-01
2.655265526552655353e-01
2.655265526552655353e-01
2.659765976597660009e-01
2.659765976597660009e-01
2.664266426642664110e-01
2.664266426642664110e-01
2.668766876687668765e-01
2.668766876687668765e-01
2.673267326732673421e-01
2.673267326732673421e-01
2.677767776777677522e-01
2.677767776777677522e-01
2.682268226822682178e-01
2.682268226822682178e-01
2.684518451845184783e-01
2.684518451845184783e-01
2.695769576957695590e-01
2.695769576957695590e-01
2.704770477047704902e-01
2.704770477047704902e-01
2.707020702070206952e-01
2.707020702070206952e-01
2.709270927092709003e-01
2.709270927092709003e-01
2.716021602160216264e-01
2.716021602160216264e-01
2.720522052205220365e-01
2.720522052205220365e-01
2.722772277227722970e-01
2.722772277227722970e-01
2.727272727272727071e-01
2.727272727272727071e-01
2.729522952295229676e-01
2.729522952295229676e-01
2.731773177317731727e-01
2.731773177317731727e-01
2.736273627362736383e-01
2.736273627362736383e-01
2.740774077407741038e-01
2.740774077407741038e-01
2.743024302430243089e-01
2.743024302430243089e-01
2.745274527452745139e-01
2.745274527452745139e-01
2.749774977497749795e-01
2.749774977497749795e-01
2.752025202520251845e-01
2.752025202520251845e-01
2.756525652565256501e-01
2.756525652565256501e-01
2.758775877587758552e-01
2.758775877587758552e-01
2.765526552655265258e-01
2.765526552655265258e-01
2.767776777677767863e-01
2.767776777677767863e-01
2.770027002700269914e-01
2.770027002700269914e-01
2.772277227722772519e-01
2.772277227722772519e-01
2.774527452745274569e-01
2.774527452745274569e-01
2.783528352835283326e-01
2.783528352835283326e-01
2.788028802880287982e-01
2.788028802880287982e-01
2.790279027902790032e-01
2.790279027902790032e-01
2.792529252925292638e-01
2.792529252925292638e-01
2.799279927992799344e-01
2.799279927992799344e-01
2.803780378037804000e-01
2.803780378037804000e-01
2.806030603060306050e-01
2.806030603060306050e-01
2.817281728172817412e-01
2.817281728172817412e-01
2.821782178217821513e-01
2.821782178217821513e-01
2.830783078307830825e-01
2.830783078307830825e-01
2.835283528352835480e-01
2.835283528352835480e-01
2.837533753375337531e-01
2.837533753375337531e-01
2.848784878487848893e-01
2.853285328532853549e-01
2.855535553555355599e-01
2.855535553555355599e-01
2.857785778577857649e-01
2.857785778577857649e-01
2.860036003600360255e-01
2.860036003600360255e-01
2.866786678667866961e-01
2.866786678667866961e-01
2.871287128712871062e-01
2.871287128712871062e-01
2.873537353735373667e-01
2.873537353735373667e-01
2.875787578757875718e-01
2.875787578757875718e-01
2.878037803780377768e-01
2.878037803780377768e-01
2.884788478847885029e-01
2.884788478847885029e-01
2.887038703870387080e-01
2.887038703870387080e-01
2.889288928892889130e-01
2.889288928892889130e-01
2.907290729072907198e-01
2.907290729072907198e-01
2.909540954095409804e-01
2.909540954095409804e-01
2.911791179117911854e-01
2.911791179117911854e-01
2.916291629162916510e-01
2.916291629162916510e-01
2.925292529252925267e-01
2.925292529252925267e-01
2.927542754275427317e-01
2.927542754275427317e-01
2.950045004500450041e-01
2.950045004500450041e-01
2.954545454545454697e-01
2.954545454545454697e-01
2.956795679567956747e-01
2.956795679567956747e-01
2.959045904590458798e-01
2.959045904590458798e-01
2.970297029702970160e-01
2.970297029702970160e-01
2.977047704770476866e-01
2.977047704770476866e-01
2.981548154815481522e-01
2.981548154815481522e-01
2.983798379837983572e-01
2.983798379837983572e-01
2.986048604860486178e-01
2.986048604860486178e-01
2.995049504950494934e-01
2.995049504950494934e-01
3.006300630063006296e-01
3.006300630063006296e-01
3.010801080108010952e-01
3.010801080108010952e-01
3.013051305130513002e-01
3.013051305130513002e-01
3.015301530153015053e-01
3.015301530153015053e-01
3.017551755175517658e-01
3.017551755175517658e-01
3.019801980198019709e-01
3.019801980198019709e-01
3.031053105310531071e-01
3.031053105310531071e-01
3.040054005400539827e-01
3.040054005400539827e-01
3.051305130513051189e-01
3.051305130513051189e-01
3.053555355535553795e-01
3.053555355535553795e-01
3.062556255625562551e-01
3.062556255625562551e-01
3.064806480648064602e-01
3.064806480648064602e-01
3.069306930693069257e-01
3.069306930693069257e-01
3.073807380738073913e-01
3.073807380738073913e-01
3.076057605760575964e-01
3.076057605760575964e-01
3.082808280828082670e-01
3.082808280828082670e-01
3.094059405940594032e-01
3.094059405940594032e-01
3.098559855985598688e-01
3.098559855985598688e-01
3.105310531053105394e-01
3.105310531053105394e-01
3.112061206120612100e-01
3.112061206120612100e-01
3.114311431143114151e-01
3.114311431143114151e-01
3.125562556255625513e-01
3.125562556255625513e-01
3.130063006300630168e-01
3.130063006300630168e-01
3.132313231323132219e-01
3.141314131413141530e-01
3.141314131413141530e-01
3.145814581458145631e-01
3.145814581458145631e-01
3.148064806480648237e-01
3.148064806480648237e-01
3.152565256525652337e-01
3.152565256525652337e-01
3.168316831683168355e-01
3.168316831683168355e-01
3.170567056705670406e-01
3.170567056705670406e-01
3.177317731773177112e-01
3.177317731773177112e-01
3.181818181818181768e-01
3.181818181818181768e-01
3.193069306930693130e-01
3.193069306930693130e-01
3.199819981998199836e-01
3.199819981998199836e-01
3.202070207020701886e-01
3.202070207020701886e-01
3.204320432043204492e-01
3.204320432043204492e-01
3.213321332133213248e-01
3.213321332133213248e-01
3.222322232223222560e-01
3.222322232223222560e-01
3.224572457245724610e-01
3.224572457245724610e-01
3.226822682268226661e-01
3.226822682268226661e-01
3.229072907290729266e-01
3.229072907290729266e-01
3.235823582358235972e-01
3.235823582358235972e-01
3.242574257425742679e-01
3.242574257425742679e-01
3.247074707470747335e-01
3.247074707470747335e-01
3.249324932493249385e-01
3.249324932493249385e-01
3.256075607560756091e-01
3.256075607560756091e-01
3.269576957695769504e-01
3.269576957695769504e-01
3.280828082808280866e-01
3.280828082808280866e-01
3.287578757875787572e-01
3.287578757875787572e-01
3.289828982898289622e-01
3.289828982898289622e-01
3.294329432943294278e-01
3.294329432943294278e-01
3.296579657965796328e-01
3.296579657965796328e-01
3.298829882988298934e-01
3.298829882988298934e-01
3.305580558055805640e-01
3.305580558055805640e-01
3.307830783078307690e-01
3.307830783078307690e-01
3.319081908190819052e-01
3.319081908190819052e-01
3.323582358235823708e-01
3.323582358235823708e-01
3.328082808280827809e-01
3.328082808280827809e-01
3.337083708370837121e-01
3.337083708370837121e-01
3.339333933393339171e-01
3.339333933393339171e-01
3.348334833483348483e-01
3.348334833483348483e-01
3.350585058505850533e-01
3.350585058505850533e-01
3.352835283528352583e-01
3.352835283528352583e-01
3.366336633663366551e-01
3.366336633663366551e-01
3.370837083708370652e-01
3.370837083708370652e-01
3.379837983798379963e-01
3.379837983798379963e-01
3.384338433843384064e-01
3.384338433843384064e-01
3.391089108910891325e-01
3.391089108910891325e-01
3.393339333933393376e-01
3.393339333933393376e-01
3.400090009000900082e-01
3.400090009000900082e-01
3.402340234023402132e-01
3.402340234023402132e-01
3.406840684068406788e-01
3.406840684068406788e-01
3.413591359135913494e-01
3.413591359135913494e-01
3.415841584158416100e-01
3.415841584158416100e-01
3.418091809180918150e-01
3.418091809180918150e-01
3.420342034203420201e-01
3.420342034203420201e-01
3.422592259225922806e-01
3.422592259225922806e-01
3.429342934293429512e-01
3.429342934293429512e-01
3.436093609360936219e-01
3.436093609360936219e-01
3.449594959495949631e-01
3.449594959495949631e-01
3.451845184518451681e-01
3.451845184518451681e-01
3.454095409540954287e-01
3.454095409540954287e-01
3.458595859585958388e-01
3.458595859585958388e-01
3.460846084608460993e-01
3.460846084608460993e-01
3.463096309630963043e-01
3.463096309630963043e-01
3.474347434743474405e-01
3.474347434743474405e-01
3.476597659765976456e-01
3.476597659765976456e-01
3.487848784878487818e-01
3.487848784878487818e-01
3.490099009900989868e-01
3.490099009900989868e-01
3.494599459945994524e-01
3.494599459945994524e-01
3.499099909990999180e-01
3.499099909990999180e-01
3.501350135013501230e-01
3.501350135013501230e-01
3.514851485148514643e-01
3.514851485148514643e-01
3.519351935193519298e-01
3.519351935193519298e-01
3.530603060306030661e-01
3.530603060306030661e-01
3.537353735373537367e-01
3.537353735373537367e-01
3.553105310531052830e-01
3.553105310531052830e-01
3.557605760576057485e-01
3.557605760576057485e-01
3.562106210621062141e-01
3.562106210621062141e-01
3.575607560756075554e-01
3.575607560756075554e-01
3.589108910891088966e-01
3.589108910891088966e-01
3.604860486048604984e-01
3.604860486048604984e-01
3.611611161116111690e-01
3.611611161116111690e-01
3.613861386138613740e-01
3.613861386138613740e-01
3.618361836183618396e-01
3.618361836183618396e-01
3.618361836183618396e-01
3.627362736273627153e-01
3.627362736273627153e-01
3.636363636363636465e-01
3.636363636363636465e-01
3.638613861386138515e-01
3.638613861386138515e-01
3.645364536453645221e-01
3.645364536453645221e-01
3.656615661566156583e-01
3.656615661566156583e-01
3.661116111611161239e-01
3.661116111611161239e-01
3.661116111611161239e-01
3.674617461746174651e-01
3.674617461746174651e-01
3.679117911791179307e-01
3.679117911791179307e-01
3.681368136813681358e-01
3.681368136813681358e-01
3.688118811881188064e-01
3.688118811881188064e-01
3.690369036903690114e-01
3.690369036903690114e-01
3.692619261926192720e-01
3.692619261926192720e-01
3.717371737173717494e-01
3.717371737173717494e-01
3.724122412241224200e-01
3.724122412241224200e-01
3.730873087308730907e-01
3.730873087308730907e-01
3.744374437443744319e-01
3.744374437443744319e-01
3.762376237623762387e-01
3.762376237623762387e-01
3.764626462646264438e-01
3.764626462646264438e-01
3.771377137713771144e-01
3.771377137713771144e-01
3.778127812781278405e-01
3.778127812781278405e-01
3.787128712871287162e-01
3.787128712871287162e-01
3.805130513051305230e-01
3.805130513051305230e-01
3.807380738073807280e-01
3.807380738073807280e-01
3.811881188118811936e-01
3.811881188118811936e-01
3.816381638163816592e-01
3.816381638163816592e-01
3.836633663366336711e-01
3.836633663366336711e-01
3.850135013501350123e-01
3.850135013501350123e-01
3.852385238523852173e-01
3.852385238523852173e-01
3.854635463546354779e-01
3.854635463546354779e-01
3.859135913591358880e-01
3.859135913591358880e-01
3.861386138613861485e-01
3.861386138613861485e-01
3.863636363636363535e-01
3.863636363636363535e-01
3.865886588658866141e-01
3.865886588658866141e-01
3.872637263726372847e-01
3.872637263726372847e-01
3.886138613861386260e-01
3.886138613861386260e-01
3.895139513951395016e-01
3.895139513951395016e-01
3.897389738973897622e-01
3.897389738973897622e-01
3.899639963996399672e-01
3.899639963996399672e-01
3.901890189018901722e-01
3.901890189018901722e-01
3.908640864086408429e-01
3.908640864086408429e-01
3.913141314131413084e-01
3.913141314131413084e-01
3.922142214221422396e-01
3.922142214221422396e-01
3.924392439243924446e-01
3.924392439243924446e-01
3.928892889288929102e-01
3.928892889288929102e-01
3.937893789378937859e-01
3.937893789378937859e-01
3.942394239423942515e-01
3.942394239423942515e-01
3.946894689468947170e-01
3.946894689468947170e-01
3.951395139513951271e-01
3.951395139513951271e-01
3.962646264626462633e-01
3.962646264626462633e-01
3.969396939693969339e-01
3.969396939693969339e-01
3.971647164716471390e-01
3.971647164716471390e-01
3.985148514851485357e-01
3.985148514851485357e-01
3.987398739873987408e-01
3.987398739873987408e-01
3.996399639963996164e-01
3.996399639963996164e-01
4.014401440144014233e-01
4.014401440144014233e-01
4.016651665166516838e-01
4.016651665166516838e-01
4.023402340234023544e-01
4.023402340234023544e-01
4.032403240324032301e-01
4.032403240324032301e-01
4.043654365436543663e-01
4.043654365436543663e-01
4.052655265526552419e-01
4.052655265526552419e-01
4.061656165616561731e-01
4.061656165616561731e-01
4.068406840684068437e-01
4.068406840684068437e-01
4.084158415841583900e-01
4.084158415841583900e-01
4.106660666066606624e-01
4.106660666066606624e-01
4.115661566156615936e-01
4.115661566156615936e-01
4.151665166516651517e-01
4.151665166516651517e-01
4.158415841584158223e-01
4.158415841584158223e-01
4.176417641764176292e-01
4.176417641764176292e-01
4.185418541854185603e-01
4.185418541854185603e-01
4.196669666966696410e-01
4.196669666966696410e-01
4.239423942394239253e-01
4.239423942394239253e-01
4.248424842484248565e-01
4.248424842484248565e-01
4.252925292529252665e-01
4.252925292529252665e-01
4.255175517551755271e-01
4.255175517551755271e-01
4.275427542754275390e-01
4.275427542754275390e-01
4.306930693069306870e-01
4.306930693069306870e-01
4.322682268226822888e-01
4.322682268226822888e-01
4.327182718271826989e-01
4.327182718271826989e-01
4.329432943294329594e-01
4.329432943294329594e-01
4.331683168316831645e-01
4.331683168316831645e-01
4.333933393339333695e-01
4.333933393339333695e-01
4.336183618361836301e-01
4.336183618361836301e-01
4.342934293429343007e-01
4.342934293429343007e-01
4.349684968496849713e-01
4.349684968496849713e-01
4.358685868586858470e-01
4.358685868586858470e-01
4.363186318631863125e-01
4.363186318631863125e-01
4.374437443744374487e-01
4.374437443744374487e-01
4.396939693969397212e-01
4.396939693969397212e-01
4.403690369036903918e-01
4.403690369036903918e-01
4.405940594059405968e-01
4.405940594059405968e-01
4.408190819081908018e-01
4.408190819081908018e-01
4.412691269126912674e-01
4.412691269126912674e-01
4.423942394239424036e-01
4.423942394239424036e-01
4.435193519351935398e-01
4.435193519351935398e-01
4.441944194419442105e-01
4.441944194419442105e-01
4.457695769576957567e-01
4.457695769576957567e-01
4.464446444644464274e-01
4.464446444644464274e-01
4.491449144914491654e-01
4.491449144914491654e-01
4.509450945094509722e-01
4.509450945094509722e-01
4.511701170117011772e-01
4.511701170117011772e-01
4.516201620162016428e-01
4.516201620162016428e-01
4.518451845184518478e-01
4.518451845184518478e-01
4.543204320432043253e-01
4.543204320432043253e-01
4.549954995499549959e-01
4.549954995499549959e-01
4.552205220522052009e-01
4.552205220522052009e-01
4.554455445544554615e-01
4.554455445544554615e-01
4.576957695769576784e-01
4.576957695769576784e-01
4.581458145814581440e-01
4.581458145814581440e-01
4.590459045904590196e-01
4.590459045904590196e-01
4.594959495949594852e-01
4.594959495949594852e-01
4.608460846084608264e-01
4.608460846084608264e-01
4.610711071107110870e-01
4.610711071107110870e-01
4.615211521152114971e-01
4.615211521152114971e-01
4.633213321332133039e-01
4.633213321332133039e-01
4.644464446444644401e-01
4.644464446444644401e-01
4.644464446444644401e-01
4.644464446444644401e-01
4.651215121512151107e-01
4.651215121512151107e-01
4.655715571557155763e-01
4.655715571557155763e-01
4.657965796579657813e-01
4.657965796579657813e-01
4.664716471647164520e-01
4.664716471647164520e-01
4.669216921692169175e-01
4.669216921692169175e-01
4.673717371737173831e-01
4.673717371737173831e-01
4.698469846984698606e-01
4.698469846984698606e-01
4.705220522052205312e-01
4.705220522052205312e-01
4.707470747074707362e-01
4.707470747074707362e-01
4.720972097209720775e-01
4.720972097209720775e-01
4.741224122412241448e-01
4.741224122412241448e-01
4.745724572457245549e-01
4.745724572457245549e-01
4.752475247524752255e-01
4.752475247524752255e-01
4.756975697569756911e-01
4.756975697569756911e-01
4.765976597659766223e-01
4.765976597659766223e-01
4.768226822682268273e-01
4.768226822682268273e-01
4.790729072907290997e-01
4.790729072907290997e-01
4.808730873087308511e-01
4.808730873087308511e-01
4.810981098109811116e-01
4.810981098109811116e-01
4.824482448244824528e-01
4.824482448244824528e-01
4.826732673267326579e-01
4.826732673267326579e-01
4.828982898289829184e-01
4.828982898289829184e-01
4.833483348334833285e-01
4.833483348334833285e-01
4.835733573357335890e-01
4.835733573357335890e-01
4.842484248424842597e-01
4.842484248424842597e-01
4.844734473447344647e-01
4.844734473447344647e-01
4.846984698469847253e-01
4.846984698469847253e-01
4.851485148514851353e-01
4.851485148514851353e-01
4.858235823582358059e-01
4.858235823582358059e-01
4.860486048604860665e-01
4.860486048604860665e-01
4.887488748874887490e-01
4.887488748874887490e-01
4.905490549054905558e-01
4.905490549054905558e-01
4.909990999099910214e-01
4.909990999099910214e-01
4.923492349234923626e-01
4.923492349234923626e-01
4.927992799279927727e-01
4.927992799279927727e-01
4.968496849684968519e-01
4.968496849684968519e-01
4.997749774977497950e-01
4.997749774977497950e-01
5.000000000000000000e-01
5.000000000000000000e-01
5.002250225022502050e-01
5.002250225022502050e-01
5.022502250225022724e-01
5.022502250225022724e-01
5.042754275427542288e-01
5.042754275427542288e-01
5.047254725472547499e-01
5.047254725472547499e-01
5.056255625562556810e-01
5.056255625562556810e-01
5.063006300630062961e-01
5.063006300630062961e-01
5.067506750675067062e-01
5.067506750675067062e-01
5.096759675967597047e-01
5.096759675967597047e-01
5.108010801080108410e-01
5.108010801080108410e-01
5.171017101710171371e-01
5.171017101710171371e-01
5.175517551755175472e-01
5.175517551755175472e-01
5.200270027002700246e-01
5.200270027002700246e-01
5.204770477047704347e-01
5.204770477047704347e-01
5.231773177317732282e-01
5.231773177317732282e-01
5.256525652565257056e-01
5.256525652565257056e-01
5.265526552655265258e-01
5.265526552655265258e-01
5.272277227722772519e-01
5.272277227722772519e-01
5.339783978397839581e-01
5.339783978397839581e-01
5.357785778577858204e-01
5.357785778577858204e-01
5.366786678667866406e-01
5.366786678667866406e-01
5.373537353735373667e-01
5.373537353735373667e-01
5.389288928892889130e-01
5.389288928892889130e-01
5.398289828982898442e-01
5.398289828982898442e-01
5.420792079207921166e-01
5.420792079207921166e-01
5.438793879387938679e-01
5.438793879387938679e-01
5.463546354635463453e-01
5.463546354635463453e-01
5.470297029702970715e-01
5.470297029702970715e-01
5.513051305130513002e-01
5.513051305130513002e-01
5.553555355535553240e-01
5.553555355535553240e-01
5.564806480648064602e-01
5.564806480648064602e-01
5.573807380738073913e-01
5.573807380738073913e-01
5.621062106210621412e-01
5.621062106210621412e-01
5.679567956795679162e-01
5.679567956795679162e-01
5.688568856885688474e-01
5.688568856885688474e-01
5.713321332133213248e-01
5.713321332133213248e-01
5.715571557155715299e-01
5.715571557155715299e-01
5.720072007200720510e-01
5.720072007200720510e-01
5.729072907290728711e-01
5.729072907290728711e-01
5.749324932493249385e-01
5.749324932493249385e-01
5.771827182718272109e-01
5.771827182718272109e-01
5.796579657965796883e-01
5.796579657965796883e-01
5.805580558055805085e-01
5.805580558055805085e-01
5.839333933393339171e-01
5.839333933393339171e-01
5.841584158415841221e-01
5.841584158415841221e-01
5.848334833483348483e-01
5.848334833483348483e-01
5.886588658865886670e-01
5.886588658865886670e-01
5.909090909090909394e-01
5.909090909090909394e-01
5.924842484248424856e-01
5.924842484248424856e-01
5.933843384338434168e-01
5.933843384338434168e-01
5.958595859585958943e-01
5.958595859585958943e-01
5.967596759675967144e-01
5.967596759675967144e-01
6.008100810081008492e-01
6.008100810081008492e-01
6.023852385238523954e-01
6.023852385238523954e-01
6.118361836183617841e-01
6.118361836183617841e-01
6.176867686768676702e-01
6.176867686768676702e-01
6.181368136813681913e-01
6.181368136813681913e-01
6.201620162016201476e-01
6.201620162016201476e-01
6.289378937893789212e-01
6.289378937893789212e-01
6.381638163816382159e-01
6.381638163816382159e-01
6.872187218721872437e-01
6.872187218721872437e-01
6.941944194419441549e-01
6.941944194419441549e-01
8.298829882988298934e-01
8.298829882988298934e-01
9.637713771377137695e-01
9.637713771377137695e-01
9.669216921692169731e-01
9.669216921692169731e-01
1.000000000000000000e+00
