1.160227404571295928e-04
6.961364427427776383e-04
1.044204664114166403e-03
1.624318366399814381e-03
1.972386587771203254e-03
2.204432068685462359e-03
2.784545770971110553e-03
3.596704954171017418e-03
4.060795915999535627e-03
4.408864137370924717e-03
4.640909618285183821e-03
5.569091541942221106e-03
6.265227984684998419e-03
7.193409908342034836e-03
7.889546351084813017e-03
8.237614572456201240e-03
9.049773755656109406e-03
9.281819236570367643e-03
9.629887457941755866e-03
1.079011486251305225e-02
1.125420582434157046e-02
1.183431952662721866e-02
1.276250145028425508e-02
1.311056967165564503e-02
1.334261515256990327e-02
1.369068337394129323e-02
1.438681981668406967e-02
1.473488803805545963e-02
1.485091077851258788e-02
1.543102448079823608e-02
1.566306996171249605e-02
1.751943380902656888e-02
1.798352477085508883e-02
1.867966121359786527e-02
1.925977491588351173e-02
1.937579765634064172e-02
1.960784313725490169e-02
2.030397957999767813e-02
2.065204780136906809e-02
2.123216150365471802e-02
2.216034342731175444e-02
2.274045712959740090e-02
2.378466179371156730e-02
2.436477549599721376e-02
2.506091193873999368e-02
2.564102564102564014e-02
2.645318482422554657e-02
2.680125304559693653e-02
2.749738948833971297e-02
2.772943496925397294e-02
2.842557141199675286e-02
2.888966237382526933e-02
2.946977607611091926e-02
2.981784429748230575e-02
3.039795799976795568e-02
3.086204896159647215e-02
3.225432184708202504e-02
3.283443554936767844e-02
3.353057199211045142e-02
3.445875391576749130e-02
3.457477665622461782e-02
3.527091309896739774e-02
3.561898132033878422e-02
3.654716324399582411e-02
3.689523146536721060e-02
3.701125420582434405e-02
3.805545886993851046e-02
3.886761805313841689e-02
3.979579997679544984e-02
4.014386819816684326e-02
4.084000464090961624e-02
4.165216382410952267e-02
4.234830026685230259e-02
4.316045945005220902e-02
4.374057315233785548e-02
4.397261863325211545e-02
4.408864137370924891e-02
4.455273233553776885e-02
4.513284603782341531e-02
4.594500522102332174e-02
4.640909618285184168e-02
4.664114166376609472e-02
4.733727810650887463e-02
4.791739180879452109e-02
4.907761921336582095e-02
4.977375565610859393e-02
5.035386935839424732e-02
5.128205128205128027e-02
5.174614224387980022e-02
5.255830142707970665e-02
5.429864253393665297e-02
5.441466527439377948e-02
5.511080171713655940e-02
5.557489267896507934e-02
5.592296090033646583e-02
5.673512008353637226e-02
5.708318830490775875e-02
5.766330200719341215e-02
5.812739296902192515e-02
5.835943844993618512e-02
5.940364311405035153e-02
6.033182503770739141e-02
6.067989325907877790e-02
6.114398422090729784e-02
6.172409792319294430e-02
6.265227984684998419e-02
6.334841628959275717e-02
6.427659821324979705e-02
6.450864369416405009e-02
6.590091657964960992e-02
6.671307576284951635e-02
6.740921220559228932e-02
6.833739412924932921e-02
6.903353057199211606e-02
6.914955331244923564e-02
6.961364427427775559e-02
7.019375797656340898e-02
7.123796264067756845e-02
7.135398538113470190e-02
7.158603086204895494e-02
7.297830374753451477e-02
7.402250841164868811e-02
7.460262211393432763e-02
7.506671307576284757e-02
7.587887225896275400e-02
7.622694048033414049e-02
7.692307692307692735e-02
7.727114514444831384e-02
7.785125884673395336e-02
7.819932706810535372e-02
7.912750899176237973e-02
7.935955447267664664e-02
8.051978187724793956e-02
8.144796380090497945e-02
8.202807750319061897e-02
8.249216846501913891e-02
8.307228216730479231e-02
8.376841861004756529e-02
8.492864601461887208e-02
8.539273697644737815e-02
8.550875971690451161e-02
8.643694164056155149e-02
8.678500986193293798e-02
8.736512356421859138e-02
8.759716904513284441e-02
8.829330548787561739e-02
8.933751015198979073e-02
8.956955563290404376e-02
9.038171481610395019e-02
9.072978303747535056e-02
9.096182851838960359e-02
9.154194222067525699e-02
9.200603318250377693e-02
9.270216962524654991e-02
9.363035154890358980e-02
9.409444251073210974e-02
9.513864717484626921e-02
9.548671539621765569e-02
9.595080635804617564e-02
9.653092006033182904e-02
9.664694280078894861e-02
9.699501102216034898e-02
9.757512472444598850e-02
9.769114746490312196e-02
9.792319294581737499e-02
9.827126116718877535e-02
9.873535212901728142e-02
9.977955679313145476e-02
9.989557953358858822e-02
1.007077387167884946e-01
1.014038751595312676e-01
1.025641025641025605e-01
1.029121707854739470e-01
1.030281935259310805e-01
1.033762617473024670e-01
1.038403527091309869e-01
1.039563754495881204e-01
1.043044436709595069e-01
1.047685346327880268e-01
1.051166028541594133e-01
1.053486483350736802e-01
1.059287620373593197e-01
1.062768302587307062e-01
1.067409212205592262e-01
1.073210349228448796e-01
1.080171713655876525e-01
1.082492168465019194e-01
1.091773987701589455e-01
1.098735352129017323e-01
1.103376261747302522e-01
1.104536489151873718e-01
1.109177398770158918e-01
1.111497853579301587e-01
1.119619445411300651e-01
1.124260355029585851e-01
1.127741037243299715e-01
1.132381946861584915e-01
1.134702401670727445e-01
1.142823993502726510e-01
1.149785357930154378e-01
1.154426267548439439e-01
1.157906949762153442e-01
1.171829678617008902e-01
1.172989906021580236e-01
1.176470588235294101e-01
1.184592180067293166e-01
1.186912634876435835e-01
1.198514908922148764e-01
1.199675136326720098e-01
1.201995591135862629e-01
1.206636500754147828e-01
1.210117182967861693e-01
1.217078547395289423e-01
1.218238774799860757e-01
1.224039911822717291e-01
1.231001276250145021e-01
1.235642185868430221e-01
1.241443322891286755e-01
1.248404687318714484e-01
1.253045596936999684e-01
1.255366051746142353e-01
1.261167188768998748e-01
1.262327416173570083e-01
1.264647870982712474e-01
1.270449008005569147e-01
1.273929690219282873e-01
1.278570599837568211e-01
1.284371736860424607e-01
1.285531964264995941e-01
1.295974010906137674e-01
1.300614920524422735e-01
1.304095602738136739e-01
1.308736512356421799e-01
1.311056967165564469e-01
1.320338786402134867e-01
1.327300150829562597e-01
1.330780833043276601e-01
1.331941060447847658e-01
1.336581970066132996e-01
1.342383107088989391e-01
1.344703561898132060e-01
1.348184244111845786e-01
1.352825153730131125e-01
1.355145608539273794e-01
1.358626290752987520e-01
1.360946745562130189e-01
1.366747882584986584e-01
1.373709247012414314e-01
1.377189929226128318e-01
1.381830838844413378e-01
1.391112658080983777e-01
1.394593340294697781e-01
1.396913795103840450e-01
1.403875159531268180e-01
1.406195614340410849e-01
1.409676296554124575e-01
1.411996751363267244e-01
1.413156978767838579e-01
1.414317206172409913e-01
1.420118343195266308e-01
1.429400162431836707e-01
1.434041072050121768e-01
1.441002436477549498e-01
1.442162663882120832e-01
1.447963800904977505e-01
1.449124028309548562e-01
1.456085392736976569e-01
1.463046757164404299e-01
1.468847894187260694e-01
1.473488803805545755e-01
1.475809258614688424e-01
1.481610395637545097e-01
1.483930850446687488e-01
1.488571760064972826e-01
1.489731987469544161e-01
1.497853579301543225e-01
1.500174034110685617e-01
1.509455853347256016e-01
1.515256990370112411e-01
1.522218354797540418e-01
1.525699037011254144e-01
1.530339946629539483e-01
1.532660401438681874e-01
1.537301311056967212e-01
1.547743357698108946e-01
1.550063812507251337e-01
1.557025176934679067e-01
1.558185404339250402e-01
1.562826313957535740e-01
1.568627450980392135e-01
1.572108133194106139e-01
1.576749042812391199e-01
1.579069497621533869e-01
1.580229725026105203e-01
1.584870634644390264e-01
1.591831999071817993e-01
1.601113818308388392e-01
1.606914955331244788e-01
1.610395637544958791e-01
1.616196774567815186e-01
1.617357001972386521e-01
1.620837684186100525e-01
1.621997911590671859e-01
1.625478593804385585e-01
1.626638821208956920e-01
1.630119503422670924e-01
1.631279730827242258e-01
1.635920640445527319e-01
1.638241095254669988e-01
1.644042232277526383e-01
1.648683141895811444e-01
1.651003596704954113e-01
1.653324051514096782e-01
1.657964961132381843e-01
1.660285415941524512e-01
1.667246780368952241e-01
1.669567235178094911e-01
1.675368372200951306e-01
1.680009281819236644e-01
1.683489964032950370e-01
1.688130873651235708e-01
1.690451328460378100e-01
1.693932010674092103e-01
1.699733147696948499e-01
1.703213829910662502e-01
1.710175194338090232e-01
1.714816103956375570e-01
1.718296786170089296e-01
1.719457013574660631e-01
1.721777468383803300e-01
1.722937695788374635e-01
1.727578605406659695e-01
1.733379742429516090e-01
1.735700197238658760e-01
1.744982016475229158e-01
1.756584290520942226e-01
1.761225200139227287e-01
1.765866109757512348e-01
1.770507019375797686e-01
1.771667246780369021e-01
1.778628611207796750e-01
1.780949066016939419e-01
1.783269520826081811e-01
1.786750203039795815e-01
1.791391112658080875e-01
1.797192249680937548e-01
1.799512704490079940e-01
1.805313841512936612e-01
1.809954751131221673e-01
1.813435433344935677e-01
1.815755888154078068e-01
1.823877479986077133e-01
1.830838844413505140e-01
1.833159299222647531e-01
1.838960436245504204e-01
1.842441118459217930e-01
1.844761573268360599e-01
1.845921800672931934e-01
1.851722937695788329e-01
1.854043392504930998e-01
1.861004756932358728e-01
1.867966121359786458e-01
1.876087713191785522e-01
1.880728622810070860e-01
1.883049077619213252e-01
1.890010442046641259e-01
1.896971806474068989e-01
1.900452488687782715e-01
1.901612716092354050e-01
1.903933170901496719e-01
1.910894535328924448e-01
1.913214990138067118e-01
1.919016127160923513e-01
1.925977491588351243e-01
1.928297946397493912e-01
1.929458173802065246e-01
1.932938856015778972e-01
1.935259310824921641e-01
1.942220675252349371e-01
1.956143404107205108e-01
1.961944541130061503e-01
1.965425223343775507e-01
1.967745678152917899e-01
1.971226360366631902e-01
1.974707042580345628e-01
1.979347952198630967e-01
1.981668407007773636e-01
1.982828634412344693e-01
1.986309316626058696e-01
1.989789998839772700e-01
1.990950226244343757e-01
1.996751363267200430e-01
2.001392272885485490e-01
2.004872955099199494e-01
2.011834319526627224e-01
2.014154774335769893e-01
2.019955911358626288e-01
2.021116138763197623e-01
2.023436593572340292e-01
2.028077503190625352e-01
2.030397957999768022e-01
2.033878640213481748e-01
2.038519549831767086e-01
2.043160459450052147e-01
2.054762733495765215e-01
2.055922960900336549e-01
2.058243415709478941e-01
2.064044552732335613e-01
2.068685462350620674e-01
2.071005917159763343e-01
2.075646826778048404e-01
2.077967281587191073e-01
2.081447963800905077e-01
2.082608191205476411e-01
2.086088873419190137e-01
2.088409328228332806e-01
2.089569555632904141e-01
2.091890010442046532e-01
2.095370692655760536e-01
2.100011602274045597e-01
2.101171829678616931e-01
2.108133194106044661e-01
2.111613876319758665e-01
2.113934331128901334e-01
2.119735468151757729e-01
2.120895695556329064e-01
2.123216150365471733e-01
2.124376377770042790e-01
2.127857059983756793e-01
2.134818424411184523e-01
2.135978651815755858e-01
2.140619561434041196e-01
2.145260471052326257e-01
2.147580925861468926e-01
2.153382062884325321e-01
2.156862745098039325e-01
2.162663882120895720e-01
2.166144564334609446e-01
2.175426383571179845e-01
2.176586610975751179e-01
2.181227520594036517e-01
2.184708202807750244e-01
2.189349112426035582e-01
2.193990022044320642e-01
2.199791159067177038e-01
2.200951386471748372e-01
2.203271841280891041e-01
2.204432068685462376e-01
2.206752523494605045e-01
2.207912750899176102e-01
2.211393433112890106e-01
2.212553660517461440e-01
2.214874115326604109e-01
2.220675252349460504e-01
2.229957071586030903e-01
2.231117298990602238e-01
2.234597981204315964e-01
2.236918436013458633e-01
2.243879800440886363e-01
2.248520710059171701e-01
2.250841164868314093e-01
2.253161619677456762e-01
2.256642301891170765e-01
2.258962756700313157e-01
2.262443438914027161e-01
2.267084348532312221e-01
2.268244575936883556e-01
2.270565030746026225e-01
2.272885485555168894e-01
2.277526395173453955e-01
2.279846849982596624e-01
2.283327532196310350e-01
2.285647987005453019e-01
2.290288896623738357e-01
2.292609351432880749e-01
2.298410488455737422e-01
2.301891170669451148e-01
2.305371852883165151e-01
2.306532080287736486e-01
2.308852535096878877e-01
2.319294581738020611e-01
2.323935491356305949e-01
2.327416173570019675e-01
2.329736628379162344e-01
2.334377537997447405e-01
2.341338902424875412e-01
2.350620721661445534e-01
2.356421858684302206e-01
2.359902540898015932e-01
2.361062768302587267e-01
2.364543450516301271e-01
2.366863905325443662e-01
2.371504814943729000e-01
2.378466179371156730e-01
2.380786634180299399e-01
2.384267316394013125e-01
2.386587771203155794e-01
2.387747998607727129e-01
2.390068453416869798e-01
2.395869590439726193e-01
2.399350272653440197e-01
2.406311637080867927e-01
2.409792319294581653e-01
2.414433228912866991e-01
2.415593456317438326e-01
2.419074138531152052e-01
2.422554820744866055e-01
2.424875275554008447e-01
2.428355957767722451e-01
2.430676412576865120e-01
2.431836639981436454e-01
2.434157094790578846e-01
2.437637777004292849e-01
2.441118459218006853e-01
2.442278686622577910e-01
2.446919596240863248e-01
2.449240051050005917e-01
2.453880960668290978e-01
2.456201415477433647e-01
2.465483234714004046e-01
2.472444599141431776e-01
2.473604826546003110e-01
2.475925281355145502e-01
2.477085508759716836e-01
2.480566190973430840e-01
2.482886645782573509e-01
2.484046873187144566e-01
2.487527555400858570e-01
2.489848010210001239e-01
2.491008237614572574e-01
2.493328692423714965e-01
2.494488919828286300e-01
2.496809374637428969e-01
2.501450284255714029e-01
2.507251421278570702e-01
2.508411648683142037e-01
2.513052558301426820e-01
2.514212785705998154e-01
2.518853695324283493e-01
2.525815059751711500e-01
2.530455969369996283e-01
2.531616196774567618e-01
2.538577561201995625e-01
2.543218470820280963e-01
2.549019607843137081e-01
2.552500290056851084e-01
2.554820744865993754e-01
2.561782109293421761e-01
2.566423018911706544e-01
2.569903701125420548e-01
2.576865065552848555e-01
2.581505975171133338e-01
2.586146884789418676e-01
2.588467339598561345e-01
2.590787794407704014e-01
2.595428704025989353e-01
2.604710523262559474e-01
2.608191205476273478e-01
2.613992342499129595e-01
2.620953706926557603e-01
2.624434389140271606e-01
2.630235526163127724e-01
2.633716208376841728e-01
2.638357117995127066e-01
2.639517345399698400e-01
2.644158255017983739e-01
2.648799164636268522e-01
2.649959392040839856e-01
2.653440074254553860e-01
2.658080983872839198e-01
2.661561666086553202e-01
2.665042348300266650e-01
2.667362803109409319e-01
2.672003712727694658e-01
2.674324167536837327e-01
2.677804849750551330e-01
2.682445759368836113e-01
2.691727578605406790e-01
2.692887806009978124e-01
2.695208260819120794e-01
2.696368488223691573e-01
2.698688943032834242e-01
2.705650307460262249e-01
2.710291217078547588e-01
2.712611671887690257e-01
2.716092354101403705e-01
2.717252581505975040e-01
2.723053718528831713e-01
2.724213945933403047e-01
2.728854855551688385e-01
2.731175310360830499e-01
2.734655992574544503e-01
2.735816219979115838e-01
2.738136674788258507e-01
2.741617357001972510e-01
2.742777584406543845e-01
2.746258266620257293e-01
2.750899176238542632e-01
2.752059403643113966e-01
2.754379858452256635e-01
2.755540085856827970e-01
2.757860540665970639e-01
2.771783269520826098e-01
2.778744633948254106e-01
2.779904861352824885e-01
2.784545770971110223e-01
2.789186680589395562e-01
2.791507135398538231e-01
2.793827590207680900e-01
2.798468499825965683e-01
2.800788954635108352e-01
2.805429864253393690e-01
2.807750319062536359e-01
2.808910546467107694e-01
2.811231001276250363e-01
2.821673047917391819e-01
2.826313957535677157e-01
2.827474184940248492e-01
2.837916231581389948e-01
2.842557141199675286e-01
2.847198050817960069e-01
2.851838960436245407e-01
2.851838960436245407e-01
2.852999187840816742e-01
2.855319642649959411e-01
2.857640097459102080e-01
2.864601461886529532e-01
2.865761689291100867e-01
2.868082144100243536e-01
2.875043508527671543e-01
2.876203735932242878e-01
2.883165100359670330e-01
2.886645782573384333e-01
2.888966237382527003e-01
2.892446919596241006e-01
2.894767374405383675e-01
2.898248056619097124e-01
2.899408284023668458e-01
2.901728738832811128e-01
2.902888966237382462e-01
2.906369648451096466e-01
2.911010558069381804e-01
2.913331012878523918e-01
2.920292377305951925e-01
2.924933286924237263e-01
2.927253741733379933e-01
2.934215106160807385e-01
2.935375333565378719e-01
2.936535560969950054e-01
2.940016243183664058e-01
2.944657152801949396e-01
2.951618517229376848e-01
2.953938972038519517e-01
2.959740109061376190e-01
2.964381018679660973e-01
2.966701473488803642e-01
2.969021928297946311e-01
2.973662837916231649e-01
2.975983292725374318e-01
2.979463974939088322e-01
2.986425339366515774e-01
2.989906021580229778e-01
2.995707158603086451e-01
2.998027613412228565e-01
3.002668523030513903e-01
3.004988977839656572e-01
3.009629887457941910e-01
3.011950342267084579e-01
3.013110569671655914e-01
3.016591251885369362e-01
3.017751479289940697e-01
3.024712843717368704e-01
3.025873071121940039e-01
3.030513980740224822e-01
3.037475345167652829e-01
3.044436709595080837e-01
3.049077619213365620e-01
3.051398074022508289e-01
3.052558301427079623e-01
3.054878756236222292e-01
3.058359438449936296e-01
3.059519665854507631e-01
3.061840120663650300e-01
3.065320802877363748e-01
3.069961712495649087e-01
3.071121939900220421e-01
3.073442394709363090e-01
3.074602622113934425e-01
3.076923076923077094e-01
3.086204896159647215e-01
3.089685578373361219e-01
3.092006033182503888e-01
3.094326487991646557e-01
3.096646942800789226e-01
3.100127625014502675e-01
3.105928762037359347e-01
3.109409444251073351e-01
3.111729899060216020e-01
3.114050353869358134e-01
3.117531036083072138e-01
3.118691263487643472e-01
3.121011718296786142e-01
3.122171945701357476e-01
3.124492400510500145e-01
3.129133310128785483e-01
3.132613992342498932e-01
3.134934447151641601e-01
3.136094674556212936e-01
3.138415129365355605e-01
3.145376493792783612e-01
3.146536721197354947e-01
3.151177630815639730e-01
3.153498085624782399e-01
3.156978767838496402e-01
3.159299222647639072e-01
3.160459450052210406e-01
3.165100359670495189e-01
3.168581041884209193e-01
3.173221951502494531e-01
3.176702633716208535e-01
3.177862861120779869e-01
3.182503770739064652e-01
3.183663998143635987e-01
3.185984452952778656e-01
3.187144680357349991e-01
3.191785589975635329e-01
3.194106044784777998e-01
3.195266272189349332e-01
3.197586726998491446e-01
3.201067409212205450e-01
3.205708318830490788e-01
3.206868546235062123e-01
3.209189001044204792e-01
3.212669683257918796e-01
3.213829910662489575e-01
3.216150365471632244e-01
3.217310592876203579e-01
3.219631047685346248e-01
3.220791275089917582e-01
3.223111729899060252e-01
3.224271957303631586e-01
3.227752639517345590e-01
3.230073094326488259e-01
3.234714003944773042e-01
3.238194686158487046e-01
3.242835595776772384e-01
3.246316277990486387e-01
3.248636732799628501e-01
3.252117415013342505e-01
3.259078779440770512e-01
3.262559461654484516e-01
3.263719689059055851e-01
3.267200371272769299e-01
3.268360598677340634e-01
3.274161735700197307e-01
3.276482190509339976e-01
3.281123100127624759e-01
3.283443554936767428e-01
3.285764009745910097e-01
3.288084464555052766e-01
3.290404919364195435e-01
3.291565146768766770e-01
3.295045828982480773e-01
3.300846966005336891e-01
3.303167420814479560e-01
3.306648103028193564e-01
3.311289012646478902e-01
3.312449240051050237e-01
3.315929922264763685e-01
3.318250377073906354e-01
3.322891286692191692e-01
3.326371968905905696e-01
3.331012878524190479e-01
3.334493560737904483e-01
3.336814015547047152e-01
3.337974242951618487e-01
3.344935607379046494e-01
3.346095834783617828e-01
3.348416289592759942e-01
3.350736744401902611e-01
3.354217426615616615e-01
3.356537881424759284e-01
3.357698108829330619e-01
3.364659473256758071e-01
3.368140155470472075e-01
3.370460610279614744e-01
3.372781065088757413e-01
3.376261747302471417e-01
3.378582202111614086e-01
3.385543566539041538e-01
3.387864021348184207e-01
3.390184476157326876e-01
3.397145840584754883e-01
3.399466295393896997e-01
3.402946977607611001e-01
3.405267432416753670e-01
3.407587887225896339e-01
3.411068569439610343e-01
3.418029933867037795e-01
3.419190161271609130e-01
3.422670843485323133e-01
3.424991298294465802e-01
3.428471980508179806e-01
3.435433344935607258e-01
3.436593572340178593e-01
3.440074254553892596e-01
3.444715164172177935e-01
3.448195846385891383e-01
3.450516301195034052e-01
3.451676528599605387e-01
3.453996983408748056e-01
3.457477665622462060e-01
3.460958347836176063e-01
3.465599257454460846e-01
3.469079939668174850e-01
3.473720849286460188e-01
3.478361758904745527e-01
3.479521986309316861e-01
3.486483350736744313e-01
3.487643578141315648e-01
3.492284487759600986e-01
3.493444715164172321e-01
3.498085624782457104e-01
3.498085624782457104e-01
3.500406079591599773e-01
3.502726534400742442e-01
3.503886761805313776e-01
3.510848126232741784e-01
3.515489035851026567e-01
3.520129945469311905e-01
3.521290172873883240e-01
3.525931082492168578e-01
3.527091309896739912e-01
3.530571992110453916e-01
3.536373129133310034e-01
3.539853811347024037e-01
3.542174266156166706e-01
3.546815175774452045e-01
3.550295857988165493e-01
3.552616312797308162e-01
3.553776540201879497e-01
3.556096995011022166e-01
3.559577677224736170e-01
3.566539041652163622e-01
3.567699269056734956e-01
3.570019723865877626e-01
3.571179951270448960e-01
3.574660633484162964e-01
3.575820860888734298e-01
3.578141315697876967e-01
3.581621997911590416e-01
3.586262907529875754e-01
3.588583362339018423e-01
3.590903817148161092e-01
3.595544726766446431e-01
3.596704954171017765e-01
3.601345863789302548e-01
3.603666318598445217e-01
3.607147000812159221e-01
3.611787910430444559e-01
3.618749274857872011e-01
3.621069729667014681e-01
3.623390184476157350e-01
3.625710639285300019e-01
3.626870866689871353e-01
3.628031094094442688e-01
3.632672003712727471e-01
3.636152685926441475e-01
3.637312913331012809e-01
3.639633368140155478e-01
3.643114050353869482e-01
3.652395869590439603e-01
3.653556096995010938e-01
3.655876551804153607e-01
3.657036779208724941e-01
3.661677688827010280e-01
3.663998143636152949e-01
3.665158371040723728e-01
3.665158371040723728e-01
3.669799280659009066e-01
3.670959508063580401e-01
3.673279962872723070e-01
3.675600417681865739e-01
3.677920872491008408e-01
3.680241327300151077e-01
3.683722009513864526e-01
3.686042464323007195e-01
3.687202691727578530e-01
3.689523146536721199e-01
3.691843601345863868e-01
3.693003828750435202e-01
3.699965193177862655e-01
3.701125420582433989e-01
3.704606102796147993e-01
3.705766330200719327e-01
3.710407239819004666e-01
3.717368604246432118e-01
3.718528831651003452e-01
3.722009513864717456e-01
3.725490196078431460e-01
3.727810650887574129e-01
3.728970878292145463e-01
3.735932242719572915e-01
3.737092470124144250e-01
3.739412924933286919e-01
3.740573152337858254e-01
3.744053834551572257e-01
3.751015198978999710e-01
3.755656108597285048e-01
3.757976563406427717e-01
3.759136790810999051e-01
3.761457245620141721e-01
3.762617473024713055e-01
3.762617473024713055e-01
3.767258382642997838e-01
3.769578837452140507e-01
3.770739064856711842e-01
3.777700429284139849e-01
3.781181111497853853e-01
3.783501566306995967e-01
3.784661793711567301e-01
3.789302703329852640e-01
3.790462930734423974e-01
3.795103840352709312e-01
3.797424295161851981e-01
3.799744749970994095e-01
3.800904977375565430e-01
3.805545886993850768e-01
3.806706114398422103e-01
3.811347024016707441e-01
3.814827706230420890e-01
3.817148161039563559e-01
3.818308388444134893e-01
3.820628843253277562e-01
3.821789070657848897e-01
3.825269752871562901e-01
3.828750435085276904e-01
3.833391344703561687e-01
3.836872026917275691e-01
3.843833391344703698e-01
3.847314073558417702e-01
3.851954983176702485e-01
3.856595892794987823e-01
3.862397029817844496e-01
3.864717484626987165e-01
3.865877712031557945e-01
3.869358394245271948e-01
3.871678849054414617e-01
3.872839076458985952e-01
3.876319758672699956e-01
3.878640213481842625e-01
3.882120895695556073e-01
3.890242487527555415e-01
3.892562942336698084e-01
3.896043624550412088e-01
3.900684534168696871e-01
3.901844761573268205e-01
3.904165216382410875e-01
3.905325443786982209e-01
3.909966353405267547e-01
3.914607263023552886e-01
3.919248172641837669e-01
3.923889082260123007e-01
3.926209537069265676e-01
3.929690219282979680e-01
3.930850446687551014e-01
3.935491356305835797e-01
3.938972038519549801e-01
3.943612948137835139e-01
3.954054994778976595e-01
3.956375449588119264e-01
3.957535676992690599e-01
3.959856131801833268e-01
3.970298178442974724e-01
3.971458405847546058e-01
3.976099315465831396e-01
3.978419770274974065e-01
3.981900452488687514e-01
3.985381134702401518e-01
3.987701589511544187e-01
3.988861816916115521e-01
3.991182271725258190e-01
3.992342499129829525e-01
3.994662953938972194e-01
3.996983408748114863e-01
3.999303863557256977e-01
4.001624318366399646e-01
4.003944773175542315e-01
4.006265227984684985e-01
4.008585682793827654e-01
4.010906137602970323e-01
4.013226592412112992e-01
4.016707274625826440e-01
4.019027729434969110e-01
4.025989093862397117e-01
4.027149321266968451e-01
4.029469776076111120e-01
4.031790230885253234e-01
4.035270913098967238e-01
4.037591367908109907e-01
4.041072050121823911e-01
4.043392504930966580e-01
4.045712959740109249e-01
4.050353869358394032e-01
4.053834551572108036e-01
4.063116370808678712e-01
4.066597053022392161e-01
4.068917507831534830e-01
4.074718644854391503e-01
4.079359554472676841e-01
4.081680009281819510e-01
4.086320918900104293e-01
4.089801601113818297e-01
4.092122055922960966e-01
4.095602738136674970e-01
4.099083420350388418e-01
4.101403875159531087e-01
4.104884557373245091e-01
4.110685694396101764e-01
4.114166376609815767e-01
4.114166376609815767e-01
4.115326604014386547e-01
4.118807286228100550e-01
4.119967513632671885e-01
4.124608423250957223e-01
4.128089105464671227e-01
4.131569787678385230e-01
4.135050469892098679e-01
4.139691379510384017e-01
4.140851606914955352e-01
4.143172061724098021e-01
4.144332289128669355e-01
4.147812971342383359e-01
4.150133426151525473e-01
4.153614108365239477e-01
4.158255017983524815e-01
4.165216382410952822e-01
4.166376609815523602e-01
4.166376609815523602e-01
4.169857292029237605e-01
4.172177746838380274e-01
4.173337974242951609e-01
4.175658429052094278e-01
4.177978883861236947e-01
4.181459566074950951e-01
4.183780020884093065e-01
4.186100475693235734e-01
4.189581157906949738e-01
4.191901612716092407e-01
4.198862977143519859e-01
4.202343659357233863e-01
4.204664114166376532e-01
4.210465251189233205e-01
4.215106160807518543e-01
4.217426615616660657e-01
4.220907297830374660e-01
4.225548207448659999e-01
4.227868662257802668e-01
4.231349344471516671e-01
4.233669799280658785e-01
4.234830026685230120e-01
4.237150481494372789e-01
4.240631163708086793e-01
4.241791391112658127e-01
4.244111845921800796e-01
4.245272073326372131e-01
4.247592528135514800e-01
4.248752755540085579e-01
4.251073210349228249e-01
4.258034574776656256e-01
4.262675484394941594e-01
4.263835711799512929e-01
4.266156166608655043e-01
4.267316394013226377e-01
4.269636848822369046e-01
4.271957303631511715e-01
4.274277758440654384e-01
4.276598213249797054e-01
4.276598213249797054e-01
4.280078895463511057e-01
4.282399350272653171e-01
4.283559577677224506e-01
4.285880032486367175e-01
4.291681169509223848e-01
4.294001624318366517e-01
4.295161851722937851e-01
4.297482306532080520e-01
4.298642533936651855e-01
4.300962988745793969e-01
4.302123216150365304e-01
4.305603898364079307e-01
4.307924353173221976e-01
4.309084580577793311e-01
4.311405035386935980e-01
4.318366399814363432e-01
4.320686854623506101e-01
4.325327764241791439e-01
4.327648219050934109e-01
4.331128901264648112e-01
4.333449356073790226e-01
4.336930038287504230e-01
4.338090265692075564e-01
4.340410720501218234e-01
4.346211857524074906e-01
4.349692539737788355e-01
4.352012994546931024e-01
4.356653904165216362e-01
4.357814131569787697e-01
4.364775495997215704e-01
4.367095950806357818e-01
4.369416405615500487e-01
4.372897087829214491e-01
4.375217542638357160e-01
4.376377770042928494e-01
4.378698224852071164e-01
4.383339134470355947e-01
4.386819816684069950e-01
4.389140271493212619e-01
4.391460726302355289e-01
4.392620953706926623e-01
4.394941408516069292e-01
4.399582318134354075e-01
4.401902772943496744e-01
4.405383455157210748e-01
4.412344819584638755e-01
4.415825501798352204e-01
4.420466411416637542e-01
4.421626638821208877e-01
4.423947093630351546e-01
4.429748230653208219e-01
4.433228912866921667e-01
4.435549367676064336e-01
4.436709595080635671e-01
4.440190277294349674e-01
4.441350504698921009e-01
4.443670959508063678e-01
4.444831186912635013e-01
4.447151641721777682e-01
4.448311869126349016e-01
4.451792551340062465e-01
4.454113006149205134e-01
4.456433460958347803e-01
4.458753915767490472e-01
4.462234597981204476e-01
4.464555052790347145e-01
4.466875507599489259e-01
4.469195962408631928e-01
4.473836872026917266e-01
4.474997099431488601e-01
4.479638009049773939e-01
4.480798236454345274e-01
4.485439146072630057e-01
4.485439146072630057e-01
4.488919828286344060e-01
4.491240283095486729e-01
4.493560737904629399e-01
4.495881192713772068e-01
4.509803921568627527e-01
4.514444831186912865e-01
4.516765285996054979e-01
4.520245968209768983e-01
4.521406195614340318e-01
4.523726650423482987e-01
4.526047105232625656e-01
4.529527787446339659e-01
4.534168697064624443e-01
4.537649379278338446e-01
4.539969834087481115e-01
4.542290288896623784e-01
4.545770971110337788e-01
4.548091425919480457e-01
4.549251653324051237e-01
4.552732335537765240e-01
4.563174382178907251e-01
4.566655064392620700e-01
4.571295974010906038e-01
4.573616428820048707e-01
4.575936883629191376e-01
4.578257338438334045e-01
4.579417565842905380e-01
4.584058475461190163e-01
4.586378930270332832e-01
4.588699385079475501e-01
4.594500522102332174e-01
4.596820976911474843e-01
4.600301659125188292e-01
4.600301659125188292e-01
4.606102796148044964e-01
4.608423250957187634e-01
4.610743705766330303e-01
4.613064160575472972e-01
4.616544842789186420e-01
4.620025525002900424e-01
4.620025525002900424e-01
4.622345979812043093e-01
4.626986889430328431e-01
4.630467571644042435e-01
4.635108481262327218e-01
4.638589163476041222e-01
4.645550527903469229e-01
4.650191437521754012e-01
4.653672119735468016e-01
4.654832347140039350e-01
4.659473256758324688e-01
4.659473256758324688e-01
4.660633484162896023e-01
4.661793711567467358e-01
4.662953938972038692e-01
4.674556213017751483e-01
4.675716440422322817e-01
4.678036895231465486e-01
4.679197122636036821e-01
4.683838032254321604e-01
4.689639169277178277e-01
4.691959624086320946e-01
4.695440306300034949e-01
4.700081215918319733e-01
4.704722125536605071e-01
4.708202807750319074e-01
4.710523262559461743e-01
4.711683489964033078e-01
4.718644854391460530e-01
4.722125536605174534e-01
4.724445991414317203e-01
4.736048265460029993e-01
4.738368720269172663e-01
4.740689175078315332e-01
4.743009629887458001e-01
4.747650539505743339e-01
4.752291449124028122e-01
4.753451676528599457e-01
4.755772131337742126e-01
4.761573268360598798e-01
4.761573268360598798e-01
4.762733495765170133e-01
4.765053950574312802e-01
4.766214177978884137e-01
4.770855087597168920e-01
4.773175542406311589e-01
4.775495997215454258e-01
4.787098271261167048e-01
4.789418726070309718e-01
4.798700545306880394e-01
4.802181227520593843e-01
4.805661909734307846e-01
4.805661909734307846e-01
4.807982364543450515e-01
4.812623274161735853e-01
4.814943728970878523e-01
4.820744865993734640e-01
4.823065320802877309e-01
4.828866457825733982e-01
4.831186912634876651e-01
4.835827822253161434e-01
4.838148277062304103e-01
4.839308504466875438e-01
4.841628959276018107e-01
4.843949414085160776e-01
4.846269868894303445e-01
4.853231233321730898e-01
4.855551688130873567e-01
4.859032370344587570e-01
4.863673279962872908e-01
4.863673279962872908e-01
4.865993734772015578e-01
4.869474416985729026e-01
4.870634644390300361e-01
4.872955099199443030e-01
4.876435781413157033e-01
4.878756236222299703e-01
4.879916463626871037e-01
4.882236918436013706e-01
4.884557373245155820e-01
4.888038055458869824e-01
4.891518737672583828e-01
4.893839192481726497e-01
4.896159647290869166e-01
4.905441466527439287e-01
4.905441466527439287e-01
4.906601693932010622e-01
4.908922148741153291e-01
4.911242603550295960e-01
4.911242603550295960e-01
4.913563058359438629e-01
4.914723285764009963e-01
4.917043740573152077e-01
4.919364195382294747e-01
4.922844877596008750e-01
4.932126696832579427e-01
4.934447151641721541e-01
4.937927833855435544e-01
4.941408516069149548e-01
4.947209653092006221e-01
4.949530107901148890e-01
4.950690335305719669e-01
4.953010790114862338e-01
4.955331244924005007e-01
4.959972154542290346e-01
4.962292609351433015e-01
4.966933518969717798e-01
4.970414201183431802e-01
4.973894883397145805e-01
4.976215338206288474e-01
4.977375565610859809e-01
4.979696020420002478e-01
4.983176702633716482e-01
4.985497157442858596e-01
4.986657384847429930e-01
4.991298294465715268e-01
4.997099431488571941e-01
4.999419886297714610e-01
5.005221023320570728e-01
5.009861932938856066e-01
5.013342615152569515e-01
5.015663069961712184e-01
5.021464206984569412e-01
5.023784661793712081e-01
5.026105116602853640e-01
5.028425571411996309e-01
5.035386935839424316e-01
5.036547163243996206e-01
5.038867618053138875e-01
5.043508527671423103e-01
5.049309664694280331e-01
5.052790346907993779e-01
5.056271029121708338e-01
5.063232393549135235e-01
5.065552848358277904e-01
5.066713075762849794e-01
5.072514212785705912e-01
5.074834667594848581e-01
5.081796032022276588e-01
5.081796032022276588e-01
5.086436941640561926e-01
5.098039215686274161e-01
5.101519897899988720e-01
5.103840352709131389e-01
5.107321034922844838e-01
5.113122171945700956e-01
5.113122171945700956e-01
5.122403991182271632e-01
5.125884673395985081e-01
5.130525583014270419e-01
5.134006265227984978e-01
5.137486947441698426e-01
5.139807402250841095e-01
5.144448311869126433e-01
5.146768766678269102e-01
5.152569903701125220e-01
5.154890358510267889e-01
5.159531268128553227e-01
5.159531268128553227e-01
5.163011950342266676e-01
5.165332405151409345e-01
5.173453996983409242e-01
5.175774451792550801e-01
5.176934679197122691e-01
5.179255134006265360e-01
5.190857408051978705e-01
5.193177862861120264e-01
5.194338090265692154e-01
5.196658545074834823e-01
5.200139227288548271e-01
5.201299454693120161e-01
5.208260819120548168e-01
5.210581273929689727e-01
5.211741501334261617e-01
5.211741501334261617e-01
5.230305139807401860e-01
5.232625594616544529e-01
5.233785822021116418e-01
5.238426731639401757e-01
5.239586959043972536e-01
5.244227868662257874e-01
5.245388096066828654e-01
5.248868778280543212e-01
5.253509687898828551e-01
5.256990370112541999e-01
5.259310824921684668e-01
5.260471052326255448e-01
5.260471052326255448e-01
5.267432416753683455e-01
5.267432416753683455e-01
5.277874463394824911e-01
5.279034690799396801e-01
5.280194918203967580e-01
5.282515373013110249e-01
5.282515373013110249e-01
5.285996055226824808e-01
5.288316510035967477e-01
5.290636964845110146e-01
5.294117647058823595e-01
5.296438101867966264e-01
5.298758556677108933e-01
5.301079011486251602e-01
5.304559693699965051e-01
5.306880148509107720e-01
5.315001740341106506e-01
5.317322195150249176e-01
5.318482422554821065e-01
5.321963104768534514e-01
5.323123332173106403e-01
5.323123332173106403e-01
5.327764241791390631e-01
5.328924469195962521e-01
5.331244924005105190e-01
5.341686970646246646e-01
5.344007425455389315e-01
5.347488107669102764e-01
5.349808562478245433e-01
5.352129017287388102e-01
5.359090381714816109e-01
5.362571063928529558e-01
5.364891518737672227e-01
5.367211973546814896e-01
5.369532428355957565e-01
5.373013110569672124e-01
5.375333565378814793e-01
5.378814247592528242e-01
5.381134702401670911e-01
5.384615384615384359e-01
5.386935839424527028e-01
5.393897203851955036e-01
5.396217658661097705e-01
5.398538113470240374e-01
5.400858568279383043e-01
5.407819932706811050e-01
5.410140387515952609e-01
5.413621069729667168e-01
5.415941524538809837e-01
5.422902888966237844e-01
5.425223343775380513e-01
5.444947209653091535e-01
5.444947209653091535e-01
5.448427891866806094e-01
5.450748346675948763e-01
5.460030165912518330e-01
5.462350620721660999e-01
5.462350620721660999e-01
5.468151757744518227e-01
5.470472212553660896e-01
5.472792667362803565e-01
5.473952894767374344e-01
5.476273349576517013e-01
5.477433576981087793e-01
5.479754031790230462e-01
5.480914259194802352e-01
5.480914259194802352e-01
5.483234714003945021e-01
5.483234714003945021e-01
5.484394941408515800e-01
5.486715396217658469e-01
5.489035851026801138e-01
5.491356305835943807e-01
5.492516533240514587e-01
5.492516533240514587e-01
5.494836988049657256e-01
5.495997215454229146e-01
5.498317670263371815e-01
5.499477897667942594e-01
5.501798352477085263e-01
5.504118807286227932e-01
5.506439262095370601e-01
5.507599489499942491e-01
5.512240399118226719e-01
5.515721081331941278e-01
5.518041536141083947e-01
5.526163127973082734e-01
5.533124492400510741e-01
5.540085856827938748e-01
5.544726766446222976e-01
5.554008585682793653e-01
5.558649495301078991e-01
5.562130177514792440e-01
5.564450632323935109e-01
5.573732451560505785e-01
5.573732451560505785e-01
5.574892678965077675e-01
5.577213133774219234e-01
5.581854043392504572e-01
5.584174498201647241e-01
5.589975635224504469e-01
5.592296090033647138e-01
5.603898364079359373e-01
5.606218818888502042e-01
5.609699501102215491e-01
5.612019955911358160e-01
5.615500638125072719e-01
5.620141547743358057e-01
5.631743821789070292e-01
5.634064276598212961e-01
5.635224504002784851e-01
5.635224504002784851e-01
5.638705186216498300e-01
5.641025641025640969e-01
5.643346095834783638e-01
5.645666550643926307e-01
5.647987005453068976e-01
5.647987005453068976e-01
5.652627915071354314e-01
5.654948369880496983e-01
5.654948369880496983e-01
5.657268824689639652e-01
5.659589279498781211e-01
5.663069961712495770e-01
5.665390416521638439e-01
5.671191553544494557e-01
5.673512008353637226e-01
5.676992690567350675e-01
5.679313145376493344e-01
5.682793827590207902e-01
5.685114282399350571e-01
5.688594964613064020e-01
5.693235874231349358e-01
5.699037011254205476e-01
5.699037011254205476e-01
5.703677920872490814e-01
5.707158603086205373e-01
5.708318830490776152e-01
5.712959740109061491e-01
5.715280194918204160e-01
5.716440422322774939e-01
5.716440422322774939e-01
5.723401786750202946e-01
5.723401786750202946e-01
5.724562014154774836e-01
5.726882468963916395e-01
5.730363151177630954e-01
5.732683605986773623e-01
5.738484743009629740e-01
5.738484743009629740e-01
5.741965425223344299e-01
5.744285880032485858e-01
5.748926789650771196e-01
5.751247244459913865e-01
5.760529063696484542e-01
5.762849518505627211e-01
5.775612019955911336e-01
5.777932474765054005e-01
5.780252929574196674e-01
5.781413156978767454e-01
5.784893839192482012e-01
5.787214294001624681e-01
5.793015431024480799e-01
5.795335885833623468e-01
5.796496113238194248e-01
5.796496113238194248e-01
5.797656340642766137e-01
5.801137022856479586e-01
5.801137022856479586e-01
5.806938159879336814e-01
5.809258614688479483e-01
5.818540433925049049e-01
5.823181343543334387e-01
5.824341570947906277e-01
5.826662025757047836e-01
5.831302935375333174e-01
5.833623390184475843e-01
5.841744982016475740e-01
5.841744982016475740e-01
5.844065436825617299e-01
5.846385891634759968e-01
5.846385891634759968e-01
5.853347256062187975e-01
5.855667710871330645e-01
5.856827938275902534e-01
5.859148393085045203e-01
5.860308620489615983e-01
5.860308620489615983e-01
5.871910894535329328e-01
5.875391576749042777e-01
5.877712031558185446e-01
5.877712031558185446e-01
5.878872258962756225e-01
5.883513168581041564e-01
5.886993850794756122e-01
5.886993850794756122e-01
5.897435897435897578e-01
5.897435897435897578e-01
5.898596124840468358e-01
5.900916579649611027e-01
5.902076807054182916e-01
5.902076807054182916e-01
5.903237034458753696e-01
5.906717716672468255e-01
5.909038171481610924e-01
5.913679081099895152e-01
5.918319990718180490e-01
5.920640445527323159e-01
5.921800672931895049e-01
5.924121127741037718e-01
5.933402946977607284e-01
5.933402946977607284e-01
5.945005221023320630e-01
5.947325675832463299e-01
5.949646130641605968e-01
5.949646130641605968e-01
5.951966585450748637e-01
5.954287040259891306e-01
5.958927949878176644e-01
5.961248404687318203e-01
5.964729086901032762e-01
5.968209769114746210e-01
5.977491588351316887e-01
5.979812043160459556e-01
5.989093862397030232e-01
5.990254089801601012e-01
5.994894999419886350e-01
5.997215454229029019e-01
6.003016591251885137e-01
6.005337046061027806e-01
6.008817728274742365e-01
6.008817728274742365e-01
6.016939320106741151e-01
6.019259774915883821e-01
6.020420002320454600e-01
6.034342731175310615e-01
6.034342731175310615e-01
6.037823413389024063e-01
6.040143868198166732e-01
6.047105232625594740e-01
6.047105232625594740e-01
6.048265460030165519e-01
6.048265460030165519e-01
6.050585914839308188e-01
6.052906369648450857e-01
6.061027961480449644e-01
6.063348416289592313e-01
6.091193873999304342e-01
6.093514328808445901e-01
6.106276830258731136e-01
6.108597285067873806e-01
6.109757512472444585e-01
6.112077967281587254e-01
6.117879104304443372e-01
6.120199559113586041e-01
6.121359786518157931e-01
6.121359786518157931e-01
6.122520013922728710e-01
6.122520013922728710e-01
6.124840468731871379e-01
6.128321150945584828e-01
6.128321150945584828e-01
6.134122287968442055e-01
6.136442742777584725e-01
6.136442742777584725e-01
6.138763197586727394e-01
6.148045016823296960e-01
6.152685926441582298e-01
6.163127973082723754e-01
6.165448427891866423e-01
6.167768882701009092e-01
6.167768882701009092e-01
6.172409792319294430e-01
6.174730247128437099e-01
6.181691611555865107e-01
6.181691611555865107e-01
6.184012066365007776e-01
6.184012066365007776e-01
6.189813203387863894e-01
6.192133658197006563e-01
6.194454113006149232e-01
6.196774567815291901e-01
6.196774567815291901e-01
6.213017751479289474e-01
6.213017751479289474e-01
6.222299570715860151e-01
6.224620025525002820e-01
6.226940480334145489e-01
6.229260935143288158e-01
6.235062072166144276e-01
6.237382526975286945e-01
6.237382526975286945e-01
6.242023436593572283e-01
6.244343891402714952e-01
6.255946165448428298e-01
6.258266620257570967e-01
6.259426847662141746e-01
6.259426847662141746e-01
6.260587075066712526e-01
6.260587075066712526e-01
6.265227984684997864e-01
6.265227984684997864e-01
6.280310940944424658e-01
6.282631395753567327e-01
6.290752987585567224e-01
6.290752987585567224e-01
6.295393897203851452e-01
6.295393897203851452e-01
6.297714352012994121e-01
6.303515489035851349e-01
6.305835943844994018e-01
6.313957535676992805e-01
6.315117763081563584e-01
6.317438217890706253e-01
6.319758672699848923e-01
6.329040491936419599e-01
6.329040491936419599e-01
6.345283675600417173e-01
6.345283675600417173e-01
6.348764357814131731e-01
6.351084812623274400e-01
6.351084812623274400e-01
6.353405267432417070e-01
6.354565494836987849e-01
6.356885949646130518e-01
6.359206404455273187e-01
6.360366631859845077e-01
6.362687086668986636e-01
6.366167768882701194e-01
6.366167768882701194e-01
6.375449588119271871e-01
6.377770042928413430e-01
6.381250725142127989e-01
6.390532544378698665e-01
6.390532544378698665e-01
6.396333681401554783e-01
6.398654136210697452e-01
6.399814363615268231e-01
6.399814363615268231e-01
6.402134818424410900e-01
6.403295045828982790e-01
6.405615500638125459e-01
6.412576865065552356e-01
6.414897319874695025e-01
6.431140503538693709e-01
6.431140503538693709e-01
6.434621185752407158e-01
6.436941640561549827e-01
6.436941640561549827e-01
6.454345051630119290e-01
6.454345051630119290e-01
6.461306416057547297e-01
6.461306416057547297e-01
6.464787098271260746e-01
6.467107553080403415e-01
6.468267780484975304e-01
6.470588235294117974e-01
6.472908690103260643e-01
6.475229144912403312e-01
6.475229144912403312e-01
6.476389372316974091e-01
6.476389372316974091e-01
6.481030281935259429e-01
6.481030281935259429e-01
6.483350736744402099e-01
6.483350736744402099e-01
6.484510964148972878e-01
6.484510964148972878e-01
6.486831418958115547e-01
6.489151873767258216e-01
6.494953010790114334e-01
6.494953010790114334e-01
6.496113238194686224e-01
6.506555284835827679e-01
6.506555284835827679e-01
6.525118923308969032e-01
6.525118923308969032e-01
6.526279150713539812e-01
6.526279150713539812e-01
6.530920060331825150e-01
6.533240515140967819e-01
6.533240515140967819e-01
6.534400742545538598e-01
6.534400742545538598e-01
6.540201879568395826e-01
6.540201879568395826e-01
6.541362106972966606e-01
6.542522334377538495e-01
6.548323471400394613e-01
6.548323471400394613e-01
6.551804153614108062e-01
6.551804153614108062e-01
6.552964381018679951e-01
6.552964381018679951e-01
6.565726882468964076e-01
6.565726882468964076e-01
6.569207564682677525e-01
6.569207564682677525e-01
6.575008701705534753e-01
6.577329156514677422e-01
6.579649611323818981e-01
6.579649611323818981e-01
6.581970066132961650e-01
6.581970066132961650e-01
6.584290520942104319e-01
6.587771203155818878e-01
6.587771203155818878e-01
6.590091657964961547e-01
6.590091657964961547e-01
6.592412112774104216e-01
6.592412112774104216e-01
6.593572340178674995e-01
6.598213249796960334e-01
6.604014386819816451e-01
6.604014386819816451e-01
6.608655296438101789e-01
6.608655296438101789e-01
6.619097343079243245e-01
6.621417797888385914e-01
6.642301891170669936e-01
6.644622345979811495e-01
6.648103028193526054e-01
6.648103028193526054e-01
6.655064392620954061e-01
6.655064392620954061e-01
6.657384847430096730e-01
6.657384847430096730e-01
6.673628031094094304e-01
6.675948485903236973e-01
6.688710987353521098e-01
6.688710987353521098e-01
6.692191669567235657e-01
6.694512124376377216e-01
6.703793943612947892e-01
6.703793943612947892e-01
6.710755308040375899e-01
6.713075762849518568e-01
6.717716672467803907e-01
6.717716672467803907e-01
6.726998491704374583e-01
6.729318946513516142e-01
6.729318946513516142e-01
6.732799628727230701e-01
6.732799628727230701e-01
6.739760993154658708e-01
6.739760993154658708e-01
6.745562130177514826e-01
6.745562130177514826e-01
6.750203039795800164e-01
6.750203039795800164e-01
6.751363267200370943e-01
6.753683722009513613e-01
6.753683722009513613e-01
6.768766678268940407e-01
6.768766678268940407e-01
6.769926905673512296e-01
6.769926905673512296e-01
6.772247360482654965e-01
6.773407587887225745e-01
6.773407587887225745e-01
6.775728042696368414e-01
6.775728042696368414e-01
6.779208724910081862e-01
6.779208724910081862e-01
6.800092818192365884e-01
6.800092818192365884e-01
6.810534864833507340e-01
6.810534864833507340e-01
6.814015547047220789e-01
6.814015547047220789e-01
6.815175774451792678e-01
6.815175774451792678e-01
6.832579185520362142e-01
6.832579185520362142e-01
6.838380322543218259e-01
6.838380322543218259e-01
6.845341686970646267e-01
6.847662141779788936e-01
6.851142823993502384e-01
6.851142823993502384e-01
6.852303051398074274e-01
6.852303051398074274e-01
6.858104188420930392e-01
6.858104188420930392e-01
6.869706462466643737e-01
6.869706462466643737e-01
6.881308736512355972e-01
6.881308736512355972e-01
6.887109873535213200e-01
6.887109873535213200e-01
6.892911010558069318e-01
6.892911010558069318e-01
6.899872374985497325e-01
6.899872374985497325e-01
6.901032602390068105e-01
6.901032602390068105e-01
6.910314421626638781e-01
6.910314421626638781e-01
6.913795103840352230e-01
6.913795103840352230e-01
6.914955331244924119e-01
6.914955331244924119e-01
6.920756468267780237e-01
6.920756468267780237e-01
6.923076923076922906e-01
6.923076923076922906e-01
6.924237150481494796e-01
6.924237150481494796e-01
6.933518969718064362e-01
6.935839424527207031e-01
6.936999651931778921e-01
6.936999651931778921e-01
6.939320106740921590e-01
6.941640561550064259e-01
6.946281471168348487e-01
6.946281471168348487e-01
6.948601925977491156e-01
6.948601925977491156e-01
6.964845109641489840e-01
6.967165564450632509e-01
6.971806474068917847e-01
6.971806474068917847e-01
7.003132613992342215e-01
7.005453068801484884e-01
7.011254205824342112e-01
7.011254205824342112e-01
7.015895115442626340e-01
7.015895115442626340e-01
7.017055342847198229e-01
7.017055342847198229e-01
7.020536025060911678e-01
7.020536025060911678e-01
7.025176934679197016e-01
7.025176934679197016e-01
7.026337162083768906e-01
7.026337162083768906e-01
7.030978071702053134e-01
7.030978071702053134e-01
7.040259890938623810e-01
7.040259890938623810e-01
7.042580345747766479e-01
7.049541710175194487e-01
7.050701937579765266e-01
7.053022392388907935e-01
7.053022392388907935e-01
7.055342847198050604e-01
7.055342847198050604e-01
7.058823529411765163e-01
7.058823529411765163e-01
7.062304211625478612e-01
7.062304211625478612e-01
7.065784893839192060e-01
7.068105348648334729e-01
7.070425803457477398e-01
7.070425803457477398e-01
7.076226940480334626e-01
7.078547395289476185e-01
7.082028077503190744e-01
7.082028077503190744e-01
7.083188304907761523e-01
7.084348532312333413e-01
7.088989441930618751e-01
7.091309896739761420e-01
7.091309896739761420e-01
7.097111033762617538e-01
7.097111033762617538e-01
7.099431488571760207e-01
7.104072398190045545e-01
7.104072398190045545e-01
7.107553080403758994e-01
7.109873535212901663e-01
7.114514444831187001e-01
7.114514444831187001e-01
7.115674672235757781e-01
7.134238310708899133e-01
7.134238310708899133e-01
7.135398538113469913e-01
7.137718992922612582e-01
7.137718992922612582e-01
7.140039447731755251e-01
7.140039447731755251e-01
7.143520129945469810e-01
7.143520129945469810e-01
7.151641721777468597e-01
7.151641721777468597e-01
7.152801949182039376e-01
7.152801949182039376e-01
7.156282631395753935e-01
7.156282631395753935e-01
7.159763313609467383e-01
7.159763313609467383e-01
7.174846269868894177e-01
7.174846269868894177e-01
7.178326952082608736e-01
7.178326952082608736e-01
7.179487179487179516e-01
7.179487179487179516e-01
7.191089453532892861e-01
7.191089453532892861e-01
7.193409908342035530e-01
7.193409908342035530e-01
7.198050817960319758e-01
7.198050817960319758e-01
7.214294001624318442e-01
7.216614456433461111e-01
7.218934911242603780e-01
7.218934911242603780e-01
7.230537185288316016e-01
7.230537185288316016e-01
7.236338322311173243e-01
7.236338322311173243e-01
7.237498549715744023e-01
7.237498549715744023e-01
7.244459914143172030e-01
7.244459914143172030e-01
7.246780368952314699e-01
7.258382642998028045e-01
7.258382642998028045e-01
7.259542870402598824e-01
7.261863325211741493e-01
7.264183780020884162e-01
7.264183780020884162e-01
7.269984917043740280e-01
7.269984917043740280e-01
7.278106508875740177e-01
7.278106508875740177e-01
7.293189465135166971e-01
7.293189465135166971e-01
7.307112193990021876e-01
7.307112193990021876e-01
7.310592876203736434e-01
7.310592876203736434e-01
7.321034922844877890e-01
7.321034922844877890e-01
7.323355377654020559e-01
7.332637196890590126e-01
7.332637196890590126e-01
7.334957651699732795e-01
7.334957651699732795e-01
7.338438333913447353e-01
7.338438333913447353e-01
7.340758788722590023e-01
7.340758788722590023e-01
7.350040607959159589e-01
7.350040607959159589e-01
7.351200835363731478e-01
7.353521290172874147e-01
7.365123564218586383e-01
7.365123564218586383e-01
7.366283791623158272e-01
7.366283791623158272e-01
7.368604246432300942e-01
7.370924701241443611e-01
7.372084928646014390e-01
7.374405383455157059e-01
7.375565610859728949e-01
7.376725838264299728e-01
7.383687202691727736e-01
7.383687202691727736e-01
7.386007657500870405e-01
7.387167884905441184e-01
7.389488339714583853e-01
7.390648567119155743e-01
7.394129249332869191e-01
7.394129249332869191e-01
7.396449704142011861e-01
7.396449704142011861e-01
7.398770158951154530e-01
7.398770158951154530e-01
7.404571295974010647e-01
7.404571295974010647e-01
7.413853115210581324e-01
7.413853115210581324e-01
7.416173570019723993e-01
7.416173570019723993e-01
7.427775844065437338e-01
7.427775844065437338e-01
7.434737208492864236e-01
7.434737208492864236e-01
7.438217890706578794e-01
7.438217890706578794e-01
7.444019027729434912e-01
7.444019027729434912e-01
7.450980392156862919e-01
7.450980392156862919e-01
7.461422438798004375e-01
7.461422438798004375e-01
7.463742893607147044e-01
7.463742893607147044e-01
7.467223575820860493e-01
7.467223575820860493e-01
7.470704258034575052e-01
7.473024712843717721e-01
7.476505395057431169e-01
7.476505395057431169e-01
7.481146304675716507e-01
7.481146304675716507e-01
7.483466759484859177e-01
7.484626986889429956e-01
7.484626986889429956e-01
7.486947441698572625e-01
7.486947441698572625e-01
7.489267896507715294e-01
7.489267896507715294e-01
7.492748578721429853e-01
7.492748578721429853e-01
7.497389488339714081e-01
7.499709943148856750e-01
7.503190625362571309e-01
7.503190625362571309e-01
7.512472444599141985e-01
7.512472444599141985e-01
7.514792899408283544e-01
7.514792899408283544e-01
7.525234946049426110e-01
7.525234946049426110e-01
7.529875855667710338e-01
7.529875855667710338e-01
7.533356537881424897e-01
7.533356537881424897e-01
7.540317902308852904e-01
7.540317902308852904e-01
7.541478129713423684e-01
7.541478129713423684e-01
7.553080403759137029e-01
7.553080403759137029e-01
7.561201995591135816e-01
7.561201995591135816e-01
7.573964497041419941e-01
7.573964497041419941e-01
7.575124724445991831e-01
7.576284951850562610e-01
7.576284951850562610e-01
7.577445179255134500e-01
7.577445179255134500e-01
7.580925861468847948e-01
7.580925861468847948e-01
7.589047453300846735e-01
7.589047453300846735e-01
7.594848590323703963e-01
7.594848590323703963e-01
7.606450864369416198e-01
7.606450864369416198e-01
7.611091773987701536e-01
7.611091773987701536e-01
7.612252001392273426e-01
7.612252001392273426e-01
7.613412228796844206e-01
7.613412228796844206e-01
7.620373593224272213e-01
7.620373593224272213e-01
7.621533820628842992e-01
7.621533820628842992e-01
7.631975867269984448e-01
7.631975867269984448e-01
7.638937231697412455e-01
7.638937231697412455e-01
7.641257686506555125e-01
7.641257686506555125e-01
7.642417913911127014e-01
7.642417913911127014e-01
7.651699733147696580e-01
7.654020187956839250e-01
7.654020187956839250e-01
7.667942916811695264e-01
7.667942916811695264e-01
7.669103144216266044e-01
7.669103144216266044e-01
7.678384963452836720e-01
7.678384963452836720e-01
7.679545190857407500e-01
7.679545190857407500e-01
7.683025873071122058e-01
7.683025873071122058e-01
7.688827010093978176e-01
7.688827010093978176e-01
7.691147464903120845e-01
7.691147464903120845e-01
7.695788374521406183e-01
7.695788374521406183e-01
7.722473604826546323e-01
7.722473604826546323e-01
7.735236106276830448e-01
7.736396333681401227e-01
7.737556561085973117e-01
7.737556561085973117e-01
7.746838380322542683e-01
7.746838380322542683e-01
7.763081563986541367e-01
7.763081563986541367e-01
7.765402018795684036e-01
7.765402018795684036e-01
7.773523610627682823e-01
7.773523610627682823e-01
7.775844065436825492e-01
7.775844065436825492e-01
7.777004292841397382e-01
7.777004292841397382e-01
7.779324747650540051e-01
7.779324747650540051e-01
7.786286112077966948e-01
7.786286112077966948e-01
7.787446339482538837e-01
7.787446339482538837e-01
7.802529295741965631e-01
7.802529295741965631e-01
7.804849750551108301e-01
7.806009977955679080e-01
7.808330432764821749e-01
7.812971342383107087e-01
7.812971342383107087e-01
7.815291797192249756e-01
7.815291797192249756e-01
7.816452024596820536e-01
7.816452024596820536e-01
7.821092934215105874e-01
7.821092934215105874e-01
7.822253161619677764e-01
7.822253161619677764e-01
7.823413389024248543e-01
7.823413389024248543e-01
7.824573616428820433e-01
7.824573616428820433e-01
7.836175890474532668e-01
7.836175890474532668e-01
7.837336117879104558e-01
7.837336117879104558e-01
7.840816800092818006e-01
7.844297482306532565e-01
7.854739528947674021e-01
7.854739528947674021e-01
7.855899756352244800e-01
7.855899756352244800e-01
7.858220211161387470e-01
7.862861120779672808e-01
7.862861120779672808e-01
7.864021348184243587e-01
7.864021348184243587e-01
7.865181575588815477e-01
7.865181575588815477e-01
7.876783849634528822e-01
7.876783849634528822e-01
7.882584986657384940e-01
7.882584986657384940e-01
7.884905441466527609e-01
7.887225896275670278e-01
7.890706578489383727e-01
7.893027033298526396e-01
7.893027033298526396e-01
7.895347488107669065e-01
7.895347488107669065e-01
7.896507715512239844e-01
7.896507715512239844e-01
7.905789534748810521e-01
7.905789534748810521e-01
7.909270216962525080e-01
7.909270216962525080e-01
7.913911126580809308e-01
7.913911126580809308e-01
7.915071353985381197e-01
7.915071353985381197e-01
7.922032718412809205e-01
7.922032718412809205e-01
7.923192945817379984e-01
7.923192945817379984e-01
7.927833855435665322e-01
7.927833855435665322e-01
7.928994082840237212e-01
7.928994082840237212e-01
7.931314537649378771e-01
7.932474765053950660e-01
7.932474765053950660e-01
7.933634992458521440e-01
7.933634992458521440e-01
7.934795219863093330e-01
7.934795219863093330e-01
7.937115674672235999e-01
7.937115674672235999e-01
7.944077039099664006e-01
7.944077039099664006e-01
7.946397493908806675e-01
7.946397493908806675e-01
7.951038403527090903e-01
7.951038403527090903e-01
7.952198630931662793e-01
7.952198630931662793e-01
7.953358858336233572e-01
7.953358858336233572e-01
7.955679313145376241e-01
7.955679313145376241e-01
7.956839540549948131e-01
7.956839540549948131e-01
7.959159995359090800e-01
7.962640677572804249e-01
7.963800904977375028e-01
7.967281587191089587e-01
7.967281587191089587e-01
7.969602042000232256e-01
7.969602042000232256e-01
7.970762269404803035e-01
7.970762269404803035e-01
7.971922496809374925e-01
7.971922496809374925e-01
7.977723633832231043e-01
7.977723633832231043e-01
7.980044088641373712e-01
7.981204316045944491e-01
7.985845225664229829e-01
7.985845225664229829e-01
7.992806590091657837e-01
7.992806590091657837e-01
7.993966817496229726e-01
7.993966817496229726e-01
7.995127044900800506e-01
7.995127044900800506e-01
8.002088409328228513e-01
8.002088409328228513e-01
8.005569091541941962e-01
8.005569091541941962e-01
8.018331592992226087e-01
8.020652047801368756e-01
8.026453184824225984e-01
8.026453184824225984e-01
8.029933867037939432e-01
8.029933867037939432e-01
8.031094094442510212e-01
8.031094094442510212e-01
8.038055458869938219e-01
8.038055458869938219e-01
8.040375913679080888e-01
8.040375913679080888e-01
8.045016823297366226e-01
8.045016823297366226e-01
8.046177050701938116e-01
8.046177050701938116e-01
8.047337278106508895e-01
8.047337278106508895e-01
8.049657732915651565e-01
8.049657732915651565e-01
8.050817960320222344e-01
8.050817960320222344e-01
8.051978187724794234e-01
8.051978187724794234e-01
8.070541826197934476e-01
8.070541826197934476e-01
8.071702053602506366e-01
8.071702053602506366e-01
8.094906601693931947e-01
8.094906601693931947e-01
8.098387283907645395e-01
8.098387283907645395e-01
8.099547511312217285e-01
8.099547511312217285e-01
8.100707738716788064e-01
8.100707738716788064e-01
8.101867966121359954e-01
8.101867966121359954e-01
8.103028193525930734e-01
8.103028193525930734e-01
8.105348648335073403e-01
8.105348648335073403e-01
8.114630467571644079e-01
8.114630467571644079e-01
8.122752059403642866e-01
8.122752059403642866e-01
8.126232741617357425e-01
8.127392969021928204e-01
8.129713423831070873e-01
8.129713423831070873e-01
8.142475925281354998e-01
8.142475925281354998e-01
8.154078199327068344e-01
8.154078199327068344e-01
8.156398654136211013e-01
8.156398654136211013e-01
8.159879336349924461e-01
8.159879336349924461e-01
8.163360018563639020e-01
8.163360018563639020e-01
8.166840700777352469e-01
8.166840700777352469e-01
8.168000928181923248e-01
8.168000928181923248e-01
8.172641837800208586e-01
8.173802065204780476e-01
8.173802065204780476e-01
8.177282747418493924e-01
8.177282747418493924e-01
8.180763429632207373e-01
8.180763429632207373e-01
8.184244111845921932e-01
8.184244111845921932e-01
8.185404339250492711e-01
8.185404339250492711e-01
8.186564566655064601e-01
8.186564566655064601e-01
8.187724794059635380e-01
8.193525931082492608e-01
8.193525931082492608e-01
8.194686158487063388e-01
8.194686158487063388e-01
8.198166840700776836e-01
8.198166840700776836e-01
8.202807750319062174e-01
8.202807750319062174e-01
8.205128205128204844e-01
8.205128205128204844e-01
8.207448659937347513e-01
8.207448659937347513e-01
8.210929342151062071e-01
8.210929342151062071e-01
8.220211161387631638e-01
8.220211161387631638e-01
8.226012298410488865e-01
8.226012298410488865e-01
8.227172525815059645e-01
8.227172525815059645e-01
8.232973662837915763e-01
8.232973662837915763e-01
8.235294117647058432e-01
8.235294117647058432e-01
8.236454345051630321e-01
8.236454345051630321e-01
8.237614572456201101e-01
8.237614572456201101e-01
8.239935027265343770e-01
8.239935027265343770e-01
8.249216846501914446e-01
8.249216846501914446e-01
8.250377073906485226e-01
8.250377073906485226e-01
8.255017983524770564e-01
8.255017983524770564e-01
8.257338438333913233e-01
8.257338438333913233e-01
8.264299802761341240e-01
8.264299802761341240e-01
8.265460030165912020e-01
8.265460030165912020e-01
8.266620257570483910e-01
8.266620257570483910e-01
8.267780484975054689e-01
8.267780484975054689e-01
8.268940712379626579e-01
8.268940712379626579e-01
8.270100939784197358e-01
8.271261167188769248e-01
8.272421394593340027e-01
8.272421394593340027e-01
8.274741849402482696e-01
8.274741849402482696e-01
8.278222531616197255e-01
8.278222531616197255e-01
8.279382759020768034e-01
8.279382759020768034e-01
8.280542986425338814e-01
8.280542986425338814e-01
8.281703213829910704e-01
8.281703213829910704e-01
8.284023668639053373e-01
8.284023668639053373e-01
8.285183896043624152e-01
8.285183896043624152e-01
8.289824805661909490e-01
8.289824805661909490e-01
8.290985033066481380e-01
8.290985033066481380e-01
8.294465715280194829e-01
8.294465715280194829e-01
8.297946397493908277e-01
8.297946397493908277e-01
8.301427079707622836e-01
8.301427079707622836e-01
8.304907761921336284e-01
8.304907761921336284e-01
8.306067989325908174e-01
8.306067989325908174e-01
8.310708898944193512e-01
8.310708898944193512e-01
8.319990718180763078e-01
8.319990718180763078e-01
8.322311172989905748e-01
8.322311172989905748e-01
8.323471400394477637e-01
8.323471400394477637e-01
8.324631627799048417e-01
8.324631627799048417e-01
8.325791855203620306e-01
8.325791855203620306e-01
8.328112310012762975e-01
8.328112310012762975e-01
8.330432764821905645e-01
8.330432764821905645e-01
8.333913447035619093e-01
8.333913447035619093e-01
8.337394129249332542e-01
8.337394129249332542e-01
8.340874811463047100e-01
8.342035038867617880e-01
8.342035038867617880e-01
8.343195266272189770e-01
8.343195266272189770e-01
8.345515721081332439e-01
8.352477085508759336e-01
8.352477085508759336e-01
8.359438449936187343e-01
8.359438449936187343e-01
8.364079359554472681e-01
8.364079359554472681e-01
8.367560041768186130e-01
8.367560041768186130e-01
8.368720269172758019e-01
8.368720269172758019e-01
8.371040723981900689e-01
8.371040723981900689e-01
8.372200951386471468e-01
8.372200951386471468e-01
8.373361178791043358e-01
8.373361178791043358e-01
8.375681633600186027e-01
8.375681633600186027e-01
8.378002088409328696e-01
8.378002088409328696e-01
8.379162315813899475e-01
8.379162315813899475e-01
8.381482770623042144e-01
8.381482770623042144e-01
8.386123680241327483e-01
8.386123680241327483e-01
8.388444135050470152e-01
8.388444135050470152e-01
8.389604362455040931e-01
8.389604362455040931e-01
8.403527091309896946e-01
8.403527091309896946e-01
8.408168000928182284e-01
8.408168000928182284e-01
8.412808910546467622e-01
8.412808910546467622e-01
8.413969137951038402e-01
8.413969137951038402e-01
8.417449820164751850e-01
8.417449820164751850e-01
8.420930502378466409e-01
8.420930502378466409e-01
8.422090729783037188e-01
8.422090729783037188e-01
8.424411184592179858e-01
8.424411184592179858e-01
8.427891866805894416e-01
8.427891866805894416e-01
8.434853231233321313e-01
8.434853231233321313e-01
8.437173686042463983e-01
8.437173686042463983e-01
8.444135050469891990e-01
8.444135050469891990e-01
8.458057779324748005e-01
8.458057779324748005e-01
8.463858916347604122e-01
8.463858916347604122e-01
8.466179371156746791e-01
8.466179371156746791e-01
8.470820280775032129e-01
8.470820280775032129e-01
8.470820280775032129e-01
8.474300962988745578e-01
8.474300962988745578e-01
8.477781645202460137e-01
8.480102100011602806e-01
8.480102100011602806e-01
8.483582782225316254e-01
8.483582782225316254e-01
8.484743009629887034e-01
8.484743009629887034e-01
8.492864601461886931e-01
8.492864601461886931e-01
8.494024828866457710e-01
8.494024828866457710e-01
8.502146420698456497e-01
8.502146420698456497e-01
8.514908922148740622e-01
8.514908922148740622e-01
8.516069149553312512e-01
8.516069149553312512e-01
8.517229376957883291e-01
8.517229376957883291e-01
8.518389604362455181e-01
8.518389604362455181e-01
8.523030513980740519e-01
8.523030513980740519e-01
8.524190741385311298e-01
8.524190741385311298e-01
8.527671423599025857e-01
8.527671423599025857e-01
8.532312333217310085e-01
8.532312333217310085e-01
8.533472560621881975e-01
8.533472560621881975e-01
8.534632788026452754e-01
8.534632788026452754e-01
8.543914607263023431e-01
8.543914607263023431e-01
8.545074834667595320e-01
8.545074834667595320e-01
8.550875971690451438e-01
8.550875971690451438e-01
8.567119155354449012e-01
8.567119155354449012e-01
8.569439610163591681e-01
8.569439610163591681e-01
8.574080519781877019e-01
8.574080519781877019e-01
8.575240747186448909e-01
8.575240747186448909e-01
8.577561201995591578e-01
8.577561201995591578e-01
8.585682793827590364e-01
8.585682793827590364e-01
8.596124840468731820e-01
8.596124840468731820e-01
8.598445295277874489e-01
8.598445295277874489e-01
8.599605522682445269e-01
8.599605522682445269e-01
8.600765750087017159e-01
8.600765750087017159e-01
8.605406659705302497e-01
8.605406659705302497e-01
8.606566887109873276e-01
8.606566887109873276e-01
8.608887341919015945e-01
8.608887341919015945e-01
8.614688478941872063e-01
8.614688478941872063e-01
8.619329388560157401e-01
8.619329388560157401e-01
8.620489615964729291e-01
8.620489615964729291e-01
8.621649843369300070e-01
8.621649843369300070e-01
8.622810070773871960e-01
8.622810070773871960e-01
8.625130525583014629e-01
8.625130525583014629e-01
8.627450980392157298e-01
8.627450980392157298e-01
8.630931662605870747e-01
8.630931662605870747e-01
8.632091890010441526e-01
8.632091890010441526e-01
8.634412344819584195e-01
8.634412344819584195e-01
8.643694164056154872e-01
8.643694164056154872e-01
8.646014618865297541e-01
8.648335073674440210e-01
8.648335073674440210e-01
8.654136210697296328e-01
8.654136210697296328e-01
8.656456665506438997e-01
8.657616892911010886e-01
8.657616892911010886e-01
8.658777120315581666e-01
8.658777120315581666e-01
8.663418029933867004e-01
8.663418029933867004e-01
8.664578257338437783e-01
8.664578257338437783e-01
8.665738484743009673e-01
8.665738484743009673e-01
8.666898712147580452e-01
8.666898712147580452e-01
8.670379394361295011e-01
8.670379394361295011e-01
8.671539621765865791e-01
8.671539621765865791e-01
8.672699849170437680e-01
8.672699849170437680e-01
8.683141895811579136e-01
8.683141895811579136e-01
8.685462350620721805e-01
8.685462350620721805e-01
8.687782805429864474e-01
8.687782805429864474e-01
8.691263487643577923e-01
8.691263487643577923e-01
8.694744169857292482e-01
8.694744169857292482e-01
8.695904397261863261e-01
8.695904397261863261e-01
8.708666898712147386e-01
8.708666898712147386e-01
8.713307808330432724e-01
8.713307808330432724e-01
8.715628263139575393e-01
8.715628263139575393e-01
8.716788490544146173e-01
8.716788490544146173e-01
8.719108945353288842e-01
8.719108945353288842e-01
8.726070309780716849e-01
8.726070309780716849e-01
8.730711219399002188e-01
8.730711219399002188e-01
8.733031674208144857e-01
8.733031674208144857e-01
8.734191901612715636e-01
8.734191901612715636e-01
8.736512356421858305e-01
8.736512356421858305e-01
8.738832811231000974e-01
8.738832811231000974e-01
8.748114630467571651e-01
8.748114630467571651e-01
8.750435085276714320e-01
8.750435085276714320e-01
8.752755540085856989e-01
8.752755540085856989e-01
8.760877131917855776e-01
8.760877131917855776e-01
8.762037359322427665e-01
8.762037359322427665e-01
8.765518041536141114e-01
8.765518041536141114e-01
8.766678268940711893e-01
8.766678268940711893e-01
8.767838496345283783e-01
8.767838496345283783e-01
8.774799860772711790e-01
8.774799860772711790e-01
8.777120315581854459e-01
8.777120315581854459e-01
8.780600997795567908e-01
8.780600997795567908e-01
8.782921452604710577e-01
8.782921452604710577e-01
8.784081680009281357e-01
8.784081680009281357e-01
8.786402134818424026e-01
8.786402134818424026e-01
8.787562362222995915e-01
8.787562362222995915e-01
8.788722589627566695e-01
8.788722589627566695e-01
8.789882817032138584e-01
8.789882817032138584e-01
8.794523726650423923e-01
8.794523726650423923e-01
8.795683954054994702e-01
8.795683954054994702e-01
8.801485091077850820e-01
8.801485091077850820e-01
8.803805545886993489e-01
8.803805545886993489e-01
8.804965773291565378e-01
8.804965773291565378e-01
8.808446455505278827e-01
8.808446455505278827e-01
8.811927137718993386e-01
8.811927137718993386e-01
8.813087365123564165e-01
8.813087365123564165e-01
8.816568047337277614e-01
8.816568047337277614e-01
8.821208956955562952e-01
8.821208956955562952e-01
8.822369184360134842e-01
8.822369184360134842e-01
8.823529411764705621e-01
8.823529411764705621e-01
8.824689639169277511e-01
8.824689639169277511e-01
8.825849866573848290e-01
8.825849866573848290e-01
8.827010093978420180e-01
8.827010093978420180e-01
8.828170321382990959e-01
8.828170321382990959e-01
8.829330548787562849e-01
8.829330548787562849e-01
8.831651003596704408e-01
8.831651003596704408e-01
8.832811231001276298e-01
8.832811231001276298e-01
8.843253277642417753e-01
8.843253277642417753e-01
8.845573732451560423e-01
8.845573732451560423e-01
8.849054414665273871e-01
8.849054414665273871e-01
8.853695324283559209e-01
8.853695324283559209e-01
8.854855551688131099e-01
8.854855551688131099e-01
8.856015779092701878e-01
8.856015779092701878e-01
8.858336233901844547e-01
8.858336233901844547e-01
8.862977143520129886e-01
8.862977143520129886e-01
8.865297598329272555e-01
8.865297598329272555e-01
8.868778280542986003e-01
8.868778280542986003e-01
8.872258962756700562e-01
8.872258962756700562e-01
8.874579417565843231e-01
8.874579417565843231e-01
8.880380554588699349e-01
8.880380554588699349e-01
8.882701009397842018e-01
8.882701009397842018e-01
8.887341919016127356e-01
8.887341919016127356e-01
8.888502146420698136e-01
8.888502146420698136e-01
8.891982828634412694e-01
8.891982828634412694e-01
8.894303283443555364e-01
8.894303283443555364e-01
8.896623738252698033e-01
8.897783965657268812e-01
8.900104420466411481e-01
8.900104420466411481e-01
8.902424875275554150e-01
8.902424875275554150e-01
8.903585102680124930e-01
8.903585102680124930e-01
8.907065784893839488e-01
8.907065784893839488e-01
8.909386239702982158e-01
8.909386239702982158e-01
8.911706694512124827e-01
8.911706694512124827e-01
8.912866921916695606e-01
8.912866921916695606e-01
8.916347604130409055e-01
8.916347604130409055e-01
8.918668058939551724e-01
8.918668058939551724e-01
8.922148741153266283e-01
8.922148741153266283e-01
8.923308968557837062e-01
8.923308968557837062e-01
8.924469195962408952e-01
8.924469195962408952e-01
8.932590787794407738e-01
8.932590787794407738e-01
8.933751015198978518e-01
8.933751015198978518e-01
8.938391924817263856e-01
8.938391924817263856e-01
8.939552152221835746e-01
8.939552152221835746e-01
8.940712379626406525e-01
8.940712379626406525e-01
8.941872607030978415e-01
8.941872607030978415e-01
8.944193061840121084e-01
8.944193061840121084e-01
8.945353289244691863e-01
8.945353289244691863e-01
8.947673744053834533e-01
8.947673744053834533e-01
8.951154426267547981e-01
8.951154426267547981e-01
8.952314653672119871e-01
8.952314653672119871e-01
8.954635108481262540e-01
8.954635108481262540e-01
8.955795335885833319e-01
8.955795335885833319e-01
8.960436245504118657e-01
8.960436245504118657e-01
8.961596472908690547e-01
8.961596472908690547e-01
8.968557837336117444e-01
8.968557837336117444e-01
8.970878292145260113e-01
8.970878292145260113e-01
8.976679429168117341e-01
8.976679429168117341e-01
8.977839656572688121e-01
8.977839656572688121e-01
8.983640793595544238e-01
8.983640793595544238e-01
8.984801021000116128e-01
8.984801021000116128e-01
8.989441930618401466e-01
8.989441930618401466e-01
8.990602158022972246e-01
8.990602158022972246e-01
8.992922612832114915e-01
8.992922612832114915e-01
8.994082840236686804e-01
8.994082840236686804e-01
8.999883977259542922e-01
8.999883977259542922e-01
9.001044204664113701e-01
9.001044204664113701e-01
9.005685114282399040e-01
9.005685114282399040e-01
9.011486251305256268e-01
9.011486251305256268e-01
9.016127160923540496e-01
9.016127160923540496e-01
9.019607843137255054e-01
9.019607843137255054e-01
9.028889662373825731e-01
9.028889662373825731e-01
9.031210117182968400e-01
9.031210117182968400e-01
9.032370344587539179e-01
9.032370344587539179e-01
9.033530571992109959e-01
9.033530571992109959e-01
9.037011254205824518e-01
9.037011254205824518e-01
9.038171481610395297e-01
9.038171481610395297e-01
9.039331709014967187e-01
9.039331709014967187e-01
9.041652163824109856e-01
9.041652163824109856e-01
9.045132846037823304e-01
9.045132846037823304e-01
9.050933983060679422e-01
9.050933983060679422e-01
9.052094210465251312e-01
9.052094210465251312e-01
9.053254437869822091e-01
9.053254437869822091e-01
9.055574892678964760e-01
9.055574892678964760e-01
9.060215802297250098e-01
9.060215802297250098e-01
9.062536257106392767e-01
9.062536257106392767e-01
9.063696484510964657e-01
9.063696484510964657e-01
9.068337394129248885e-01
9.068337394129248885e-01
9.071818076342963444e-01
9.071818076342963444e-01
9.072978303747534223e-01
9.072978303747534223e-01
9.075298758556676892e-01
9.075298758556676892e-01
9.078779440770391451e-01
9.078779440770391451e-01
9.081099895579534120e-01
9.081099895579534120e-01
9.085740805197818348e-01
9.085740805197818348e-01
9.086901032602390238e-01
9.086901032602390238e-01
9.088061260006961017e-01
9.088061260006961017e-01
9.089221487411532907e-01
9.089221487411532907e-01
9.092702169625246356e-01
9.092702169625246356e-01
9.093862397029818245e-01
9.093862397029818245e-01
9.095022624434389025e-01
9.095022624434389025e-01
9.096182851838960914e-01
9.096182851838960914e-01
9.099663534052674363e-01
9.099663534052674363e-01
9.100823761457245142e-01
9.100823761457245142e-01
9.103144216266387811e-01
9.103144216266387811e-01
9.105464671075530481e-01
9.105464671075530481e-01
9.106624898480102370e-01
9.106624898480102370e-01
9.108945353289245039e-01
9.108945353289245039e-01
9.113586262907530378e-01
9.113586262907530378e-01
9.122868082144099944e-01
9.122868082144099944e-01
9.125188536953242613e-01
9.125188536953242613e-01
9.127508991762385282e-01
9.127508991762385282e-01
9.129829446571527951e-01
9.129829446571527951e-01
9.130989673976099841e-01
9.130989673976099841e-01
9.134470356189813289e-01
9.134470356189813289e-01
9.136790810998955958e-01
9.136790810998955958e-01
9.137951038403526738e-01
9.137951038403526738e-01
9.139111265808098628e-01
9.139111265808098628e-01
9.140271493212669407e-01
9.140271493212669407e-01
9.143752175426383966e-01
9.143752175426383966e-01
9.144912402830954745e-01
9.144912402830954745e-01
9.146072630235526635e-01
9.146072630235526635e-01
9.147232857640097414e-01
9.147232857640097414e-01
9.148393085044669304e-01
9.148393085044669304e-01
9.150713539853810863e-01
9.150713539853810863e-01
9.151873767258382752e-01
9.151873767258382752e-01
9.153033994662953532e-01
9.153033994662953532e-01
9.155354449472096201e-01
9.155354449472096201e-01
9.156514676876668091e-01
9.156514676876668091e-01
9.158835131685810760e-01
9.158835131685810760e-01
9.161155586494953429e-01
9.161155586494953429e-01
9.163476041304096098e-01
9.163476041304096098e-01
9.164636268708666877e-01
9.164636268708666877e-01
9.166956723517809547e-01
9.166956723517809547e-01
9.170437405731522995e-01
9.170437405731522995e-01
9.171597633136094885e-01
9.171597633136094885e-01
9.179719224968093672e-01
9.179719224968093672e-01
9.180879452372665561e-01
9.180879452372665561e-01
9.182039679777236341e-01
9.182039679777236341e-01
9.183199907181807120e-01
9.183199907181807120e-01
9.186680589395521679e-01
9.186680589395521679e-01
9.189001044204664348e-01
9.189001044204664348e-01
9.191321499013807017e-01
9.191321499013807017e-01
9.193641953822949686e-01
9.193641953822949686e-01
9.194802181227520466e-01
9.194802181227520466e-01
9.197122636036663135e-01
9.197122636036663135e-01
9.199443090845805804e-01
9.199443090845805804e-01
9.200603318250376583e-01
9.200603318250376583e-01
9.201763545654948473e-01
9.201763545654948473e-01
9.202923773059519252e-01
9.202923773059519252e-01
9.204084000464091142e-01
9.204084000464091142e-01
9.205244227868661921e-01
9.205244227868661921e-01
9.206404455273233811e-01
9.206404455273233811e-01
9.208724910082376480e-01
9.208724910082376480e-01
9.212205592296089929e-01
9.212205592296089929e-01
9.213365819700661818e-01
9.213365819700661818e-01
9.218006729318946046e-01
9.218006729318946046e-01
9.220327184128088716e-01
9.220327184128088716e-01
9.222647638937231385e-01
9.222647638937231385e-01
9.224968093746374054e-01
9.224968093746374054e-01
9.226128321150945943e-01
9.226128321150945943e-01
9.227288548555516723e-01
9.227288548555516723e-01
9.228448775960088613e-01
9.228448775960088613e-01
9.231929458173802061e-01
9.231929458173802061e-01
9.234249912982944730e-01
9.234249912982944730e-01
9.242371504814943517e-01
9.242371504814943517e-01
9.244691959624086186e-01
9.244691959624086186e-01
9.245852187028658076e-01
9.245852187028658076e-01
9.248172641837800745e-01
9.248172641837800745e-01
9.251653324051514193e-01
9.251653324051514193e-01
9.252813551456084973e-01
9.252813551456084973e-01
9.255134006265227642e-01
9.255134006265227642e-01
9.256294233669799532e-01
9.256294233669799532e-01
9.260935143288084870e-01
9.260935143288084870e-01
9.262095370692655649e-01
9.262095370692655649e-01
9.265576052906369098e-01
9.265576052906369098e-01
9.266736280310940987e-01
9.266736280310940987e-01
9.271377189929226326e-01
9.271377189929226326e-01
9.272537417333797105e-01
9.272537417333797105e-01
9.276018099547511664e-01
9.276018099547511664e-01
9.277178326952082443e-01
9.277178326952082443e-01
9.278338554356654333e-01
9.278338554356654333e-01
9.279498781761225112e-01
9.279498781761225112e-01
9.280659009165797002e-01
9.280659009165797002e-01
9.281819236570367782e-01
9.281819236570367782e-01
9.282979463974938561e-01
9.282979463974938561e-01
9.284139691379510451e-01
9.284139691379510451e-01
9.287620373593223899e-01
9.287620373593223899e-01
9.289940828402366568e-01
9.289940828402366568e-01
9.292261283211509237e-01
9.292261283211509237e-01
9.293421510616081127e-01
9.293421510616081127e-01
9.294581738020651906e-01
9.294581738020651906e-01
9.295741965425223796e-01
9.295741965425223796e-01
9.300382875043508024e-01
9.300382875043508024e-01
9.302703329852650693e-01
9.302703329852650693e-01
9.303863557257222583e-01
9.303863557257222583e-01
9.305023784661793362e-01
9.305023784661793362e-01
9.306184012066365252e-01
9.306184012066365252e-01
9.307344239470936031e-01
9.307344239470936031e-01
9.308504466875507921e-01
9.308504466875507921e-01
9.309664694280078701e-01
9.309664694280078701e-01
9.310824921684650590e-01
9.310824921684650590e-01
9.315465831302935928e-01
9.315465831302935928e-01
9.316626058707506708e-01
9.316626058707506708e-01
9.317786286112077487e-01
9.317786286112077487e-01
9.321266968325792046e-01
9.321266968325792046e-01
9.322427195730362826e-01
9.322427195730362826e-01
9.323587423134934715e-01
9.323587423134934715e-01
9.324747650539505495e-01
9.324747650539505495e-01
9.325907877944077384e-01
9.325907877944077384e-01
9.327068105348648164e-01
9.327068105348648164e-01
9.328228332753220053e-01
9.328228332753220053e-01
9.329388560157790833e-01
9.329388560157790833e-01
9.331709014966933502e-01
9.331709014966933502e-01
9.332869242371504281e-01
9.332869242371504281e-01
9.335189697180646951e-01
9.335189697180646951e-01
9.336349924585218840e-01
9.336349924585218840e-01
9.338670379394361509e-01
9.338670379394361509e-01
9.342151061608074958e-01
9.342151061608074958e-01
9.344471516417217627e-01
9.344471516417217627e-01
9.345631743821789517e-01
9.345631743821789517e-01
9.351432880844645634e-01
9.351432880844645634e-01
9.353753335653788303e-01
9.353753335653788303e-01
9.357234017867501752e-01
9.357234017867501752e-01
9.359554472676644421e-01
9.359554472676644421e-01
9.361874927485787090e-01
9.361874927485787090e-01
9.366515837104072428e-01
9.366515837104072428e-01
9.368836291913215097e-01
9.368836291913215097e-01
9.371156746722357767e-01
9.371156746722357767e-01
9.373477201531500436e-01
9.373477201531500436e-01
9.375797656340643105e-01
9.375797656340643105e-01
9.376957883745213884e-01
9.376957883745213884e-01
9.382759020768070002e-01
9.382759020768070002e-01
9.385079475577212671e-01
9.385079475577212671e-01
9.386239702981784561e-01
9.386239702981784561e-01
9.387399930386355340e-01
9.387399930386355340e-01
9.392040840004640678e-01
9.392040840004640678e-01
9.393201067409212568e-01
9.393201067409212568e-01
9.394361294813783347e-01
9.394361294813783347e-01
9.396681749622926016e-01
9.396681749622926016e-01
9.399002204432068686e-01
9.399002204432068686e-01
9.400162431836639465e-01
9.400162431836639465e-01
9.402482886645782134e-01
9.402482886645782134e-01
9.407123796264067472e-01
9.407123796264067472e-01
9.409444251073210141e-01
9.409444251073210141e-01
9.410604478477782031e-01
9.410604478477782031e-01
9.411764705882352811e-01
9.411764705882352811e-01
9.412924933286924700e-01
9.412924933286924700e-01
9.414085160691495480e-01
9.414085160691495480e-01
9.418726070309780818e-01
9.418726070309780818e-01
9.421046525118923487e-01
9.421046525118923487e-01
9.421046525118923487e-01
9.421046525118923487e-01
9.422206752523494266e-01
9.422206752523494266e-01
9.424527207332636936e-01
9.424527207332636936e-01
9.426847662141779605e-01
9.426847662141779605e-01
9.429168116950922274e-01
9.429168116950922274e-01
9.431488571760064943e-01
9.431488571760064943e-01
9.432648799164635722e-01
9.432648799164635722e-01
9.434969253973778391e-01
9.434969253973778391e-01
9.437289708782921061e-01
9.437289708782921061e-01
9.438449936187492950e-01
9.438449936187492950e-01
9.444251073210349068e-01
9.444251073210349068e-01
9.446571528019491737e-01
9.446571528019491737e-01
9.447731755424063627e-01
9.447731755424063627e-01
9.448891982828634406e-01
9.448891982828634406e-01
9.452372665042347855e-01
9.452372665042347855e-01
9.453532892446919744e-01
9.453532892446919744e-01
9.454693119851490524e-01
9.454693119851490524e-01
9.462814711683490421e-01
9.462814711683490421e-01
9.465135166492633090e-01
9.465135166492633090e-01
9.466295393897203869e-01
9.466295393897203869e-01
9.467455621301774649e-01
9.467455621301774649e-01
9.469776076110917318e-01
9.469776076110917318e-01
9.473256758324631877e-01
9.473256758324631877e-01
9.477897667942917215e-01
9.477897667942917215e-01
9.479057895347487994e-01
9.479057895347487994e-01
9.480218122752059884e-01
9.480218122752059884e-01
9.481378350156630663e-01
9.481378350156630663e-01
9.482538577561201443e-01
9.482538577561201443e-01
9.486019259774916002e-01
9.486019259774916002e-01
9.488339714584058671e-01
9.488339714584058671e-01
9.489499941988629450e-01
9.489499941988629450e-01
9.490660169393201340e-01
9.490660169393201340e-01
9.491820396797772119e-01
9.491820396797772119e-01
9.492980624202344009e-01
9.492980624202344009e-01
9.497621533820629347e-01
9.497621533820629347e-01
9.501102216034342796e-01
9.501102216034342796e-01
9.504582898248056244e-01
9.504582898248056244e-01
9.505743125652628134e-01
9.505743125652628134e-01
9.509223807866341582e-01
9.509223807866341582e-01
9.511544262675484251e-01
9.511544262675484251e-01
9.512704490080056141e-01
9.512704490080056141e-01
9.513864717484626921e-01
9.513864717484626921e-01
9.515024944889198810e-01
9.515024944889198810e-01
9.516185172293769590e-01
9.516185172293769590e-01
9.517345399698340369e-01
9.517345399698340369e-01
9.518505627102912259e-01
9.518505627102912259e-01
9.520826081912054928e-01
9.520826081912054928e-01
9.523146536721197597e-01
9.523146536721197597e-01
9.525466991530340266e-01
9.525466991530340266e-01
9.526627218934911046e-01
9.526627218934911046e-01
9.530107901148625604e-01
9.531268128553196384e-01
9.531268128553196384e-01
9.533588583362339053e-01
9.533588583362339053e-01
9.534748810766909832e-01
9.534748810766909832e-01
9.538229492980624391e-01
9.538229492980624391e-01
9.540549947789767060e-01
9.540549947789767060e-01
9.546351084812623178e-01
9.546351084812623178e-01
9.547511312217195067e-01
9.547511312217195067e-01
9.549831767026336626e-01
9.549831767026336626e-01
9.552152221835479295e-01
9.552152221835479295e-01
9.553312449240051185e-01
9.553312449240051185e-01
9.554472676644621965e-01
9.554472676644621965e-01
9.560273813667479192e-01
9.560273813667479192e-01
9.561434041072049972e-01
9.561434041072049972e-01
9.562594268476621862e-01
9.562594268476621862e-01
9.564914723285764531e-01
9.564914723285764531e-01
9.566074950690335310e-01
9.566074950690335310e-01
9.567235178094906090e-01
9.567235178094906090e-01
9.568395405499477979e-01
9.568395405499477979e-01
9.569555632904048759e-01
9.569555632904048759e-01
9.570715860308620648e-01
9.570715860308620648e-01
9.571876087713191428e-01
9.571876087713191428e-01
9.573036315117763317e-01
9.573036315117763317e-01
9.574196542522334097e-01
9.574196542522334097e-01
9.576516997331476766e-01
9.576516997331476766e-01
9.577677224736048656e-01
9.577677224736048656e-01
9.579997679545191325e-01
9.579997679545191325e-01
9.581157906949762104e-01
9.581157906949762104e-01
9.583478361758904773e-01
9.583478361758904773e-01
9.585798816568047442e-01
9.585798816568047442e-01
9.586959043972618222e-01
9.586959043972618222e-01
9.588119271377190111e-01
9.588119271377190111e-01
9.589279498781760891e-01
9.589279498781760891e-01
9.590439726186332781e-01
9.590439726186332781e-01
9.591599953590903560e-01
9.591599953590903560e-01
9.592760180995475450e-01
9.592760180995475450e-01
9.593920408400046229e-01
9.593920408400046229e-01
9.595080635804618119e-01
9.595080635804618119e-01
9.596240863209188898e-01
9.596240863209188898e-01
9.597401090613760788e-01
9.597401090613760788e-01
9.599721545422902347e-01
9.599721545422902347e-01
9.600881772827474236e-01
9.600881772827474236e-01
9.602042000232045016e-01
9.602042000232045016e-01
9.603202227636616906e-01
9.603202227636616906e-01
9.604362455041187685e-01
9.604362455041187685e-01
9.605522682445759575e-01
9.605522682445759575e-01
9.609003364659473023e-01
9.609003364659473023e-01
9.610163592064044913e-01
9.610163592064044913e-01
9.611323819468615692e-01
9.611323819468615692e-01
9.614804501682330251e-01
9.614804501682330251e-01
9.617124956491471810e-01
9.617124956491471810e-01
9.618285183896043700e-01
9.618285183896043700e-01
9.619445411300614479e-01
9.619445411300614479e-01
9.620605638705186369e-01
9.620605638705186369e-01
9.622926093514329038e-01
9.622926093514329038e-01
9.625246548323471707e-01
9.625246548323471707e-01
9.626406775728042486e-01
9.626406775728042486e-01
9.628727230537185156e-01
9.628727230537185156e-01
9.632207912750899714e-01
9.632207912750899714e-01
9.633368140155470494e-01
9.633368140155470494e-01
9.635688594964613163e-01
9.635688594964613163e-01
9.636848822369183942e-01
9.636848822369183942e-01
9.638009049773755832e-01
9.638009049773755832e-01
9.639169277178326611e-01
9.639169277178326611e-01
9.640329504582898501e-01
9.640329504582898501e-01
9.642649959392041170e-01
9.642649959392041170e-01
9.643810186796611950e-01
9.643810186796611950e-01
9.644970414201183839e-01
9.644970414201183839e-01
9.647290869010326508e-01
9.647290869010326508e-01
9.648451096414897288e-01
9.648451096414897288e-01
9.649611323819468067e-01
9.649611323819468067e-01
9.650771551224039957e-01
9.650771551224039957e-01
9.651931778628610736e-01
9.651931778628610736e-01
9.653092006033182626e-01
9.653092006033182626e-01
9.655412460842325295e-01
9.655412460842325295e-01
9.657732915651467964e-01
9.657732915651467964e-01
9.658893143056038744e-01
9.658893143056038744e-01
9.660053370460610633e-01
9.660053370460610633e-01
9.661213597865181413e-01
9.661213597865181413e-01
9.662373825269753302e-01
9.662373825269753302e-01
9.663534052674324082e-01
9.663534052674324082e-01
9.667014734888037530e-01
9.667014734888037530e-01
9.679777236338322766e-01
9.682097691147465435e-01
9.682097691147465435e-01
9.683257918552036214e-01
9.683257918552036214e-01
9.684418145956606994e-01
9.684418145956606994e-01
9.687898828170321552e-01
9.687898828170321552e-01
9.689059055574892332e-01
9.689059055574892332e-01
9.690219282979464221e-01
9.690219282979464221e-01
9.691379510384035001e-01
9.694860192597749560e-01
9.694860192597749560e-01
9.696020420002320339e-01
9.696020420002320339e-01
9.697180647406892229e-01
9.697180647406892229e-01
9.699501102216033788e-01
9.699501102216033788e-01
9.700661329620605677e-01
9.700661329620605677e-01
9.702981784429748346e-01
9.702981784429748346e-01
9.704142011834319126e-01
9.704142011834319126e-01
9.705302239238891016e-01
9.705302239238891016e-01
9.706462466643461795e-01
9.706462466643461795e-01
9.709943148857176354e-01
9.709943148857176354e-01
9.711103376261747133e-01
9.711103376261747133e-01
9.712263603666319023e-01
9.712263603666319023e-01
9.713423831070889802e-01
9.713423831070889802e-01
9.714584058475461692e-01
9.714584058475461692e-01
9.715744285880032471e-01
9.715744285880032471e-01
9.716904513284603251e-01
9.716904513284603251e-01
9.718064740689175141e-01
9.718064740689175141e-01
9.720385195498317810e-01
9.720385195498317810e-01
9.721545422902888589e-01
9.721545422902888589e-01
9.722705650307460479e-01
9.722705650307460479e-01
9.725026105116603148e-01
9.725026105116603148e-01
9.727346559925745817e-01
9.727346559925745817e-01
9.728506787330316596e-01
9.728506787330316596e-01
9.729667014734888486e-01
9.729667014734888486e-01
9.730827242139459266e-01
9.730827242139459266e-01
9.731987469544031155e-01
9.731987469544031155e-01
9.733147696948601935e-01
9.733147696948601935e-01
9.734307924353172714e-01
9.734307924353172714e-01
9.735468151757744604e-01
9.735468151757744604e-01
9.736628379162315383e-01
9.736628379162315383e-01
9.738948833971458052e-01
9.738948833971458052e-01
9.741269288780600721e-01
9.741269288780600721e-01
9.743589743589743390e-01
9.743589743589743390e-01
9.745910198398886060e-01
9.745910198398886060e-01
9.747070425803457949e-01
9.747070425803457949e-01
9.748230653208028729e-01
9.748230653208028729e-01
9.751711335421742177e-01
9.751711335421742177e-01
9.752871562826314067e-01
9.752871562826314067e-01
9.754031790230884846e-01
9.754031790230884846e-01
9.755192017635456736e-01
9.755192017635456736e-01
9.756352245040027515e-01
9.756352245040027515e-01
9.757512472444599405e-01
9.757512472444599405e-01
9.759832927253742074e-01
9.759832927253742074e-01
9.760993154658312854e-01
9.760993154658312854e-01
9.762153382062884743e-01
9.762153382062884743e-01
9.763313609467455523e-01
9.763313609467455523e-01
9.764473836872027412e-01
9.764473836872027412e-01
9.765634064276598192e-01
9.765634064276598192e-01
9.766794291681168971e-01
9.766794291681168971e-01
9.769114746490311640e-01
9.769114746490311640e-01
9.770274973894883530e-01
9.770274973894883530e-01
9.771435201299454310e-01
9.771435201299454310e-01
9.773755656108596979e-01
9.773755656108596979e-01
9.776076110917739648e-01
9.776076110917739648e-01
9.780717020536024986e-01
9.780717020536024986e-01
9.781877247940596876e-01
9.781877247940596876e-01
9.784197702749738434e-01
9.784197702749738434e-01
9.785357930154310324e-01
9.785357930154310324e-01
9.786518157558881104e-01
9.786518157558881104e-01
9.787678384963452993e-01
9.787678384963452993e-01
9.788838612368023773e-01
9.788838612368023773e-01
9.789998839772595662e-01
9.789998839772595662e-01
9.791159067177166442e-01
9.791159067177166442e-01
9.793479521986309111e-01
9.793479521986309111e-01
9.795799976795451780e-01
9.795799976795451780e-01
9.796960204200023670e-01
9.796960204200023670e-01
9.798120431604594449e-01
9.798120431604594449e-01
9.800440886413737118e-01
9.800440886413737118e-01
9.801601113818307898e-01
9.801601113818307898e-01
9.802761341222879787e-01
9.802761341222879787e-01
9.803921568627450567e-01
9.803921568627450567e-01
9.805081796032022456e-01
9.805081796032022456e-01
9.806242023436593236e-01
9.806242023436593236e-01
9.807402250841165126e-01
9.807402250841165126e-01
9.808562478245735905e-01
9.808562478245735905e-01
9.810882933054878574e-01
9.810882933054878574e-01
9.812043160459450464e-01
9.812043160459450464e-01
9.813203387864021243e-01
9.813203387864021243e-01
9.814363615268593133e-01
9.814363615268593133e-01
9.815523842673163912e-01
9.815523842673163912e-01
9.816684070077734692e-01
9.816684070077734692e-01
9.817844297482306581e-01
9.817844297482306581e-01
9.820164752291449251e-01
9.820164752291449251e-01
9.822485207100591920e-01
9.822485207100591920e-01
9.823645434505162699e-01
9.823645434505162699e-01
9.824805661909734589e-01
9.824805661909734589e-01
9.825965889314305368e-01
9.825965889314305368e-01
9.827126116718877258e-01
9.827126116718877258e-01
9.828286344123448037e-01
9.828286344123448037e-01
9.831767026337162596e-01
9.831767026337162596e-01
9.832927253741733375e-01
9.832927253741733375e-01
9.834087481146304155e-01
9.834087481146304155e-01
9.836407935955446824e-01
9.836407935955446824e-01
9.838728390764589493e-01
9.838728390764589493e-01
9.839888618169161383e-01
9.839888618169161383e-01
9.844529527787446721e-01
9.844529527787446721e-01
9.845689755192017500e-01
9.845689755192017500e-01
9.846849982596589390e-01
9.846849982596589390e-01
9.849170437405732059e-01
9.849170437405732059e-01
9.850330664810302839e-01
9.850330664810302839e-01
9.852651119619445508e-01
9.852651119619445508e-01
9.853811347024016287e-01
9.853811347024016287e-01
9.854971574428588177e-01
9.854971574428588177e-01
9.856131801833158956e-01
9.856131801833158956e-01
9.857292029237730846e-01
9.857292029237730846e-01
9.858452256642301625e-01
9.858452256642301625e-01
9.859612484046873515e-01
9.859612484046873515e-01
9.860772711451444295e-01
9.860772711451444295e-01
9.861932938856016184e-01
9.861932938856016184e-01
9.865413621069729633e-01
9.867734075878872302e-01
9.868894303283443081e-01
9.868894303283443081e-01
9.870054530688014971e-01
9.870054530688014971e-01
9.871214758092585750e-01
9.871214758092585750e-01
9.872374985497157640e-01
9.872374985497157640e-01
9.873535212901728420e-01
9.873535212901728420e-01
9.874695440306300309e-01
9.874695440306300309e-01
9.875855667710871089e-01
9.875855667710871089e-01
9.877015895115442978e-01
9.877015895115442978e-01
9.878176122520013758e-01
9.878176122520013758e-01
9.879336349924585647e-01
9.879336349924585647e-01
9.882817032138299096e-01
9.882817032138299096e-01
9.883977259542869875e-01
9.883977259542869875e-01
9.885137486947441765e-01
9.885137486947441765e-01
9.886297714352012544e-01
9.886297714352012544e-01
9.888618169161155214e-01
9.888618169161155214e-01
9.889778396565727103e-01
9.889778396565727103e-01
9.890938623970297883e-01
9.890938623970297883e-01
9.892098851374869772e-01
9.892098851374869772e-01
9.893259078779440552e-01
9.893259078779440552e-01
9.895579533588583221e-01
9.895579533588583221e-01
9.896739760993155111e-01
9.896739760993155111e-01
9.897899988397725890e-01
9.897899988397725890e-01
9.899060215802297780e-01
9.899060215802297780e-01
9.900220443206868559e-01
9.900220443206868559e-01
9.901380670611439339e-01
9.901380670611439339e-01
9.902540898016011228e-01
9.902540898016011228e-01
9.903701125420582008e-01
9.903701125420582008e-01
9.904861352825153897e-01
9.904861352825153897e-01
9.907181807634296566e-01
9.907181807634296566e-01
9.908342035038867346e-01
9.908342035038867346e-01
9.909502262443439236e-01
9.909502262443439236e-01
9.910662489848010015e-01
9.910662489848010015e-01
9.911822717252581905e-01
9.911822717252581905e-01
9.912982944657152684e-01
9.912982944657152684e-01
9.914143172061724574e-01
9.914143172061724574e-01
9.915303399466295353e-01
9.915303399466295353e-01
9.916463626870867243e-01
9.916463626870867243e-01
9.917623854275438022e-01
9.917623854275438022e-01
9.918784081680008802e-01
9.918784081680008802e-01
9.919944309084580691e-01
9.919944309084580691e-01
9.921104536489151471e-01
9.921104536489151471e-01
9.922264763893723361e-01
9.922264763893723361e-01
9.923424991298294140e-01
9.923424991298294140e-01
9.924585218702866030e-01
9.924585218702866030e-01
9.925745446107436809e-01
9.925745446107436809e-01
9.926905673512008699e-01
9.926905673512008699e-01
9.928065900916579478e-01
9.928065900916579478e-01
9.929226128321151368e-01
9.929226128321151368e-01
9.930386355725722147e-01
9.930386355725722147e-01
9.931546583130294037e-01
9.931546583130294037e-01
9.932706810534864816e-01
9.932706810534864816e-01
9.935027265344007485e-01
9.935027265344007485e-01
9.936187492748578265e-01
9.936187492748578265e-01
9.937347720153150155e-01
9.937347720153150155e-01
9.938507947557720934e-01
9.938507947557720934e-01
9.940828402366863603e-01
9.940828402366863603e-01
9.941988629771435493e-01
9.941988629771435493e-01
9.943148857176006272e-01
9.943148857176006272e-01
9.945469311985148941e-01
9.945469311985148941e-01
9.946629539389720831e-01
9.946629539389720831e-01
9.947789766794291610e-01
9.947789766794291610e-01
9.950110221603434280e-01
9.950110221603434280e-01
9.951270449008005059e-01
9.951270449008005059e-01
9.952430676412576949e-01
9.952430676412576949e-01
9.953590903817147728e-01
9.953590903817147728e-01
9.954751131221719618e-01
9.954751131221719618e-01
9.957071586030862287e-01
9.957071586030862287e-01
9.958231813435433066e-01
9.958231813435433066e-01
9.959392040840004956e-01
9.959392040840004956e-01
9.960552268244575735e-01
9.960552268244575735e-01
9.961712495649147625e-01
9.961712495649147625e-01
9.962872723053718405e-01
9.962872723053718405e-01
9.964032950458290294e-01
9.964032950458290294e-01
9.965193177862861074e-01
9.965193177862861074e-01
9.966353405267432963e-01
9.966353405267432963e-01
9.967513632672003743e-01
9.967513632672003743e-01
9.968673860076574522e-01
9.968673860076574522e-01
9.969834087481146412e-01
9.969834087481146412e-01
9.970994314885717191e-01
9.970994314885717191e-01
9.972154542290289081e-01
9.972154542290289081e-01
9.973314769694859860e-01
9.973314769694859860e-01
9.974474997099431750e-01
9.974474997099431750e-01
9.975635224504002529e-01
9.975635224504002529e-01
9.977955679313145199e-01
9.977955679313145199e-01
9.979115906717717088e-01
9.979115906717717088e-01
9.980276134122287868e-01
9.980276134122287868e-01
9.981436361526859757e-01
9.981436361526859757e-01
9.982596588931430537e-01
9.982596588931430537e-01
9.983756816336001316e-01
9.983756816336001316e-01
9.984917043740573206e-01
9.984917043740573206e-01
9.986077271145143985e-01
9.986077271145143985e-01
9.987237498549715875e-01
9.987237498549715875e-01
9.988397725954286654e-01
9.988397725954286654e-01
9.989557953358858544e-01
9.989557953358858544e-01
9.990718180763429324e-01
9.990718180763429324e-01
9.991878408168001213e-01
9.991878408168001213e-01
9.993038635572571993e-01
9.993038635572571993e-01
9.994198862977143882e-01
9.994198862977143882e-01
9.995359090381714662e-01
9.995359090381714662e-01
9.996519317786286551e-01
9.996519317786286551e-01
9.997679545190857331e-01
9.997679545190857331e-01
9.998839772595429221e-01
9.998839772595429221e-01
1.000000000000000000e+00
1.000000000000000000e+00
