0.000000000000000000e+00
8.303330333033302757e-02
1.064356435643564330e-01
1.183618361836183686e-01
1.260126012601260059e-01
1.329882988298830004e-01
1.379387938793879276e-01
1.419891989198919791e-01
1.458145814581458255e-01
1.496399639963996442e-01
1.514401440144014510e-01
1.541404140414041335e-01
1.577407740774077471e-01
1.599909990999099918e-01
1.624662466246624692e-01
1.638163816381638105e-01
1.653915391539153845e-01
1.669666966696669586e-01
1.689918991899189982e-01
1.725922592259225841e-01
1.737173717371737203e-01
1.755175517551755271e-01
1.764176417641764305e-01
1.791179117911791130e-01
1.800180018001800164e-01
1.811431143114311526e-01
1.829432943294329317e-01
1.845184518451845057e-01
1.858685868586858747e-01
1.869936993699369832e-01
1.876687668766876815e-01
1.883438343834383522e-01
1.887938793879387900e-01
1.894689468946894606e-01
1.908190819081908296e-01
1.923942394239424036e-01
1.937443744374437449e-01
1.941944194419441827e-01
1.950945094509450861e-01
1.962196219621962223e-01
1.968946894689468929e-01
1.968946894689468929e-01
1.975697569756975636e-01
1.982448244824482342e-01
1.986948694869486998e-01
1.995949594959496032e-01
2.004950495049505066e-01
2.013951395139513822e-01
2.022952295229522857e-01
2.036453645364536547e-01
2.047704770477047631e-01
2.054455445544554337e-01
2.056705670567056665e-01
2.063456345634563371e-01
2.070207020702070078e-01
2.076957695769577061e-01
2.083708370837083768e-01
2.085958595859586096e-01
2.094959495949594852e-01
2.103960396039603886e-01
2.112961296129612920e-01
2.119711971197119627e-01
2.126462646264626333e-01
2.130963096309630989e-01
2.135463546354635367e-01
2.142214221422142351e-01
2.142214221422142351e-01
2.148964896489649057e-01
2.148964896489649057e-01
2.153465346534653435e-01
2.155715571557155763e-01
2.162466246624662469e-01
2.162466246624662469e-01
2.164716471647164797e-01
2.166966696669666848e-01
2.169216921692169175e-01
2.169216921692169175e-01
2.173717371737173831e-01
2.173717371737173831e-01
2.173717371737173831e-01
2.178217821782178210e-01
2.180468046804680537e-01
2.184968496849684916e-01
2.187218721872187244e-01
2.189468946894689572e-01
2.193969396939693950e-01
2.200720072007200656e-01
2.200720072007200656e-01
2.202970297029702984e-01
2.205220522052205312e-01
2.207470747074707362e-01
2.209720972097209690e-01
2.211971197119712018e-01
2.211971197119712018e-01
2.218721872187218724e-01
2.223222322232223103e-01
2.229972997299730086e-01
2.234473447344734465e-01
2.241224122412241171e-01
2.243474347434743499e-01
2.252475247524752533e-01
2.256975697569756911e-01
2.263726372637263617e-01
2.268226822682268273e-01
2.272727272727272652e-01
2.281728172817281686e-01
2.281728172817281686e-01
2.286228622862286342e-01
2.288478847884788392e-01
2.288478847884788392e-01
2.288478847884788392e-01
2.292979297929793048e-01
2.295229522952295098e-01
2.295229522952295098e-01
2.308730873087308788e-01
2.308730873087308788e-01
2.313231323132313166e-01
2.313231323132313166e-01
2.313231323132313166e-01
2.315481548154815494e-01
2.315481548154815494e-01
2.322232223222322200e-01
2.324482448244824528e-01
2.324482448244824528e-01
2.326732673267326856e-01
2.331233123312331235e-01
2.340234023402340269e-01
2.346984698469846975e-01
2.346984698469846975e-01
2.351485148514851353e-01
2.351485148514851353e-01
2.355985598559856009e-01
2.358235823582358337e-01
2.360486048604860387e-01
2.360486048604860387e-01
2.364986498649865043e-01
2.364986498649865043e-01
2.364986498649865043e-01
2.367236723672367371e-01
2.376237623762376128e-01
2.380738073807380784e-01
2.380738073807380784e-01
2.385238523852385162e-01
2.387488748874887490e-01
2.387488748874887490e-01
2.391989198919891868e-01
2.400990099009900902e-01
2.403240324032403230e-01
2.403240324032403230e-01
2.405490549054905558e-01
2.405490549054905558e-01
2.405490549054905558e-01
2.405490549054905558e-01
2.405490549054905558e-01
2.405490549054905558e-01
2.405490549054905558e-01
2.405490549054905558e-01
2.407740774077407608e-01
2.407740774077407608e-01
2.407740774077407608e-01
2.409990999099909936e-01
2.412241224122412264e-01
2.414491449144914592e-01
2.418991899189918970e-01
2.421242124212421298e-01
2.425742574257425677e-01
2.425742574257425677e-01
2.427992799279928005e-01
2.436993699369937039e-01
2.439243924392439367e-01
2.439243924392439367e-01
2.439243924392439367e-01
2.441494149414941417e-01
2.441494149414941417e-01
2.441494149414941417e-01
2.441494149414941417e-01
2.445994599459946073e-01
2.445994599459946073e-01
2.445994599459946073e-01
2.450495049504950451e-01
2.452745274527452779e-01
2.459495949594959485e-01
2.459495949594959485e-01
2.459495949594959485e-01
2.459495949594959485e-01
2.466246624662466191e-01
2.468496849684968519e-01
2.468496849684968519e-01
2.472997299729972898e-01
2.477497749774977553e-01
2.477497749774977553e-01
2.484248424842484260e-01
2.484248424842484260e-01
2.486498649864986588e-01
2.486498649864986588e-01
2.488748874887488638e-01
2.488748874887488638e-01
2.493249324932493294e-01
2.493249324932493294e-01
2.493249324932493294e-01
2.497749774977497672e-01
2.500000000000000000e-01
2.504500450045004656e-01
2.506750675067506706e-01
2.509000900090008757e-01
2.511251125112511362e-01
2.511251125112511362e-01
2.511251125112511362e-01
2.513501350135013412e-01
2.515751575157516018e-01
2.518001800180018068e-01
2.518001800180018068e-01
2.518001800180018068e-01
2.520252025202520119e-01
2.520252025202520119e-01
2.524752475247524774e-01
2.529252925292529430e-01
2.531503150315031481e-01
2.533753375337533531e-01
2.533753375337533531e-01
2.536003600360036137e-01
2.540504050405040237e-01
2.540504050405040237e-01
2.547254725472547499e-01
2.549504950495049549e-01
2.549504950495049549e-01
2.549504950495049549e-01
2.551755175517551599e-01
2.551755175517551599e-01
2.556255625562556255e-01
2.556255625562556255e-01
2.556255625562556255e-01
2.558505850585058305e-01
2.560756075607560911e-01
2.565256525652565012e-01
2.565256525652565012e-01
2.565256525652565012e-01
2.565256525652565012e-01
2.565256525652565012e-01
2.565256525652565012e-01
2.567506750675067617e-01
2.567506750675067617e-01
2.569756975697569668e-01
2.569756975697569668e-01
2.572007200720072273e-01
2.576507650765076374e-01
2.576507650765076374e-01
2.576507650765076374e-01
2.581008100810081030e-01
2.581008100810081030e-01
2.581008100810081030e-01
2.583258325832583080e-01
2.585508550855085685e-01
2.587758775877587736e-01
2.590009000900089786e-01
2.590009000900089786e-01
2.590009000900089786e-01
2.590009000900089786e-01
2.590009000900089786e-01
2.592259225922592392e-01
2.592259225922592392e-01
2.596759675967596492e-01
2.599009900990099098e-01
2.599009900990099098e-01
2.599009900990099098e-01
2.601260126012601148e-01
2.601260126012601148e-01
2.601260126012601148e-01
2.605760576057605804e-01
2.605760576057605804e-01
2.608010801080107854e-01
2.608010801080107854e-01
2.608010801080107854e-01
2.610261026102610460e-01
2.610261026102610460e-01
2.612511251125112510e-01
2.614761476147614561e-01
2.614761476147614561e-01
2.617011701170117166e-01
2.617011701170117166e-01
2.619261926192619216e-01
2.621512151215121267e-01
2.621512151215121267e-01
2.626012601260125923e-01
2.626012601260125923e-01
2.626012601260125923e-01
2.630513051305130579e-01
2.632763276327632629e-01
2.637263726372637285e-01
2.637263726372637285e-01
2.637263726372637285e-01
2.641764176417641941e-01
2.641764176417641941e-01
2.646264626462646041e-01
2.648514851485148647e-01
2.648514851485148647e-01
2.648514851485148647e-01
2.648514851485148647e-01
2.648514851485148647e-01
2.653015301530152747e-01
2.655265526552655353e-01
2.655265526552655353e-01
2.655265526552655353e-01
2.657515751575157403e-01
2.657515751575157403e-01
2.659765976597660009e-01
2.659765976597660009e-01
2.659765976597660009e-01
2.662016201620162059e-01
2.662016201620162059e-01
2.664266426642664110e-01
2.664266426642664110e-01
2.664266426642664110e-01
2.664266426642664110e-01
2.666516651665166715e-01
2.668766876687668765e-01
2.668766876687668765e-01
2.668766876687668765e-01
2.671017101710170816e-01
2.671017101710170816e-01
2.673267326732673421e-01
2.673267326732673421e-01
2.675517551755175472e-01
2.675517551755175472e-01
2.675517551755175472e-01
2.677767776777677522e-01
2.677767776777677522e-01
2.680018001800180127e-01
2.680018001800180127e-01
2.686768676867686834e-01
2.691269126912691489e-01
2.693519351935193540e-01
2.693519351935193540e-01
2.693519351935193540e-01
2.693519351935193540e-01
2.693519351935193540e-01
2.695769576957695590e-01
2.698019801980198196e-01
2.698019801980198196e-01
2.700270027002700246e-01
2.700270027002700246e-01
2.702520252025202296e-01
2.702520252025202296e-01
2.702520252025202296e-01
2.707020702070206952e-01
2.707020702070206952e-01
2.711521152115211608e-01
2.711521152115211608e-01
2.711521152115211608e-01
2.711521152115211608e-01
2.716021602160216264e-01
2.718271827182718314e-01
2.718271827182718314e-01
2.725022502250225021e-01
2.725022502250225021e-01
2.727272727272727071e-01
2.727272727272727071e-01
2.731773177317731727e-01
2.731773177317731727e-01
2.734023402340233777e-01
2.734023402340233777e-01
2.734023402340233777e-01
2.736273627362736383e-01
2.736273627362736383e-01
2.736273627362736383e-01
2.736273627362736383e-01
2.738523852385238433e-01
2.738523852385238433e-01
2.738523852385238433e-01
2.740774077407741038e-01
2.745274527452745139e-01
2.749774977497749795e-01
2.749774977497749795e-01
2.749774977497749795e-01
2.756525652565256501e-01
2.758775877587758552e-01
2.761026102610261157e-01
2.763276327632763207e-01
2.763276327632763207e-01
2.767776777677767863e-01
2.767776777677767863e-01
2.767776777677767863e-01
2.767776777677767863e-01
2.770027002700269914e-01
2.774527452745274569e-01
2.774527452745274569e-01
2.779027902790279225e-01
2.779027902790279225e-01
2.783528352835283326e-01
2.785778577857785931e-01
2.785778577857785931e-01
2.788028802880287982e-01
2.788028802880287982e-01
2.790279027902790032e-01
2.792529252925292638e-01
2.792529252925292638e-01
2.792529252925292638e-01
2.792529252925292638e-01
2.794779477947794688e-01
2.794779477947794688e-01
2.797029702970297294e-01
2.799279927992799344e-01
2.799279927992799344e-01
2.801530153015301394e-01
2.806030603060306050e-01
2.806030603060306050e-01
2.808280828082808100e-01
2.808280828082808100e-01
2.810531053105310706e-01
2.810531053105310706e-01
2.810531053105310706e-01
2.810531053105310706e-01
2.815031503150314807e-01
2.817281728172817412e-01
2.817281728172817412e-01
2.819531953195319463e-01
2.819531953195319463e-01
2.821782178217821513e-01
2.821782178217821513e-01
2.821782178217821513e-01
2.824032403240324118e-01
2.824032403240324118e-01
2.824032403240324118e-01
2.824032403240324118e-01
2.824032403240324118e-01
2.824032403240324118e-01
2.826282628262826169e-01
2.826282628262826169e-01
2.826282628262826169e-01
2.828532853285328774e-01
2.833033303330332875e-01
2.837533753375337531e-01
2.837533753375337531e-01
2.837533753375337531e-01
2.839783978397839581e-01
2.839783978397839581e-01
2.842034203420342187e-01
2.842034203420342187e-01
2.846534653465346287e-01
2.846534653465346287e-01
2.848784878487848893e-01
2.853285328532853549e-01
2.855535553555355599e-01
2.855535553555355599e-01
2.857785778577857649e-01
2.857785778577857649e-01
2.857785778577857649e-01
2.860036003600360255e-01
2.862286228622862305e-01
2.862286228622862305e-01
2.864536453645364356e-01
2.864536453645364356e-01
2.866786678667866961e-01
2.869036903690369011e-01
2.869036903690369011e-01
2.871287128712871062e-01
2.871287128712871062e-01
2.873537353735373667e-01
2.873537353735373667e-01
2.873537353735373667e-01
2.873537353735373667e-01
2.873537353735373667e-01
2.873537353735373667e-01
2.878037803780377768e-01
2.880288028802880373e-01
2.884788478847885029e-01
2.884788478847885029e-01
2.887038703870387080e-01
2.887038703870387080e-01
2.889288928892889130e-01
2.889288928892889130e-01
2.889288928892889130e-01
2.889288928892889130e-01
2.891539153915391736e-01
2.891539153915391736e-01
2.893789378937893786e-01
2.896039603960395836e-01
2.896039603960395836e-01
2.896039603960395836e-01
2.902790279027902542e-01
2.905040504050405148e-01
2.905040504050405148e-01
2.909540954095409804e-01
2.909540954095409804e-01
2.911791179117911854e-01
2.914041404140413904e-01
2.916291629162916510e-01
2.916291629162916510e-01
2.918541854185418560e-01
2.920792079207920611e-01
2.923042304230423216e-01
2.925292529252925267e-01
2.927542754275427317e-01
2.929792979297929922e-01
2.929792979297929922e-01
2.929792979297929922e-01
2.929792979297929922e-01
2.932043204320431973e-01
2.932043204320431973e-01
2.934293429342934023e-01
2.934293429342934023e-01
2.934293429342934023e-01
2.936543654365436629e-01
2.936543654365436629e-01
2.938793879387938679e-01
2.938793879387938679e-01
2.938793879387938679e-01
2.938793879387938679e-01
2.938793879387938679e-01
2.938793879387938679e-01
2.941044104410441284e-01
2.941044104410441284e-01
2.943294329432943335e-01
2.943294329432943335e-01
2.945544554455445385e-01
2.945544554455445385e-01
2.947794779477947991e-01
2.947794779477947991e-01
2.950045004500450041e-01
2.954545454545454697e-01
2.956795679567956747e-01
2.956795679567956747e-01
2.956795679567956747e-01
2.956795679567956747e-01
2.959045904590458798e-01
2.959045904590458798e-01
2.961296129612961403e-01
2.961296129612961403e-01
2.961296129612961403e-01
2.961296129612961403e-01
2.963546354635463453e-01
2.965796579657966059e-01
2.965796579657966059e-01
2.970297029702970160e-01
2.970297029702970160e-01
2.972547254725472765e-01
2.972547254725472765e-01
2.974797479747974815e-01
2.977047704770476866e-01
2.977047704770476866e-01
2.979297929792979471e-01
2.979297929792979471e-01
2.983798379837983572e-01
2.986048604860486178e-01
2.986048604860486178e-01
2.988298829882988228e-01
2.988298829882988228e-01
2.988298829882988228e-01
2.988298829882988228e-01
2.992799279927992884e-01
2.992799279927992884e-01
3.001800180018001640e-01
3.004050405040504246e-01
3.004050405040504246e-01
3.008550855085508346e-01
3.008550855085508346e-01
3.010801080108010952e-01
3.013051305130513002e-01
3.013051305130513002e-01
3.015301530153015053e-01
3.015301530153015053e-01
3.019801980198019709e-01
3.022052205220522314e-01
3.022052205220522314e-01
3.028802880288029020e-01
3.028802880288029020e-01
3.028802880288029020e-01
3.028802880288029020e-01
3.031053105310531071e-01
3.031053105310531071e-01
3.035553555355535726e-01
3.035553555355535726e-01
3.037803780378037777e-01
3.042304230423042433e-01
3.042304230423042433e-01
3.042304230423042433e-01
3.042304230423042433e-01
3.042304230423042433e-01
3.042304230423042433e-01
3.044554455445544483e-01
3.044554455445544483e-01
3.046804680468046533e-01
3.046804680468046533e-01
3.049054905490549139e-01
3.049054905490549139e-01
3.049054905490549139e-01
3.051305130513051189e-01
3.051305130513051189e-01
3.053555355535553795e-01
3.053555355535553795e-01
3.058055805580557895e-01
3.058055805580557895e-01
3.060306030603060501e-01
3.060306030603060501e-01
3.062556255625562551e-01
3.062556255625562551e-01
3.064806480648064602e-01
3.064806480648064602e-01
3.064806480648064602e-01
3.064806480648064602e-01
3.064806480648064602e-01
3.064806480648064602e-01
3.064806480648064602e-01
3.067056705670567207e-01
3.067056705670567207e-01
3.069306930693069257e-01
3.069306930693069257e-01
3.073807380738073913e-01
3.073807380738073913e-01
3.076057605760575964e-01
3.076057605760575964e-01
3.078307830783078569e-01
3.078307830783078569e-01
3.080558055805580620e-01
3.082808280828082670e-01
3.085058505850585275e-01
3.085058505850585275e-01
3.087308730873087326e-01
3.087308730873087326e-01
3.087308730873087326e-01
3.089558955895589376e-01
3.089558955895589376e-01
3.091809180918091982e-01
3.091809180918091982e-01
3.096309630963096082e-01
3.096309630963096082e-01
3.096309630963096082e-01
3.096309630963096082e-01
3.098559855985598688e-01
3.098559855985598688e-01
3.098559855985598688e-01
3.098559855985598688e-01
3.100810081008100738e-01
3.100810081008100738e-01
3.105310531053105394e-01
3.107560756075607444e-01
3.107560756075607444e-01
3.109810981098110050e-01
3.109810981098110050e-01
3.112061206120612100e-01
3.112061206120612100e-01
3.114311431143114151e-01
3.114311431143114151e-01
3.114311431143114151e-01
3.116561656165616756e-01
3.116561656165616756e-01
3.127812781278127563e-01
3.127812781278127563e-01
3.127812781278127563e-01
3.127812781278127563e-01
3.132313231323132219e-01
3.132313231323132219e-01
3.136813681368136875e-01
3.136813681368136875e-01
3.141314131413141530e-01
3.141314131413141530e-01
3.143564356435643581e-01
3.143564356435643581e-01
3.145814581458145631e-01
3.145814581458145631e-01
3.148064806480648237e-01
3.148064806480648237e-01
3.150315031503150287e-01
3.152565256525652337e-01
3.154815481548154943e-01
3.154815481548154943e-01
3.157065706570656993e-01
3.157065706570656993e-01
3.159315931593159044e-01
3.159315931593159044e-01
3.161566156615661649e-01
3.161566156615661649e-01
3.166066606660666305e-01
3.166066606660666305e-01
3.168316831683168355e-01
3.168316831683168355e-01
3.172817281728173011e-01
3.172817281728173011e-01
3.175067506750675062e-01
3.175067506750675062e-01
3.177317731773177112e-01
3.177317731773177112e-01
3.179567956795679717e-01
3.179567956795679717e-01
3.181818181818181768e-01
3.181818181818181768e-01
3.184068406840683818e-01
3.186318631863186424e-01
3.190819081908191079e-01
3.190819081908191079e-01
3.199819981998199836e-01
3.199819981998199836e-01
3.204320432043204492e-01
3.206570657065706542e-01
3.206570657065706542e-01
3.208820882088208593e-01
3.208820882088208593e-01
3.208820882088208593e-01
3.208820882088208593e-01
3.211071107110711198e-01
3.211071107110711198e-01
3.213321332133213248e-01
3.213321332133213248e-01
3.215571557155715299e-01
3.215571557155715299e-01
3.217821782178217904e-01
3.217821782178217904e-01
3.220072007200719955e-01
3.220072007200719955e-01
3.222322232223222560e-01
3.222322232223222560e-01
3.224572457245724610e-01
3.224572457245724610e-01
3.226822682268226661e-01
3.231323132313231317e-01
3.231323132313231317e-01
3.233573357335733367e-01
3.233573357335733367e-01
3.235823582358235972e-01
3.235823582358235972e-01
3.240324032403240073e-01
3.242574257425742679e-01
3.242574257425742679e-01
3.242574257425742679e-01
3.247074707470747335e-01
3.247074707470747335e-01
3.247074707470747335e-01
3.251575157515751435e-01
3.251575157515751435e-01
3.260576057605760747e-01
3.260576057605760747e-01
3.265076507650764848e-01
3.265076507650764848e-01
3.269576957695769504e-01
3.271827182718271554e-01
3.271827182718271554e-01
3.274077407740774159e-01
3.274077407740774159e-01
3.278577857785778815e-01
3.278577857785778815e-01
3.280828082808280866e-01
3.280828082808280866e-01
3.283078307830782916e-01
3.283078307830782916e-01
3.285328532853285521e-01
3.285328532853285521e-01
3.287578757875787572e-01
3.287578757875787572e-01
3.292079207920792228e-01
3.294329432943294278e-01
3.298829882988298934e-01
3.298829882988298934e-01
3.303330333033303590e-01
3.303330333033303590e-01
3.305580558055805640e-01
3.305580558055805640e-01
3.310081008100810296e-01
3.310081008100810296e-01
3.316831683168317002e-01
3.316831683168317002e-01
3.323582358235823708e-01
3.323582358235823708e-01
3.330333033303330414e-01
3.330333033303330414e-01
3.332583258325832465e-01
3.332583258325832465e-01
3.339333933393339171e-01
3.341584158415841777e-01
3.343834383438343827e-01
3.343834383438343827e-01
3.348334833483348483e-01
3.348334833483348483e-01
3.350585058505850533e-01
3.350585058505850533e-01
3.352835283528352583e-01
3.352835283528352583e-01
3.355085508550855189e-01
3.355085508550855189e-01
3.359585958595859845e-01
3.359585958595859845e-01
3.361836183618361895e-01
3.361836183618361895e-01
3.364086408640863946e-01
3.364086408640863946e-01
3.364086408640863946e-01
3.364086408640863946e-01
3.368586858685868601e-01
3.368586858685868601e-01
3.373087308730873257e-01
3.375337533753375308e-01
3.375337533753375308e-01
3.377587758775877358e-01
3.377587758775877358e-01
3.379837983798379963e-01
3.379837983798379963e-01
3.384338433843384064e-01
3.384338433843384064e-01
3.388838883888388720e-01
3.388838883888388720e-01
3.393339333933393376e-01
3.393339333933393376e-01
3.395589558955895426e-01
3.395589558955895426e-01
3.397839783978398032e-01
3.397839783978398032e-01
3.402340234023402132e-01
3.402340234023402132e-01
3.402340234023402132e-01
3.402340234023402132e-01
3.404590459045904738e-01
3.404590459045904738e-01
3.406840684068406788e-01
3.406840684068406788e-01
3.409090909090908839e-01
3.411341134113411444e-01
3.413591359135913494e-01
3.413591359135913494e-01
3.415841584158416100e-01
3.415841584158416100e-01
3.418091809180918150e-01
3.418091809180918150e-01
3.420342034203420201e-01
3.420342034203420201e-01
3.422592259225922806e-01
3.422592259225922806e-01
3.429342934293429512e-01
3.429342934293429512e-01
3.431593159315931563e-01
3.431593159315931563e-01
3.433843384338433613e-01
3.433843384338433613e-01
3.436093609360936219e-01
3.436093609360936219e-01
3.436093609360936219e-01
3.440594059405940319e-01
3.440594059405940319e-01
3.449594959495949631e-01
3.451845184518451681e-01
3.451845184518451681e-01
3.456345634563456337e-01
3.456345634563456337e-01
3.458595859585958388e-01
3.460846084608460993e-01
3.460846084608460993e-01
3.465346534653465094e-01
3.465346534653465094e-01
3.467596759675967699e-01
3.467596759675967699e-01
3.469846984698469750e-01
3.469846984698469750e-01
3.476597659765976456e-01
3.476597659765976456e-01
3.478847884788479061e-01
3.478847884788479061e-01
3.481098109810981112e-01
3.481098109810981112e-01
3.483348334833483162e-01
3.483348334833483162e-01
3.487848784878487818e-01
3.487848784878487818e-01
3.492349234923492474e-01
3.492349234923492474e-01
3.499099909990999180e-01
3.499099909990999180e-01
3.501350135013501230e-01
3.501350135013501230e-01
3.503600360036003836e-01
3.503600360036003836e-01
3.505850585058505886e-01
3.505850585058505886e-01
3.508100810081007936e-01
3.508100810081007936e-01
3.510351035103510542e-01
3.510351035103510542e-01
3.512601260126012592e-01
3.512601260126012592e-01
3.512601260126012592e-01
3.514851485148514643e-01
3.514851485148514643e-01
3.519351935193519298e-01
3.519351935193519298e-01
3.521602160216021349e-01
3.521602160216021349e-01
3.523852385238523954e-01
3.523852385238523954e-01
3.526102610261026005e-01
3.526102610261026005e-01
3.528352835283528610e-01
3.528352835283528610e-01
3.530603060306030661e-01
3.530603060306030661e-01
3.530603060306030661e-01
3.530603060306030661e-01
3.532853285328532711e-01
3.532853285328532711e-01
3.537353735373537367e-01
3.537353735373537367e-01
3.539603960396039417e-01
3.539603960396039417e-01
3.541854185418542023e-01
3.541854185418542023e-01
3.544104410441044073e-01
3.544104410441044073e-01
3.546354635463546123e-01
3.546354635463546123e-01
3.550855085508550779e-01
3.550855085508550779e-01
3.553105310531052830e-01
3.553105310531052830e-01
3.562106210621062141e-01
3.562106210621062141e-01
3.564356435643564192e-01
3.564356435643564192e-01
3.566606660666066797e-01
3.566606660666066797e-01
3.573357335733573503e-01
3.573357335733573503e-01
3.577857785778577604e-01
3.577857785778577604e-01
3.580108010801080209e-01
3.580108010801080209e-01
3.582358235823582260e-01
3.582358235823582260e-01
3.584608460846084865e-01
3.584608460846084865e-01
3.589108910891088966e-01
3.589108910891088966e-01
3.604860486048604984e-01
3.604860486048604984e-01
3.607110711071107034e-01
3.607110711071107034e-01
3.613861386138613740e-01
3.613861386138613740e-01
3.616111611161116346e-01
3.616111611161116346e-01
3.618361836183618396e-01
3.618361836183618396e-01
3.620612061206120447e-01
3.620612061206120447e-01
3.625112511251125103e-01
3.625112511251125103e-01
3.631863186318631809e-01
3.631863186318631809e-01
3.638613861386138515e-01
3.638613861386138515e-01
3.649864986498649877e-01
3.649864986498649877e-01
3.652115211521151927e-01
3.652115211521151927e-01
3.656615661566156583e-01
3.656615661566156583e-01
3.663366336633663289e-01
3.663366336633663289e-01
3.667866786678667945e-01
3.667866786678667945e-01
3.676867686768676702e-01
3.676867686768676702e-01
3.681368136813681358e-01
3.681368136813681358e-01
3.683618361836183408e-01
3.683618361836183408e-01
3.688118811881188064e-01
3.688118811881188064e-01
3.690369036903690114e-01
3.690369036903690114e-01
3.694869486948694770e-01
3.694869486948694770e-01
3.699369936993699426e-01
3.699369936993699426e-01
3.703870387038704082e-01
3.703870387038704082e-01
3.710621062106210788e-01
3.710621062106210788e-01
3.712871287128712838e-01
3.712871287128712838e-01
3.715121512151214889e-01
3.715121512151214889e-01
3.721872187218721595e-01
3.721872187218721595e-01
3.728622862286228856e-01
3.728622862286228856e-01
3.730873087308730907e-01
3.730873087308730907e-01
3.737623762376237613e-01
3.737623762376237613e-01
3.744374437443744319e-01
3.744374437443744319e-01
3.746624662466246369e-01
3.746624662466246369e-01
3.746624662466246369e-01
3.748874887488748975e-01
3.748874887488748975e-01
3.751125112511251025e-01
3.751125112511251025e-01
3.757875787578757731e-01
3.757875787578757731e-01
3.760126012601260337e-01
3.760126012601260337e-01
3.764626462646264438e-01
3.764626462646264438e-01
3.771377137713771144e-01
3.771377137713771144e-01
3.778127812781278405e-01
3.778127812781278405e-01
3.784878487848785111e-01
3.787128712871287162e-01
3.789378937893789212e-01
3.789378937893789212e-01
3.791629162916291818e-01
3.791629162916291818e-01
3.793879387938793868e-01
3.793879387938793868e-01
3.796129612961295918e-01
3.796129612961295918e-01
3.800630063006300574e-01
3.800630063006300574e-01
3.802880288028802624e-01
3.802880288028802624e-01
3.805130513051305230e-01
3.805130513051305230e-01
3.809630963096309886e-01
3.809630963096309886e-01
3.816381638163816592e-01
3.816381638163816592e-01
3.823132313231323298e-01
3.823132313231323298e-01
3.827632763276327399e-01
3.827632763276327399e-01
3.829882988298830004e-01
3.829882988298830004e-01
3.832133213321332055e-01
3.832133213321332055e-01
3.834383438343834660e-01
3.834383438343834660e-01
3.836633663366336711e-01
3.836633663366336711e-01
3.841134113411341366e-01
3.841134113411341366e-01
3.847884788478848073e-01
3.847884788478848073e-01
3.850135013501350123e-01
3.850135013501350123e-01
3.852385238523852173e-01
3.852385238523852173e-01
3.854635463546354779e-01
3.854635463546354779e-01
3.856885688568856829e-01
3.856885688568856829e-01
3.859135913591358880e-01
3.859135913591358880e-01
3.861386138613861485e-01
3.861386138613861485e-01
3.863636363636363535e-01
3.863636363636363535e-01
3.868136813681368191e-01
3.868136813681368191e-01
3.870387038703870242e-01
3.870387038703870242e-01
3.874887488748874897e-01
3.874887488748874897e-01
3.877137713771376948e-01
3.877137713771376948e-01
3.879387938793879553e-01
3.879387938793879553e-01
3.881638163816381604e-01
3.881638163816381604e-01
3.888388838883888310e-01
3.888388838883888310e-01
3.897389738973897622e-01
3.897389738973897622e-01
3.899639963996399672e-01
3.899639963996399672e-01
3.901890189018901722e-01
3.901890189018901722e-01
3.922142214221422396e-01
3.922142214221422396e-01
3.931143114311431153e-01
3.931143114311431153e-01
3.935643564356435808e-01
3.935643564356435808e-01
3.940144014401439909e-01
3.940144014401439909e-01
3.951395139513951271e-01
3.951395139513951271e-01
3.953645364536453877e-01
3.953645364536453877e-01
3.960396039603960583e-01
3.960396039603960583e-01
3.962646264626462633e-01
3.962646264626462633e-01
3.973897389738973995e-01
3.973897389738973995e-01
3.976147614761476046e-01
3.976147614761476046e-01
3.980648064806480702e-01
3.980648064806480702e-01
3.985148514851485357e-01
3.985148514851485357e-01
3.991899189918992064e-01
3.991899189918992064e-01
3.996399639963996164e-01
3.996399639963996164e-01
4.000900090009000820e-01
4.000900090009000820e-01
4.003150315031503426e-01
4.003150315031503426e-01
4.005400540054005476e-01
4.005400540054005476e-01
4.007650765076507526e-01
4.007650765076507526e-01
4.025652565256525595e-01
4.025652565256525595e-01
4.027902790279027645e-01
4.027902790279027645e-01
4.034653465346534906e-01
4.034653465346534906e-01
4.036903690369036957e-01
4.036903690369036957e-01
4.039153915391539007e-01
4.039153915391539007e-01
4.050405040504050369e-01
4.050405040504050369e-01
4.054905490549055025e-01
4.054905490549055025e-01
4.057155715571557075e-01
4.057155715571557075e-01
4.061656165616561731e-01
4.061656165616561731e-01
4.068406840684068437e-01
4.068406840684068437e-01
4.070657065706570488e-01
4.070657065706570488e-01
4.072907290729073093e-01
4.072907290729073093e-01
4.088658865886588556e-01
4.088658865886588556e-01
4.097659765976597868e-01
4.097659765976597868e-01
4.104410441044104574e-01
4.104410441044104574e-01
4.115661566156615936e-01
4.115661566156615936e-01
4.124662466246624692e-01
4.124662466246624692e-01
4.129162916291629348e-01
4.129162916291629348e-01
4.133663366336633449e-01
4.133663366336633449e-01
4.135913591359136054e-01
4.135913591359136054e-01
4.140414041404140155e-01
4.140414041404140155e-01
4.149414941494149467e-01
4.149414941494149467e-01
4.153915391539154123e-01
4.153915391539154123e-01
4.160666066606660829e-01
4.160666066606660829e-01
4.162916291629162879e-01
4.162916291629162879e-01
4.165166516651664930e-01
4.165166516651664930e-01
4.171917191719172191e-01
4.171917191719172191e-01
4.189918991899189704e-01
4.189918991899189704e-01
4.192169216921692310e-01
4.192169216921692310e-01
4.196669666966696410e-01
4.196669666966696410e-01
4.198919891989199016e-01
4.201170117011701066e-01
4.201170117011701066e-01
4.210171017101710378e-01
4.210171017101710378e-01
4.219171917191719134e-01
4.219171917191719134e-01
4.223672367236723790e-01
4.223672367236723790e-01
4.225922592259225841e-01
4.225922592259225841e-01
4.228172817281728446e-01
4.228172817281728446e-01
4.230423042304230496e-01
4.230423042304230496e-01
4.237173717371737203e-01
4.237173717371737203e-01
4.243924392439243909e-01
4.243924392439243909e-01
4.248424842484248565e-01
4.248424842484248565e-01
4.250675067506750615e-01
4.250675067506750615e-01
4.264176417641764028e-01
4.264176417641764028e-01
4.268676867686768683e-01
4.268676867686768683e-01
4.270927092709270734e-01
4.270927092709270734e-01
4.273177317731773339e-01
4.273177317731773339e-01
4.286678667866786752e-01
4.286678667866786752e-01
4.291179117911791407e-01
4.291179117911791407e-01
4.293429342934293458e-01
4.293429342934293458e-01
4.297929792979298114e-01
4.297929792979298114e-01
4.304680468046804820e-01
4.304680468046804820e-01
4.306930693069306870e-01
4.306930693069306870e-01
4.311431143114311526e-01
4.311431143114311526e-01
4.315931593159316182e-01
4.315931593159316182e-01
4.324932493249324938e-01
4.324932493249324938e-01
4.331683168316831645e-01
4.331683168316831645e-01
4.336183618361836301e-01
4.336183618361836301e-01
4.345184518451845057e-01
4.345184518451845057e-01
4.354185418541854369e-01
4.354185418541854369e-01
4.356435643564356419e-01
4.356435643564356419e-01
4.360936093609361075e-01
4.360936093609361075e-01
4.365436543654365176e-01
4.365436543654365176e-01
4.367686768676867781e-01
4.367686768676867781e-01
4.383438343834383244e-01
4.383438343834383244e-01
4.385688568856885849e-01
4.385688568856885849e-01
4.390189018901889950e-01
4.390189018901889950e-01
4.408190819081908018e-01
4.408190819081908018e-01
4.410441044104410624e-01
4.410441044104410624e-01
4.417191719171917330e-01
4.417191719171917330e-01
4.421692169216921431e-01
4.421692169216921431e-01
4.430693069306930743e-01
4.430693069306930743e-01
4.437443744374437449e-01
4.437443744374437449e-01
4.446444644464446205e-01
4.446444644464446205e-01
4.450945094509450861e-01
4.450945094509450861e-01
4.453195319531953467e-01
4.453195319531953467e-01
4.455445544554455517e-01
4.455445544554455517e-01
4.493699369936993704e-01
4.493699369936993704e-01
4.507200720072007116e-01
4.507200720072007116e-01
4.509450945094509722e-01
4.509450945094509722e-01
4.511701170117011772e-01
4.511701170117011772e-01
4.513951395139513822e-01
4.513951395139513822e-01
4.522952295229523134e-01
4.522952295229523134e-01
4.525202520252025185e-01
4.525202520252025185e-01
4.529702970297029840e-01
4.529702970297029840e-01
4.534203420342033941e-01
4.534203420342033941e-01
4.543204320432043253e-01
4.543204320432043253e-01
4.549954995499549959e-01
4.549954995499549959e-01
4.556705670567056665e-01
4.556705670567056665e-01
4.563456345634563371e-01
4.563456345634563371e-01
4.574707470747074733e-01
4.574707470747074733e-01
4.579207920792079389e-01
4.579207920792079389e-01
4.583708370837083490e-01
4.583708370837083490e-01
4.606210621062106214e-01
4.606210621062106214e-01
4.610711071107110870e-01
4.610711071107110870e-01
4.621962196219622232e-01
4.621962196219622232e-01
4.624212421242124282e-01
4.624212421242124282e-01
4.630963096309630989e-01
4.630963096309630989e-01
4.653465346534653713e-01
4.653465346534653713e-01
4.655715571557155763e-01
4.655715571557155763e-01
4.664716471647164520e-01
4.664716471647164520e-01
4.666966696669667125e-01
4.666966696669667125e-01
4.678217821782178487e-01
4.678217821782178487e-01
4.682718271827182588e-01
4.682718271827182588e-01
4.684968496849685193e-01
4.684968496849685193e-01
4.705220522052205312e-01
4.705220522052205312e-01
4.709720972097209968e-01
4.709720972097209968e-01
4.711971197119712018e-01
4.711971197119712018e-01
4.714221422142214069e-01
4.714221422142214069e-01
4.714221422142214069e-01
4.720972097209720775e-01
4.720972097209720775e-01
4.732223222322232137e-01
4.732223222322232137e-01
4.745724572457245549e-01
4.745724572457245549e-01
4.747974797479748155e-01
4.747974797479748155e-01
4.759225922592258962e-01
4.759225922592258962e-01
4.768226822682268273e-01
4.768226822682268273e-01
4.772727272727272929e-01
4.772727272727272929e-01
4.777227722772277030e-01
4.777227722772277030e-01
4.795229522952295098e-01
4.795229522952295098e-01
4.797479747974797704e-01
4.797479747974797704e-01
4.801980198019801804e-01
4.801980198019801804e-01
4.806480648064806460e-01
4.806480648064806460e-01
4.815481548154815217e-01
4.815481548154815217e-01
4.851485148514851353e-01
4.851485148514851353e-01
4.853735373537353959e-01
4.853735373537353959e-01
4.860486048604860665e-01
4.860486048604860665e-01
4.867236723672367371e-01
4.867236723672367371e-01
4.869486948694869421e-01
4.869486948694869421e-01
4.882988298829882834e-01
4.882988298829882834e-01
4.885238523852385439e-01
4.885238523852385439e-01
4.912241224122412264e-01
4.912241224122412264e-01
4.916741674167416920e-01
4.916741674167416920e-01
4.925742574257425677e-01
4.925742574257425677e-01
4.934743474347434988e-01
4.934743474347434988e-01
4.943744374437443745e-01
4.943744374437443745e-01
4.948244824482448401e-01
4.948244824482448401e-01
4.959495949594959763e-01
4.959495949594959763e-01
4.993249324932493294e-01
4.993249324932493294e-01
4.997749774977497950e-01
4.997749774977497950e-01
5.011251125112511362e-01
5.011251125112511362e-01
5.015751575157515463e-01
5.015751575157515463e-01
5.018001800180017513e-01
5.018001800180017513e-01
5.047254725472547499e-01
5.047254725472547499e-01
5.078757875787578424e-01
5.078757875787578424e-01
5.081008100810080474e-01
5.081008100810080474e-01
5.112511251125112510e-01
5.112511251125112510e-01
5.128262826282627973e-01
5.128262826282627973e-01
5.153015301530152747e-01
5.153015301530152747e-01
5.164266426642664110e-01
5.164266426642664110e-01
5.175517551755175472e-01
5.175517551755175472e-01
5.202520252025202296e-01
5.202520252025202296e-01
5.218271827182717759e-01
5.218271827182717759e-01
5.252025202520251845e-01
5.252025202520251845e-01
5.258775877587759107e-01
5.258775877587759107e-01
5.265526552655265258e-01
5.265526552655265258e-01
5.270027002700270469e-01
5.270027002700270469e-01
5.301530153015301394e-01
5.301530153015301394e-01
5.324032403240324118e-01
5.324032403240324118e-01
5.326282628262826169e-01
5.326282628262826169e-01
5.351035103510350943e-01
5.351035103510350943e-01
5.362286228622862305e-01
5.362286228622862305e-01
5.371287128712871617e-01
5.371287128712871617e-01
5.389288928892889130e-01
5.389288928892889130e-01
5.391539153915391180e-01
5.391539153915391180e-01
5.393789378937894341e-01
5.393789378937894341e-01
5.427542754275427317e-01
5.427542754275427317e-01
5.429792979297929367e-01
5.429792979297929367e-01
5.445544554455445940e-01
5.445544554455445940e-01
5.463546354635463453e-01
5.463546354635463453e-01
5.474797479747974815e-01
5.474797479747974815e-01
5.479297929792978916e-01
5.479297929792978916e-01
5.481548154815482077e-01
5.481548154815482077e-01
5.497299729972997540e-01
5.497299729972997540e-01
5.506300630063006851e-01
5.506300630063006851e-01
5.515301530153015053e-01
5.515301530153015053e-01
5.537803780378037777e-01
5.537803780378037777e-01
5.540054005400539827e-01
5.540054005400539827e-01
5.542304230423041878e-01
5.542304230423041878e-01
5.558055805580558451e-01
5.558055805580558451e-01
5.589558955895589376e-01
5.589558955895589376e-01
5.596309630963096637e-01
5.596309630963096637e-01
5.630063006300629613e-01
5.630063006300629613e-01
5.636813681368136875e-01
5.636813681368136875e-01
5.639063906390638925e-01
5.639063906390638925e-01
5.643564356435643026e-01
5.643564356435643026e-01
5.645814581458146186e-01
5.645814581458146186e-01
5.652565256525652337e-01
5.652565256525652337e-01
5.657065706570657548e-01
5.657065706570657548e-01
5.672817281728173011e-01
5.672817281728173011e-01
5.699819981998199836e-01
5.699819981998199836e-01
5.702070207020701886e-01
5.702070207020701886e-01
5.733573357335733922e-01
5.733573357335733922e-01
5.738073807380738023e-01
5.738073807380738023e-01
5.780828082808280310e-01
5.780828082808280310e-01
5.846084608460846432e-01
5.846084608460846432e-01
5.850585058505850533e-01
5.850585058505850533e-01
5.852835283528352583e-01
5.852835283528352583e-01
5.861836183618361895e-01
5.861836183618361895e-01
5.868586858685868046e-01
5.868586858685868046e-01
5.870837083708371207e-01
5.870837083708371207e-01
5.886588658865886670e-01
5.886588658865886670e-01
5.900090009000900082e-01
5.900090009000900082e-01
5.940594059405940319e-01
5.940594059405940319e-01
5.954095409540953732e-01
5.954095409540953732e-01
5.990099009900989868e-01
5.990099009900989868e-01
6.005850585058505331e-01
6.005850585058505331e-01
6.062106210621062141e-01
6.062106210621062141e-01
6.066606660666066242e-01
6.066606660666066242e-01
6.071107110711071453e-01
6.071107110711071453e-01
6.185868586858686013e-01
6.185868586858686013e-01
6.212871287128712838e-01
6.212871287128712838e-01
6.822682268226822888e-01
6.822682268226822888e-01
6.881188118811880639e-01
6.881188118811880639e-01
7.047704770477047909e-01
7.047704770477047909e-01
7.049954995499549959e-01
7.049954995499549959e-01
7.274977497749774979e-01
7.274977497749774979e-01
7.673267326732673421e-01
7.673267326732673421e-01
9.988748874887488638e-01
9.988748874887488638e-01
1.000000000000000000e+00
