0.000000000000000000e+00
4.467345993515516311e-01
5.147058823529411242e-01
5.479388605836035264e-01
5.698239925891616098e-01
5.854562297359888756e-01
5.996989346919869845e-01
6.094256600277906388e-01
6.177628531727651362e-01
6.256368689207966183e-01
6.344372394627142420e-01
6.425428439092172317e-01
6.481009726725335263e-01
6.538906901343214395e-01
6.581750810560444975e-01
6.623436776285317462e-01
6.660490968040759796e-01
6.698703103288559113e-01
6.741547012505789693e-01
6.770495599814728704e-01
6.802918017600740885e-01
6.831866604909679896e-01
6.860815192218620018e-01
6.885132005558128876e-01
6.910606762389995827e-01
6.946503010653080068e-01
6.973135710977304003e-01
6.999768411301527937e-01
7.028716998610468059e-01
7.054191755442333900e-01
7.076192681797128792e-01
7.095877721167207497e-01
7.109773043075497956e-01
7.125984251968503491e-01
7.145669291338582196e-01
7.157248726262158689e-01
7.175775822139879301e-01
7.191987031032885946e-01
7.216303844372394805e-01
7.232515053265400340e-01
7.254515979620194122e-01
7.269569245020842674e-01
7.283464566929134243e-01
7.297359888837424702e-01
7.310097267253358178e-01
7.326308476146363713e-01
7.334414080592867036e-01
7.351783232978230664e-01
7.362204724409449064e-01
7.372626215840667463e-01
7.378415933302454599e-01
7.388837424733672998e-01
7.396943029180176321e-01
7.407364520611393610e-01
7.418943955534970103e-01
7.428207503473830409e-01
7.444418712366835944e-01
7.455998147290412437e-01
7.466419638721630836e-01
7.476841130152848125e-01
7.490736452061139694e-01
7.500000000000000000e-01
7.512737378415933476e-01
7.523158869847151875e-01
7.537054191755442334e-01
7.546317739694302640e-01
7.559055118110236116e-01
7.567160722556739438e-01
7.576424270495599744e-01
7.583371931449744974e-01
7.589161648911533220e-01
7.594951366373321466e-01
7.603056970819823679e-01
7.612320518758685095e-01
7.619268179712830324e-01
7.626215840666975554e-01
7.634321445113478877e-01
7.647058823529411242e-01
7.652848540991199489e-01
7.660954145437702811e-01
7.665585919407132964e-01
7.672533580361278194e-01
7.676007410838351364e-01
7.679481241315423423e-01
7.691060676238999916e-01
7.694534506716071975e-01
7.700324224177860222e-01
7.703798054654933392e-01
7.708429828624363545e-01
7.714219546086150681e-01
7.718851320055580834e-01
7.725798981009727173e-01
7.736220472440944462e-01
7.740852246410375725e-01
7.753589624826308091e-01
7.760537285780454431e-01
7.769800833719314737e-01
7.773274664196386796e-01
7.777906438165818059e-01
7.783696155627605195e-01
7.788327929597035348e-01
7.791801760074108518e-01
7.798749421028253748e-01
7.801065308012968824e-01
7.811486799444187223e-01
7.813802686428902300e-01
7.820750347383047529e-01
7.824224177860120699e-01
7.827698008337192759e-01
7.833487725798981005e-01
7.838119499768411158e-01
7.839277443260769251e-01
7.846225104214914481e-01
7.849698934691986540e-01
7.856646595646132880e-01
7.857804539138489863e-01
7.861278369615563033e-01
7.868226030569708263e-01
7.875173691523853492e-01
7.879805465493283645e-01
7.882121352477998721e-01
7.887911069939786968e-01
7.891384900416860138e-01
7.894858730893932197e-01
7.897174617878647274e-01
7.901806391848077427e-01
7.908754052802223766e-01
7.914543770264010902e-01
7.918017600741084072e-01
7.919175544233441055e-01
7.926123205187587395e-01
7.935386753126447701e-01
7.938860583603519760e-01
7.940018527095877854e-01
7.946966188050023083e-01
7.948124131542381177e-01
7.950440018527096253e-01
7.959703566465956559e-01
7.962019453450671636e-01
7.965493283927744805e-01
7.970125057897174958e-01
7.971283001389531941e-01
7.975914775358962094e-01
7.982862436313108434e-01
7.992125984251968740e-01
7.993283927744325723e-01
7.995599814729040800e-01
8.001389532190829046e-01
8.004863362667902216e-01
8.008337193144974275e-01
8.010653080129689352e-01
8.017600741083834581e-01
8.021074571560907751e-01
8.025706345530337904e-01
8.030338119499768057e-01
8.032654006484483133e-01
8.036127836961556303e-01
8.038443723946271380e-01
8.040759610930986456e-01
8.046549328392774703e-01
8.048865215377489779e-01
8.050023158869846762e-01
8.053496989346919932e-01
8.058128763316350085e-01
8.061602593793423255e-01
8.065076424270495314e-01
8.068550254747568484e-01
8.073182028716998637e-01
8.076655859194071807e-01
8.084761463640574020e-01
8.088235294117647189e-01
8.089393237610004173e-01
8.094025011579435436e-01
8.096340898564150512e-01
8.097498842056507495e-01
8.100972672533580665e-01
8.103288559518295742e-01
8.104446503010652725e-01
8.109078276980082878e-01
8.119499768411301277e-01
8.120657711903659370e-01
8.122973598888374447e-01
8.127605372857804600e-01
8.131079203334877770e-01
8.136868920796664906e-01
8.140342751273738076e-01
8.141500694766095059e-01
8.141500694766095059e-01
8.142658638258453152e-01
8.143816581750810135e-01
8.147290412227883305e-01
8.149606299212598381e-01
8.150764242704956475e-01
8.154238073182028534e-01
8.158869847151458687e-01
8.161185734136173764e-01
8.162343677628531857e-01
8.166975451597962010e-01
8.175081056044465333e-01
8.177396943029180409e-01
8.179712830013895486e-01
8.185502547475683732e-01
8.186660490968040715e-01
8.192450208429828962e-01
8.193608151922185945e-01
8.195924038906901021e-01
8.198239925891616098e-01
8.200555812876331174e-01
8.202871699861046251e-01
8.208661417322834497e-01
8.209819360815192590e-01
8.214451134784622743e-01
8.215609078276979726e-01
8.220240852246409879e-01
8.222556739231126066e-01
8.223714682723483049e-01
8.227188513200556219e-01
8.229504400185271296e-01
8.235294117647058432e-01
8.238767948124131602e-01
8.243399722093561754e-01
8.244557665585919848e-01
8.244557665585919848e-01
8.246873552570634924e-01
8.248031496062991907e-01
8.250347383047706984e-01
8.252663270032422060e-01
8.253821213524780154e-01
8.254979157017137137e-01
8.256137100509495230e-01
8.260768874478925383e-01
8.264242704955998553e-01
8.265400648448355536e-01
8.265400648448355536e-01
8.266558591940713629e-01
8.268874478925428706e-01
8.270032422417785689e-01
8.273506252894858859e-01
8.275822139879573935e-01
8.278138026864289012e-01
8.279295970356647105e-01
8.280453913849004088e-01
8.282769800833719165e-01
8.285085687818434241e-01
8.288559518295507411e-01
8.290875405280222488e-01
8.295507179249652641e-01
8.301296896711440887e-01
8.303612783696155963e-01
8.303612783696155963e-01
8.304770727188512947e-01
8.308244557665586116e-01
8.312876331635016269e-01
8.315192218619731346e-01
8.316350162112089439e-01
8.319823992589161499e-01
8.320981936081519592e-01
8.324455766558591652e-01
8.326771653543306728e-01
8.330245484020379898e-01
8.332561371005094975e-01
8.333719314497453068e-01
8.336035201482168144e-01
8.337193144974525127e-01
8.340666975451598297e-01
8.340666975451598297e-01
8.340666975451598297e-01
8.342982862436313374e-01
8.346456692913385433e-01
8.347614636405743527e-01
8.347614636405743527e-01
8.349930523390458603e-01
8.354562297359888756e-01
8.355720240852246850e-01
8.355720240852246850e-01
8.358036127836961926e-01
8.361509958314033986e-01
8.362667901806392079e-01
8.362667901806392079e-01
8.362667901806392079e-01
8.363825845298749062e-01
8.364983788791107155e-01
8.368457619268179215e-01
8.370773506252895402e-01
8.374247336729967461e-01
8.374247336729967461e-01
8.381194997684112691e-01
8.383510884668827767e-01
8.386984715145900937e-01
8.389300602130616014e-01
8.390458545622974107e-01
8.392774432607689183e-01
8.395090319592404260e-01
8.396248263084761243e-01
8.398564150069476320e-01
8.400880037054191396e-01
8.404353867531264566e-01
8.404353867531264566e-01
8.406669754515979642e-01
8.407827698008337736e-01
8.410143584993052812e-01
8.413617415470124872e-01
8.414775358962482965e-01
8.418249189439555025e-01
8.418249189439555025e-01
8.420565076424270101e-01
8.424038906901343271e-01
8.428670680870773424e-01
8.429828624363131517e-01
8.430986567855488500e-01
8.435618341824918653e-01
8.439092172301991823e-01
8.441408059286706900e-01
8.442566002779063883e-01
8.444881889763780070e-01
8.447197776748495146e-01
8.450671607225567206e-01
8.450671607225567206e-01
8.451829550717925299e-01
8.454145437702640375e-01
8.454145437702640375e-01
8.457619268179712435e-01
8.457619268179712435e-01
8.459935155164427512e-01
8.461093098656785605e-01
8.461093098656785605e-01
8.465724872626215758e-01
8.466882816118573851e-01
8.470356646595645911e-01
8.470356646595645911e-01
8.471514590088004004e-01
8.473830477072719081e-01
8.473830477072719081e-01
8.476146364057434157e-01
8.477304307549791140e-01
8.479620194534506217e-01
8.480778138026864310e-01
8.480778138026864310e-01
8.481936081519222403e-01
8.484251968503937480e-01
8.486567855488652556e-01
8.488883742473367633e-01
8.488883742473367633e-01
8.491199629458082709e-01
8.493515516442797786e-01
8.498147290412227939e-01
8.498147290412227939e-01
8.501621120889301109e-01
8.508568781843446338e-01
8.509726725335803321e-01
8.513200555812876491e-01
8.515516442797591568e-01
8.516674386289948551e-01
8.516674386289948551e-01
8.517832329782306644e-01
8.520148216767021720e-01
8.522464103751736797e-01
8.522464103751736797e-01
8.524779990736451873e-01
8.524779990736451873e-01
8.529411764705882026e-01
8.529411764705882026e-01
8.529411764705882026e-01
8.531727651690597103e-01
8.531727651690597103e-01
8.536359425660027256e-01
8.537517369152385349e-01
8.539833256137100426e-01
8.539833256137100426e-01
8.540991199629458519e-01
8.543307086614173596e-01
8.543307086614173596e-01
8.544465030106530579e-01
8.546780917091245655e-01
8.550254747568318825e-01
8.551412691060675808e-01
8.551412691060675808e-01
8.552570634553033901e-01
8.554886521537748978e-01
8.556044465030107071e-01
8.561834182491894207e-01
8.561834182491894207e-01
8.564150069476609284e-01
8.564150069476609284e-01
8.565308012968967377e-01
8.566465956461324360e-01
8.566465956461324360e-01
8.568781843446039437e-01
8.569939786938397530e-01
8.572255673923112607e-01
8.573413617415469590e-01
8.574571560907827683e-01
8.576887447892542760e-01
8.579203334877257836e-01
8.580361278369615929e-01
8.580361278369615929e-01
8.581519221861972913e-01
8.586150995831403065e-01
8.586150995831403065e-01
8.587308939323761159e-01
8.588466882816118142e-01
8.588466882816118142e-01
8.590782769800833218e-01
8.590782769800833218e-01
8.593098656785549405e-01
8.594256600277906388e-01
8.595414543770264482e-01
8.595414543770264482e-01
8.597730430754979558e-01
8.597730430754979558e-01
8.597730430754979558e-01
8.598888374247336541e-01
8.600046317739694635e-01
8.601204261232051618e-01
8.602362204724409711e-01
8.604678091709124788e-01
8.604678091709124788e-01
8.606993978693839864e-01
8.609309865678554941e-01
8.612783696155628110e-01
8.612783696155628110e-01
8.613941639647985093e-01
8.613941639647985093e-01
8.615099583140343187e-01
8.617415470125058263e-01
8.618573413617415246e-01
8.622047244094488416e-01
8.623205187586845399e-01
8.627836961556275552e-01
8.628994905048633646e-01
8.628994905048633646e-01
8.631310792033348722e-01
8.633626679018063799e-01
8.634784622510421892e-01
8.637100509495136968e-01
8.639416396479852045e-01
8.640574339972209028e-01
8.644048170449282198e-01
8.644048170449282198e-01
8.645206113941639181e-01
8.648679944418712351e-01
8.648679944418712351e-01
8.650995831403427427e-01
8.655627605372857580e-01
8.656785548865215674e-01
8.660259379342287733e-01
8.660259379342287733e-01
8.666049096804075980e-01
8.668364983788791056e-01
8.669522927281149149e-01
8.669522927281149149e-01
8.670680870773506133e-01
8.670680870773506133e-01
8.672996757758221209e-01
8.674154701250579302e-01
8.676470588235294379e-01
8.676470588235294379e-01
8.679944418712366438e-01
8.679944418712366438e-01
8.681102362204724532e-01
8.681102362204724532e-01
8.683418249189439608e-01
8.683418249189439608e-01
8.684576192681796591e-01
8.684576192681796591e-01
8.685734136174154685e-01
8.685734136174154685e-01
8.686892079666512778e-01
8.688050023158869761e-01
8.689207966651227855e-01
8.691523853635942931e-01
8.691523853635942931e-01
8.692681797128299914e-01
8.693839740620658008e-01
8.693839740620658008e-01
8.694997684113014991e-01
8.697313571097730067e-01
8.699629458082445144e-01
8.700787401574803237e-01
8.701945345067160220e-01
8.701945345067160220e-01
8.704261232051876407e-01
8.704261232051876407e-01
8.705419175544233390e-01
8.705419175544233390e-01
8.707735062528948466e-01
8.707735062528948466e-01
8.708893006021306560e-01
8.711208893006021636e-01
8.712366836498378619e-01
8.712366836498378619e-01
8.713524779990736713e-01
8.715840666975451789e-01
8.718156553960166866e-01
8.719314497452523849e-01
8.721630384437238925e-01
8.721630384437238925e-01
8.723946271421955112e-01
8.723946271421955112e-01
8.723946271421955112e-01
8.725104214914312095e-01
8.727420101899027172e-01
8.727420101899027172e-01
8.728578045391385265e-01
8.728578045391385265e-01
8.729735988883742248e-01
8.733209819360815418e-01
8.735525706345530494e-01
8.735525706345530494e-01
8.736683649837887478e-01
8.738999536822602554e-01
8.742473367299675724e-01
8.742473367299675724e-01
8.743631310792033817e-01
8.745947197776748894e-01
8.747105141269105877e-01
8.748263084761463970e-01
8.748263084761463970e-01
8.751736915238536030e-01
8.751736915238536030e-01
8.752894858730894123e-01
8.755210745715609200e-01
8.755210745715609200e-01
8.756368689207966183e-01
8.758684576192681259e-01
8.759842519685039353e-01
8.762158406669754429e-01
8.762158406669754429e-01
8.769106067623899659e-01
8.770264011116257752e-01
8.778369615562761075e-01
8.779527559055118058e-01
8.780685502547476151e-01
8.783001389532191228e-01
8.784159333024548211e-01
8.784159333024548211e-01
8.786475220009263287e-01
8.786475220009263287e-01
8.788791106993978364e-01
8.788791106993978364e-01
8.789949050486336457e-01
8.791106993978693440e-01
8.791106993978693440e-01
8.792264937471051534e-01
8.792264937471051534e-01
8.793422880963408517e-01
8.795738767948123593e-01
8.796896711440481686e-01
8.796896711440481686e-01
8.798054654932839780e-01
8.798054654932839780e-01
8.802686428902269933e-01
8.803844372394626916e-01
8.807318202871700086e-01
8.807318202871700086e-01
8.811949976841130239e-01
8.814265863825845315e-01
8.814265863825845315e-01
8.815423807318203409e-01
8.820055581287633562e-01
8.822371468272348638e-01
8.822371468272348638e-01
8.824687355257063714e-01
8.828161185734135774e-01
8.829319129226493867e-01
8.832792959703565927e-01
8.833950903195924020e-01
8.839740620657712267e-01
8.839740620657712267e-01
8.849004168596572573e-01
8.849004168596572573e-01
8.851320055581287649e-01
8.852477999073645742e-01
8.852477999073645742e-01
8.854793886058360819e-01
8.854793886058360819e-01
8.857109773043075895e-01
8.859425660027790972e-01
8.860583603520147955e-01
8.865215377489578108e-01
8.865215377489578108e-01
8.866373320981936201e-01
8.867531264474293184e-01
8.867531264474293184e-01
8.869847151459008261e-01
8.872163038443724448e-01
8.872163038443724448e-01
8.875636868920796507e-01
8.875636868920796507e-01
8.880268642890226660e-01
8.880268642890226660e-01
8.881426586382584754e-01
8.882584529874941737e-01
8.882584529874941737e-01
8.883742473367299830e-01
8.883742473367299830e-01
8.890690134321445059e-01
8.890690134321445059e-01
8.891848077813803153e-01
8.893006021306160136e-01
8.893006021306160136e-01
8.894163964798518229e-01
8.894163964798518229e-01
8.898795738767948382e-01
8.898795738767948382e-01
8.899953682260305365e-01
8.899953682260305365e-01
8.902269569245020442e-01
8.902269569245020442e-01
8.904585456229735518e-01
8.904585456229735518e-01
8.905743399722093612e-01
8.905743399722093612e-01
8.906901343214450595e-01
8.906901343214450595e-01
8.909217230199166782e-01
8.910375173691523765e-01
8.910375173691523765e-01
8.911533117183881858e-01
8.911533117183881858e-01
8.911533117183881858e-01
8.911533117183881858e-01
8.915006947660953918e-01
8.917322834645668994e-01
8.917322834645668994e-01
8.920796665122742164e-01
8.923112552107457240e-01
8.925428439092172317e-01
8.925428439092172317e-01
8.926586382584530410e-01
8.926586382584530410e-01
8.931218156553960563e-01
8.931218156553960563e-01
8.933534043538675640e-01
8.933534043538675640e-01
8.937007874015747699e-01
8.937007874015747699e-01
8.938165817508105793e-01
8.938165817508105793e-01
8.939323761000462776e-01
8.939323761000462776e-01
8.940481704492820869e-01
8.940481704492820869e-01
8.942797591477535946e-01
8.954377026401111328e-01
8.956692913385826404e-01
8.957850856878184498e-01
8.962482630847614651e-01
8.962482630847614651e-01
8.964798517832329727e-01
8.965956461324687821e-01
8.968272348309402897e-01
8.968272348309402897e-01
8.970588235294117974e-01
8.971746178786474957e-01
8.971746178786474957e-01
8.976377952755905110e-01
8.976377952755905110e-01
8.977535896248263203e-01
8.977535896248263203e-01
8.979851783232978280e-01
8.979851783232978280e-01
8.983325613710051449e-01
8.983325613710051449e-01
8.986799444187123509e-01
8.986799444187123509e-01
8.987957387679481602e-01
8.987957387679481602e-01
8.989115331171838585e-01
8.990273274664196679e-01
8.990273274664196679e-01
8.993747105141268738e-01
8.996062992125983815e-01
8.998378879110698891e-01
8.998378879110698891e-01
9.000694766095415078e-01
9.000694766095415078e-01
9.001852709587772061e-01
9.001852709587772061e-01
9.003010653080130155e-01
9.003010653080130155e-01
9.004168596572487138e-01
9.004168596572487138e-01
9.005326540064845231e-01
9.007642427049560307e-01
9.007642427049560307e-01
9.012274201018990460e-01
9.012274201018990460e-01
9.013432144511347444e-01
9.013432144511347444e-01
9.015748031496062520e-01
9.015748031496062520e-01
9.016905974988420613e-01
9.016905974988420613e-01
9.018063918480777597e-01
9.019221861973135690e-01
9.020379805465493783e-01
9.025011579434923936e-01
9.025011579434923936e-01
9.026169522927280919e-01
9.026169522927280919e-01
9.029643353404354089e-01
9.030801296896711072e-01
9.035433070866141225e-01
9.035433070866141225e-01
9.038906901343214395e-01
9.038906901343214395e-01
9.040064844835572488e-01
9.042380731820287565e-01
9.048170449282074701e-01
9.048170449282074701e-01
9.052802223251504854e-01
9.052802223251504854e-01
9.053960166743862947e-01
9.056276053728578024e-01
9.056276053728578024e-01
9.060907827698008177e-01
9.060907827698008177e-01
9.063223714682723253e-01
9.063223714682723253e-01
9.065539601667438330e-01
9.066697545159796423e-01
9.069013432144511500e-01
9.069013432144511500e-01
9.078276980083371805e-01
9.080592867068086882e-01
9.085224641037517035e-01
9.085224641037517035e-01
9.088698471514590205e-01
9.089856415006947188e-01
9.089856415006947188e-01
9.091014358499305281e-01
9.091014358499305281e-01
9.093330245484020358e-01
9.093330245484020358e-01
9.094488188976378451e-01
9.094488188976378451e-01
9.102593793422880664e-01
9.102593793422880664e-01
9.103751736915238757e-01
9.103751736915238757e-01
9.108383510884668910e-01
9.108383510884668910e-01
9.111857341361742080e-01
9.111857341361742080e-01
9.114173228346457156e-01
9.114173228346457156e-01
9.123436776285317462e-01
9.123436776285317462e-01
9.126910606762389522e-01
9.126910606762389522e-01
9.129226493747104598e-01
9.129226493747104598e-01
9.138490041685966014e-01
9.138490041685966014e-01
9.139647985178322998e-01
9.139647985178322998e-01
9.140805928670681091e-01
9.140805928670681091e-01
9.143121815655396167e-01
9.143121815655396167e-01
9.144279759147753150e-01
9.146595646132468227e-01
9.146595646132468227e-01
9.151227420101899490e-01
9.152385363594256473e-01
9.159333024548401703e-01
9.159333024548401703e-01
9.160490968040759796e-01
9.162806855025474873e-01
9.163964798517831856e-01
9.165122742010189949e-01
9.167438628994905025e-01
9.167438628994905025e-01
9.170912459471978195e-01
9.170912459471978195e-01
9.175544233441408348e-01
9.175544233441408348e-01
9.177860120426123425e-01
9.177860120426123425e-01
9.182491894395553578e-01
9.182491894395553578e-01
9.188281611857341824e-01
9.188281611857341824e-01
9.192913385826771977e-01
9.192913385826771977e-01
9.196387216303844037e-01
9.196387216303844037e-01
9.198703103288559113e-01
9.201018990273274190e-01
9.201018990273274190e-01
9.202176933765632283e-01
9.202176933765632283e-01
9.205650764242705453e-01
9.207966651227420529e-01
9.207966651227420529e-01
9.212598425196850682e-01
9.212598425196850682e-01
9.226493747105141141e-01
9.226493747105141141e-01
9.231125521074571294e-01
9.231125521074571294e-01
9.233441408059286371e-01
9.233441408059286371e-01
9.234599351551644464e-01
9.234599351551644464e-01
9.235757295044001447e-01
9.235757295044001447e-01
9.236915238536359540e-01
9.236915238536359540e-01
9.241547012505789693e-01
9.241547012505789693e-01
9.245020842982862863e-01
9.245020842982862863e-01
9.247336729967577940e-01
9.247336729967577940e-01
9.248494673459934923e-01
9.248494673459934923e-01
9.249652616952293016e-01
9.249652616952293016e-01
9.260074108383511415e-01
9.260074108383511415e-01
9.261232051875868398e-01
9.261232051875868398e-01
9.265863825845298551e-01
9.265863825845298551e-01
9.270495599814728704e-01
9.270495599814728704e-01
9.271653543307086798e-01
9.271653543307086798e-01
9.272811486799443781e-01
9.272811486799443781e-01
9.276285317276516951e-01
9.276285317276516951e-01
9.277443260768873934e-01
9.277443260768873934e-01
9.278601204261232027e-01
9.278601204261232027e-01
9.279759147753590121e-01
9.279759147753590121e-01
9.280917091245947104e-01
9.280917091245947104e-01
9.283232978230662180e-01
9.283232978230662180e-01
9.286706808707735350e-01
9.286706808707735350e-01
9.289022695692450426e-01
9.289022695692450426e-01
9.290180639184807410e-01
9.290180639184807410e-01
9.292496526169522486e-01
9.292496526169522486e-01
9.294812413154237563e-01
9.294812413154237563e-01
9.297128300138953749e-01
9.297128300138953749e-01
9.299444187123668826e-01
9.299444187123668826e-01
9.302918017600740885e-01
9.302918017600740885e-01
9.305233904585455962e-01
9.305233904585455962e-01
9.313339509031959285e-01
9.313339509031959285e-01
9.317971283001389438e-01
9.317971283001389438e-01
9.320287169986104514e-01
9.320287169986104514e-01
9.321445113478462607e-01
9.321445113478462607e-01
9.324918943955534667e-01
9.324918943955534667e-01
9.326076887447892760e-01
9.326076887447892760e-01
9.327234830940249743e-01
9.327234830940249743e-01
9.328392774432607837e-01
9.328392774432607837e-01
9.330708661417322913e-01
9.330708661417322913e-01
9.335340435386753066e-01
9.335340435386753066e-01
9.337656322371468143e-01
9.341130152848541313e-01
9.341130152848541313e-01
9.343446039833256389e-01
9.343446039833256389e-01
9.344603983325613372e-01
9.344603983325613372e-01
9.346919870310328449e-01
9.346919870310328449e-01
9.349235757295043525e-01
9.349235757295043525e-01
9.359657248726261924e-01
9.359657248726261924e-01
9.365446966188050171e-01
9.365446966188050171e-01
9.370078740157480324e-01
9.370078740157480324e-01
9.375868457619268570e-01
9.375868457619268570e-01
9.381658175081055706e-01
9.381658175081055706e-01
9.385132005558128876e-01
9.385132005558128876e-01
9.388605836035200936e-01
9.388605836035200936e-01
9.389763779527559029e-01
9.389763779527559029e-01
9.392079666512274105e-01
9.392079666512274105e-01
9.393237610004632199e-01
9.393237610004632199e-01
9.394395553496989182e-01
9.394395553496989182e-01
9.395553496989347275e-01
9.395553496989347275e-01
9.396711440481704258e-01
9.396711440481704258e-01
9.397869383974062352e-01
9.397869383974062352e-01
9.399027327466419335e-01
9.399027327466419335e-01
9.402501157943492505e-01
9.402501157943492505e-01
9.403659101435849488e-01
9.403659101435849488e-01
9.407132931912922658e-01
9.407132931912922658e-01
9.408290875405280751e-01
9.408290875405280751e-01
9.409448818897637734e-01
9.409448818897637734e-01
9.414080592867067887e-01
9.414080592867067887e-01
9.424502084298286286e-01
9.424502084298286286e-01
9.425660027790643269e-01
9.425660027790643269e-01
9.426817971283001363e-01
9.426817971283001363e-01
9.427975914775359456e-01
9.427975914775359456e-01
9.429133858267716439e-01
9.429133858267716439e-01
9.430291801760074533e-01
9.430291801760074533e-01
9.431449745252431516e-01
9.431449745252431516e-01
9.436081519221861669e-01
9.436081519221861669e-01
9.437239462714219762e-01
9.437239462714219762e-01
9.438397406206576745e-01
9.438397406206576745e-01
9.439555349698934839e-01
9.440713293191291822e-01
9.440713293191291822e-01
9.441871236683649915e-01
9.441871236683649915e-01
9.447660954145438161e-01
9.447660954145438161e-01
9.451134784622510221e-01
9.451134784622510221e-01
9.452292728114868314e-01
9.452292728114868314e-01
9.455766558591940374e-01
9.455766558591940374e-01
9.456924502084298467e-01
9.456924502084298467e-01
9.461556276053728620e-01
9.461556276053728620e-01
9.462714219546085603e-01
9.462714219546085603e-01
9.465030106530801790e-01
9.465030106530801790e-01
9.467345993515516867e-01
9.467345993515516867e-01
9.469661880500231943e-01
9.469661880500231943e-01
9.471977767484947019e-01
9.471977767484947019e-01
9.474293654469662096e-01
9.474293654469662096e-01
9.483557202408522402e-01
9.483557202408522402e-01
9.489346919870310648e-01
9.489346919870310648e-01
9.490504863362667631e-01
9.490504863362667631e-01
9.492820750347382708e-01
9.492820750347382708e-01
9.497452524316812861e-01
9.504400185270959200e-01
9.504400185270959200e-01
9.506716072255674277e-01
9.506716072255674277e-01
9.507874015748031260e-01
9.507874015748031260e-01
9.509031959240389353e-01
9.509031959240389353e-01
9.510189902732746337e-01
9.510189902732746337e-01
9.512505789717461413e-01
9.512505789717461413e-01
9.513663733209819506e-01
9.513663733209819506e-01
9.515979620194534583e-01
9.515979620194534583e-01
9.520611394163964736e-01
9.520611394163964736e-01
9.521769337656322829e-01
9.521769337656322829e-01
9.522927281148679812e-01
9.522927281148679812e-01
9.524085224641037906e-01
9.524085224641037906e-01
9.527559055118109965e-01
9.527559055118109965e-01
9.532190829087540118e-01
9.532190829087540118e-01
9.541454377026401534e-01
9.541454377026401534e-01
9.542612320518758517e-01
9.542612320518758517e-01
9.543770264011116611e-01
9.543770264011116611e-01
9.544928207503473594e-01
9.544928207503473594e-01
9.546086150995831687e-01
9.546086150995831687e-01
9.547244094488188670e-01
9.547244094488188670e-01
9.548402037980546764e-01
9.548402037980546764e-01
9.549559981472903747e-01
9.549559981472903747e-01
9.550717924965261840e-01
9.550717924965261840e-01
9.551875868457618823e-01
9.551875868457618823e-01
9.555349698934691993e-01
9.555349698934691993e-01
9.559981472904122146e-01
9.559981472904122146e-01
9.563455303381195316e-01
9.563455303381195316e-01
9.564613246873552299e-01
9.564613246873552299e-01
9.565771190365910392e-01
9.565771190365910392e-01
9.568087077350625469e-01
9.568087077350625469e-01
9.570402964335340545e-01
9.570402964335340545e-01
9.571560907827697529e-01
9.571560907827697529e-01
9.575034738304770698e-01
9.575034738304770698e-01
9.580824455766558945e-01
9.580824455766558945e-01
9.583140342751274021e-01
9.583140342751274021e-01
9.584298286243631004e-01
9.584298286243631004e-01
9.585456229735989098e-01
9.585456229735989098e-01
9.586614173228346081e-01
9.586614173228346081e-01
9.587772116720704174e-01
9.587772116720704174e-01
9.591245947197776234e-01
9.591245947197776234e-01
9.594719777674849404e-01
9.594719777674849404e-01
9.595877721167207497e-01
9.595877721167207497e-01
9.597035664659564480e-01
9.597035664659564480e-01
9.599351551644279557e-01
9.599351551644279557e-01
9.600509495136637650e-01
9.600509495136637650e-01
9.602825382121352726e-01
9.602825382121352726e-01
9.605141269106067803e-01
9.605141269106067803e-01
9.606299212598424786e-01
9.606299212598424786e-01
9.609773043075497956e-01
9.609773043075497956e-01
9.614404817044928109e-01
9.614404817044928109e-01
9.615562760537286202e-01
9.615562760537286202e-01
9.616720704029643185e-01
9.616720704029643185e-01
9.619036591014358262e-01
9.619036591014358262e-01
9.620194534506716355e-01
9.620194534506716355e-01
9.622510421491431432e-01
9.622510421491431432e-01
9.623668364983788415e-01
9.623668364983788415e-01
9.624826308476146508e-01
9.624826308476146508e-01
9.625984251968503491e-01
9.625984251968503491e-01
9.628300138953218568e-01
9.628300138953218568e-01
9.629458082445576661e-01
9.629458082445576661e-01
9.630616025937934754e-01
9.630616025937934754e-01
9.631773969430291737e-01
9.631773969430291737e-01
9.632931912922649831e-01
9.632931912922649831e-01
9.634089856415006814e-01
9.634089856415006814e-01
9.636405743399721890e-01
9.636405743399721890e-01
9.637563686892079984e-01
9.637563686892079984e-01
9.638721630384436967e-01
9.638721630384436967e-01
9.642195460861510137e-01
9.642195460861510137e-01
9.643353404353867120e-01
9.643353404353867120e-01
9.649143121815655366e-01
9.649143121815655366e-01
9.650301065308013460e-01
9.650301065308013460e-01
9.651459008800370443e-01
9.651459008800370443e-01
9.653774895785085519e-01
9.653774895785085519e-01
9.654932839277443613e-01
9.654932839277443613e-01
9.656090782769800596e-01
9.656090782769800596e-01
9.657248726262158689e-01
9.657248726262158689e-01
9.658406669754515672e-01
9.658406669754515672e-01
9.659564613246873765e-01
9.659564613246873765e-01
9.663038443723945825e-01
9.663038443723945825e-01
9.665354330708660902e-01
9.665354330708660902e-01
9.666512274201018995e-01
9.666512274201018995e-01
9.668828161185734071e-01
9.668828161185734071e-01
9.671144048170449148e-01
9.671144048170449148e-01
9.672301991662807241e-01
9.672301991662807241e-01
9.674617878647522318e-01
9.674617878647522318e-01
9.679249652616952471e-01
9.679249652616952471e-01
9.680407596109309454e-01
9.680407596109309454e-01
9.681565539601667547e-01
9.681565539601667547e-01
9.686197313571097700e-01
9.686197313571097700e-01
9.687355257063455793e-01
9.687355257063455793e-01
9.689671144048170870e-01
9.689671144048170870e-01
9.690829087540527853e-01
9.690829087540527853e-01
9.691987031032885946e-01
9.691987031032885946e-01
9.693144974525242930e-01
9.693144974525242930e-01
9.694302918017601023e-01
9.694302918017601023e-01
9.697776748494673082e-01
9.697776748494673082e-01
9.698934691987031176e-01
9.698934691987031176e-01
9.709356183418249575e-01
9.709356183418249575e-01
9.712830013895321635e-01
9.712830013895321635e-01
9.713987957387679728e-01
9.713987957387679728e-01
9.715145900880036711e-01
9.715145900880036711e-01
9.716303844372394805e-01
9.716303844372394805e-01
9.718619731357109881e-01
9.718619731357109881e-01
9.720935618341824958e-01
9.720935618341824958e-01
9.726725335803613204e-01
9.726725335803613204e-01
9.732515053265400340e-01
9.732515053265400340e-01
9.734830940250115416e-01
9.734830940250115416e-01
9.737146827234830493e-01
9.737146827234830493e-01
9.738304770727188586e-01
9.738304770727188586e-01
9.740620657711903663e-01
9.740620657711903663e-01
9.741778601204261756e-01
9.741778601204261756e-01
9.742936544696618739e-01
9.742936544696618739e-01
9.744094488188976833e-01
9.744094488188976833e-01
9.745252431681333816e-01
9.745252431681333816e-01
9.746410375173691909e-01
9.746410375173691909e-01
9.747568318666048892e-01
9.747568318666048892e-01
9.748726262158406985e-01
9.748726262158406985e-01
9.749884205650763969e-01
9.749884205650763969e-01
9.751042149143122062e-01
9.751042149143122062e-01
9.753358036127837138e-01
9.753358036127837138e-01
9.754515979620194122e-01
9.754515979620194122e-01
9.755673923112552215e-01
9.755673923112552215e-01
9.757989810097267291e-01
9.757989810097267291e-01
9.759147753589624275e-01
9.759147753589624275e-01
9.762621584066697444e-01
9.762621584066697444e-01
9.763779527559055538e-01
9.763779527559055538e-01
9.766095414543770614e-01
9.766095414543770614e-01
9.768411301528485691e-01
9.768411301528485691e-01
9.769569245020842674e-01
9.769569245020842674e-01
9.773043075497915844e-01
9.773043075497915844e-01
9.774201018990272827e-01
9.774201018990272827e-01
9.777674849467345997e-01
9.777674849467345997e-01
9.778832792959704090e-01
9.778832792959704090e-01
9.781148679944419166e-01
9.781148679944419166e-01
9.782306623436776150e-01
9.782306623436776150e-01
9.783464566929134243e-01
9.783464566929134243e-01
9.784622510421491226e-01
9.784622510421491226e-01
9.786938397406206303e-01
9.786938397406206303e-01
9.789254284390921379e-01
9.789254284390921379e-01
9.790412227883279472e-01
9.790412227883279472e-01
9.792728114867994549e-01
9.792728114867994549e-01
9.795044001852709625e-01
9.795044001852709625e-01
9.796201945345066608e-01
9.796201945345066608e-01
9.797359888837424702e-01
9.797359888837424702e-01
9.798517832329782795e-01
9.798517832329782795e-01
9.803149606299212948e-01
9.803149606299212948e-01
9.804307549791569931e-01
9.804307549791569931e-01
9.806623436776285008e-01
9.806623436776285008e-01
9.808939323761000084e-01
9.808939323761000084e-01
9.810097267253358178e-01
9.810097267253358178e-01
9.811255210745715161e-01
9.811255210745715161e-01
9.812413154238073254e-01
9.812413154238073254e-01
9.813571097730430237e-01
9.813571097730430237e-01
9.814729041222788331e-01
9.814729041222788331e-01
9.817044928207503407e-01
9.817044928207503407e-01
9.818202871699861500e-01
9.818202871699861500e-01
9.819360815192218483e-01
9.819360815192218483e-01
9.820518758684576577e-01
9.820518758684576577e-01
9.821676702176933560e-01
9.821676702176933560e-01
9.822834645669291653e-01
9.822834645669291653e-01
9.823992589161648636e-01
9.823992589161648636e-01
9.826308476146363713e-01
9.826308476146363713e-01
9.827466419638721806e-01
9.827466419638721806e-01
9.829782306623436883e-01
9.829782306623436883e-01
9.830940250115793866e-01
9.830940250115793866e-01
9.832098193608151959e-01
9.832098193608151959e-01
9.834414080592867036e-01
9.834414080592867036e-01
9.835572024085225129e-01
9.835572024085225129e-01
9.836729967577582112e-01
9.836729967577582112e-01
9.837887911069940206e-01
9.837887911069940206e-01
9.839045854562297189e-01
9.839045854562297189e-01
9.840203798054655282e-01
9.840203798054655282e-01
9.843677628531727342e-01
9.843677628531727342e-01
9.844835572024085435e-01
9.844835572024085435e-01
9.845993515516442418e-01
9.845993515516442418e-01
9.847151459008800511e-01
9.847151459008800511e-01
9.848309402501157495e-01
9.848309402501157495e-01
9.849467345993515588e-01
9.849467345993515588e-01
9.850625289485872571e-01
9.850625289485872571e-01
9.851783232978230664e-01
9.851783232978230664e-01
9.854099119962945741e-01
9.854099119962945741e-01
9.856415006947660817e-01
9.856415006947660817e-01
9.857572950440018911e-01
9.857572950440018911e-01
9.858730893932375894e-01
9.858730893932375894e-01
9.859888837424733987e-01
9.859888837424733987e-01
9.863362667901806047e-01
9.863362667901806047e-01
9.865678554886521123e-01
9.865678554886521123e-01
9.866836498378879217e-01
9.866836498378879217e-01
9.867994441871236200e-01
9.867994441871236200e-01
9.871468272348309370e-01
9.871468272348309370e-01
9.872626215840667463e-01
9.872626215840667463e-01
9.874942102825382539e-01
9.874942102825382539e-01
9.878415933302454599e-01
9.878415933302454599e-01
9.879573876794812692e-01
9.879573876794812692e-01
9.880731820287169676e-01
9.880731820287169676e-01
9.881889763779527769e-01
9.881889763779527769e-01
9.885363594256599828e-01
9.885363594256599828e-01
9.886521537748957922e-01
9.886521537748957922e-01
9.888837424733672998e-01
9.888837424733672998e-01
9.892311255210746168e-01
9.892311255210746168e-01
9.893469198703103151e-01
9.893469198703103151e-01
9.894627142195461245e-01
9.894627142195461245e-01
9.895785085687818228e-01
9.895785085687818228e-01
9.896943029180176321e-01
9.896943029180176321e-01
9.898100972672533304e-01
9.898100972672533304e-01
9.899258916164891398e-01
9.899258916164891398e-01
9.900416859657248381e-01
9.900416859657248381e-01
9.902732746641963457e-01
9.902732746641963457e-01
9.903890690134321551e-01
9.903890690134321551e-01
9.906206577119036627e-01
9.906206577119036627e-01
9.907364520611393610e-01
9.907364520611393610e-01
9.908522464103751703e-01
9.908522464103751703e-01
9.909680407596109797e-01
9.909680407596109797e-01
9.915470125057896933e-01
9.915470125057896933e-01
9.917786012042612009e-01
9.917786012042612009e-01
9.918943955534970103e-01
9.918943955534970103e-01
9.921259842519685179e-01
9.921259842519685179e-01
9.922417786012042162e-01
9.922417786012042162e-01
9.927049559981473426e-01
9.927049559981473426e-01
9.928207503473830409e-01
9.928207503473830409e-01
9.930523390458545485e-01
9.930523390458545485e-01
9.932839277443260562e-01
9.932839277443260562e-01
9.933997220935618655e-01
9.933997220935618655e-01
9.936313107920333731e-01
9.936313107920333731e-01
9.937471051412690715e-01
9.937471051412690715e-01
9.938628994905048808e-01
9.938628994905048808e-01
9.939786938397405791e-01
9.939786938397405791e-01
9.943260768874478961e-01
9.943260768874478961e-01
9.944418712366835944e-01
9.944418712366835944e-01
9.945576655859194037e-01
9.945576655859194037e-01
9.946734599351552131e-01
9.946734599351552131e-01
9.947892542843909114e-01
9.947892542843909114e-01
9.949050486336267207e-01
9.949050486336267207e-01
9.950208429828624190e-01
9.950208429828624190e-01
9.951366373320982284e-01
9.951366373320982284e-01
9.953682260305697360e-01
9.953682260305697360e-01
9.955998147290412437e-01
9.955998147290412437e-01
9.957156090782769420e-01
9.957156090782769420e-01
9.958314034275127513e-01
9.958314034275127513e-01
9.959471977767484496e-01
9.959471977767484496e-01
9.960629921259842590e-01
9.960629921259842590e-01
9.961787864752199573e-01
9.961787864752199573e-01
9.962945808244557666e-01
9.962945808244557666e-01
9.964103751736915759e-01
9.964103751736915759e-01
9.965261695229272743e-01
9.965261695229272743e-01
9.966419638721630836e-01
9.966419638721630836e-01
9.967577582213987819e-01
9.967577582213987819e-01
9.968735525706345912e-01
9.968735525706345912e-01
9.969893469198702896e-01
9.969893469198702896e-01
9.971051412691060989e-01
9.971051412691060989e-01
9.972209356183417972e-01
9.972209356183417972e-01
9.973367299675776065e-01
9.973367299675776065e-01
9.974525243168133048e-01
9.974525243168133048e-01
9.975683186660491142e-01
9.975683186660491142e-01
9.976841130152848125e-01
9.976841130152848125e-01
9.977999073645206218e-01
9.977999073645206218e-01
9.979157017137563201e-01
9.979157017137563201e-01
9.980314960629921295e-01
9.980314960629921295e-01
9.981472904122278278e-01
9.981472904122278278e-01
9.982630847614636371e-01
9.982630847614636371e-01
9.983788791106994465e-01
9.983788791106994465e-01
9.984946734599351448e-01
9.984946734599351448e-01
9.986104678091709541e-01
9.986104678091709541e-01
9.987262621584066524e-01
9.987262621584066524e-01
9.988420565076424618e-01
9.988420565076424618e-01
9.989578508568781601e-01
9.989578508568781601e-01
9.990736452061139694e-01
9.990736452061139694e-01
9.991894395553496677e-01
9.991894395553496677e-01
9.993052339045854771e-01
9.993052339045854771e-01
9.994210282538211754e-01
9.994210282538211754e-01
9.994210282538211754e-01
9.994210282538211754e-01
9.994210282538211754e-01
9.994210282538211754e-01
9.995368226030569847e-01
9.995368226030569847e-01
9.995368226030569847e-01
9.995368226030569847e-01
9.995368226030569847e-01
9.995368226030569847e-01
9.995368226030569847e-01
9.995368226030569847e-01
9.995368226030569847e-01
9.995368226030569847e-01
9.995368226030569847e-01
9.995368226030569847e-01
9.995368226030569847e-01
9.995368226030569847e-01
9.995368226030569847e-01
9.995368226030569847e-01
9.996526169522926830e-01
9.996526169522926830e-01
9.996526169522926830e-01
9.996526169522926830e-01
9.996526169522926830e-01
9.996526169522926830e-01
9.996526169522926830e-01
9.996526169522926830e-01
9.996526169522926830e-01
9.996526169522926830e-01
9.996526169522926830e-01
9.996526169522926830e-01
9.996526169522926830e-01
9.996526169522926830e-01
9.996526169522926830e-01
9.996526169522926830e-01
9.996526169522926830e-01
9.996526169522926830e-01
9.996526169522926830e-01
9.996526169522926830e-01
9.996526169522926830e-01
9.996526169522926830e-01
9.996526169522926830e-01
9.996526169522926830e-01
9.996526169522926830e-01
1.000000000000000000e+00
